Calling target program-options parser
[15:37:08.610] [bmv2] [D] [thread 12304] Set default default entry for table 'tbl_compare_dht_rewrite156': compare_dht_rewrite156 - 
[15:37:08.610] [bmv2] [D] [thread 12304] Set default default entry for table 'tbl_first_contact': ThisIngress.first_contact - 
[15:37:08.610] [bmv2] [D] [thread 12304] Set default default entry for table 'ThisIngress.no_hop_lookup': NoAction - 
[15:37:08.610] [bmv2] [D] [thread 12304] Set default default entry for table 'tbl_compare_dht_rewrite166': compare_dht_rewrite166 - 
[15:37:08.610] [bmv2] [D] [thread 12304] Set default default entry for table 'tbl_compare_dht_rewrite169': compare_dht_rewrite169 - 
[15:37:08.610] [bmv2] [D] [thread 12304] Set default default entry for table 'tbl_send_to_controller': ThisIngress.send_to_controller - 
[15:37:08.610] [bmv2] [D] [thread 12304] Set default default entry for table 'ThisIngress.ipv4_lpm': ThisIngress.drop - 
Adding interface s_c-eth1 as port 1
[15:37:08.611] [bmv2] [D] [thread 12304] Adding interface s_c-eth1 as port 1
Adding interface s_c-eth2 as port 2
[15:37:08.652] [bmv2] [D] [thread 12304] Adding interface s_c-eth2 as port 2
Adding interface s_c-eth3 as port 3
[15:37:08.676] [bmv2] [D] [thread 12304] Adding interface s_c-eth3 as port 3
Server listening on 0.0.0.0:50053
[15:37:08.713] [bmv2] [I] [thread 12304] Starting Thrift server on port 9092
[15:37:08.713] [bmv2] [I] [thread 12304] Thrift server was started
[15:37:08.713] [bmv2] [D] [thread 12314] [0.0] [cxt 0] Processing packet received on port 2
[15:37:08.713] [bmv2] [D] [thread 12314] [0.0] [cxt 0] Parser 'parser': start
[15:37:08.713] [bmv2] [D] [thread 12314] [0.0] [cxt 0] Parser 'parser' entering state 'start'
[15:37:08.713] [bmv2] [D] [thread 12314] [0.0] [cxt 0] Parser state 'start': key is 0002
[15:37:08.713] [bmv2] [T] [thread 12314] [0.0] [cxt 0] Bytes parsed: 0
[15:37:08.713] [bmv2] [D] [thread 12314] [0.0] [cxt 0] Parser 'parser' entering state 'parse_ethernet'
[15:37:08.713] [bmv2] [D] [thread 12314] [0.0] [cxt 0] Extracting header 'ethernet'
[15:37:08.713] [bmv2] [D] [thread 12314] [0.0] [cxt 0] Parser state 'parse_ethernet': key is 86dd
[15:37:08.713] [bmv2] [T] [thread 12314] [0.0] [cxt 0] Bytes parsed: 14
[15:37:08.713] [bmv2] [D] [thread 12314] [0.0] [cxt 0] Parser 'parser' entering state 'parse_ipv4'
[15:37:08.713] [bmv2] [D] [thread 12314] [0.0] [cxt 0] Extracting header 'ipv4'
[15:37:08.714] [bmv2] [D] [thread 12314] [0.0] [cxt 0] Parser state 'parse_ipv4': key is 80
[15:37:08.714] [bmv2] [T] [thread 12314] [0.0] [cxt 0] Bytes parsed: 34
[15:37:08.714] [bmv2] [D] [thread 12314] [0.0] [cxt 0] Parser 'parser': end
[15:37:08.714] [bmv2] [D] [thread 12314] [0.0] [cxt 0] Pipeline 'ingress': start
[15:37:08.714] [bmv2] [T] [thread 12314] [0.0] [cxt 0] Applying table 'tbl_compare_dht_rewrite156'
[15:37:08.714] [bmv2] [D] [thread 12314] [0.0] [cxt 0] Looking up key:

[15:37:08.714] [bmv2] [D] [thread 12314] [0.0] [cxt 0] Table 'tbl_compare_dht_rewrite156': miss
[15:37:08.714] [bmv2] [D] [thread 12314] [0.0] [cxt 0] Action entry is compare_dht_rewrite156 - 
[15:37:08.714] [bmv2] [T] [thread 12314] [0.0] [cxt 0] Action compare_dht_rewrite156
[15:37:08.714] [bmv2] [T] [thread 12314] [0.0] [cxt 0] ../../P4_code/compare_dht_rewrite.p4(156) Primitive hdr.ipv4.ttl = hdr.ipv4.ttl-1
[15:37:08.714] [bmv2] [T] [thread 12314] [0.0] [cxt 0] ../../P4_code/compare_dht_rewrite.p4(157) Condition "hdr.dht.isValid()" (node_3) is false
[15:37:08.714] [bmv2] [T] [thread 12314] [0.0] [cxt 0] Applying table 'ThisIngress.ipv4_lpm'
[15:37:08.714] [bmv2] [D] [thread 12314] [0.0] [cxt 0] Looking up key:
* hdr.ipv4.dstAddr    : 74519aff

[15:37:08.714] [bmv2] [D] [thread 12314] [0.0] [cxt 0] Table 'ThisIngress.ipv4_lpm': miss
[15:37:08.714] [bmv2] [D] [thread 12314] [0.0] [cxt 0] Action entry is ThisIngress.drop - 
[15:37:08.714] [bmv2] [T] [thread 12314] [0.0] [cxt 0] Action ThisIngress.drop
[15:37:08.714] [bmv2] [T] [thread 12314] [0.0] [cxt 0] ../../P4_code/compare_dht_rewrite.p4(99) Primitive mark_to_drop(standard_metadata)
[15:37:08.714] [bmv2] [D] [thread 12314] [0.0] [cxt 0] Pipeline 'ingress': end
[15:37:08.714] [bmv2] [D] [thread 12314] [0.0] [cxt 0] Egress port is 511
[15:37:08.714] [bmv2] [D] [thread 12314] [0.0] [cxt 0] Dropping packet at the end of ingress
[15:37:08.714] [bmv2] [D] [thread 12314] [1.0] [cxt 0] Processing packet received on port 2
[15:37:08.714] [bmv2] [D] [thread 12314] [1.0] [cxt 0] Parser 'parser': start
[15:37:08.714] [bmv2] [D] [thread 12314] [1.0] [cxt 0] Parser 'parser' entering state 'start'
[15:37:08.714] [bmv2] [D] [thread 12314] [1.0] [cxt 0] Parser state 'start': key is 0002
[15:37:08.714] [bmv2] [T] [thread 12314] [1.0] [cxt 0] Bytes parsed: 0
[15:37:08.714] [bmv2] [D] [thread 12314] [1.0] [cxt 0] Parser 'parser' entering state 'parse_ethernet'
[15:37:08.714] [bmv2] [D] [thread 12314] [1.0] [cxt 0] Extracting header 'ethernet'
[15:37:08.714] [bmv2] [D] [thread 12314] [1.0] [cxt 0] Parser state 'parse_ethernet': key is 86dd
[15:37:08.714] [bmv2] [T] [thread 12314] [1.0] [cxt 0] Bytes parsed: 14
[15:37:08.714] [bmv2] [D] [thread 12314] [1.0] [cxt 0] Parser 'parser' entering state 'parse_ipv4'
[15:37:08.714] [bmv2] [D] [thread 12314] [1.0] [cxt 0] Extracting header 'ipv4'
[15:37:08.714] [bmv2] [D] [thread 12314] [1.0] [cxt 0] Parser state 'parse_ipv4': key is 80
[15:37:08.714] [bmv2] [T] [thread 12314] [1.0] [cxt 0] Bytes parsed: 34
[15:37:08.714] [bmv2] [D] [thread 12314] [1.0] [cxt 0] Parser 'parser': end
[15:37:08.714] [bmv2] [D] [thread 12314] [1.0] [cxt 0] Pipeline 'ingress': start
[15:37:08.714] [bmv2] [T] [thread 12314] [1.0] [cxt 0] Applying table 'tbl_compare_dht_rewrite156'
[15:37:08.714] [bmv2] [D] [thread 12314] [1.0] [cxt 0] Looking up key:

[15:37:08.714] [bmv2] [D] [thread 12314] [1.0] [cxt 0] Table 'tbl_compare_dht_rewrite156': miss
[15:37:08.714] [bmv2] [D] [thread 12314] [1.0] [cxt 0] Action entry is compare_dht_rewrite156 - 
[15:37:08.714] [bmv2] [T] [thread 12314] [1.0] [cxt 0] Action compare_dht_rewrite156
[15:37:08.714] [bmv2] [T] [thread 12314] [1.0] [cxt 0] ../../P4_code/compare_dht_rewrite.p4(156) Primitive hdr.ipv4.ttl = hdr.ipv4.ttl-1
[15:37:08.714] [bmv2] [T] [thread 12314] [1.0] [cxt 0] ../../P4_code/compare_dht_rewrite.p4(157) Condition "hdr.dht.isValid()" (node_3) is false
[15:37:08.714] [bmv2] [T] [thread 12314] [1.0] [cxt 0] Applying table 'ThisIngress.ipv4_lpm'
[15:37:08.714] [bmv2] [D] [thread 12314] [1.0] [cxt 0] Looking up key:
* hdr.ipv4.dstAddr    : 74519aff

[15:37:08.714] [bmv2] [D] [thread 12314] [1.0] [cxt 0] Table 'ThisIngress.ipv4_lpm': miss
[15:37:08.714] [bmv2] [D] [thread 12314] [1.0] [cxt 0] Action entry is ThisIngress.drop - 
[15:37:08.714] [bmv2] [T] [thread 12314] [1.0] [cxt 0] Action ThisIngress.drop
[15:37:08.714] [bmv2] [T] [thread 12314] [1.0] [cxt 0] ../../P4_code/compare_dht_rewrite.p4(99) Primitive mark_to_drop(standard_metadata)
[15:37:08.714] [bmv2] [D] [thread 12314] [1.0] [cxt 0] Pipeline 'ingress': end
[15:37:08.714] [bmv2] [D] [thread 12314] [1.0] [cxt 0] Egress port is 511
[15:37:08.714] [bmv2] [D] [thread 12314] [1.0] [cxt 0] Dropping packet at the end of ingress
[15:37:08.736] [bmv2] [D] [thread 12314] [2.0] [cxt 0] Processing packet received on port 2
[15:37:08.736] [bmv2] [D] [thread 12314] [2.0] [cxt 0] Parser 'parser': start
[15:37:08.736] [bmv2] [D] [thread 12314] [2.0] [cxt 0] Parser 'parser' entering state 'start'
[15:37:08.736] [bmv2] [D] [thread 12314] [2.0] [cxt 0] Parser state 'start': key is 0002
[15:37:08.736] [bmv2] [T] [thread 12314] [2.0] [cxt 0] Bytes parsed: 0
[15:37:08.736] [bmv2] [D] [thread 12314] [2.0] [cxt 0] Parser 'parser' entering state 'parse_ethernet'
[15:37:08.736] [bmv2] [D] [thread 12314] [2.0] [cxt 0] Extracting header 'ethernet'
[15:37:08.736] [bmv2] [D] [thread 12314] [2.0] [cxt 0] Parser state 'parse_ethernet': key is 86dd
[15:37:08.736] [bmv2] [T] [thread 12314] [2.0] [cxt 0] Bytes parsed: 14
[15:37:08.736] [bmv2] [D] [thread 12314] [2.0] [cxt 0] Parser 'parser' entering state 'parse_ipv4'
[15:37:08.736] [bmv2] [D] [thread 12314] [2.0] [cxt 0] Extracting header 'ipv4'
[15:37:08.736] [bmv2] [D] [thread 12314] [2.0] [cxt 0] Parser state 'parse_ipv4': key is 80
[15:37:08.736] [bmv2] [T] [thread 12314] [2.0] [cxt 0] Bytes parsed: 34
[15:37:08.736] [bmv2] [D] [thread 12314] [2.0] [cxt 0] Parser 'parser': end
[15:37:08.736] [bmv2] [D] [thread 12314] [2.0] [cxt 0] Pipeline 'ingress': start
[15:37:08.736] [bmv2] [T] [thread 12314] [2.0] [cxt 0] Applying table 'tbl_compare_dht_rewrite156'
[15:37:08.736] [bmv2] [D] [thread 12314] [2.0] [cxt 0] Looking up key:

[15:37:08.736] [bmv2] [D] [thread 12314] [2.0] [cxt 0] Table 'tbl_compare_dht_rewrite156': miss
[15:37:08.736] [bmv2] [D] [thread 12314] [2.0] [cxt 0] Action entry is compare_dht_rewrite156 - 
[15:37:08.736] [bmv2] [T] [thread 12314] [2.0] [cxt 0] Action compare_dht_rewrite156
[15:37:08.736] [bmv2] [T] [thread 12314] [2.0] [cxt 0] ../../P4_code/compare_dht_rewrite.p4(156) Primitive hdr.ipv4.ttl = hdr.ipv4.ttl-1
[15:37:08.736] [bmv2] [T] [thread 12314] [2.0] [cxt 0] ../../P4_code/compare_dht_rewrite.p4(157) Condition "hdr.dht.isValid()" (node_3) is false
[15:37:08.736] [bmv2] [T] [thread 12314] [2.0] [cxt 0] Applying table 'ThisIngress.ipv4_lpm'
[15:37:08.736] [bmv2] [D] [thread 12314] [2.0] [cxt 0] Looking up key:
* hdr.ipv4.dstAddr    : 74519aff

[15:37:08.736] [bmv2] [D] [thread 12314] [2.0] [cxt 0] Table 'ThisIngress.ipv4_lpm': miss
[15:37:08.736] [bmv2] [D] [thread 12314] [2.0] [cxt 0] Action entry is ThisIngress.drop - 
[15:37:08.736] [bmv2] [T] [thread 12314] [2.0] [cxt 0] Action ThisIngress.drop
[15:37:08.736] [bmv2] [T] [thread 12314] [2.0] [cxt 0] ../../P4_code/compare_dht_rewrite.p4(99) Primitive mark_to_drop(standard_metadata)
[15:37:08.736] [bmv2] [D] [thread 12314] [2.0] [cxt 0] Pipeline 'ingress': end
[15:37:08.736] [bmv2] [D] [thread 12314] [2.0] [cxt 0] Egress port is 511
[15:37:08.736] [bmv2] [D] [thread 12314] [2.0] [cxt 0] Dropping packet at the end of ingress
[15:37:08.777] [bmv2] [D] [thread 12314] [3.0] [cxt 0] Processing packet received on port 3
[15:37:08.777] [bmv2] [D] [thread 12314] [3.0] [cxt 0] Parser 'parser': start
[15:37:08.777] [bmv2] [D] [thread 12314] [3.0] [cxt 0] Parser 'parser' entering state 'start'
[15:37:08.777] [bmv2] [D] [thread 12314] [3.0] [cxt 0] Parser state 'start': key is 0003
[15:37:08.777] [bmv2] [T] [thread 12314] [3.0] [cxt 0] Bytes parsed: 0
[15:37:08.777] [bmv2] [D] [thread 12314] [3.0] [cxt 0] Parser 'parser' entering state 'parse_ethernet'
[15:37:08.777] [bmv2] [D] [thread 12314] [3.0] [cxt 0] Extracting header 'ethernet'
[15:37:08.777] [bmv2] [D] [thread 12314] [3.0] [cxt 0] Parser state 'parse_ethernet': key is 86dd
[15:37:08.777] [bmv2] [T] [thread 12314] [3.0] [cxt 0] Bytes parsed: 14
[15:37:08.777] [bmv2] [D] [thread 12314] [3.0] [cxt 0] Parser 'parser' entering state 'parse_ipv4'
[15:37:08.777] [bmv2] [D] [thread 12314] [3.0] [cxt 0] Extracting header 'ipv4'
[15:37:08.777] [bmv2] [D] [thread 12314] [3.0] [cxt 0] Parser state 'parse_ipv4': key is 80
[15:37:08.777] [bmv2] [T] [thread 12314] [3.0] [cxt 0] Bytes parsed: 34
[15:37:08.777] [bmv2] [D] [thread 12314] [3.0] [cxt 0] Parser 'parser': end
[15:37:08.777] [bmv2] [D] [thread 12314] [3.0] [cxt 0] Pipeline 'ingress': start
[15:37:08.777] [bmv2] [T] [thread 12314] [3.0] [cxt 0] Applying table 'tbl_compare_dht_rewrite156'
[15:37:08.777] [bmv2] [D] [thread 12314] [3.0] [cxt 0] Looking up key:

[15:37:08.777] [bmv2] [D] [thread 12314] [3.0] [cxt 0] Table 'tbl_compare_dht_rewrite156': miss
[15:37:08.777] [bmv2] [D] [thread 12314] [3.0] [cxt 0] Action entry is compare_dht_rewrite156 - 
[15:37:08.777] [bmv2] [T] [thread 12314] [3.0] [cxt 0] Action compare_dht_rewrite156
[15:37:08.777] [bmv2] [T] [thread 12314] [3.0] [cxt 0] ../../P4_code/compare_dht_rewrite.p4(156) Primitive hdr.ipv4.ttl = hdr.ipv4.ttl-1
[15:37:08.777] [bmv2] [T] [thread 12314] [3.0] [cxt 0] ../../P4_code/compare_dht_rewrite.p4(157) Condition "hdr.dht.isValid()" (node_3) is false
[15:37:08.777] [bmv2] [T] [thread 12314] [3.0] [cxt 0] Applying table 'ThisIngress.ipv4_lpm'
[15:37:08.777] [bmv2] [D] [thread 12314] [3.0] [cxt 0] Looking up key:
* hdr.ipv4.dstAddr    : f41bb8ff

[15:37:08.777] [bmv2] [D] [thread 12314] [3.0] [cxt 0] Table 'ThisIngress.ipv4_lpm': miss
[15:37:08.777] [bmv2] [D] [thread 12314] [3.0] [cxt 0] Action entry is ThisIngress.drop - 
[15:37:08.777] [bmv2] [T] [thread 12314] [3.0] [cxt 0] Action ThisIngress.drop
[15:37:08.777] [bmv2] [T] [thread 12314] [3.0] [cxt 0] ../../P4_code/compare_dht_rewrite.p4(99) Primitive mark_to_drop(standard_metadata)
[15:37:08.777] [bmv2] [D] [thread 12314] [3.0] [cxt 0] Pipeline 'ingress': end
[15:37:08.777] [bmv2] [D] [thread 12314] [3.0] [cxt 0] Egress port is 511
[15:37:08.777] [bmv2] [D] [thread 12314] [3.0] [cxt 0] Dropping packet at the end of ingress
[15:37:11.624] [bmv2] [D] [thread 12314] [4.0] [cxt 0] Processing packet received on port 1
[15:37:11.624] [bmv2] [D] [thread 12314] [4.0] [cxt 0] Parser 'parser': start
[15:37:11.624] [bmv2] [D] [thread 12314] [4.0] [cxt 0] Parser 'parser' entering state 'start'
[15:37:11.624] [bmv2] [D] [thread 12314] [4.0] [cxt 0] Parser state 'start': key is 0001
[15:37:11.624] [bmv2] [T] [thread 12314] [4.0] [cxt 0] Bytes parsed: 0
[15:37:11.624] [bmv2] [D] [thread 12314] [4.0] [cxt 0] Parser 'parser' entering state 'parse_ethernet'
[15:37:11.624] [bmv2] [D] [thread 12314] [4.0] [cxt 0] Extracting header 'ethernet'
[15:37:11.624] [bmv2] [D] [thread 12314] [4.0] [cxt 0] Parser state 'parse_ethernet': key is 86dd
[15:37:11.624] [bmv2] [T] [thread 12314] [4.0] [cxt 0] Bytes parsed: 14
[15:37:11.624] [bmv2] [D] [thread 12314] [4.0] [cxt 0] Parser 'parser' entering state 'parse_ipv4'
[15:37:11.624] [bmv2] [D] [thread 12314] [4.0] [cxt 0] Extracting header 'ipv4'
[15:37:11.625] [bmv2] [D] [thread 12314] [4.0] [cxt 0] Parser state 'parse_ipv4': key is 80
[15:37:11.625] [bmv2] [T] [thread 12314] [4.0] [cxt 0] Bytes parsed: 34
[15:37:11.625] [bmv2] [D] [thread 12314] [4.0] [cxt 0] Parser 'parser': end
[15:37:11.625] [bmv2] [D] [thread 12314] [4.0] [cxt 0] Pipeline 'ingress': start
[15:37:11.625] [bmv2] [T] [thread 12314] [4.0] [cxt 0] Applying table 'tbl_compare_dht_rewrite156'
[15:37:11.625] [bmv2] [D] [thread 12314] [4.0] [cxt 0] Looking up key:

[15:37:11.625] [bmv2] [D] [thread 12314] [4.0] [cxt 0] Table 'tbl_compare_dht_rewrite156': miss
[15:37:11.625] [bmv2] [D] [thread 12314] [4.0] [cxt 0] Action entry is compare_dht_rewrite156 - 
[15:37:11.625] [bmv2] [T] [thread 12314] [4.0] [cxt 0] Action compare_dht_rewrite156
[15:37:11.625] [bmv2] [T] [thread 12314] [4.0] [cxt 0] ../../P4_code/compare_dht_rewrite.p4(156) Primitive hdr.ipv4.ttl = hdr.ipv4.ttl-1
[15:37:11.625] [bmv2] [T] [thread 12314] [4.0] [cxt 0] ../../P4_code/compare_dht_rewrite.p4(157) Condition "hdr.dht.isValid()" (node_3) is false
[15:37:11.625] [bmv2] [T] [thread 12314] [4.0] [cxt 0] Applying table 'ThisIngress.ipv4_lpm'
[15:37:11.625] [bmv2] [D] [thread 12314] [4.0] [cxt 0] Looking up key:
* hdr.ipv4.dstAddr    : 544d17ff

[15:37:11.625] [bmv2] [D] [thread 12314] [4.0] [cxt 0] Table 'ThisIngress.ipv4_lpm': miss
[15:37:11.625] [bmv2] [D] [thread 12314] [4.0] [cxt 0] Action entry is ThisIngress.drop - 
[15:37:11.625] [bmv2] [T] [thread 12314] [4.0] [cxt 0] Action ThisIngress.drop
[15:37:11.625] [bmv2] [T] [thread 12314] [4.0] [cxt 0] ../../P4_code/compare_dht_rewrite.p4(99) Primitive mark_to_drop(standard_metadata)
[15:37:11.625] [bmv2] [D] [thread 12314] [4.0] [cxt 0] Pipeline 'ingress': end
[15:37:11.625] [bmv2] [D] [thread 12314] [4.0] [cxt 0] Egress port is 511
[15:37:11.625] [bmv2] [D] [thread 12314] [4.0] [cxt 0] Dropping packet at the end of ingress
[15:37:11.880] [bmv2] [D] [thread 12314] [5.0] [cxt 0] Processing packet received on port 3
[15:37:11.880] [bmv2] [D] [thread 12314] [5.0] [cxt 0] Parser 'parser': start
[15:37:11.880] [bmv2] [D] [thread 12314] [5.0] [cxt 0] Parser 'parser' entering state 'start'
[15:37:11.880] [bmv2] [D] [thread 12314] [5.0] [cxt 0] Parser state 'start': key is 0003
[15:37:11.880] [bmv2] [T] [thread 12314] [5.0] [cxt 0] Bytes parsed: 0
[15:37:11.880] [bmv2] [D] [thread 12314] [5.0] [cxt 0] Parser 'parser' entering state 'parse_ethernet'
[15:37:11.880] [bmv2] [D] [thread 12314] [5.0] [cxt 0] Extracting header 'ethernet'
[15:37:11.880] [bmv2] [D] [thread 12314] [5.0] [cxt 0] Parser state 'parse_ethernet': key is 86dd
[15:37:11.880] [bmv2] [T] [thread 12314] [5.0] [cxt 0] Bytes parsed: 14
[15:37:11.880] [bmv2] [D] [thread 12314] [5.0] [cxt 0] Parser 'parser' entering state 'parse_ipv4'
[15:37:11.880] [bmv2] [D] [thread 12314] [5.0] [cxt 0] Extracting header 'ipv4'
[15:37:11.880] [bmv2] [D] [thread 12314] [5.0] [cxt 0] Parser state 'parse_ipv4': key is 80
[15:37:11.880] [bmv2] [T] [thread 12314] [5.0] [cxt 0] Bytes parsed: 34
[15:37:11.880] [bmv2] [D] [thread 12314] [5.0] [cxt 0] Parser 'parser': end
[15:37:11.880] [bmv2] [D] [thread 12314] [5.0] [cxt 0] Pipeline 'ingress': start
[15:37:11.880] [bmv2] [T] [thread 12314] [5.0] [cxt 0] Applying table 'tbl_compare_dht_rewrite156'
[15:37:11.880] [bmv2] [D] [thread 12314] [5.0] [cxt 0] Looking up key:

[15:37:11.880] [bmv2] [D] [thread 12314] [5.0] [cxt 0] Table 'tbl_compare_dht_rewrite156': miss
[15:37:11.880] [bmv2] [D] [thread 12314] [5.0] [cxt 0] Action entry is compare_dht_rewrite156 - 
[15:37:11.880] [bmv2] [T] [thread 12314] [5.0] [cxt 0] Action compare_dht_rewrite156
[15:37:11.880] [bmv2] [T] [thread 12314] [5.0] [cxt 0] ../../P4_code/compare_dht_rewrite.p4(156) Primitive hdr.ipv4.ttl = hdr.ipv4.ttl-1
[15:37:11.880] [bmv2] [T] [thread 12314] [5.0] [cxt 0] ../../P4_code/compare_dht_rewrite.p4(157) Condition "hdr.dht.isValid()" (node_3) is false
[15:37:11.880] [bmv2] [T] [thread 12314] [5.0] [cxt 0] Applying table 'ThisIngress.ipv4_lpm'
[15:37:11.880] [bmv2] [D] [thread 12314] [5.0] [cxt 0] Looking up key:
* hdr.ipv4.dstAddr    : f41bb8ff

[15:37:11.880] [bmv2] [D] [thread 12314] [5.0] [cxt 0] Table 'ThisIngress.ipv4_lpm': miss
[15:37:11.880] [bmv2] [D] [thread 12314] [5.0] [cxt 0] Action entry is ThisIngress.drop - 
[15:37:11.880] [bmv2] [T] [thread 12314] [5.0] [cxt 0] Action ThisIngress.drop
[15:37:11.880] [bmv2] [T] [thread 12314] [5.0] [cxt 0] ../../P4_code/compare_dht_rewrite.p4(99) Primitive mark_to_drop(standard_metadata)
[15:37:11.880] [bmv2] [D] [thread 12314] [5.0] [cxt 0] Pipeline 'ingress': end
[15:37:11.880] [bmv2] [D] [thread 12314] [5.0] [cxt 0] Egress port is 511
[15:37:11.880] [bmv2] [D] [thread 12314] [5.0] [cxt 0] Dropping packet at the end of ingress
[15:37:11.881] [bmv2] [D] [thread 12314] [6.0] [cxt 0] Processing packet received on port 2
[15:37:11.881] [bmv2] [D] [thread 12314] [6.0] [cxt 0] Parser 'parser': start
[15:37:11.881] [bmv2] [D] [thread 12314] [6.0] [cxt 0] Parser 'parser' entering state 'start'
[15:37:11.881] [bmv2] [D] [thread 12314] [6.0] [cxt 0] Parser state 'start': key is 0002
[15:37:11.881] [bmv2] [T] [thread 12314] [6.0] [cxt 0] Bytes parsed: 0
[15:37:11.881] [bmv2] [D] [thread 12314] [6.0] [cxt 0] Parser 'parser' entering state 'parse_ethernet'
[15:37:11.881] [bmv2] [D] [thread 12314] [6.0] [cxt 0] Extracting header 'ethernet'
[15:37:11.881] [bmv2] [D] [thread 12314] [6.0] [cxt 0] Parser state 'parse_ethernet': key is 86dd
[15:37:11.881] [bmv2] [T] [thread 12314] [6.0] [cxt 0] Bytes parsed: 14
[15:37:11.881] [bmv2] [D] [thread 12314] [6.0] [cxt 0] Parser 'parser' entering state 'parse_ipv4'
[15:37:11.881] [bmv2] [D] [thread 12314] [6.0] [cxt 0] Extracting header 'ipv4'
[15:37:11.881] [bmv2] [D] [thread 12314] [6.0] [cxt 0] Parser state 'parse_ipv4': key is 80
[15:37:11.881] [bmv2] [T] [thread 12314] [6.0] [cxt 0] Bytes parsed: 34
[15:37:11.881] [bmv2] [D] [thread 12314] [6.0] [cxt 0] Parser 'parser': end
[15:37:11.881] [bmv2] [D] [thread 12314] [6.0] [cxt 0] Pipeline 'ingress': start
[15:37:11.881] [bmv2] [T] [thread 12314] [6.0] [cxt 0] Applying table 'tbl_compare_dht_rewrite156'
[15:37:11.881] [bmv2] [D] [thread 12314] [6.0] [cxt 0] Looking up key:

[15:37:11.881] [bmv2] [D] [thread 12314] [6.0] [cxt 0] Table 'tbl_compare_dht_rewrite156': miss
[15:37:11.881] [bmv2] [D] [thread 12314] [6.0] [cxt 0] Action entry is compare_dht_rewrite156 - 
[15:37:11.881] [bmv2] [T] [thread 12314] [6.0] [cxt 0] Action compare_dht_rewrite156
[15:37:11.881] [bmv2] [T] [thread 12314] [6.0] [cxt 0] ../../P4_code/compare_dht_rewrite.p4(156) Primitive hdr.ipv4.ttl = hdr.ipv4.ttl-1
[15:37:11.881] [bmv2] [T] [thread 12314] [6.0] [cxt 0] ../../P4_code/compare_dht_rewrite.p4(157) Condition "hdr.dht.isValid()" (node_3) is false
[15:37:11.881] [bmv2] [T] [thread 12314] [6.0] [cxt 0] Applying table 'ThisIngress.ipv4_lpm'
[15:37:11.881] [bmv2] [D] [thread 12314] [6.0] [cxt 0] Looking up key:
* hdr.ipv4.dstAddr    : 589205ff

[15:37:11.881] [bmv2] [D] [thread 12314] [6.0] [cxt 0] Table 'ThisIngress.ipv4_lpm': miss
[15:37:11.881] [bmv2] [D] [thread 12314] [6.0] [cxt 0] Action entry is ThisIngress.drop - 
[15:37:11.881] [bmv2] [T] [thread 12314] [6.0] [cxt 0] Action ThisIngress.drop
[15:37:11.881] [bmv2] [T] [thread 12314] [6.0] [cxt 0] ../../P4_code/compare_dht_rewrite.p4(99) Primitive mark_to_drop(standard_metadata)
[15:37:11.881] [bmv2] [D] [thread 12314] [6.0] [cxt 0] Pipeline 'ingress': end
[15:37:11.881] [bmv2] [D] [thread 12314] [6.0] [cxt 0] Egress port is 511
[15:37:11.881] [bmv2] [D] [thread 12314] [6.0] [cxt 0] Dropping packet at the end of ingress
[15:37:12.136] [bmv2] [D] [thread 12314] [7.0] [cxt 0] Processing packet received on port 1
[15:37:12.136] [bmv2] [D] [thread 12314] [7.0] [cxt 0] Parser 'parser': start
[15:37:12.136] [bmv2] [D] [thread 12314] [7.0] [cxt 0] Parser 'parser' entering state 'start'
[15:37:12.136] [bmv2] [D] [thread 12314] [7.0] [cxt 0] Parser state 'start': key is 0001
[15:37:12.136] [bmv2] [T] [thread 12314] [7.0] [cxt 0] Bytes parsed: 0
[15:37:12.136] [bmv2] [D] [thread 12314] [7.0] [cxt 0] Parser 'parser' entering state 'parse_ethernet'
[15:37:12.136] [bmv2] [D] [thread 12314] [7.0] [cxt 0] Extracting header 'ethernet'
[15:37:12.136] [bmv2] [D] [thread 12314] [7.0] [cxt 0] Parser state 'parse_ethernet': key is 86dd
[15:37:12.136] [bmv2] [T] [thread 12314] [7.0] [cxt 0] Bytes parsed: 14
[15:37:12.136] [bmv2] [D] [thread 12314] [7.0] [cxt 0] Parser 'parser' entering state 'parse_ipv4'
[15:37:12.136] [bmv2] [D] [thread 12314] [7.0] [cxt 0] Extracting header 'ipv4'
[15:37:12.136] [bmv2] [D] [thread 12314] [7.0] [cxt 0] Parser state 'parse_ipv4': key is 80
[15:37:12.136] [bmv2] [T] [thread 12314] [7.0] [cxt 0] Bytes parsed: 34
[15:37:12.136] [bmv2] [D] [thread 12314] [7.0] [cxt 0] Parser 'parser': end
[15:37:12.136] [bmv2] [D] [thread 12314] [7.0] [cxt 0] Pipeline 'ingress': start
[15:37:12.136] [bmv2] [T] [thread 12314] [7.0] [cxt 0] Applying table 'tbl_compare_dht_rewrite156'
[15:37:12.136] [bmv2] [D] [thread 12314] [7.0] [cxt 0] Looking up key:

[15:37:12.136] [bmv2] [D] [thread 12314] [7.0] [cxt 0] Table 'tbl_compare_dht_rewrite156': miss
[15:37:12.136] [bmv2] [D] [thread 12314] [7.0] [cxt 0] Action entry is compare_dht_rewrite156 - 
[15:37:12.136] [bmv2] [T] [thread 12314] [7.0] [cxt 0] Action compare_dht_rewrite156
[15:37:12.136] [bmv2] [T] [thread 12314] [7.0] [cxt 0] ../../P4_code/compare_dht_rewrite.p4(156) Primitive hdr.ipv4.ttl = hdr.ipv4.ttl-1
[15:37:12.136] [bmv2] [T] [thread 12314] [7.0] [cxt 0] ../../P4_code/compare_dht_rewrite.p4(157) Condition "hdr.dht.isValid()" (node_3) is false
[15:37:12.136] [bmv2] [T] [thread 12314] [7.0] [cxt 0] Applying table 'ThisIngress.ipv4_lpm'
[15:37:12.136] [bmv2] [D] [thread 12314] [7.0] [cxt 0] Looking up key:
* hdr.ipv4.dstAddr    : 802b1fff

[15:37:12.136] [bmv2] [D] [thread 12314] [7.0] [cxt 0] Table 'ThisIngress.ipv4_lpm': miss
[15:37:12.136] [bmv2] [D] [thread 12314] [7.0] [cxt 0] Action entry is ThisIngress.drop - 
[15:37:12.136] [bmv2] [T] [thread 12314] [7.0] [cxt 0] Action ThisIngress.drop
[15:37:12.136] [bmv2] [T] [thread 12314] [7.0] [cxt 0] ../../P4_code/compare_dht_rewrite.p4(99) Primitive mark_to_drop(standard_metadata)
[15:37:12.136] [bmv2] [D] [thread 12314] [7.0] [cxt 0] Pipeline 'ingress': end
[15:37:12.136] [bmv2] [D] [thread 12314] [7.0] [cxt 0] Egress port is 511
[15:37:12.136] [bmv2] [D] [thread 12314] [7.0] [cxt 0] Dropping packet at the end of ingress
[15:37:12.392] [bmv2] [D] [thread 12314] [8.0] [cxt 0] Processing packet received on port 3
[15:37:12.392] [bmv2] [D] [thread 12314] [8.0] [cxt 0] Parser 'parser': start
[15:37:12.392] [bmv2] [D] [thread 12314] [8.0] [cxt 0] Parser 'parser' entering state 'start'
[15:37:12.392] [bmv2] [D] [thread 12314] [8.0] [cxt 0] Parser state 'start': key is 0003
[15:37:12.392] [bmv2] [T] [thread 12314] [8.0] [cxt 0] Bytes parsed: 0
[15:37:12.392] [bmv2] [D] [thread 12314] [8.0] [cxt 0] Parser 'parser' entering state 'parse_ethernet'
[15:37:12.392] [bmv2] [D] [thread 12314] [8.0] [cxt 0] Extracting header 'ethernet'
[15:37:12.392] [bmv2] [D] [thread 12314] [8.0] [cxt 0] Parser state 'parse_ethernet': key is 86dd
[15:37:12.392] [bmv2] [T] [thread 12314] [8.0] [cxt 0] Bytes parsed: 14
[15:37:12.392] [bmv2] [D] [thread 12314] [8.0] [cxt 0] Parser 'parser' entering state 'parse_ipv4'
[15:37:12.392] [bmv2] [D] [thread 12314] [8.0] [cxt 0] Extracting header 'ipv4'
[15:37:12.392] [bmv2] [D] [thread 12314] [8.0] [cxt 0] Parser state 'parse_ipv4': key is 80
[15:37:12.392] [bmv2] [T] [thread 12314] [8.0] [cxt 0] Bytes parsed: 34
[15:37:12.392] [bmv2] [D] [thread 12314] [8.0] [cxt 0] Parser 'parser': end
[15:37:12.392] [bmv2] [D] [thread 12314] [8.0] [cxt 0] Pipeline 'ingress': start
[15:37:12.392] [bmv2] [T] [thread 12314] [8.0] [cxt 0] Applying table 'tbl_compare_dht_rewrite156'
[15:37:12.392] [bmv2] [D] [thread 12314] [8.0] [cxt 0] Looking up key:

[15:37:12.392] [bmv2] [D] [thread 12314] [8.0] [cxt 0] Table 'tbl_compare_dht_rewrite156': miss
[15:37:12.392] [bmv2] [D] [thread 12314] [8.0] [cxt 0] Action entry is compare_dht_rewrite156 - 
[15:37:12.392] [bmv2] [T] [thread 12314] [8.0] [cxt 0] Action compare_dht_rewrite156
[15:37:12.392] [bmv2] [T] [thread 12314] [8.0] [cxt 0] ../../P4_code/compare_dht_rewrite.p4(156) Primitive hdr.ipv4.ttl = hdr.ipv4.ttl-1
[15:37:12.392] [bmv2] [T] [thread 12314] [8.0] [cxt 0] ../../P4_code/compare_dht_rewrite.p4(157) Condition "hdr.dht.isValid()" (node_3) is false
[15:37:12.392] [bmv2] [T] [thread 12314] [8.0] [cxt 0] Applying table 'ThisIngress.ipv4_lpm'
[15:37:12.392] [bmv2] [D] [thread 12314] [8.0] [cxt 0] Looking up key:
* hdr.ipv4.dstAddr    : 4c7413ff

[15:37:12.392] [bmv2] [D] [thread 12314] [8.0] [cxt 0] Table 'ThisIngress.ipv4_lpm': miss
[15:37:12.392] [bmv2] [D] [thread 12314] [8.0] [cxt 0] Action entry is ThisIngress.drop - 
[15:37:12.392] [bmv2] [T] [thread 12314] [8.0] [cxt 0] Action ThisIngress.drop
[15:37:12.392] [bmv2] [T] [thread 12314] [8.0] [cxt 0] ../../P4_code/compare_dht_rewrite.p4(99) Primitive mark_to_drop(standard_metadata)
[15:37:12.392] [bmv2] [D] [thread 12314] [8.0] [cxt 0] Pipeline 'ingress': end
[15:37:12.392] [bmv2] [D] [thread 12314] [8.0] [cxt 0] Egress port is 511
[15:37:12.392] [bmv2] [D] [thread 12314] [8.0] [cxt 0] Dropping packet at the end of ingress
[15:37:13.160] [bmv2] [D] [thread 12314] [9.0] [cxt 0] Processing packet received on port 2
[15:37:13.160] [bmv2] [D] [thread 12314] [9.0] [cxt 0] Parser 'parser': start
[15:37:13.160] [bmv2] [D] [thread 12314] [9.0] [cxt 0] Parser 'parser' entering state 'start'
[15:37:13.160] [bmv2] [D] [thread 12314] [9.0] [cxt 0] Parser state 'start': key is 0002
[15:37:13.161] [bmv2] [T] [thread 12314] [9.0] [cxt 0] Bytes parsed: 0
[15:37:13.161] [bmv2] [D] [thread 12314] [9.0] [cxt 0] Parser 'parser' entering state 'parse_ethernet'
[15:37:13.161] [bmv2] [D] [thread 12314] [9.0] [cxt 0] Extracting header 'ethernet'
[15:37:13.161] [bmv2] [D] [thread 12314] [9.0] [cxt 0] Parser state 'parse_ethernet': key is 86dd
[15:37:13.161] [bmv2] [T] [thread 12314] [9.0] [cxt 0] Bytes parsed: 14
[15:37:13.161] [bmv2] [D] [thread 12314] [9.0] [cxt 0] Parser 'parser' entering state 'parse_ipv4'
[15:37:13.161] [bmv2] [D] [thread 12314] [9.0] [cxt 0] Extracting header 'ipv4'
[15:37:13.161] [bmv2] [D] [thread 12314] [9.0] [cxt 0] Parser state 'parse_ipv4': key is 80
[15:37:13.161] [bmv2] [T] [thread 12314] [9.0] [cxt 0] Bytes parsed: 34
[15:37:13.161] [bmv2] [D] [thread 12314] [9.0] [cxt 0] Parser 'parser': end
[15:37:13.161] [bmv2] [D] [thread 12314] [9.0] [cxt 0] Pipeline 'ingress': start
[15:37:13.161] [bmv2] [T] [thread 12314] [9.0] [cxt 0] Applying table 'tbl_compare_dht_rewrite156'
[15:37:13.161] [bmv2] [D] [thread 12314] [9.0] [cxt 0] Looking up key:

[15:37:13.161] [bmv2] [D] [thread 12314] [9.0] [cxt 0] Table 'tbl_compare_dht_rewrite156': miss
[15:37:13.161] [bmv2] [D] [thread 12314] [9.0] [cxt 0] Action entry is compare_dht_rewrite156 - 
[15:37:13.161] [bmv2] [T] [thread 12314] [9.0] [cxt 0] Action compare_dht_rewrite156
[15:37:13.161] [bmv2] [T] [thread 12314] [9.0] [cxt 0] ../../P4_code/compare_dht_rewrite.p4(156) Primitive hdr.ipv4.ttl = hdr.ipv4.ttl-1
[15:37:13.161] [bmv2] [T] [thread 12314] [9.0] [cxt 0] ../../P4_code/compare_dht_rewrite.p4(157) Condition "hdr.dht.isValid()" (node_3) is false
[15:37:13.161] [bmv2] [T] [thread 12314] [9.0] [cxt 0] Applying table 'ThisIngress.ipv4_lpm'
[15:37:13.161] [bmv2] [D] [thread 12314] [9.0] [cxt 0] Looking up key:
* hdr.ipv4.dstAddr    : 74519aff

[15:37:13.161] [bmv2] [D] [thread 12314] [9.0] [cxt 0] Table 'ThisIngress.ipv4_lpm': miss
[15:37:13.161] [bmv2] [D] [thread 12314] [9.0] [cxt 0] Action entry is ThisIngress.drop - 
[15:37:13.161] [bmv2] [T] [thread 12314] [9.0] [cxt 0] Action ThisIngress.drop
[15:37:13.161] [bmv2] [T] [thread 12314] [9.0] [cxt 0] ../../P4_code/compare_dht_rewrite.p4(99) Primitive mark_to_drop(standard_metadata)
[15:37:13.161] [bmv2] [D] [thread 12314] [9.0] [cxt 0] Pipeline 'ingress': end
[15:37:13.161] [bmv2] [D] [thread 12314] [9.0] [cxt 0] Egress port is 511
[15:37:13.161] [bmv2] [D] [thread 12314] [9.0] [cxt 0] Dropping packet at the end of ingress
[15:37:13.666] [bmv2] [W] [thread 12465] [P4Runtime] p4::tmp::P4DeviceConfig is deprecated
[15:37:13.673] [bmv2] [D] [thread 12465] Set default default entry for table 'tbl_compare_dht_rewrite156': compare_dht_rewrite156 - 
[15:37:13.673] [bmv2] [D] [thread 12465] Set default default entry for table 'tbl_first_contact': ThisIngress.first_contact - 
[15:37:13.673] [bmv2] [D] [thread 12465] Set default default entry for table 'ThisIngress.no_hop_lookup': NoAction - 
[15:37:13.673] [bmv2] [D] [thread 12465] Set default default entry for table 'tbl_compare_dht_rewrite166': compare_dht_rewrite166 - 
[15:37:13.673] [bmv2] [D] [thread 12465] Set default default entry for table 'tbl_compare_dht_rewrite169': compare_dht_rewrite169 - 
[15:37:13.673] [bmv2] [D] [thread 12465] Set default default entry for table 'tbl_send_to_controller': ThisIngress.send_to_controller - 
[15:37:13.673] [bmv2] [D] [thread 12465] Set default default entry for table 'ThisIngress.ipv4_lpm': ThisIngress.drop - 
[15:37:13.676] [bmv2] [D] [thread 12465] simple_switch target has been notified of a config swap
[15:37:13.679] [bmv2] [D] [thread 12467] Entry 0 added to table 'ThisIngress.ipv4_lpm'
[15:37:13.679] [bmv2] [D] [thread 12467] Dumping entry 0
Match key:
* hdr.ipv4.dstAddr    : LPM       0a000202/32
Action entry: ThisIngress.ipv4_forward - 80000000155,2,

[15:37:13.681] [bmv2] [D] [thread 12465] Entry 1 added to table 'ThisIngress.ipv4_lpm'
[15:37:13.681] [bmv2] [D] [thread 12465] Dumping entry 1
Match key:
* hdr.ipv4.dstAddr    : LPM       0a000303/32
Action entry: ThisIngress.ipv4_forward - 80000000155,2,

[15:37:13.683] [bmv2] [D] [thread 12467] Entry 2 added to table 'ThisIngress.ipv4_lpm'
[15:37:13.683] [bmv2] [D] [thread 12467] Dumping entry 2
Match key:
* hdr.ipv4.dstAddr    : LPM       0a000404/32
Action entry: ThisIngress.ipv4_forward - 80000000166,3,

[15:37:13.685] [bmv2] [D] [thread 12465] Entry 3 added to table 'ThisIngress.ipv4_lpm'
[15:37:13.685] [bmv2] [D] [thread 12465] Dumping entry 3
Match key:
* hdr.ipv4.dstAddr    : LPM       0a000505/32
Action entry: ThisIngress.ipv4_forward - 80000000166,3,

[15:37:13.687] [bmv2] [D] [thread 12467] Entry 4 added to table 'ThisIngress.ipv4_lpm'
[15:37:13.687] [bmv2] [D] [thread 12467] Dumping entry 4
Match key:
* hdr.ipv4.dstAddr    : LPM       0a000606/32
Action entry: ThisIngress.ipv4_forward - 80000000100,1,

[15:37:13.690] [bmv2] [D] [thread 12465] Entry 5 added to table 'ThisIngress.ipv4_lpm'
[15:37:13.691] [bmv2] [D] [thread 12465] Dumping entry 5
Match key:
* hdr.ipv4.dstAddr    : LPM       0a000707/32
Action entry: ThisIngress.ipv4_forward - 80000000100,1,

[15:37:13.693] [bmv2] [D] [thread 12467] Entry 6 added to table 'ThisIngress.ipv4_lpm'
[15:37:13.693] [bmv2] [D] [thread 12467] Dumping entry 6
Match key:
* hdr.ipv4.dstAddr    : LPM       0a000808/32
Action entry: ThisIngress.ipv4_forward - 80000000100,1,

[15:37:13.696] [bmv2] [D] [thread 12465] Entry 7 added to table 'ThisIngress.ipv4_lpm'
[15:37:13.696] [bmv2] [D] [thread 12465] Dumping entry 7
Match key:
* hdr.ipv4.dstAddr    : LPM       0a000909/32
Action entry: ThisIngress.ipv4_forward - 80000000100,1,

[15:37:13.698] [bmv2] [D] [thread 12467] Entry 8 added to table 'ThisIngress.ipv4_lpm'
[15:37:13.698] [bmv2] [D] [thread 12467] Dumping entry 8
Match key:
* hdr.ipv4.dstAddr    : LPM       0a000101/32
Action entry: ThisIngress.ipv4_forward - 80000000100,1,

[15:37:19.565] [bmv2] [D] [thread 12314] [10.0] [cxt 0] Processing packet received on port 2
[15:37:19.565] [bmv2] [D] [thread 12314] [10.0] [cxt 0] Parser 'parser': start
[15:37:19.565] [bmv2] [D] [thread 12314] [10.0] [cxt 0] Parser 'parser' entering state 'start'
[15:37:19.565] [bmv2] [D] [thread 12314] [10.0] [cxt 0] Parser state 'start': key is 0002
[15:37:19.565] [bmv2] [T] [thread 12314] [10.0] [cxt 0] Bytes parsed: 0
[15:37:19.565] [bmv2] [D] [thread 12314] [10.0] [cxt 0] Parser 'parser' entering state 'parse_ethernet'
[15:37:19.565] [bmv2] [D] [thread 12314] [10.0] [cxt 0] Extracting header 'ethernet'
[15:37:19.565] [bmv2] [D] [thread 12314] [10.0] [cxt 0] Parser state 'parse_ethernet': key is 86dd
[15:37:19.565] [bmv2] [T] [thread 12314] [10.0] [cxt 0] Bytes parsed: 14
[15:37:19.565] [bmv2] [D] [thread 12314] [10.0] [cxt 0] Parser 'parser' entering state 'parse_ipv4'
[15:37:19.565] [bmv2] [D] [thread 12314] [10.0] [cxt 0] Extracting header 'ipv4'
[15:37:19.565] [bmv2] [D] [thread 12314] [10.0] [cxt 0] Parser state 'parse_ipv4': key is 80
[15:37:19.565] [bmv2] [T] [thread 12314] [10.0] [cxt 0] Bytes parsed: 34
[15:37:19.565] [bmv2] [D] [thread 12314] [10.0] [cxt 0] Parser 'parser': end
[15:37:19.565] [bmv2] [D] [thread 12314] [10.0] [cxt 0] Pipeline 'ingress': start
[15:37:19.565] [bmv2] [T] [thread 12314] [10.0] [cxt 0] Applying table 'tbl_compare_dht_rewrite156'
[15:37:19.565] [bmv2] [D] [thread 12314] [10.0] [cxt 0] Looking up key:

[15:37:19.565] [bmv2] [D] [thread 12314] [10.0] [cxt 0] Table 'tbl_compare_dht_rewrite156': miss
[15:37:19.565] [bmv2] [D] [thread 12314] [10.0] [cxt 0] Action entry is compare_dht_rewrite156 - 
[15:37:19.565] [bmv2] [T] [thread 12314] [10.0] [cxt 0] Action compare_dht_rewrite156
[15:37:19.565] [bmv2] [T] [thread 12314] [10.0] [cxt 0] ../../P4_code/compare_dht_rewrite.p4(156) Primitive hdr.ipv4.ttl = hdr.ipv4.ttl-1
[15:37:19.565] [bmv2] [T] [thread 12314] [10.0] [cxt 0] ../../P4_code/compare_dht_rewrite.p4(157) Condition "hdr.dht.isValid()" (node_3) is false
[15:37:19.565] [bmv2] [T] [thread 12314] [10.0] [cxt 0] Applying table 'ThisIngress.ipv4_lpm'
[15:37:19.565] [bmv2] [D] [thread 12314] [10.0] [cxt 0] Looking up key:
* hdr.ipv4.dstAddr    : 589205ff

[15:37:19.565] [bmv2] [D] [thread 12314] [10.0] [cxt 0] Table 'ThisIngress.ipv4_lpm': miss
[15:37:19.565] [bmv2] [D] [thread 12314] [10.0] [cxt 0] Action entry is ThisIngress.drop - 
[15:37:19.565] [bmv2] [T] [thread 12314] [10.0] [cxt 0] Action ThisIngress.drop
[15:37:19.565] [bmv2] [T] [thread 12314] [10.0] [cxt 0] ../../P4_code/compare_dht_rewrite.p4(99) Primitive mark_to_drop(standard_metadata)
[15:37:19.565] [bmv2] [D] [thread 12314] [10.0] [cxt 0] Pipeline 'ingress': end
[15:37:19.565] [bmv2] [D] [thread 12314] [10.0] [cxt 0] Egress port is 511
[15:37:19.565] [bmv2] [D] [thread 12314] [10.0] [cxt 0] Dropping packet at the end of ingress
[15:37:19.818] [bmv2] [D] [thread 12314] [11.0] [cxt 0] Processing packet received on port 3
[15:37:19.818] [bmv2] [D] [thread 12314] [11.0] [cxt 0] Parser 'parser': start
[15:37:19.818] [bmv2] [D] [thread 12314] [11.0] [cxt 0] Parser 'parser' entering state 'start'
[15:37:19.818] [bmv2] [D] [thread 12314] [11.0] [cxt 0] Parser state 'start': key is 0003
[15:37:19.818] [bmv2] [T] [thread 12314] [11.0] [cxt 0] Bytes parsed: 0
[15:37:19.818] [bmv2] [D] [thread 12314] [11.0] [cxt 0] Parser 'parser' entering state 'parse_ethernet'
[15:37:19.818] [bmv2] [D] [thread 12314] [11.0] [cxt 0] Extracting header 'ethernet'
[15:37:19.818] [bmv2] [D] [thread 12314] [11.0] [cxt 0] Parser state 'parse_ethernet': key is 86dd
[15:37:19.818] [bmv2] [T] [thread 12314] [11.0] [cxt 0] Bytes parsed: 14
[15:37:19.818] [bmv2] [D] [thread 12314] [11.0] [cxt 0] Parser 'parser' entering state 'parse_ipv4'
[15:37:19.818] [bmv2] [D] [thread 12314] [11.0] [cxt 0] Extracting header 'ipv4'
[15:37:19.818] [bmv2] [D] [thread 12314] [11.0] [cxt 0] Parser state 'parse_ipv4': key is 80
[15:37:19.818] [bmv2] [T] [thread 12314] [11.0] [cxt 0] Bytes parsed: 34
[15:37:19.818] [bmv2] [D] [thread 12314] [11.0] [cxt 0] Parser 'parser': end
[15:37:19.818] [bmv2] [D] [thread 12314] [11.0] [cxt 0] Pipeline 'ingress': start
[15:37:19.818] [bmv2] [T] [thread 12314] [11.0] [cxt 0] Applying table 'tbl_compare_dht_rewrite156'
[15:37:19.818] [bmv2] [D] [thread 12314] [11.0] [cxt 0] Looking up key:

[15:37:19.818] [bmv2] [D] [thread 12314] [11.0] [cxt 0] Table 'tbl_compare_dht_rewrite156': miss
[15:37:19.818] [bmv2] [D] [thread 12314] [11.0] [cxt 0] Action entry is compare_dht_rewrite156 - 
[15:37:19.818] [bmv2] [T] [thread 12314] [11.0] [cxt 0] Action compare_dht_rewrite156
[15:37:19.818] [bmv2] [T] [thread 12314] [11.0] [cxt 0] ../../P4_code/compare_dht_rewrite.p4(156) Primitive hdr.ipv4.ttl = hdr.ipv4.ttl-1
[15:37:19.818] [bmv2] [T] [thread 12314] [11.0] [cxt 0] ../../P4_code/compare_dht_rewrite.p4(157) Condition "hdr.dht.isValid()" (node_3) is false
[15:37:19.818] [bmv2] [T] [thread 12314] [11.0] [cxt 0] Applying table 'ThisIngress.ipv4_lpm'
[15:37:19.818] [bmv2] [D] [thread 12314] [11.0] [cxt 0] Looking up key:
* hdr.ipv4.dstAddr    : f41bb8ff

[15:37:19.818] [bmv2] [D] [thread 12314] [11.0] [cxt 0] Table 'ThisIngress.ipv4_lpm': miss
[15:37:19.818] [bmv2] [D] [thread 12314] [11.0] [cxt 0] Action entry is ThisIngress.drop - 
[15:37:19.818] [bmv2] [T] [thread 12314] [11.0] [cxt 0] Action ThisIngress.drop
[15:37:19.818] [bmv2] [T] [thread 12314] [11.0] [cxt 0] ../../P4_code/compare_dht_rewrite.p4(99) Primitive mark_to_drop(standard_metadata)
[15:37:19.818] [bmv2] [D] [thread 12314] [11.0] [cxt 0] Pipeline 'ingress': end
[15:37:19.818] [bmv2] [D] [thread 12314] [11.0] [cxt 0] Egress port is 511
[15:37:19.818] [bmv2] [D] [thread 12314] [11.0] [cxt 0] Dropping packet at the end of ingress
[15:37:20.075] [bmv2] [D] [thread 12314] [12.0] [cxt 0] Processing packet received on port 1
[15:37:20.075] [bmv2] [D] [thread 12314] [12.0] [cxt 0] Parser 'parser': start
[15:37:20.075] [bmv2] [D] [thread 12314] [12.0] [cxt 0] Parser 'parser' entering state 'start'
[15:37:20.075] [bmv2] [D] [thread 12314] [12.0] [cxt 0] Parser state 'start': key is 0001
[15:37:20.075] [bmv2] [T] [thread 12314] [12.0] [cxt 0] Bytes parsed: 0
[15:37:20.075] [bmv2] [D] [thread 12314] [12.0] [cxt 0] Parser 'parser' entering state 'parse_ethernet'
[15:37:20.075] [bmv2] [D] [thread 12314] [12.0] [cxt 0] Extracting header 'ethernet'
[15:37:20.075] [bmv2] [D] [thread 12314] [12.0] [cxt 0] Parser state 'parse_ethernet': key is 86dd
[15:37:20.075] [bmv2] [T] [thread 12314] [12.0] [cxt 0] Bytes parsed: 14
[15:37:20.075] [bmv2] [D] [thread 12314] [12.0] [cxt 0] Parser 'parser' entering state 'parse_ipv4'
[15:37:20.075] [bmv2] [D] [thread 12314] [12.0] [cxt 0] Extracting header 'ipv4'
[15:37:20.075] [bmv2] [D] [thread 12314] [12.0] [cxt 0] Parser state 'parse_ipv4': key is 80
[15:37:20.075] [bmv2] [T] [thread 12314] [12.0] [cxt 0] Bytes parsed: 34
[15:37:20.075] [bmv2] [D] [thread 12314] [12.0] [cxt 0] Parser 'parser': end
[15:37:20.075] [bmv2] [D] [thread 12314] [12.0] [cxt 0] Pipeline 'ingress': start
[15:37:20.075] [bmv2] [T] [thread 12314] [12.0] [cxt 0] Applying table 'tbl_compare_dht_rewrite156'
[15:37:20.075] [bmv2] [D] [thread 12314] [12.0] [cxt 0] Looking up key:

[15:37:20.075] [bmv2] [D] [thread 12314] [12.0] [cxt 0] Table 'tbl_compare_dht_rewrite156': miss
[15:37:20.075] [bmv2] [D] [thread 12314] [12.0] [cxt 0] Action entry is compare_dht_rewrite156 - 
[15:37:20.075] [bmv2] [T] [thread 12314] [12.0] [cxt 0] Action compare_dht_rewrite156
[15:37:20.075] [bmv2] [T] [thread 12314] [12.0] [cxt 0] ../../P4_code/compare_dht_rewrite.p4(156) Primitive hdr.ipv4.ttl = hdr.ipv4.ttl-1
[15:37:20.075] [bmv2] [T] [thread 12314] [12.0] [cxt 0] ../../P4_code/compare_dht_rewrite.p4(157) Condition "hdr.dht.isValid()" (node_3) is false
[15:37:20.075] [bmv2] [T] [thread 12314] [12.0] [cxt 0] Applying table 'ThisIngress.ipv4_lpm'
[15:37:20.075] [bmv2] [D] [thread 12314] [12.0] [cxt 0] Looking up key:
* hdr.ipv4.dstAddr    : 802b1fff

[15:37:20.075] [bmv2] [D] [thread 12314] [12.0] [cxt 0] Table 'ThisIngress.ipv4_lpm': miss
[15:37:20.075] [bmv2] [D] [thread 12314] [12.0] [cxt 0] Action entry is ThisIngress.drop - 
[15:37:20.075] [bmv2] [T] [thread 12314] [12.0] [cxt 0] Action ThisIngress.drop
[15:37:20.075] [bmv2] [T] [thread 12314] [12.0] [cxt 0] ../../P4_code/compare_dht_rewrite.p4(99) Primitive mark_to_drop(standard_metadata)
[15:37:20.075] [bmv2] [D] [thread 12314] [12.0] [cxt 0] Pipeline 'ingress': end
[15:37:20.075] [bmv2] [D] [thread 12314] [12.0] [cxt 0] Egress port is 511
[15:37:20.075] [bmv2] [D] [thread 12314] [12.0] [cxt 0] Dropping packet at the end of ingress
[15:37:20.075] [bmv2] [D] [thread 12314] [13.0] [cxt 0] Processing packet received on port 1
[15:37:20.075] [bmv2] [D] [thread 12314] [13.0] [cxt 0] Parser 'parser': start
[15:37:20.075] [bmv2] [D] [thread 12314] [13.0] [cxt 0] Parser 'parser' entering state 'start'
[15:37:20.075] [bmv2] [D] [thread 12314] [13.0] [cxt 0] Parser state 'start': key is 0001
[15:37:20.075] [bmv2] [T] [thread 12314] [13.0] [cxt 0] Bytes parsed: 0
[15:37:20.075] [bmv2] [D] [thread 12314] [13.0] [cxt 0] Parser 'parser' entering state 'parse_ethernet'
[15:37:20.075] [bmv2] [D] [thread 12314] [13.0] [cxt 0] Extracting header 'ethernet'
[15:37:20.075] [bmv2] [D] [thread 12314] [13.0] [cxt 0] Parser state 'parse_ethernet': key is 86dd
[15:37:20.075] [bmv2] [T] [thread 12314] [13.0] [cxt 0] Bytes parsed: 14
[15:37:20.075] [bmv2] [D] [thread 12314] [13.0] [cxt 0] Parser 'parser' entering state 'parse_ipv4'
[15:37:20.075] [bmv2] [D] [thread 12314] [13.0] [cxt 0] Extracting header 'ipv4'
[15:37:20.075] [bmv2] [D] [thread 12314] [13.0] [cxt 0] Parser state 'parse_ipv4': key is 80
[15:37:20.075] [bmv2] [T] [thread 12314] [13.0] [cxt 0] Bytes parsed: 34
[15:37:20.075] [bmv2] [D] [thread 12314] [13.0] [cxt 0] Parser 'parser': end
[15:37:20.075] [bmv2] [D] [thread 12314] [13.0] [cxt 0] Pipeline 'ingress': start
[15:37:20.075] [bmv2] [T] [thread 12314] [13.0] [cxt 0] Applying table 'tbl_compare_dht_rewrite156'
[15:37:20.075] [bmv2] [D] [thread 12314] [13.0] [cxt 0] Looking up key:

[15:37:20.075] [bmv2] [D] [thread 12314] [13.0] [cxt 0] Table 'tbl_compare_dht_rewrite156': miss
[15:37:20.075] [bmv2] [D] [thread 12314] [13.0] [cxt 0] Action entry is compare_dht_rewrite156 - 
[15:37:20.075] [bmv2] [T] [thread 12314] [13.0] [cxt 0] Action compare_dht_rewrite156
[15:37:20.075] [bmv2] [T] [thread 12314] [13.0] [cxt 0] ../../P4_code/compare_dht_rewrite.p4(156) Primitive hdr.ipv4.ttl = hdr.ipv4.ttl-1
[15:37:20.075] [bmv2] [T] [thread 12314] [13.0] [cxt 0] ../../P4_code/compare_dht_rewrite.p4(157) Condition "hdr.dht.isValid()" (node_3) is false
[15:37:20.075] [bmv2] [T] [thread 12314] [13.0] [cxt 0] Applying table 'ThisIngress.ipv4_lpm'
[15:37:20.075] [bmv2] [D] [thread 12314] [13.0] [cxt 0] Looking up key:
* hdr.ipv4.dstAddr    : 544d17ff

[15:37:20.075] [bmv2] [D] [thread 12314] [13.0] [cxt 0] Table 'ThisIngress.ipv4_lpm': miss
[15:37:20.075] [bmv2] [D] [thread 12314] [13.0] [cxt 0] Action entry is ThisIngress.drop - 
[15:37:20.075] [bmv2] [T] [thread 12314] [13.0] [cxt 0] Action ThisIngress.drop
[15:37:20.075] [bmv2] [T] [thread 12314] [13.0] [cxt 0] ../../P4_code/compare_dht_rewrite.p4(99) Primitive mark_to_drop(standard_metadata)
[15:37:20.075] [bmv2] [D] [thread 12314] [13.0] [cxt 0] Pipeline 'ingress': end
[15:37:20.075] [bmv2] [D] [thread 12314] [13.0] [cxt 0] Egress port is 511
[15:37:20.075] [bmv2] [D] [thread 12314] [13.0] [cxt 0] Dropping packet at the end of ingress
[15:37:21.096] [bmv2] [D] [thread 12314] [14.0] [cxt 0] Processing packet received on port 3
[15:37:21.096] [bmv2] [D] [thread 12314] [14.0] [cxt 0] Parser 'parser': start
[15:37:21.096] [bmv2] [D] [thread 12314] [14.0] [cxt 0] Parser 'parser' entering state 'start'
[15:37:21.096] [bmv2] [D] [thread 12314] [14.0] [cxt 0] Parser state 'start': key is 0003
[15:37:21.096] [bmv2] [T] [thread 12314] [14.0] [cxt 0] Bytes parsed: 0
[15:37:21.096] [bmv2] [D] [thread 12314] [14.0] [cxt 0] Parser 'parser' entering state 'parse_ethernet'
[15:37:21.096] [bmv2] [D] [thread 12314] [14.0] [cxt 0] Extracting header 'ethernet'
[15:37:21.096] [bmv2] [D] [thread 12314] [14.0] [cxt 0] Parser state 'parse_ethernet': key is 86dd
[15:37:21.096] [bmv2] [T] [thread 12314] [14.0] [cxt 0] Bytes parsed: 14
[15:37:21.096] [bmv2] [D] [thread 12314] [14.0] [cxt 0] Parser 'parser' entering state 'parse_ipv4'
[15:37:21.096] [bmv2] [D] [thread 12314] [14.0] [cxt 0] Extracting header 'ipv4'
[15:37:21.096] [bmv2] [D] [thread 12314] [14.0] [cxt 0] Parser state 'parse_ipv4': key is 80
[15:37:21.096] [bmv2] [T] [thread 12314] [14.0] [cxt 0] Bytes parsed: 34
[15:37:21.096] [bmv2] [D] [thread 12314] [14.0] [cxt 0] Parser 'parser': end
[15:37:21.096] [bmv2] [D] [thread 12314] [14.0] [cxt 0] Pipeline 'ingress': start
[15:37:21.096] [bmv2] [T] [thread 12314] [14.0] [cxt 0] Applying table 'tbl_compare_dht_rewrite156'
[15:37:21.096] [bmv2] [D] [thread 12314] [14.0] [cxt 0] Looking up key:

[15:37:21.096] [bmv2] [D] [thread 12314] [14.0] [cxt 0] Table 'tbl_compare_dht_rewrite156': miss
[15:37:21.096] [bmv2] [D] [thread 12314] [14.0] [cxt 0] Action entry is compare_dht_rewrite156 - 
[15:37:21.096] [bmv2] [T] [thread 12314] [14.0] [cxt 0] Action compare_dht_rewrite156
[15:37:21.096] [bmv2] [T] [thread 12314] [14.0] [cxt 0] ../../P4_code/compare_dht_rewrite.p4(156) Primitive hdr.ipv4.ttl = hdr.ipv4.ttl-1
[15:37:21.096] [bmv2] [T] [thread 12314] [14.0] [cxt 0] ../../P4_code/compare_dht_rewrite.p4(157) Condition "hdr.dht.isValid()" (node_3) is false
[15:37:21.096] [bmv2] [T] [thread 12314] [14.0] [cxt 0] Applying table 'ThisIngress.ipv4_lpm'
[15:37:21.096] [bmv2] [D] [thread 12314] [14.0] [cxt 0] Looking up key:
* hdr.ipv4.dstAddr    : 4c7413ff

[15:37:21.096] [bmv2] [D] [thread 12314] [14.0] [cxt 0] Table 'ThisIngress.ipv4_lpm': miss
[15:37:21.096] [bmv2] [D] [thread 12314] [14.0] [cxt 0] Action entry is ThisIngress.drop - 
[15:37:21.096] [bmv2] [T] [thread 12314] [14.0] [cxt 0] Action ThisIngress.drop
[15:37:21.096] [bmv2] [T] [thread 12314] [14.0] [cxt 0] ../../P4_code/compare_dht_rewrite.p4(99) Primitive mark_to_drop(standard_metadata)
[15:37:21.096] [bmv2] [D] [thread 12314] [14.0] [cxt 0] Pipeline 'ingress': end
[15:37:21.096] [bmv2] [D] [thread 12314] [14.0] [cxt 0] Egress port is 511
[15:37:21.096] [bmv2] [D] [thread 12314] [14.0] [cxt 0] Dropping packet at the end of ingress
[15:37:21.608] [bmv2] [D] [thread 12314] [15.0] [cxt 0] Processing packet received on port 2
[15:37:21.608] [bmv2] [D] [thread 12314] [15.0] [cxt 0] Parser 'parser': start
[15:37:21.608] [bmv2] [D] [thread 12314] [15.0] [cxt 0] Parser 'parser' entering state 'start'
[15:37:21.608] [bmv2] [D] [thread 12314] [15.0] [cxt 0] Parser state 'start': key is 0002
[15:37:21.608] [bmv2] [T] [thread 12314] [15.0] [cxt 0] Bytes parsed: 0
[15:37:21.608] [bmv2] [D] [thread 12314] [15.0] [cxt 0] Parser 'parser' entering state 'parse_ethernet'
[15:37:21.608] [bmv2] [D] [thread 12314] [15.0] [cxt 0] Extracting header 'ethernet'
[15:37:21.608] [bmv2] [D] [thread 12314] [15.0] [cxt 0] Parser state 'parse_ethernet': key is 86dd
[15:37:21.608] [bmv2] [T] [thread 12314] [15.0] [cxt 0] Bytes parsed: 14
[15:37:21.608] [bmv2] [D] [thread 12314] [15.0] [cxt 0] Parser 'parser' entering state 'parse_ipv4'
[15:37:21.608] [bmv2] [D] [thread 12314] [15.0] [cxt 0] Extracting header 'ipv4'
[15:37:21.608] [bmv2] [D] [thread 12314] [15.0] [cxt 0] Parser state 'parse_ipv4': key is 80
[15:37:21.608] [bmv2] [T] [thread 12314] [15.0] [cxt 0] Bytes parsed: 34
[15:37:21.608] [bmv2] [D] [thread 12314] [15.0] [cxt 0] Parser 'parser': end
[15:37:21.608] [bmv2] [D] [thread 12314] [15.0] [cxt 0] Pipeline 'ingress': start
[15:37:21.608] [bmv2] [T] [thread 12314] [15.0] [cxt 0] Applying table 'tbl_compare_dht_rewrite156'
[15:37:21.608] [bmv2] [D] [thread 12314] [15.0] [cxt 0] Looking up key:

[15:37:21.608] [bmv2] [D] [thread 12314] [15.0] [cxt 0] Table 'tbl_compare_dht_rewrite156': miss
[15:37:21.608] [bmv2] [D] [thread 12314] [15.0] [cxt 0] Action entry is compare_dht_rewrite156 - 
[15:37:21.608] [bmv2] [T] [thread 12314] [15.0] [cxt 0] Action compare_dht_rewrite156
[15:37:21.608] [bmv2] [T] [thread 12314] [15.0] [cxt 0] ../../P4_code/compare_dht_rewrite.p4(156) Primitive hdr.ipv4.ttl = hdr.ipv4.ttl-1
[15:37:21.608] [bmv2] [T] [thread 12314] [15.0] [cxt 0] ../../P4_code/compare_dht_rewrite.p4(157) Condition "hdr.dht.isValid()" (node_3) is false
[15:37:21.608] [bmv2] [T] [thread 12314] [15.0] [cxt 0] Applying table 'ThisIngress.ipv4_lpm'
[15:37:21.608] [bmv2] [D] [thread 12314] [15.0] [cxt 0] Looking up key:
* hdr.ipv4.dstAddr    : 74519aff

[15:37:21.608] [bmv2] [D] [thread 12314] [15.0] [cxt 0] Table 'ThisIngress.ipv4_lpm': miss
[15:37:21.608] [bmv2] [D] [thread 12314] [15.0] [cxt 0] Action entry is ThisIngress.drop - 
[15:37:21.608] [bmv2] [T] [thread 12314] [15.0] [cxt 0] Action ThisIngress.drop
[15:37:21.609] [bmv2] [T] [thread 12314] [15.0] [cxt 0] ../../P4_code/compare_dht_rewrite.p4(99) Primitive mark_to_drop(standard_metadata)
[15:37:21.609] [bmv2] [D] [thread 12314] [15.0] [cxt 0] Pipeline 'ingress': end
[15:37:21.609] [bmv2] [D] [thread 12314] [15.0] [cxt 0] Egress port is 511
[15:37:21.609] [bmv2] [D] [thread 12314] [15.0] [cxt 0] Dropping packet at the end of ingress
open: No such file or directory
open: No such file or directory
open: No such file or directory
open: No such file or directory
open: No such file or directory
open: No such file or directory
open: No such file or directory
