Calling target program-options parser
[15:37:09.694] [bmv2] [D] [thread 12338] Set default default entry for table 'tbl_compare_dht_rewrite156': compare_dht_rewrite156 - 
[15:37:09.694] [bmv2] [D] [thread 12338] Set default default entry for table 'tbl_first_contact': ThisIngress.first_contact - 
[15:37:09.694] [bmv2] [D] [thread 12338] Set default default entry for table 'ThisIngress.no_hop_lookup': NoAction - 
[15:37:09.694] [bmv2] [D] [thread 12338] Set default default entry for table 'tbl_compare_dht_rewrite166': compare_dht_rewrite166 - 
[15:37:09.694] [bmv2] [D] [thread 12338] Set default default entry for table 'tbl_compare_dht_rewrite169': compare_dht_rewrite169 - 
[15:37:09.694] [bmv2] [D] [thread 12338] Set default default entry for table 'tbl_send_to_controller': ThisIngress.send_to_controller - 
[15:37:09.694] [bmv2] [D] [thread 12338] Set default default entry for table 'ThisIngress.ipv4_lpm': ThisIngress.drop - 
Adding interface s_e-eth1 as port 1
[15:37:09.695] [bmv2] [D] [thread 12338] Adding interface s_e-eth1 as port 1
Adding interface s_e-eth2 as port 2
[15:37:09.724] [bmv2] [D] [thread 12338] Adding interface s_e-eth2 as port 2
Adding interface s_e-eth3 as port 3
[15:37:09.756] [bmv2] [D] [thread 12338] Adding interface s_e-eth3 as port 3
Server listening on 0.0.0.0:50055
[15:37:09.789] [bmv2] [I] [thread 12338] Starting Thrift server on port 9094
[15:37:09.789] [bmv2] [I] [thread 12338] Thrift server was started
[15:37:12.394] [bmv2] [D] [thread 12348] [0.0] [cxt 0] Processing packet received on port 1
[15:37:12.394] [bmv2] [D] [thread 12348] [0.0] [cxt 0] Parser 'parser': start
[15:37:12.394] [bmv2] [D] [thread 12348] [0.0] [cxt 0] Parser 'parser' entering state 'start'
[15:37:12.394] [bmv2] [D] [thread 12348] [0.0] [cxt 0] Parser state 'start': key is 0001
[15:37:12.394] [bmv2] [T] [thread 12348] [0.0] [cxt 0] Bytes parsed: 0
[15:37:12.394] [bmv2] [D] [thread 12348] [0.0] [cxt 0] Parser 'parser' entering state 'parse_ethernet'
[15:37:12.394] [bmv2] [D] [thread 12348] [0.0] [cxt 0] Extracting header 'ethernet'
[15:37:12.394] [bmv2] [D] [thread 12348] [0.0] [cxt 0] Parser state 'parse_ethernet': key is 86dd
[15:37:12.394] [bmv2] [T] [thread 12348] [0.0] [cxt 0] Bytes parsed: 14
[15:37:12.394] [bmv2] [D] [thread 12348] [0.0] [cxt 0] Parser 'parser' entering state 'parse_ipv4'
[15:37:12.394] [bmv2] [D] [thread 12348] [0.0] [cxt 0] Extracting header 'ipv4'
[15:37:12.394] [bmv2] [D] [thread 12348] [0.0] [cxt 0] Parser state 'parse_ipv4': key is 80
[15:37:12.394] [bmv2] [T] [thread 12348] [0.0] [cxt 0] Bytes parsed: 34
[15:37:12.394] [bmv2] [D] [thread 12348] [0.0] [cxt 0] Parser 'parser': end
[15:37:12.394] [bmv2] [D] [thread 12348] [0.0] [cxt 0] Pipeline 'ingress': start
[15:37:12.394] [bmv2] [T] [thread 12348] [0.0] [cxt 0] Applying table 'tbl_compare_dht_rewrite156'
[15:37:12.394] [bmv2] [D] [thread 12348] [0.0] [cxt 0] Looking up key:

[15:37:12.394] [bmv2] [D] [thread 12348] [0.0] [cxt 0] Table 'tbl_compare_dht_rewrite156': miss
[15:37:12.394] [bmv2] [D] [thread 12348] [0.0] [cxt 0] Action entry is compare_dht_rewrite156 - 
[15:37:12.394] [bmv2] [T] [thread 12348] [0.0] [cxt 0] Action compare_dht_rewrite156
[15:37:12.394] [bmv2] [T] [thread 12348] [0.0] [cxt 0] ../../P4_code/compare_dht_rewrite.p4(156) Primitive hdr.ipv4.ttl = hdr.ipv4.ttl-1
[15:37:12.394] [bmv2] [T] [thread 12348] [0.0] [cxt 0] ../../P4_code/compare_dht_rewrite.p4(157) Condition "hdr.dht.isValid()" (node_3) is false
[15:37:12.394] [bmv2] [T] [thread 12348] [0.0] [cxt 0] Applying table 'ThisIngress.ipv4_lpm'
[15:37:12.394] [bmv2] [D] [thread 12348] [0.0] [cxt 0] Looking up key:
* hdr.ipv4.dstAddr    : c89442ff

[15:37:12.394] [bmv2] [D] [thread 12348] [0.0] [cxt 0] Table 'ThisIngress.ipv4_lpm': miss
[15:37:12.394] [bmv2] [D] [thread 12348] [0.0] [cxt 0] Action entry is ThisIngress.drop - 
[15:37:12.394] [bmv2] [T] [thread 12348] [0.0] [cxt 0] Action ThisIngress.drop
[15:37:12.394] [bmv2] [T] [thread 12348] [0.0] [cxt 0] ../../P4_code/compare_dht_rewrite.p4(99) Primitive mark_to_drop(standard_metadata)
[15:37:12.394] [bmv2] [D] [thread 12348] [0.0] [cxt 0] Pipeline 'ingress': end
[15:37:12.394] [bmv2] [D] [thread 12348] [0.0] [cxt 0] Egress port is 511
[15:37:12.394] [bmv2] [D] [thread 12348] [0.0] [cxt 0] Dropping packet at the end of ingress
[15:37:12.648] [bmv2] [D] [thread 12348] [1.0] [cxt 0] Processing packet received on port 2
[15:37:12.648] [bmv2] [D] [thread 12348] [1.0] [cxt 0] Parser 'parser': start
[15:37:12.648] [bmv2] [D] [thread 12348] [1.0] [cxt 0] Parser 'parser' entering state 'start'
[15:37:12.649] [bmv2] [D] [thread 12348] [1.0] [cxt 0] Parser state 'start': key is 0002
[15:37:12.649] [bmv2] [T] [thread 12348] [1.0] [cxt 0] Bytes parsed: 0
[15:37:12.649] [bmv2] [D] [thread 12348] [1.0] [cxt 0] Parser 'parser' entering state 'parse_ethernet'
[15:37:12.649] [bmv2] [D] [thread 12348] [1.0] [cxt 0] Extracting header 'ethernet'
[15:37:12.649] [bmv2] [D] [thread 12348] [1.0] [cxt 0] Parser state 'parse_ethernet': key is 86dd
[15:37:12.649] [bmv2] [T] [thread 12348] [1.0] [cxt 0] Bytes parsed: 14
[15:37:12.649] [bmv2] [D] [thread 12348] [1.0] [cxt 0] Parser 'parser' entering state 'parse_ipv4'
[15:37:12.649] [bmv2] [D] [thread 12348] [1.0] [cxt 0] Extracting header 'ipv4'
[15:37:12.649] [bmv2] [D] [thread 12348] [1.0] [cxt 0] Parser state 'parse_ipv4': key is 80
[15:37:12.649] [bmv2] [T] [thread 12348] [1.0] [cxt 0] Bytes parsed: 34
[15:37:12.649] [bmv2] [D] [thread 12348] [1.0] [cxt 0] Parser 'parser': end
[15:37:12.649] [bmv2] [D] [thread 12348] [1.0] [cxt 0] Pipeline 'ingress': start
[15:37:12.649] [bmv2] [T] [thread 12348] [1.0] [cxt 0] Applying table 'tbl_compare_dht_rewrite156'
[15:37:12.649] [bmv2] [D] [thread 12348] [1.0] [cxt 0] Looking up key:

[15:37:12.649] [bmv2] [D] [thread 12348] [1.0] [cxt 0] Table 'tbl_compare_dht_rewrite156': miss
[15:37:12.649] [bmv2] [D] [thread 12348] [1.0] [cxt 0] Action entry is compare_dht_rewrite156 - 
[15:37:12.649] [bmv2] [T] [thread 12348] [1.0] [cxt 0] Action compare_dht_rewrite156
[15:37:12.649] [bmv2] [T] [thread 12348] [1.0] [cxt 0] ../../P4_code/compare_dht_rewrite.p4(156) Primitive hdr.ipv4.ttl = hdr.ipv4.ttl-1
[15:37:12.649] [bmv2] [T] [thread 12348] [1.0] [cxt 0] ../../P4_code/compare_dht_rewrite.p4(157) Condition "hdr.dht.isValid()" (node_3) is false
[15:37:12.649] [bmv2] [T] [thread 12348] [1.0] [cxt 0] Applying table 'ThisIngress.ipv4_lpm'
[15:37:12.649] [bmv2] [D] [thread 12348] [1.0] [cxt 0] Looking up key:
* hdr.ipv4.dstAddr    : 00c3d1ff

[15:37:12.649] [bmv2] [D] [thread 12348] [1.0] [cxt 0] Table 'ThisIngress.ipv4_lpm': miss
[15:37:12.649] [bmv2] [D] [thread 12348] [1.0] [cxt 0] Action entry is ThisIngress.drop - 
[15:37:12.649] [bmv2] [T] [thread 12348] [1.0] [cxt 0] Action ThisIngress.drop
[15:37:12.649] [bmv2] [T] [thread 12348] [1.0] [cxt 0] ../../P4_code/compare_dht_rewrite.p4(99) Primitive mark_to_drop(standard_metadata)
[15:37:12.649] [bmv2] [D] [thread 12348] [1.0] [cxt 0] Pipeline 'ingress': end
[15:37:12.649] [bmv2] [D] [thread 12348] [1.0] [cxt 0] Egress port is 511
[15:37:12.649] [bmv2] [D] [thread 12348] [1.0] [cxt 0] Dropping packet at the end of ingress
[15:37:12.649] [bmv2] [D] [thread 12348] [2.0] [cxt 0] Processing packet received on port 3
[15:37:12.649] [bmv2] [D] [thread 12348] [2.0] [cxt 0] Parser 'parser': start
[15:37:12.649] [bmv2] [D] [thread 12348] [2.0] [cxt 0] Parser 'parser' entering state 'start'
[15:37:12.649] [bmv2] [D] [thread 12348] [2.0] [cxt 0] Parser state 'start': key is 0003
[15:37:12.649] [bmv2] [T] [thread 12348] [2.0] [cxt 0] Bytes parsed: 0
[15:37:12.649] [bmv2] [D] [thread 12348] [2.0] [cxt 0] Parser 'parser' entering state 'parse_ethernet'
[15:37:12.649] [bmv2] [D] [thread 12348] [2.0] [cxt 0] Extracting header 'ethernet'
[15:37:12.649] [bmv2] [D] [thread 12348] [2.0] [cxt 0] Parser state 'parse_ethernet': key is 86dd
[15:37:12.649] [bmv2] [T] [thread 12348] [2.0] [cxt 0] Bytes parsed: 14
[15:37:12.649] [bmv2] [D] [thread 12348] [2.0] [cxt 0] Parser 'parser' entering state 'parse_ipv4'
[15:37:12.649] [bmv2] [D] [thread 12348] [2.0] [cxt 0] Extracting header 'ipv4'
[15:37:12.649] [bmv2] [D] [thread 12348] [2.0] [cxt 0] Parser state 'parse_ipv4': key is 80
[15:37:12.649] [bmv2] [T] [thread 12348] [2.0] [cxt 0] Bytes parsed: 34
[15:37:12.649] [bmv2] [D] [thread 12348] [2.0] [cxt 0] Parser 'parser': end
[15:37:12.649] [bmv2] [D] [thread 12348] [2.0] [cxt 0] Pipeline 'ingress': start
[15:37:12.649] [bmv2] [T] [thread 12348] [2.0] [cxt 0] Applying table 'tbl_compare_dht_rewrite156'
[15:37:12.649] [bmv2] [D] [thread 12348] [2.0] [cxt 0] Looking up key:

[15:37:12.649] [bmv2] [D] [thread 12348] [2.0] [cxt 0] Table 'tbl_compare_dht_rewrite156': miss
[15:37:12.649] [bmv2] [D] [thread 12348] [2.0] [cxt 0] Action entry is compare_dht_rewrite156 - 
[15:37:12.650] [bmv2] [T] [thread 12348] [2.0] [cxt 0] Action compare_dht_rewrite156
[15:37:12.650] [bmv2] [T] [thread 12348] [2.0] [cxt 0] ../../P4_code/compare_dht_rewrite.p4(156) Primitive hdr.ipv4.ttl = hdr.ipv4.ttl-1
[15:37:12.650] [bmv2] [T] [thread 12348] [2.0] [cxt 0] ../../P4_code/compare_dht_rewrite.p4(157) Condition "hdr.dht.isValid()" (node_3) is false
[15:37:12.650] [bmv2] [T] [thread 12348] [2.0] [cxt 0] Applying table 'ThisIngress.ipv4_lpm'
[15:37:12.650] [bmv2] [D] [thread 12348] [2.0] [cxt 0] Looking up key:
* hdr.ipv4.dstAddr    : 28d695ff

[15:37:12.650] [bmv2] [D] [thread 12348] [2.0] [cxt 0] Table 'ThisIngress.ipv4_lpm': miss
[15:37:12.650] [bmv2] [D] [thread 12348] [2.0] [cxt 0] Action entry is ThisIngress.drop - 
[15:37:12.650] [bmv2] [T] [thread 12348] [2.0] [cxt 0] Action ThisIngress.drop
[15:37:12.650] [bmv2] [T] [thread 12348] [2.0] [cxt 0] ../../P4_code/compare_dht_rewrite.p4(99) Primitive mark_to_drop(standard_metadata)
[15:37:12.650] [bmv2] [D] [thread 12348] [2.0] [cxt 0] Pipeline 'ingress': end
[15:37:12.650] [bmv2] [D] [thread 12348] [2.0] [cxt 0] Egress port is 511
[15:37:12.650] [bmv2] [D] [thread 12348] [2.0] [cxt 0] Dropping packet at the end of ingress
[15:37:12.905] [bmv2] [D] [thread 12348] [3.0] [cxt 0] Processing packet received on port 3
[15:37:12.905] [bmv2] [D] [thread 12348] [3.0] [cxt 0] Parser 'parser': start
[15:37:12.905] [bmv2] [D] [thread 12348] [3.0] [cxt 0] Parser 'parser' entering state 'start'
[15:37:12.905] [bmv2] [D] [thread 12348] [3.0] [cxt 0] Parser state 'start': key is 0003
[15:37:12.906] [bmv2] [T] [thread 12348] [3.0] [cxt 0] Bytes parsed: 0
[15:37:12.906] [bmv2] [D] [thread 12348] [3.0] [cxt 0] Parser 'parser' entering state 'parse_ethernet'
[15:37:12.906] [bmv2] [D] [thread 12348] [3.0] [cxt 0] Extracting header 'ethernet'
[15:37:12.906] [bmv2] [D] [thread 12348] [3.0] [cxt 0] Parser state 'parse_ethernet': key is 86dd
[15:37:12.906] [bmv2] [T] [thread 12348] [3.0] [cxt 0] Bytes parsed: 14
[15:37:12.906] [bmv2] [D] [thread 12348] [3.0] [cxt 0] Parser 'parser' entering state 'parse_ipv4'
[15:37:12.906] [bmv2] [D] [thread 12348] [3.0] [cxt 0] Extracting header 'ipv4'
[15:37:12.906] [bmv2] [D] [thread 12348] [3.0] [cxt 0] Parser state 'parse_ipv4': key is 80
[15:37:12.906] [bmv2] [T] [thread 12348] [3.0] [cxt 0] Bytes parsed: 34
[15:37:12.906] [bmv2] [D] [thread 12348] [3.0] [cxt 0] Parser 'parser': end
[15:37:12.906] [bmv2] [D] [thread 12348] [3.0] [cxt 0] Pipeline 'ingress': start
[15:37:12.906] [bmv2] [T] [thread 12348] [3.0] [cxt 0] Applying table 'tbl_compare_dht_rewrite156'
[15:37:12.906] [bmv2] [D] [thread 12348] [3.0] [cxt 0] Looking up key:

[15:37:12.906] [bmv2] [D] [thread 12348] [3.0] [cxt 0] Table 'tbl_compare_dht_rewrite156': miss
[15:37:12.906] [bmv2] [D] [thread 12348] [3.0] [cxt 0] Action entry is compare_dht_rewrite156 - 
[15:37:12.906] [bmv2] [T] [thread 12348] [3.0] [cxt 0] Action compare_dht_rewrite156
[15:37:12.906] [bmv2] [T] [thread 12348] [3.0] [cxt 0] ../../P4_code/compare_dht_rewrite.p4(156) Primitive hdr.ipv4.ttl = hdr.ipv4.ttl-1
[15:37:12.906] [bmv2] [T] [thread 12348] [3.0] [cxt 0] ../../P4_code/compare_dht_rewrite.p4(157) Condition "hdr.dht.isValid()" (node_3) is false
[15:37:12.906] [bmv2] [T] [thread 12348] [3.0] [cxt 0] Applying table 'ThisIngress.ipv4_lpm'
[15:37:12.906] [bmv2] [D] [thread 12348] [3.0] [cxt 0] Looking up key:
* hdr.ipv4.dstAddr    : 64a705ff

[15:37:12.906] [bmv2] [D] [thread 12348] [3.0] [cxt 0] Table 'ThisIngress.ipv4_lpm': miss
[15:37:12.906] [bmv2] [D] [thread 12348] [3.0] [cxt 0] Action entry is ThisIngress.drop - 
[15:37:12.906] [bmv2] [T] [thread 12348] [3.0] [cxt 0] Action ThisIngress.drop
[15:37:12.906] [bmv2] [T] [thread 12348] [3.0] [cxt 0] ../../P4_code/compare_dht_rewrite.p4(99) Primitive mark_to_drop(standard_metadata)
[15:37:12.906] [bmv2] [D] [thread 12348] [3.0] [cxt 0] Pipeline 'ingress': end
[15:37:12.906] [bmv2] [D] [thread 12348] [3.0] [cxt 0] Egress port is 511
[15:37:12.906] [bmv2] [D] [thread 12348] [3.0] [cxt 0] Dropping packet at the end of ingress
[15:37:12.908] [bmv2] [D] [thread 12348] [4.0] [cxt 0] Processing packet received on port 1
[15:37:12.908] [bmv2] [D] [thread 12348] [4.0] [cxt 0] Parser 'parser': start
[15:37:12.908] [bmv2] [D] [thread 12348] [4.0] [cxt 0] Parser 'parser' entering state 'start'
[15:37:12.908] [bmv2] [D] [thread 12348] [4.0] [cxt 0] Parser state 'start': key is 0001
[15:37:12.908] [bmv2] [T] [thread 12348] [4.0] [cxt 0] Bytes parsed: 0
[15:37:12.908] [bmv2] [D] [thread 12348] [4.0] [cxt 0] Parser 'parser' entering state 'parse_ethernet'
[15:37:12.908] [bmv2] [D] [thread 12348] [4.0] [cxt 0] Extracting header 'ethernet'
[15:37:12.908] [bmv2] [D] [thread 12348] [4.0] [cxt 0] Parser state 'parse_ethernet': key is 86dd
[15:37:12.908] [bmv2] [T] [thread 12348] [4.0] [cxt 0] Bytes parsed: 14
[15:37:12.908] [bmv2] [D] [thread 12348] [4.0] [cxt 0] Parser 'parser' entering state 'parse_ipv4'
[15:37:12.908] [bmv2] [D] [thread 12348] [4.0] [cxt 0] Extracting header 'ipv4'
[15:37:12.908] [bmv2] [D] [thread 12348] [4.0] [cxt 0] Parser state 'parse_ipv4': key is 80
[15:37:12.908] [bmv2] [T] [thread 12348] [4.0] [cxt 0] Bytes parsed: 34
[15:37:12.908] [bmv2] [D] [thread 12348] [4.0] [cxt 0] Parser 'parser': end
[15:37:12.908] [bmv2] [D] [thread 12348] [4.0] [cxt 0] Pipeline 'ingress': start
[15:37:12.908] [bmv2] [T] [thread 12348] [4.0] [cxt 0] Applying table 'tbl_compare_dht_rewrite156'
[15:37:12.908] [bmv2] [D] [thread 12348] [4.0] [cxt 0] Looking up key:

[15:37:12.908] [bmv2] [D] [thread 12348] [4.0] [cxt 0] Table 'tbl_compare_dht_rewrite156': miss
[15:37:12.908] [bmv2] [D] [thread 12348] [4.0] [cxt 0] Action entry is compare_dht_rewrite156 - 
[15:37:12.908] [bmv2] [T] [thread 12348] [4.0] [cxt 0] Action compare_dht_rewrite156
[15:37:12.908] [bmv2] [T] [thread 12348] [4.0] [cxt 0] ../../P4_code/compare_dht_rewrite.p4(156) Primitive hdr.ipv4.ttl = hdr.ipv4.ttl-1
[15:37:12.908] [bmv2] [T] [thread 12348] [4.0] [cxt 0] ../../P4_code/compare_dht_rewrite.p4(157) Condition "hdr.dht.isValid()" (node_3) is false
[15:37:12.908] [bmv2] [T] [thread 12348] [4.0] [cxt 0] Applying table 'ThisIngress.ipv4_lpm'
[15:37:12.908] [bmv2] [D] [thread 12348] [4.0] [cxt 0] Looking up key:
* hdr.ipv4.dstAddr    : 708477ff

[15:37:12.908] [bmv2] [D] [thread 12348] [4.0] [cxt 0] Table 'ThisIngress.ipv4_lpm': miss
[15:37:12.908] [bmv2] [D] [thread 12348] [4.0] [cxt 0] Action entry is ThisIngress.drop - 
[15:37:12.908] [bmv2] [T] [thread 12348] [4.0] [cxt 0] Action ThisIngress.drop
[15:37:12.908] [bmv2] [T] [thread 12348] [4.0] [cxt 0] ../../P4_code/compare_dht_rewrite.p4(99) Primitive mark_to_drop(standard_metadata)
[15:37:12.908] [bmv2] [D] [thread 12348] [4.0] [cxt 0] Pipeline 'ingress': end
[15:37:12.908] [bmv2] [D] [thread 12348] [4.0] [cxt 0] Egress port is 511
[15:37:12.908] [bmv2] [D] [thread 12348] [4.0] [cxt 0] Dropping packet at the end of ingress
[15:37:12.908] [bmv2] [D] [thread 12348] [5.0] [cxt 0] Processing packet received on port 2
[15:37:12.908] [bmv2] [D] [thread 12348] [5.0] [cxt 0] Parser 'parser': start
[15:37:12.908] [bmv2] [D] [thread 12348] [5.0] [cxt 0] Parser 'parser' entering state 'start'
[15:37:12.908] [bmv2] [D] [thread 12348] [5.0] [cxt 0] Parser state 'start': key is 0002
[15:37:12.908] [bmv2] [T] [thread 12348] [5.0] [cxt 0] Bytes parsed: 0
[15:37:12.908] [bmv2] [D] [thread 12348] [5.0] [cxt 0] Parser 'parser' entering state 'parse_ethernet'
[15:37:12.908] [bmv2] [D] [thread 12348] [5.0] [cxt 0] Extracting header 'ethernet'
[15:37:12.908] [bmv2] [D] [thread 12348] [5.0] [cxt 0] Parser state 'parse_ethernet': key is 86dd
[15:37:12.908] [bmv2] [T] [thread 12348] [5.0] [cxt 0] Bytes parsed: 14
[15:37:12.908] [bmv2] [D] [thread 12348] [5.0] [cxt 0] Parser 'parser' entering state 'parse_ipv4'
[15:37:12.908] [bmv2] [D] [thread 12348] [5.0] [cxt 0] Extracting header 'ipv4'
[15:37:12.908] [bmv2] [D] [thread 12348] [5.0] [cxt 0] Parser state 'parse_ipv4': key is 80
[15:37:12.908] [bmv2] [T] [thread 12348] [5.0] [cxt 0] Bytes parsed: 34
[15:37:12.908] [bmv2] [D] [thread 12348] [5.0] [cxt 0] Parser 'parser': end
[15:37:12.908] [bmv2] [D] [thread 12348] [5.0] [cxt 0] Pipeline 'ingress': start
[15:37:12.908] [bmv2] [T] [thread 12348] [5.0] [cxt 0] Applying table 'tbl_compare_dht_rewrite156'
[15:37:12.908] [bmv2] [D] [thread 12348] [5.0] [cxt 0] Looking up key:

[15:37:12.908] [bmv2] [D] [thread 12348] [5.0] [cxt 0] Table 'tbl_compare_dht_rewrite156': miss
[15:37:12.908] [bmv2] [D] [thread 12348] [5.0] [cxt 0] Action entry is compare_dht_rewrite156 - 
[15:37:12.908] [bmv2] [T] [thread 12348] [5.0] [cxt 0] Action compare_dht_rewrite156
[15:37:12.908] [bmv2] [T] [thread 12348] [5.0] [cxt 0] ../../P4_code/compare_dht_rewrite.p4(156) Primitive hdr.ipv4.ttl = hdr.ipv4.ttl-1
[15:37:12.908] [bmv2] [T] [thread 12348] [5.0] [cxt 0] ../../P4_code/compare_dht_rewrite.p4(157) Condition "hdr.dht.isValid()" (node_3) is false
[15:37:12.908] [bmv2] [T] [thread 12348] [5.0] [cxt 0] Applying table 'ThisIngress.ipv4_lpm'
[15:37:12.908] [bmv2] [D] [thread 12348] [5.0] [cxt 0] Looking up key:
* hdr.ipv4.dstAddr    : ac232aff

[15:37:12.908] [bmv2] [D] [thread 12348] [5.0] [cxt 0] Table 'ThisIngress.ipv4_lpm': miss
[15:37:12.908] [bmv2] [D] [thread 12348] [5.0] [cxt 0] Action entry is ThisIngress.drop - 
[15:37:12.908] [bmv2] [T] [thread 12348] [5.0] [cxt 0] Action ThisIngress.drop
[15:37:12.908] [bmv2] [T] [thread 12348] [5.0] [cxt 0] ../../P4_code/compare_dht_rewrite.p4(99) Primitive mark_to_drop(standard_metadata)
[15:37:12.908] [bmv2] [D] [thread 12348] [5.0] [cxt 0] Pipeline 'ingress': end
[15:37:12.908] [bmv2] [D] [thread 12348] [5.0] [cxt 0] Egress port is 511
[15:37:12.908] [bmv2] [D] [thread 12348] [5.0] [cxt 0] Dropping packet at the end of ingress
[15:37:13.805] [bmv2] [W] [thread 12483] [P4Runtime] p4::tmp::P4DeviceConfig is deprecated
[15:37:13.815] [bmv2] [D] [thread 12483] Set default default entry for table 'tbl_compare_dht_rewrite156': compare_dht_rewrite156 - 
[15:37:13.815] [bmv2] [D] [thread 12483] Set default default entry for table 'tbl_first_contact': ThisIngress.first_contact - 
[15:37:13.815] [bmv2] [D] [thread 12483] Set default default entry for table 'ThisIngress.no_hop_lookup': NoAction - 
[15:37:13.815] [bmv2] [D] [thread 12483] Set default default entry for table 'tbl_compare_dht_rewrite166': compare_dht_rewrite166 - 
[15:37:13.815] [bmv2] [D] [thread 12483] Set default default entry for table 'tbl_compare_dht_rewrite169': compare_dht_rewrite169 - 
[15:37:13.815] [bmv2] [D] [thread 12483] Set default default entry for table 'tbl_send_to_controller': ThisIngress.send_to_controller - 
[15:37:13.816] [bmv2] [D] [thread 12483] Set default default entry for table 'ThisIngress.ipv4_lpm': ThisIngress.drop - 
[15:37:13.818] [bmv2] [D] [thread 12483] simple_switch target has been notified of a config swap
[15:37:13.822] [bmv2] [D] [thread 12484] Entry 0 added to table 'ThisIngress.ipv4_lpm'
[15:37:13.822] [bmv2] [D] [thread 12484] Dumping entry 0
Match key:
* hdr.ipv4.dstAddr    : LPM       0a000202/32
Action entry: ThisIngress.ipv4_forward - 80000000100,1,

[15:37:13.826] [bmv2] [D] [thread 12483] Entry 1 added to table 'ThisIngress.ipv4_lpm'
[15:37:13.826] [bmv2] [D] [thread 12483] Dumping entry 1
Match key:
* hdr.ipv4.dstAddr    : LPM       0a000303/32
Action entry: ThisIngress.ipv4_forward - 80000000100,1,

[15:37:13.834] [bmv2] [D] [thread 12484] Entry 2 added to table 'ThisIngress.ipv4_lpm'
[15:37:13.834] [bmv2] [D] [thread 12484] Dumping entry 2
Match key:
* hdr.ipv4.dstAddr    : LPM       0a000404/32
Action entry: ThisIngress.ipv4_forward - 80000000100,1,

[15:37:13.837] [bmv2] [D] [thread 12483] Entry 3 added to table 'ThisIngress.ipv4_lpm'
[15:37:13.837] [bmv2] [D] [thread 12483] Dumping entry 3
Match key:
* hdr.ipv4.dstAddr    : LPM       0a000505/32
Action entry: ThisIngress.ipv4_forward - 80000000100,1,

[15:37:13.840] [bmv2] [D] [thread 12484] Entry 4 added to table 'ThisIngress.ipv4_lpm'
[15:37:13.840] [bmv2] [D] [thread 12484] Dumping entry 4
Match key:
* hdr.ipv4.dstAddr    : LPM       0a000606/32
Action entry: ThisIngress.ipv4_forward - 80000000177,2,

[15:37:13.842] [bmv2] [D] [thread 12483] Entry 5 added to table 'ThisIngress.ipv4_lpm'
[15:37:13.842] [bmv2] [D] [thread 12483] Dumping entry 5
Match key:
* hdr.ipv4.dstAddr    : LPM       0a000707/32
Action entry: ThisIngress.ipv4_forward - 80000000177,2,

[15:37:13.844] [bmv2] [D] [thread 12484] Entry 6 added to table 'ThisIngress.ipv4_lpm'
[15:37:13.844] [bmv2] [D] [thread 12484] Dumping entry 6
Match key:
* hdr.ipv4.dstAddr    : LPM       0a000808/32
Action entry: ThisIngress.ipv4_forward - 80000000188,3,

[15:37:13.846] [bmv2] [D] [thread 12483] Entry 7 added to table 'ThisIngress.ipv4_lpm'
[15:37:13.846] [bmv2] [D] [thread 12483] Dumping entry 7
Match key:
* hdr.ipv4.dstAddr    : LPM       0a000909/32
Action entry: ThisIngress.ipv4_forward - 80000000188,3,

[15:37:13.848] [bmv2] [D] [thread 12484] Entry 8 added to table 'ThisIngress.ipv4_lpm'
[15:37:13.848] [bmv2] [D] [thread 12484] Dumping entry 8
Match key:
* hdr.ipv4.dstAddr    : LPM       0a000101/32
Action entry: ThisIngress.ipv4_forward - 80000000100,1,

[15:37:20.329] [bmv2] [D] [thread 12348] [6.0] [cxt 0] Processing packet received on port 2
[15:37:20.329] [bmv2] [D] [thread 12348] [6.0] [cxt 0] Parser 'parser': start
[15:37:20.329] [bmv2] [D] [thread 12348] [6.0] [cxt 0] Parser 'parser' entering state 'start'
[15:37:20.329] [bmv2] [D] [thread 12348] [6.0] [cxt 0] Parser state 'start': key is 0002
[15:37:20.329] [bmv2] [T] [thread 12348] [6.0] [cxt 0] Bytes parsed: 0
[15:37:20.329] [bmv2] [D] [thread 12348] [6.0] [cxt 0] Parser 'parser' entering state 'parse_ethernet'
[15:37:20.329] [bmv2] [D] [thread 12348] [6.0] [cxt 0] Extracting header 'ethernet'
[15:37:20.329] [bmv2] [D] [thread 12348] [6.0] [cxt 0] Parser state 'parse_ethernet': key is 86dd
[15:37:20.329] [bmv2] [T] [thread 12348] [6.0] [cxt 0] Bytes parsed: 14
[15:37:20.329] [bmv2] [D] [thread 12348] [6.0] [cxt 0] Parser 'parser' entering state 'parse_ipv4'
[15:37:20.329] [bmv2] [D] [thread 12348] [6.0] [cxt 0] Extracting header 'ipv4'
[15:37:20.329] [bmv2] [D] [thread 12348] [6.0] [cxt 0] Parser state 'parse_ipv4': key is 80
[15:37:20.329] [bmv2] [T] [thread 12348] [6.0] [cxt 0] Bytes parsed: 34
[15:37:20.329] [bmv2] [D] [thread 12348] [6.0] [cxt 0] Parser 'parser': end
[15:37:20.329] [bmv2] [D] [thread 12348] [6.0] [cxt 0] Pipeline 'ingress': start
[15:37:20.329] [bmv2] [T] [thread 12348] [6.0] [cxt 0] Applying table 'tbl_compare_dht_rewrite156'
[15:37:20.329] [bmv2] [D] [thread 12348] [6.0] [cxt 0] Looking up key:

[15:37:20.329] [bmv2] [D] [thread 12348] [6.0] [cxt 0] Table 'tbl_compare_dht_rewrite156': miss
[15:37:20.329] [bmv2] [D] [thread 12348] [6.0] [cxt 0] Action entry is compare_dht_rewrite156 - 
[15:37:20.329] [bmv2] [T] [thread 12348] [6.0] [cxt 0] Action compare_dht_rewrite156
[15:37:20.329] [bmv2] [T] [thread 12348] [6.0] [cxt 0] ../../P4_code/compare_dht_rewrite.p4(156) Primitive hdr.ipv4.ttl = hdr.ipv4.ttl-1
[15:37:20.329] [bmv2] [T] [thread 12348] [6.0] [cxt 0] ../../P4_code/compare_dht_rewrite.p4(157) Condition "hdr.dht.isValid()" (node_3) is false
[15:37:20.329] [bmv2] [T] [thread 12348] [6.0] [cxt 0] Applying table 'ThisIngress.ipv4_lpm'
[15:37:20.329] [bmv2] [D] [thread 12348] [6.0] [cxt 0] Looking up key:
* hdr.ipv4.dstAddr    : 00c3d1ff

[15:37:20.329] [bmv2] [D] [thread 12348] [6.0] [cxt 0] Table 'ThisIngress.ipv4_lpm': miss
[15:37:20.329] [bmv2] [D] [thread 12348] [6.0] [cxt 0] Action entry is ThisIngress.drop - 
[15:37:20.329] [bmv2] [T] [thread 12348] [6.0] [cxt 0] Action ThisIngress.drop
[15:37:20.329] [bmv2] [T] [thread 12348] [6.0] [cxt 0] ../../P4_code/compare_dht_rewrite.p4(99) Primitive mark_to_drop(standard_metadata)
[15:37:20.329] [bmv2] [D] [thread 12348] [6.0] [cxt 0] Pipeline 'ingress': end
[15:37:20.329] [bmv2] [D] [thread 12348] [6.0] [cxt 0] Egress port is 511
[15:37:20.329] [bmv2] [D] [thread 12348] [6.0] [cxt 0] Dropping packet at the end of ingress
[15:37:20.840] [bmv2] [D] [thread 12348] [7.0] [cxt 0] Processing packet received on port 3
[15:37:20.840] [bmv2] [D] [thread 12348] [7.0] [cxt 0] Parser 'parser': start
[15:37:20.840] [bmv2] [D] [thread 12348] [7.0] [cxt 0] Parser 'parser' entering state 'start'
[15:37:20.840] [bmv2] [D] [thread 12348] [7.0] [cxt 0] Parser state 'start': key is 0003
[15:37:20.840] [bmv2] [T] [thread 12348] [7.0] [cxt 0] Bytes parsed: 0
[15:37:20.840] [bmv2] [D] [thread 12348] [7.0] [cxt 0] Parser 'parser' entering state 'parse_ethernet'
[15:37:20.840] [bmv2] [D] [thread 12348] [7.0] [cxt 0] Extracting header 'ethernet'
[15:37:20.840] [bmv2] [D] [thread 12348] [7.0] [cxt 0] Parser state 'parse_ethernet': key is 86dd
[15:37:20.840] [bmv2] [T] [thread 12348] [7.0] [cxt 0] Bytes parsed: 14
[15:37:20.840] [bmv2] [D] [thread 12348] [7.0] [cxt 0] Parser 'parser' entering state 'parse_ipv4'
[15:37:20.840] [bmv2] [D] [thread 12348] [7.0] [cxt 0] Extracting header 'ipv4'
[15:37:20.840] [bmv2] [D] [thread 12348] [7.0] [cxt 0] Parser state 'parse_ipv4': key is 80
[15:37:20.840] [bmv2] [T] [thread 12348] [7.0] [cxt 0] Bytes parsed: 34
[15:37:20.840] [bmv2] [D] [thread 12348] [7.0] [cxt 0] Parser 'parser': end
[15:37:20.840] [bmv2] [D] [thread 12348] [7.0] [cxt 0] Pipeline 'ingress': start
[15:37:20.840] [bmv2] [T] [thread 12348] [7.0] [cxt 0] Applying table 'tbl_compare_dht_rewrite156'
[15:37:20.840] [bmv2] [D] [thread 12348] [7.0] [cxt 0] Looking up key:

[15:37:20.840] [bmv2] [D] [thread 12348] [7.0] [cxt 0] Table 'tbl_compare_dht_rewrite156': miss
[15:37:20.840] [bmv2] [D] [thread 12348] [7.0] [cxt 0] Action entry is compare_dht_rewrite156 - 
[15:37:20.840] [bmv2] [T] [thread 12348] [7.0] [cxt 0] Action compare_dht_rewrite156
[15:37:20.840] [bmv2] [T] [thread 12348] [7.0] [cxt 0] ../../P4_code/compare_dht_rewrite.p4(156) Primitive hdr.ipv4.ttl = hdr.ipv4.ttl-1
[15:37:20.840] [bmv2] [T] [thread 12348] [7.0] [cxt 0] ../../P4_code/compare_dht_rewrite.p4(157) Condition "hdr.dht.isValid()" (node_3) is false
[15:37:20.840] [bmv2] [T] [thread 12348] [7.0] [cxt 0] Applying table 'ThisIngress.ipv4_lpm'
[15:37:20.840] [bmv2] [D] [thread 12348] [7.0] [cxt 0] Looking up key:
* hdr.ipv4.dstAddr    : 28d695ff

[15:37:20.840] [bmv2] [D] [thread 12348] [7.0] [cxt 0] Table 'ThisIngress.ipv4_lpm': miss
[15:37:20.840] [bmv2] [D] [thread 12348] [7.0] [cxt 0] Action entry is ThisIngress.drop - 
[15:37:20.840] [bmv2] [T] [thread 12348] [7.0] [cxt 0] Action ThisIngress.drop
[15:37:20.840] [bmv2] [T] [thread 12348] [7.0] [cxt 0] ../../P4_code/compare_dht_rewrite.p4(99) Primitive mark_to_drop(standard_metadata)
[15:37:20.840] [bmv2] [D] [thread 12348] [7.0] [cxt 0] Pipeline 'ingress': end
[15:37:20.840] [bmv2] [D] [thread 12348] [7.0] [cxt 0] Egress port is 511
[15:37:20.840] [bmv2] [D] [thread 12348] [7.0] [cxt 0] Dropping packet at the end of ingress
[15:37:21.352] [bmv2] [D] [thread 12348] [8.0] [cxt 0] Processing packet received on port 1
[15:37:21.352] [bmv2] [D] [thread 12348] [8.0] [cxt 0] Parser 'parser': start
[15:37:21.352] [bmv2] [D] [thread 12348] [8.0] [cxt 0] Parser 'parser' entering state 'start'
[15:37:21.352] [bmv2] [D] [thread 12348] [8.0] [cxt 0] Parser state 'start': key is 0001
[15:37:21.352] [bmv2] [T] [thread 12348] [8.0] [cxt 0] Bytes parsed: 0
[15:37:21.352] [bmv2] [D] [thread 12348] [8.0] [cxt 0] Parser 'parser' entering state 'parse_ethernet'
[15:37:21.352] [bmv2] [D] [thread 12348] [8.0] [cxt 0] Extracting header 'ethernet'
[15:37:21.352] [bmv2] [D] [thread 12348] [8.0] [cxt 0] Parser state 'parse_ethernet': key is 86dd
[15:37:21.352] [bmv2] [T] [thread 12348] [8.0] [cxt 0] Bytes parsed: 14
[15:37:21.352] [bmv2] [D] [thread 12348] [8.0] [cxt 0] Parser 'parser' entering state 'parse_ipv4'
[15:37:21.352] [bmv2] [D] [thread 12348] [8.0] [cxt 0] Extracting header 'ipv4'
[15:37:21.352] [bmv2] [D] [thread 12348] [8.0] [cxt 0] Parser state 'parse_ipv4': key is 80
[15:37:21.352] [bmv2] [T] [thread 12348] [8.0] [cxt 0] Bytes parsed: 34
[15:37:21.352] [bmv2] [D] [thread 12348] [8.0] [cxt 0] Parser 'parser': end
[15:37:21.352] [bmv2] [D] [thread 12348] [8.0] [cxt 0] Pipeline 'ingress': start
[15:37:21.352] [bmv2] [T] [thread 12348] [8.0] [cxt 0] Applying table 'tbl_compare_dht_rewrite156'
[15:37:21.352] [bmv2] [D] [thread 12348] [8.0] [cxt 0] Looking up key:

[15:37:21.352] [bmv2] [D] [thread 12348] [8.0] [cxt 0] Table 'tbl_compare_dht_rewrite156': miss
[15:37:21.352] [bmv2] [D] [thread 12348] [8.0] [cxt 0] Action entry is compare_dht_rewrite156 - 
[15:37:21.352] [bmv2] [T] [thread 12348] [8.0] [cxt 0] Action compare_dht_rewrite156
[15:37:21.352] [bmv2] [T] [thread 12348] [8.0] [cxt 0] ../../P4_code/compare_dht_rewrite.p4(156) Primitive hdr.ipv4.ttl = hdr.ipv4.ttl-1
[15:37:21.352] [bmv2] [T] [thread 12348] [8.0] [cxt 0] ../../P4_code/compare_dht_rewrite.p4(157) Condition "hdr.dht.isValid()" (node_3) is false
[15:37:21.352] [bmv2] [T] [thread 12348] [8.0] [cxt 0] Applying table 'ThisIngress.ipv4_lpm'
[15:37:21.352] [bmv2] [D] [thread 12348] [8.0] [cxt 0] Looking up key:
* hdr.ipv4.dstAddr    : c89442ff

[15:37:21.352] [bmv2] [D] [thread 12348] [8.0] [cxt 0] Table 'ThisIngress.ipv4_lpm': miss
[15:37:21.352] [bmv2] [D] [thread 12348] [8.0] [cxt 0] Action entry is ThisIngress.drop - 
[15:37:21.352] [bmv2] [T] [thread 12348] [8.0] [cxt 0] Action ThisIngress.drop
[15:37:21.353] [bmv2] [T] [thread 12348] [8.0] [cxt 0] ../../P4_code/compare_dht_rewrite.p4(99) Primitive mark_to_drop(standard_metadata)
[15:37:21.353] [bmv2] [D] [thread 12348] [8.0] [cxt 0] Pipeline 'ingress': end
[15:37:21.353] [bmv2] [D] [thread 12348] [8.0] [cxt 0] Egress port is 511
[15:37:21.353] [bmv2] [D] [thread 12348] [8.0] [cxt 0] Dropping packet at the end of ingress
[15:37:21.353] [bmv2] [D] [thread 12348] [9.0] [cxt 0] Processing packet received on port 2
[15:37:21.353] [bmv2] [D] [thread 12348] [9.0] [cxt 0] Parser 'parser': start
[15:37:21.353] [bmv2] [D] [thread 12348] [9.0] [cxt 0] Parser 'parser' entering state 'start'
[15:37:21.353] [bmv2] [D] [thread 12348] [9.0] [cxt 0] Parser state 'start': key is 0002
[15:37:21.353] [bmv2] [T] [thread 12348] [9.0] [cxt 0] Bytes parsed: 0
[15:37:21.353] [bmv2] [D] [thread 12348] [9.0] [cxt 0] Parser 'parser' entering state 'parse_ethernet'
[15:37:21.353] [bmv2] [D] [thread 12348] [9.0] [cxt 0] Extracting header 'ethernet'
[15:37:21.353] [bmv2] [D] [thread 12348] [9.0] [cxt 0] Parser state 'parse_ethernet': key is 86dd
[15:37:21.353] [bmv2] [T] [thread 12348] [9.0] [cxt 0] Bytes parsed: 14
[15:37:21.353] [bmv2] [D] [thread 12348] [9.0] [cxt 0] Parser 'parser' entering state 'parse_ipv4'
[15:37:21.353] [bmv2] [D] [thread 12348] [9.0] [cxt 0] Extracting header 'ipv4'
[15:37:21.353] [bmv2] [D] [thread 12348] [9.0] [cxt 0] Parser state 'parse_ipv4': key is 80
[15:37:21.353] [bmv2] [T] [thread 12348] [9.0] [cxt 0] Bytes parsed: 34
[15:37:21.353] [bmv2] [D] [thread 12348] [9.0] [cxt 0] Parser 'parser': end
[15:37:21.353] [bmv2] [D] [thread 12348] [9.0] [cxt 0] Pipeline 'ingress': start
[15:37:21.353] [bmv2] [T] [thread 12348] [9.0] [cxt 0] Applying table 'tbl_compare_dht_rewrite156'
[15:37:21.353] [bmv2] [D] [thread 12348] [9.0] [cxt 0] Looking up key:

[15:37:21.353] [bmv2] [D] [thread 12348] [9.0] [cxt 0] Table 'tbl_compare_dht_rewrite156': miss
[15:37:21.353] [bmv2] [D] [thread 12348] [9.0] [cxt 0] Action entry is compare_dht_rewrite156 - 
[15:37:21.353] [bmv2] [T] [thread 12348] [9.0] [cxt 0] Action compare_dht_rewrite156
[15:37:21.353] [bmv2] [T] [thread 12348] [9.0] [cxt 0] ../../P4_code/compare_dht_rewrite.p4(156) Primitive hdr.ipv4.ttl = hdr.ipv4.ttl-1
[15:37:21.353] [bmv2] [T] [thread 12348] [9.0] [cxt 0] ../../P4_code/compare_dht_rewrite.p4(157) Condition "hdr.dht.isValid()" (node_3) is false
[15:37:21.353] [bmv2] [T] [thread 12348] [9.0] [cxt 0] Applying table 'ThisIngress.ipv4_lpm'
[15:37:21.353] [bmv2] [D] [thread 12348] [9.0] [cxt 0] Looking up key:
* hdr.ipv4.dstAddr    : ac232aff

[15:37:21.353] [bmv2] [D] [thread 12348] [9.0] [cxt 0] Table 'ThisIngress.ipv4_lpm': miss
[15:37:21.353] [bmv2] [D] [thread 12348] [9.0] [cxt 0] Action entry is ThisIngress.drop - 
[15:37:21.353] [bmv2] [T] [thread 12348] [9.0] [cxt 0] Action ThisIngress.drop
[15:37:21.353] [bmv2] [T] [thread 12348] [9.0] [cxt 0] ../../P4_code/compare_dht_rewrite.p4(99) Primitive mark_to_drop(standard_metadata)
[15:37:21.353] [bmv2] [D] [thread 12348] [9.0] [cxt 0] Pipeline 'ingress': end
[15:37:21.353] [bmv2] [D] [thread 12348] [9.0] [cxt 0] Egress port is 511
[15:37:21.353] [bmv2] [D] [thread 12348] [9.0] [cxt 0] Dropping packet at the end of ingress
[15:37:21.353] [bmv2] [D] [thread 12348] [10.0] [cxt 0] Processing packet received on port 1
[15:37:21.353] [bmv2] [D] [thread 12348] [10.0] [cxt 0] Parser 'parser': start
[15:37:21.353] [bmv2] [D] [thread 12348] [10.0] [cxt 0] Parser 'parser' entering state 'start'
[15:37:21.353] [bmv2] [D] [thread 12348] [10.0] [cxt 0] Parser state 'start': key is 0001
[15:37:21.353] [bmv2] [T] [thread 12348] [10.0] [cxt 0] Bytes parsed: 0
[15:37:21.353] [bmv2] [D] [thread 12348] [10.0] [cxt 0] Parser 'parser' entering state 'parse_ethernet'
[15:37:21.353] [bmv2] [D] [thread 12348] [10.0] [cxt 0] Extracting header 'ethernet'
[15:37:21.353] [bmv2] [D] [thread 12348] [10.0] [cxt 0] Parser state 'parse_ethernet': key is 86dd
[15:37:21.353] [bmv2] [T] [thread 12348] [10.0] [cxt 0] Bytes parsed: 14
[15:37:21.353] [bmv2] [D] [thread 12348] [10.0] [cxt 0] Parser 'parser' entering state 'parse_ipv4'
[15:37:21.353] [bmv2] [D] [thread 12348] [10.0] [cxt 0] Extracting header 'ipv4'
[15:37:21.353] [bmv2] [D] [thread 12348] [10.0] [cxt 0] Parser state 'parse_ipv4': key is 80
[15:37:21.353] [bmv2] [T] [thread 12348] [10.0] [cxt 0] Bytes parsed: 34
[15:37:21.353] [bmv2] [D] [thread 12348] [10.0] [cxt 0] Parser 'parser': end
[15:37:21.353] [bmv2] [D] [thread 12348] [10.0] [cxt 0] Pipeline 'ingress': start
[15:37:21.353] [bmv2] [T] [thread 12348] [10.0] [cxt 0] Applying table 'tbl_compare_dht_rewrite156'
[15:37:21.353] [bmv2] [D] [thread 12348] [10.0] [cxt 0] Looking up key:

[15:37:21.353] [bmv2] [D] [thread 12348] [10.0] [cxt 0] Table 'tbl_compare_dht_rewrite156': miss
[15:37:21.353] [bmv2] [D] [thread 12348] [10.0] [cxt 0] Action entry is compare_dht_rewrite156 - 
[15:37:21.353] [bmv2] [T] [thread 12348] [10.0] [cxt 0] Action compare_dht_rewrite156
[15:37:21.353] [bmv2] [T] [thread 12348] [10.0] [cxt 0] ../../P4_code/compare_dht_rewrite.p4(156) Primitive hdr.ipv4.ttl = hdr.ipv4.ttl-1
[15:37:21.353] [bmv2] [T] [thread 12348] [10.0] [cxt 0] ../../P4_code/compare_dht_rewrite.p4(157) Condition "hdr.dht.isValid()" (node_3) is false
[15:37:21.353] [bmv2] [T] [thread 12348] [10.0] [cxt 0] Applying table 'ThisIngress.ipv4_lpm'
[15:37:21.353] [bmv2] [D] [thread 12348] [10.0] [cxt 0] Looking up key:
* hdr.ipv4.dstAddr    : 708477ff

[15:37:21.353] [bmv2] [D] [thread 12348] [10.0] [cxt 0] Table 'ThisIngress.ipv4_lpm': miss
[15:37:21.353] [bmv2] [D] [thread 12348] [10.0] [cxt 0] Action entry is ThisIngress.drop - 
[15:37:21.353] [bmv2] [T] [thread 12348] [10.0] [cxt 0] Action ThisIngress.drop
[15:37:21.353] [bmv2] [T] [thread 12348] [10.0] [cxt 0] ../../P4_code/compare_dht_rewrite.p4(99) Primitive mark_to_drop(standard_metadata)
[15:37:21.353] [bmv2] [D] [thread 12348] [10.0] [cxt 0] Pipeline 'ingress': end
[15:37:21.353] [bmv2] [D] [thread 12348] [10.0] [cxt 0] Egress port is 511
[15:37:21.353] [bmv2] [D] [thread 12348] [10.0] [cxt 0] Dropping packet at the end of ingress
[15:37:21.864] [bmv2] [D] [thread 12348] [11.0] [cxt 0] Processing packet received on port 3
[15:37:21.864] [bmv2] [D] [thread 12348] [11.0] [cxt 0] Parser 'parser': start
[15:37:21.864] [bmv2] [D] [thread 12348] [11.0] [cxt 0] Parser 'parser' entering state 'start'
[15:37:21.864] [bmv2] [D] [thread 12348] [11.0] [cxt 0] Parser state 'start': key is 0003
[15:37:21.864] [bmv2] [T] [thread 12348] [11.0] [cxt 0] Bytes parsed: 0
[15:37:21.864] [bmv2] [D] [thread 12348] [11.0] [cxt 0] Parser 'parser' entering state 'parse_ethernet'
[15:37:21.864] [bmv2] [D] [thread 12348] [11.0] [cxt 0] Extracting header 'ethernet'
[15:37:21.864] [bmv2] [D] [thread 12348] [11.0] [cxt 0] Parser state 'parse_ethernet': key is 86dd
[15:37:21.864] [bmv2] [T] [thread 12348] [11.0] [cxt 0] Bytes parsed: 14
[15:37:21.864] [bmv2] [D] [thread 12348] [11.0] [cxt 0] Parser 'parser' entering state 'parse_ipv4'
[15:37:21.864] [bmv2] [D] [thread 12348] [11.0] [cxt 0] Extracting header 'ipv4'
[15:37:21.864] [bmv2] [D] [thread 12348] [11.0] [cxt 0] Parser state 'parse_ipv4': key is 80
[15:37:21.864] [bmv2] [T] [thread 12348] [11.0] [cxt 0] Bytes parsed: 34
[15:37:21.864] [bmv2] [D] [thread 12348] [11.0] [cxt 0] Parser 'parser': end
[15:37:21.864] [bmv2] [D] [thread 12348] [11.0] [cxt 0] Pipeline 'ingress': start
[15:37:21.864] [bmv2] [T] [thread 12348] [11.0] [cxt 0] Applying table 'tbl_compare_dht_rewrite156'
[15:37:21.864] [bmv2] [D] [thread 12348] [11.0] [cxt 0] Looking up key:

[15:37:21.864] [bmv2] [D] [thread 12348] [11.0] [cxt 0] Table 'tbl_compare_dht_rewrite156': miss
[15:37:21.864] [bmv2] [D] [thread 12348] [11.0] [cxt 0] Action entry is compare_dht_rewrite156 - 
[15:37:21.864] [bmv2] [T] [thread 12348] [11.0] [cxt 0] Action compare_dht_rewrite156
[15:37:21.864] [bmv2] [T] [thread 12348] [11.0] [cxt 0] ../../P4_code/compare_dht_rewrite.p4(156) Primitive hdr.ipv4.ttl = hdr.ipv4.ttl-1
[15:37:21.864] [bmv2] [T] [thread 12348] [11.0] [cxt 0] ../../P4_code/compare_dht_rewrite.p4(157) Condition "hdr.dht.isValid()" (node_3) is false
[15:37:21.864] [bmv2] [T] [thread 12348] [11.0] [cxt 0] Applying table 'ThisIngress.ipv4_lpm'
[15:37:21.864] [bmv2] [D] [thread 12348] [11.0] [cxt 0] Looking up key:
* hdr.ipv4.dstAddr    : 64a705ff

[15:37:21.864] [bmv2] [D] [thread 12348] [11.0] [cxt 0] Table 'ThisIngress.ipv4_lpm': miss
[15:37:21.864] [bmv2] [D] [thread 12348] [11.0] [cxt 0] Action entry is ThisIngress.drop - 
[15:37:21.864] [bmv2] [T] [thread 12348] [11.0] [cxt 0] Action ThisIngress.drop
[15:37:21.864] [bmv2] [T] [thread 12348] [11.0] [cxt 0] ../../P4_code/compare_dht_rewrite.p4(99) Primitive mark_to_drop(standard_metadata)
[15:37:21.864] [bmv2] [D] [thread 12348] [11.0] [cxt 0] Pipeline 'ingress': end
[15:37:21.864] [bmv2] [D] [thread 12348] [11.0] [cxt 0] Egress port is 511
[15:37:21.864] [bmv2] [D] [thread 12348] [11.0] [cxt 0] Dropping packet at the end of ingress
open: No such file or directory
open: No such file or directory
open: No such file or directory
open: No such file or directory
open: No such file or directory
open: No such file or directory
open: No such file or directory
open: No such file or directory
open: No such file or directory
