Calling target program-options parser
[15:46:55.393] [bmv2] [D] [thread 50882] Set default default entry for table 'tbl_compare_dht_forward242': compare_dht_forward242 - 
[15:46:55.393] [bmv2] [D] [thread 50882] Set default default entry for table 'tbl_first_contact': ThisIngress.first_contact - 
[15:46:55.393] [bmv2] [D] [thread 50882] Set default default entry for table 'ThisIngress.no_hop_lookup': NoAction - 
[15:46:55.393] [bmv2] [D] [thread 50882] Set default default entry for table 'tbl_compare_dht_forward253': compare_dht_forward253 - 
[15:46:55.393] [bmv2] [D] [thread 50882] Set default default entry for table 'tbl_compare_dht_forward256': compare_dht_forward256 - 
[15:46:55.393] [bmv2] [D] [thread 50882] Set default default entry for table 'tbl_send_to_controller_simple': ThisIngress.send_to_controller_simple - 
[15:46:55.393] [bmv2] [D] [thread 50882] Set default default entry for table 'ThisIngress.ipv4_lpm': ThisIngress.my_drop - 
Adding interface s_b-eth1 as port 1
[15:46:55.394] [bmv2] [D] [thread 50882] Adding interface s_b-eth1 as port 1
Adding interface s_b-eth2 as port 2
[15:46:55.425] [bmv2] [D] [thread 50882] Adding interface s_b-eth2 as port 2
Adding interface s_b-eth3 as port 3
[15:46:55.456] [bmv2] [D] [thread 50882] Adding interface s_b-eth3 as port 3
Server listening on 0.0.0.0:50052
[15:46:55.489] [bmv2] [I] [thread 50882] Starting Thrift server on port 9091
[15:46:55.489] [bmv2] [I] [thread 50882] Thrift server was started
[15:46:55.490] [bmv2] [D] [thread 50892] [0.0] [cxt 0] Processing packet received on port 1
[15:46:55.490] [bmv2] [D] [thread 50892] [0.0] [cxt 0] Parser 'parser': start
[15:46:55.490] [bmv2] [D] [thread 50892] [0.0] [cxt 0] Parser 'parser' entering state 'start'
[15:46:55.490] [bmv2] [D] [thread 50892] [0.0] [cxt 0] Parser state 'start': key is 0001
[15:46:55.490] [bmv2] [T] [thread 50892] [0.0] [cxt 0] Bytes parsed: 0
[15:46:55.490] [bmv2] [D] [thread 50892] [0.0] [cxt 0] Parser 'parser' entering state 'parse_ethernet'
[15:46:55.490] [bmv2] [D] [thread 50892] [0.0] [cxt 0] Extracting header 'ethernet'
[15:46:55.490] [bmv2] [D] [thread 50892] [0.0] [cxt 0] Parser state 'parse_ethernet': key is 86dd
[15:46:55.490] [bmv2] [T] [thread 50892] [0.0] [cxt 0] Bytes parsed: 14
[15:46:55.490] [bmv2] [D] [thread 50892] [0.0] [cxt 0] Parser 'parser' entering state 'parse_dht'
[15:46:55.490] [bmv2] [D] [thread 50892] [0.0] [cxt 0] Extracting header 'dht'
[15:46:55.490] [bmv2] [D] [thread 50892] [0.0] [cxt 0] Parser state 'parse_dht' has no switch, going to default next state
[15:46:55.490] [bmv2] [T] [thread 50892] [0.0] [cxt 0] Bytes parsed: 17
[15:46:55.490] [bmv2] [T] [thread 50892] [0.0] [cxt 0] Skipping checksum 'cksum_0' verification because target field invalid
[15:46:55.490] [bmv2] [D] [thread 50892] [0.0] [cxt 0] Parser 'parser': end
[15:46:55.490] [bmv2] [D] [thread 50892] [0.0] [cxt 0] Pipeline 'ingress': start
[15:46:55.490] [bmv2] [T] [thread 50892] [0.0] [cxt 0] ../../P4_code/compare_dht_forward.p4(241) Condition "hdr.ipv4.isValid()" (node_2) is false
[15:46:55.490] [bmv2] [T] [thread 50892] [0.0] [cxt 0] ../../P4_code/compare_dht_forward.p4(244) Condition "hdr.dht.isValid()" (node_4) is true
[15:46:55.490] [bmv2] [T] [thread 50892] [0.0] [cxt 0] ../../P4_code/compare_dht_forward.p4(245) Condition "hdr.dht.message_type==0" (node_5) is false
[15:46:55.490] [bmv2] [T] [thread 50892] [0.0] [cxt 0] ../../P4_code/compare_dht_forward.p4(248) Condition "hdr.dht.message_type==1" (node_7) is true
[15:46:55.490] [bmv2] [T] [thread 50892] [0.0] [cxt 0] Applying table 'ThisIngress.no_hop_lookup'
[15:46:55.490] [bmv2] [D] [thread 50892] [0.0] [cxt 0] Looking up key:
* hdr.dht.group_id    : 00
* hdr.dht.id          : 20

[15:46:55.490] [bmv2] [D] [thread 50892] [0.0] [cxt 0] Table 'ThisIngress.no_hop_lookup': miss
[15:46:55.490] [bmv2] [D] [thread 50892] [0.0] [cxt 0] Action entry is NoAction - 
[15:46:55.490] [bmv2] [T] [thread 50892] [0.0] [cxt 0] Action NoAction
[15:46:55.490] [bmv2] [T] [thread 50892] [0.0] [cxt 0] ../../P4_code/compare_dht_forward.p4(251) Condition "hdr.dht.message_type==3 || hdr.dht.message_type==2" (node_9) is false
[15:46:55.490] [bmv2] [D] [thread 50892] [0.0] [cxt 0] Pipeline 'ingress': end
[15:46:55.490] [bmv2] [D] [thread 50892] [0.0] [cxt 0] Egress port is 0
[15:46:55.490] [bmv2] [D] [thread 50893] [0.0] [cxt 0] Pipeline 'egress': start
[15:46:55.490] [bmv2] [D] [thread 50893] [0.0] [cxt 0] Pipeline 'egress': end
[15:46:55.490] [bmv2] [D] [thread 50893] [0.0] [cxt 0] Deparser 'deparser': start
[15:46:55.490] [bmv2] [T] [thread 50893] [0.0] [cxt 0] Skipping checksum 'cksum' update because condition not met
[15:46:55.490] [bmv2] [D] [thread 50893] [0.0] [cxt 0] Deparsing header 'ethernet'
[15:46:55.490] [bmv2] [D] [thread 50893] [0.0] [cxt 0] Deparsing header 'dht'
[15:46:55.490] [bmv2] [D] [thread 50893] [0.0] [cxt 0] Deparser 'deparser': end
[15:46:55.490] [bmv2] [D] [thread 50892] [1.0] [cxt 0] Processing packet received on port 1
[15:46:55.490] [bmv2] [D] [thread 50892] [1.0] [cxt 0] Parser 'parser': start
[15:46:55.490] [bmv2] [D] [thread 50892] [1.0] [cxt 0] Parser 'parser' entering state 'start'
[15:46:55.490] [bmv2] [D] [thread 50892] [1.0] [cxt 0] Parser state 'start': key is 0001
[15:46:55.490] [bmv2] [T] [thread 50892] [1.0] [cxt 0] Bytes parsed: 0
[15:46:55.490] [bmv2] [D] [thread 50892] [1.0] [cxt 0] Parser 'parser' entering state 'parse_ethernet'
[15:46:55.490] [bmv2] [D] [thread 50892] [1.0] [cxt 0] Extracting header 'ethernet'
[15:46:55.490] [bmv2] [D] [thread 50892] [1.0] [cxt 0] Parser state 'parse_ethernet': key is 86dd
[15:46:55.490] [bmv2] [T] [thread 50892] [1.0] [cxt 0] Bytes parsed: 14
[15:46:55.490] [bmv2] [D] [thread 50892] [1.0] [cxt 0] Parser 'parser' entering state 'parse_dht'
[15:46:55.490] [bmv2] [D] [thread 50892] [1.0] [cxt 0] Extracting header 'dht'
[15:46:55.490] [bmv2] [D] [thread 50892] [1.0] [cxt 0] Parser state 'parse_dht' has no switch, going to default next state
[15:46:55.490] [bmv2] [T] [thread 50892] [1.0] [cxt 0] Bytes parsed: 17
[15:46:55.490] [bmv2] [T] [thread 50892] [1.0] [cxt 0] Skipping checksum 'cksum_0' verification because target field invalid
[15:46:55.490] [bmv2] [D] [thread 50892] [1.0] [cxt 0] Parser 'parser': end
[15:46:55.491] [bmv2] [D] [thread 50892] [1.0] [cxt 0] Pipeline 'ingress': start
[15:46:55.491] [bmv2] [T] [thread 50892] [1.0] [cxt 0] ../../P4_code/compare_dht_forward.p4(241) Condition "hdr.ipv4.isValid()" (node_2) is false
[15:46:55.491] [bmv2] [T] [thread 50892] [1.0] [cxt 0] ../../P4_code/compare_dht_forward.p4(244) Condition "hdr.dht.isValid()" (node_4) is true
[15:46:55.491] [bmv2] [T] [thread 50892] [1.0] [cxt 0] ../../P4_code/compare_dht_forward.p4(245) Condition "hdr.dht.message_type==0" (node_5) is false
[15:46:55.491] [bmv2] [T] [thread 50892] [1.0] [cxt 0] ../../P4_code/compare_dht_forward.p4(248) Condition "hdr.dht.message_type==1" (node_7) is true
[15:46:55.491] [bmv2] [T] [thread 50892] [1.0] [cxt 0] Applying table 'ThisIngress.no_hop_lookup'
[15:46:55.491] [bmv2] [D] [thread 50892] [1.0] [cxt 0] Looking up key:
* hdr.dht.group_id    : 00
* hdr.dht.id          : 20

[15:46:55.491] [bmv2] [D] [thread 50892] [1.0] [cxt 0] Table 'ThisIngress.no_hop_lookup': miss
[15:46:55.491] [bmv2] [D] [thread 50892] [1.0] [cxt 0] Action entry is NoAction - 
[15:46:55.491] [bmv2] [T] [thread 50892] [1.0] [cxt 0] Action NoAction
[15:46:55.491] [bmv2] [T] [thread 50892] [1.0] [cxt 0] ../../P4_code/compare_dht_forward.p4(251) Condition "hdr.dht.message_type==3 || hdr.dht.message_type==2" (node_9) is false
[15:46:55.491] [bmv2] [D] [thread 50892] [1.0] [cxt 0] Pipeline 'ingress': end
[15:46:55.491] [bmv2] [D] [thread 50892] [1.0] [cxt 0] Egress port is 0
[15:46:55.491] [bmv2] [D] [thread 50893] [1.0] [cxt 0] Pipeline 'egress': start
[15:46:55.491] [bmv2] [D] [thread 50893] [1.0] [cxt 0] Pipeline 'egress': end
[15:46:55.491] [bmv2] [D] [thread 50893] [1.0] [cxt 0] Deparser 'deparser': start
[15:46:55.491] [bmv2] [T] [thread 50893] [1.0] [cxt 0] Skipping checksum 'cksum' update because condition not met
[15:46:55.491] [bmv2] [D] [thread 50893] [1.0] [cxt 0] Deparsing header 'ethernet'
[15:46:55.491] [bmv2] [D] [thread 50893] [1.0] [cxt 0] Deparsing header 'dht'
[15:46:55.491] [bmv2] [D] [thread 50893] [1.0] [cxt 0] Deparser 'deparser': end
[15:46:55.492] [bmv2] [D] [thread 50897] [0.0] [cxt 0] Transmitting packet of size 90 out of port 0
[15:46:55.492] [bmv2] [D] [thread 50897] [1.0] [cxt 0] Transmitting packet of size 70 out of port 0
[15:46:55.548] [bmv2] [D] [thread 50892] [2.0] [cxt 0] Processing packet received on port 2
[15:46:55.548] [bmv2] [D] [thread 50892] [2.0] [cxt 0] Parser 'parser': start
[15:46:55.548] [bmv2] [D] [thread 50892] [2.0] [cxt 0] Parser 'parser' entering state 'start'
[15:46:55.548] [bmv2] [D] [thread 50892] [2.0] [cxt 0] Parser state 'start': key is 0002
[15:46:55.548] [bmv2] [T] [thread 50892] [2.0] [cxt 0] Bytes parsed: 0
[15:46:55.548] [bmv2] [D] [thread 50892] [2.0] [cxt 0] Parser 'parser' entering state 'parse_ethernet'
[15:46:55.548] [bmv2] [D] [thread 50892] [2.0] [cxt 0] Extracting header 'ethernet'
[15:46:55.548] [bmv2] [D] [thread 50892] [2.0] [cxt 0] Parser state 'parse_ethernet': key is 86dd
[15:46:55.548] [bmv2] [T] [thread 50892] [2.0] [cxt 0] Bytes parsed: 14
[15:46:55.548] [bmv2] [D] [thread 50892] [2.0] [cxt 0] Parser 'parser' entering state 'parse_dht'
[15:46:55.548] [bmv2] [D] [thread 50892] [2.0] [cxt 0] Extracting header 'dht'
[15:46:55.548] [bmv2] [D] [thread 50892] [2.0] [cxt 0] Parser state 'parse_dht' has no switch, going to default next state
[15:46:55.548] [bmv2] [T] [thread 50892] [2.0] [cxt 0] Bytes parsed: 17
[15:46:55.548] [bmv2] [T] [thread 50892] [2.0] [cxt 0] Skipping checksum 'cksum_0' verification because target field invalid
[15:46:55.548] [bmv2] [D] [thread 50892] [2.0] [cxt 0] Parser 'parser': end
[15:46:55.548] [bmv2] [D] [thread 50892] [2.0] [cxt 0] Pipeline 'ingress': start
[15:46:55.548] [bmv2] [T] [thread 50892] [2.0] [cxt 0] ../../P4_code/compare_dht_forward.p4(241) Condition "hdr.ipv4.isValid()" (node_2) is false
[15:46:55.548] [bmv2] [T] [thread 50892] [2.0] [cxt 0] ../../P4_code/compare_dht_forward.p4(244) Condition "hdr.dht.isValid()" (node_4) is true
[15:46:55.548] [bmv2] [T] [thread 50892] [2.0] [cxt 0] ../../P4_code/compare_dht_forward.p4(245) Condition "hdr.dht.message_type==0" (node_5) is false
[15:46:55.548] [bmv2] [T] [thread 50892] [2.0] [cxt 0] ../../P4_code/compare_dht_forward.p4(248) Condition "hdr.dht.message_type==1" (node_7) is true
[15:46:55.548] [bmv2] [T] [thread 50892] [2.0] [cxt 0] Applying table 'ThisIngress.no_hop_lookup'
[15:46:55.548] [bmv2] [D] [thread 50892] [2.0] [cxt 0] Looking up key:
* hdr.dht.group_id    : 00
* hdr.dht.id          : 20

[15:46:55.548] [bmv2] [D] [thread 50892] [2.0] [cxt 0] Table 'ThisIngress.no_hop_lookup': miss
[15:46:55.548] [bmv2] [D] [thread 50892] [2.0] [cxt 0] Action entry is NoAction - 
[15:46:55.548] [bmv2] [T] [thread 50892] [2.0] [cxt 0] Action NoAction
[15:46:55.548] [bmv2] [T] [thread 50892] [2.0] [cxt 0] ../../P4_code/compare_dht_forward.p4(251) Condition "hdr.dht.message_type==3 || hdr.dht.message_type==2" (node_9) is false
[15:46:55.548] [bmv2] [D] [thread 50892] [2.0] [cxt 0] Pipeline 'ingress': end
[15:46:55.549] [bmv2] [D] [thread 50892] [2.0] [cxt 0] Egress port is 0
[15:46:55.549] [bmv2] [D] [thread 50893] [2.0] [cxt 0] Pipeline 'egress': start
[15:46:55.549] [bmv2] [D] [thread 50893] [2.0] [cxt 0] Pipeline 'egress': end
[15:46:55.549] [bmv2] [D] [thread 50893] [2.0] [cxt 0] Deparser 'deparser': start
[15:46:55.549] [bmv2] [T] [thread 50893] [2.0] [cxt 0] Skipping checksum 'cksum' update because condition not met
[15:46:55.549] [bmv2] [D] [thread 50893] [2.0] [cxt 0] Deparsing header 'ethernet'
[15:46:55.549] [bmv2] [D] [thread 50893] [2.0] [cxt 0] Deparsing header 'dht'
[15:46:55.549] [bmv2] [D] [thread 50893] [2.0] [cxt 0] Deparser 'deparser': end
[15:46:55.549] [bmv2] [D] [thread 50897] [2.0] [cxt 0] Transmitting packet of size 90 out of port 0
[15:46:55.837] [bmv2] [D] [thread 50892] [3.0] [cxt 0] Processing packet received on port 3
[15:46:55.837] [bmv2] [D] [thread 50892] [3.0] [cxt 0] Parser 'parser': start
[15:46:55.837] [bmv2] [D] [thread 50892] [3.0] [cxt 0] Parser 'parser' entering state 'start'
[15:46:55.837] [bmv2] [D] [thread 50892] [3.0] [cxt 0] Parser state 'start': key is 0003
[15:46:55.837] [bmv2] [T] [thread 50892] [3.0] [cxt 0] Bytes parsed: 0
[15:46:55.837] [bmv2] [D] [thread 50892] [3.0] [cxt 0] Parser 'parser' entering state 'parse_ethernet'
[15:46:55.837] [bmv2] [D] [thread 50892] [3.0] [cxt 0] Extracting header 'ethernet'
[15:46:55.837] [bmv2] [D] [thread 50892] [3.0] [cxt 0] Parser state 'parse_ethernet': key is 86dd
[15:46:55.837] [bmv2] [T] [thread 50892] [3.0] [cxt 0] Bytes parsed: 14
[15:46:55.837] [bmv2] [D] [thread 50892] [3.0] [cxt 0] Parser 'parser' entering state 'parse_dht'
[15:46:55.837] [bmv2] [D] [thread 50892] [3.0] [cxt 0] Extracting header 'dht'
[15:46:55.837] [bmv2] [D] [thread 50892] [3.0] [cxt 0] Parser state 'parse_dht' has no switch, going to default next state
[15:46:55.837] [bmv2] [T] [thread 50892] [3.0] [cxt 0] Bytes parsed: 17
[15:46:55.837] [bmv2] [T] [thread 50892] [3.0] [cxt 0] Skipping checksum 'cksum_0' verification because target field invalid
[15:46:55.837] [bmv2] [D] [thread 50892] [3.0] [cxt 0] Parser 'parser': end
[15:46:55.837] [bmv2] [D] [thread 50892] [3.0] [cxt 0] Pipeline 'ingress': start
[15:46:55.837] [bmv2] [T] [thread 50892] [3.0] [cxt 0] ../../P4_code/compare_dht_forward.p4(241) Condition "hdr.ipv4.isValid()" (node_2) is false
[15:46:55.837] [bmv2] [T] [thread 50892] [3.0] [cxt 0] ../../P4_code/compare_dht_forward.p4(244) Condition "hdr.dht.isValid()" (node_4) is true
[15:46:55.837] [bmv2] [T] [thread 50892] [3.0] [cxt 0] ../../P4_code/compare_dht_forward.p4(245) Condition "hdr.dht.message_type==0" (node_5) is false
[15:46:55.837] [bmv2] [T] [thread 50892] [3.0] [cxt 0] ../../P4_code/compare_dht_forward.p4(248) Condition "hdr.dht.message_type==1" (node_7) is true
[15:46:55.837] [bmv2] [T] [thread 50892] [3.0] [cxt 0] Applying table 'ThisIngress.no_hop_lookup'
[15:46:55.837] [bmv2] [D] [thread 50892] [3.0] [cxt 0] Looking up key:
* hdr.dht.group_id    : 00
* hdr.dht.id          : 20

[15:46:55.837] [bmv2] [D] [thread 50892] [3.0] [cxt 0] Table 'ThisIngress.no_hop_lookup': miss
[15:46:55.837] [bmv2] [D] [thread 50892] [3.0] [cxt 0] Action entry is NoAction - 
[15:46:55.837] [bmv2] [T] [thread 50892] [3.0] [cxt 0] Action NoAction
[15:46:55.837] [bmv2] [T] [thread 50892] [3.0] [cxt 0] ../../P4_code/compare_dht_forward.p4(251) Condition "hdr.dht.message_type==3 || hdr.dht.message_type==2" (node_9) is false
[15:46:55.837] [bmv2] [D] [thread 50892] [3.0] [cxt 0] Pipeline 'ingress': end
[15:46:55.837] [bmv2] [D] [thread 50892] [3.0] [cxt 0] Egress port is 0
[15:46:55.837] [bmv2] [D] [thread 50893] [3.0] [cxt 0] Pipeline 'egress': start
[15:46:55.837] [bmv2] [D] [thread 50893] [3.0] [cxt 0] Pipeline 'egress': end
[15:46:55.837] [bmv2] [D] [thread 50893] [3.0] [cxt 0] Deparser 'deparser': start
[15:46:55.837] [bmv2] [T] [thread 50893] [3.0] [cxt 0] Skipping checksum 'cksum' update because condition not met
[15:46:55.837] [bmv2] [D] [thread 50893] [3.0] [cxt 0] Deparsing header 'ethernet'
[15:46:55.837] [bmv2] [D] [thread 50893] [3.0] [cxt 0] Deparsing header 'dht'
[15:46:55.837] [bmv2] [D] [thread 50893] [3.0] [cxt 0] Deparser 'deparser': end
[15:46:55.837] [bmv2] [D] [thread 50892] [4.0] [cxt 0] Processing packet received on port 3
[15:46:55.837] [bmv2] [D] [thread 50892] [4.0] [cxt 0] Parser 'parser': start
[15:46:55.837] [bmv2] [D] [thread 50892] [4.0] [cxt 0] Parser 'parser' entering state 'start'
[15:46:55.837] [bmv2] [D] [thread 50892] [4.0] [cxt 0] Parser state 'start': key is 0003
[15:46:55.837] [bmv2] [T] [thread 50892] [4.0] [cxt 0] Bytes parsed: 0
[15:46:55.837] [bmv2] [D] [thread 50892] [4.0] [cxt 0] Parser 'parser' entering state 'parse_ethernet'
[15:46:55.837] [bmv2] [D] [thread 50892] [4.0] [cxt 0] Extracting header 'ethernet'
[15:46:55.837] [bmv2] [D] [thread 50892] [4.0] [cxt 0] Parser state 'parse_ethernet': key is 86dd
[15:46:55.837] [bmv2] [T] [thread 50892] [4.0] [cxt 0] Bytes parsed: 14
[15:46:55.837] [bmv2] [D] [thread 50892] [4.0] [cxt 0] Parser 'parser' entering state 'parse_dht'
[15:46:55.837] [bmv2] [D] [thread 50892] [4.0] [cxt 0] Extracting header 'dht'
[15:46:55.837] [bmv2] [D] [thread 50892] [4.0] [cxt 0] Parser state 'parse_dht' has no switch, going to default next state
[15:46:55.837] [bmv2] [T] [thread 50892] [4.0] [cxt 0] Bytes parsed: 17
[15:46:55.837] [bmv2] [T] [thread 50892] [4.0] [cxt 0] Skipping checksum 'cksum_0' verification because target field invalid
[15:46:55.837] [bmv2] [D] [thread 50892] [4.0] [cxt 0] Parser 'parser': end
[15:46:55.837] [bmv2] [D] [thread 50892] [4.0] [cxt 0] Pipeline 'ingress': start
[15:46:55.837] [bmv2] [T] [thread 50892] [4.0] [cxt 0] ../../P4_code/compare_dht_forward.p4(241) Condition "hdr.ipv4.isValid()" (node_2) is false
[15:46:55.837] [bmv2] [T] [thread 50892] [4.0] [cxt 0] ../../P4_code/compare_dht_forward.p4(244) Condition "hdr.dht.isValid()" (node_4) is true
[15:46:55.837] [bmv2] [T] [thread 50892] [4.0] [cxt 0] ../../P4_code/compare_dht_forward.p4(245) Condition "hdr.dht.message_type==0" (node_5) is false
[15:46:55.837] [bmv2] [T] [thread 50892] [4.0] [cxt 0] ../../P4_code/compare_dht_forward.p4(248) Condition "hdr.dht.message_type==1" (node_7) is true
[15:46:55.837] [bmv2] [T] [thread 50892] [4.0] [cxt 0] Applying table 'ThisIngress.no_hop_lookup'
[15:46:55.837] [bmv2] [D] [thread 50892] [4.0] [cxt 0] Looking up key:
* hdr.dht.group_id    : 00
* hdr.dht.id          : 20

[15:46:55.837] [bmv2] [D] [thread 50892] [4.0] [cxt 0] Table 'ThisIngress.no_hop_lookup': miss
[15:46:55.837] [bmv2] [D] [thread 50892] [4.0] [cxt 0] Action entry is NoAction - 
[15:46:55.837] [bmv2] [T] [thread 50892] [4.0] [cxt 0] Action NoAction
[15:46:55.837] [bmv2] [T] [thread 50892] [4.0] [cxt 0] ../../P4_code/compare_dht_forward.p4(251) Condition "hdr.dht.message_type==3 || hdr.dht.message_type==2" (node_9) is false
[15:46:55.837] [bmv2] [D] [thread 50892] [4.0] [cxt 0] Pipeline 'ingress': end
[15:46:55.837] [bmv2] [D] [thread 50892] [4.0] [cxt 0] Egress port is 0
[15:46:55.837] [bmv2] [D] [thread 50893] [4.0] [cxt 0] Pipeline 'egress': start
[15:46:55.837] [bmv2] [D] [thread 50893] [4.0] [cxt 0] Pipeline 'egress': end
[15:46:55.837] [bmv2] [D] [thread 50893] [4.0] [cxt 0] Deparser 'deparser': start
[15:46:55.837] [bmv2] [T] [thread 50893] [4.0] [cxt 0] Skipping checksum 'cksum' update because condition not met
[15:46:55.837] [bmv2] [D] [thread 50893] [4.0] [cxt 0] Deparsing header 'ethernet'
[15:46:55.837] [bmv2] [D] [thread 50893] [4.0] [cxt 0] Deparsing header 'dht'
[15:46:55.837] [bmv2] [D] [thread 50893] [4.0] [cxt 0] Deparser 'deparser': end
[15:46:55.837] [bmv2] [D] [thread 50897] [3.0] [cxt 0] Transmitting packet of size 90 out of port 0
[15:46:55.837] [bmv2] [D] [thread 50897] [4.0] [cxt 0] Transmitting packet of size 70 out of port 0
[15:46:55.900] [bmv2] [D] [thread 50892] [5.0] [cxt 0] Processing packet received on port 1
[15:46:55.900] [bmv2] [D] [thread 50892] [5.0] [cxt 0] Parser 'parser': start
[15:46:55.900] [bmv2] [D] [thread 50892] [5.0] [cxt 0] Parser 'parser' entering state 'start'
[15:46:55.900] [bmv2] [D] [thread 50892] [5.0] [cxt 0] Parser state 'start': key is 0001
[15:46:55.900] [bmv2] [T] [thread 50892] [5.0] [cxt 0] Bytes parsed: 0
[15:46:55.900] [bmv2] [D] [thread 50892] [5.0] [cxt 0] Parser 'parser' entering state 'parse_ethernet'
[15:46:55.900] [bmv2] [D] [thread 50892] [5.0] [cxt 0] Extracting header 'ethernet'
[15:46:55.900] [bmv2] [D] [thread 50892] [5.0] [cxt 0] Parser state 'parse_ethernet': key is 86dd
[15:46:55.900] [bmv2] [T] [thread 50892] [5.0] [cxt 0] Bytes parsed: 14
[15:46:55.900] [bmv2] [D] [thread 50892] [5.0] [cxt 0] Parser 'parser' entering state 'parse_dht'
[15:46:55.900] [bmv2] [D] [thread 50892] [5.0] [cxt 0] Extracting header 'dht'
[15:46:55.900] [bmv2] [D] [thread 50892] [5.0] [cxt 0] Parser state 'parse_dht' has no switch, going to default next state
[15:46:55.900] [bmv2] [T] [thread 50892] [5.0] [cxt 0] Bytes parsed: 17
[15:46:55.900] [bmv2] [T] [thread 50892] [5.0] [cxt 0] Skipping checksum 'cksum_0' verification because target field invalid
[15:46:55.900] [bmv2] [D] [thread 50892] [5.0] [cxt 0] Parser 'parser': end
[15:46:55.900] [bmv2] [D] [thread 50892] [5.0] [cxt 0] Pipeline 'ingress': start
[15:46:55.900] [bmv2] [T] [thread 50892] [5.0] [cxt 0] ../../P4_code/compare_dht_forward.p4(241) Condition "hdr.ipv4.isValid()" (node_2) is false
[15:46:55.900] [bmv2] [T] [thread 50892] [5.0] [cxt 0] ../../P4_code/compare_dht_forward.p4(244) Condition "hdr.dht.isValid()" (node_4) is true
[15:46:55.900] [bmv2] [T] [thread 50892] [5.0] [cxt 0] ../../P4_code/compare_dht_forward.p4(245) Condition "hdr.dht.message_type==0" (node_5) is false
[15:46:55.900] [bmv2] [T] [thread 50892] [5.0] [cxt 0] ../../P4_code/compare_dht_forward.p4(248) Condition "hdr.dht.message_type==1" (node_7) is true
[15:46:55.900] [bmv2] [T] [thread 50892] [5.0] [cxt 0] Applying table 'ThisIngress.no_hop_lookup'
[15:46:55.900] [bmv2] [D] [thread 50892] [5.0] [cxt 0] Looking up key:
* hdr.dht.group_id    : 00
* hdr.dht.id          : 20

[15:46:55.900] [bmv2] [D] [thread 50892] [5.0] [cxt 0] Table 'ThisIngress.no_hop_lookup': miss
[15:46:55.900] [bmv2] [D] [thread 50892] [5.0] [cxt 0] Action entry is NoAction - 
[15:46:55.900] [bmv2] [T] [thread 50892] [5.0] [cxt 0] Action NoAction
[15:46:55.900] [bmv2] [T] [thread 50892] [5.0] [cxt 0] ../../P4_code/compare_dht_forward.p4(251) Condition "hdr.dht.message_type==3 || hdr.dht.message_type==2" (node_9) is false
[15:46:55.900] [bmv2] [D] [thread 50892] [5.0] [cxt 0] Pipeline 'ingress': end
[15:46:55.900] [bmv2] [D] [thread 50892] [5.0] [cxt 0] Egress port is 0
[15:46:55.900] [bmv2] [D] [thread 50893] [5.0] [cxt 0] Pipeline 'egress': start
[15:46:55.900] [bmv2] [D] [thread 50893] [5.0] [cxt 0] Pipeline 'egress': end
[15:46:55.900] [bmv2] [D] [thread 50893] [5.0] [cxt 0] Deparser 'deparser': start
[15:46:55.900] [bmv2] [T] [thread 50893] [5.0] [cxt 0] Skipping checksum 'cksum' update because condition not met
[15:46:55.900] [bmv2] [D] [thread 50893] [5.0] [cxt 0] Deparsing header 'ethernet'
[15:46:55.900] [bmv2] [D] [thread 50893] [5.0] [cxt 0] Deparsing header 'dht'
[15:46:55.900] [bmv2] [D] [thread 50893] [5.0] [cxt 0] Deparser 'deparser': end
[15:46:55.900] [bmv2] [D] [thread 50897] [5.0] [cxt 0] Transmitting packet of size 90 out of port 0
[15:46:55.964] [bmv2] [D] [thread 50892] [6.0] [cxt 0] Processing packet received on port 3
[15:46:55.964] [bmv2] [D] [thread 50892] [6.0] [cxt 0] Parser 'parser': start
[15:46:55.964] [bmv2] [D] [thread 50892] [6.0] [cxt 0] Parser 'parser' entering state 'start'
[15:46:55.964] [bmv2] [D] [thread 50892] [6.0] [cxt 0] Parser state 'start': key is 0003
[15:46:55.964] [bmv2] [T] [thread 50892] [6.0] [cxt 0] Bytes parsed: 0
[15:46:55.964] [bmv2] [D] [thread 50892] [6.0] [cxt 0] Parser 'parser' entering state 'parse_ethernet'
[15:46:55.964] [bmv2] [D] [thread 50892] [6.0] [cxt 0] Extracting header 'ethernet'
[15:46:55.964] [bmv2] [D] [thread 50892] [6.0] [cxt 0] Parser state 'parse_ethernet': key is 86dd
[15:46:55.964] [bmv2] [T] [thread 50892] [6.0] [cxt 0] Bytes parsed: 14
[15:46:55.964] [bmv2] [D] [thread 50892] [6.0] [cxt 0] Parser 'parser' entering state 'parse_dht'
[15:46:55.964] [bmv2] [D] [thread 50892] [6.0] [cxt 0] Extracting header 'dht'
[15:46:55.964] [bmv2] [D] [thread 50892] [6.0] [cxt 0] Parser state 'parse_dht' has no switch, going to default next state
[15:46:55.964] [bmv2] [T] [thread 50892] [6.0] [cxt 0] Bytes parsed: 17
[15:46:55.964] [bmv2] [T] [thread 50892] [6.0] [cxt 0] Skipping checksum 'cksum_0' verification because target field invalid
[15:46:55.964] [bmv2] [D] [thread 50892] [6.0] [cxt 0] Parser 'parser': end
[15:46:55.964] [bmv2] [D] [thread 50892] [6.0] [cxt 0] Pipeline 'ingress': start
[15:46:55.964] [bmv2] [T] [thread 50892] [6.0] [cxt 0] ../../P4_code/compare_dht_forward.p4(241) Condition "hdr.ipv4.isValid()" (node_2) is false
[15:46:55.964] [bmv2] [T] [thread 50892] [6.0] [cxt 0] ../../P4_code/compare_dht_forward.p4(244) Condition "hdr.dht.isValid()" (node_4) is true
[15:46:55.964] [bmv2] [T] [thread 50892] [6.0] [cxt 0] ../../P4_code/compare_dht_forward.p4(245) Condition "hdr.dht.message_type==0" (node_5) is false
[15:46:55.964] [bmv2] [T] [thread 50892] [6.0] [cxt 0] ../../P4_code/compare_dht_forward.p4(248) Condition "hdr.dht.message_type==1" (node_7) is true
[15:46:55.964] [bmv2] [T] [thread 50892] [6.0] [cxt 0] Applying table 'ThisIngress.no_hop_lookup'
[15:46:55.964] [bmv2] [D] [thread 50892] [6.0] [cxt 0] Looking up key:
* hdr.dht.group_id    : 00
* hdr.dht.id          : 20

[15:46:55.965] [bmv2] [D] [thread 50892] [6.0] [cxt 0] Table 'ThisIngress.no_hop_lookup': miss
[15:46:55.965] [bmv2] [D] [thread 50892] [6.0] [cxt 0] Action entry is NoAction - 
[15:46:55.965] [bmv2] [T] [thread 50892] [6.0] [cxt 0] Action NoAction
[15:46:55.965] [bmv2] [T] [thread 50892] [6.0] [cxt 0] ../../P4_code/compare_dht_forward.p4(251) Condition "hdr.dht.message_type==3 || hdr.dht.message_type==2" (node_9) is false
[15:46:55.965] [bmv2] [D] [thread 50892] [6.0] [cxt 0] Pipeline 'ingress': end
[15:46:55.965] [bmv2] [D] [thread 50892] [6.0] [cxt 0] Egress port is 0
[15:46:55.965] [bmv2] [D] [thread 50893] [6.0] [cxt 0] Pipeline 'egress': start
[15:46:55.965] [bmv2] [D] [thread 50893] [6.0] [cxt 0] Pipeline 'egress': end
[15:46:55.965] [bmv2] [D] [thread 50893] [6.0] [cxt 0] Deparser 'deparser': start
[15:46:55.965] [bmv2] [T] [thread 50893] [6.0] [cxt 0] Skipping checksum 'cksum' update because condition not met
[15:46:55.965] [bmv2] [D] [thread 50893] [6.0] [cxt 0] Deparsing header 'ethernet'
[15:46:55.965] [bmv2] [D] [thread 50893] [6.0] [cxt 0] Deparsing header 'dht'
[15:46:55.965] [bmv2] [D] [thread 50893] [6.0] [cxt 0] Deparser 'deparser': end
[15:46:55.965] [bmv2] [D] [thread 50897] [6.0] [cxt 0] Transmitting packet of size 90 out of port 0
[15:46:56.060] [bmv2] [D] [thread 50892] [7.0] [cxt 0] Processing packet received on port 2
[15:46:56.060] [bmv2] [D] [thread 50892] [7.0] [cxt 0] Parser 'parser': start
[15:46:56.060] [bmv2] [D] [thread 50892] [7.0] [cxt 0] Parser 'parser' entering state 'start'
[15:46:56.060] [bmv2] [D] [thread 50892] [7.0] [cxt 0] Parser state 'start': key is 0002
[15:46:56.060] [bmv2] [T] [thread 50892] [7.0] [cxt 0] Bytes parsed: 0
[15:46:56.060] [bmv2] [D] [thread 50892] [7.0] [cxt 0] Parser 'parser' entering state 'parse_ethernet'
[15:46:56.060] [bmv2] [D] [thread 50892] [7.0] [cxt 0] Extracting header 'ethernet'
[15:46:56.060] [bmv2] [D] [thread 50892] [7.0] [cxt 0] Parser state 'parse_ethernet': key is 86dd
[15:46:56.060] [bmv2] [T] [thread 50892] [7.0] [cxt 0] Bytes parsed: 14
[15:46:56.060] [bmv2] [D] [thread 50892] [7.0] [cxt 0] Parser 'parser' entering state 'parse_dht'
[15:46:56.060] [bmv2] [D] [thread 50892] [7.0] [cxt 0] Extracting header 'dht'
[15:46:56.060] [bmv2] [D] [thread 50892] [7.0] [cxt 0] Parser state 'parse_dht' has no switch, going to default next state
[15:46:56.060] [bmv2] [T] [thread 50892] [7.0] [cxt 0] Bytes parsed: 17
[15:46:56.060] [bmv2] [T] [thread 50892] [7.0] [cxt 0] Skipping checksum 'cksum_0' verification because target field invalid
[15:46:56.060] [bmv2] [D] [thread 50892] [7.0] [cxt 0] Parser 'parser': end
[15:46:56.060] [bmv2] [D] [thread 50892] [7.0] [cxt 0] Pipeline 'ingress': start
[15:46:56.060] [bmv2] [T] [thread 50892] [7.0] [cxt 0] ../../P4_code/compare_dht_forward.p4(241) Condition "hdr.ipv4.isValid()" (node_2) is false
[15:46:56.060] [bmv2] [T] [thread 50892] [7.0] [cxt 0] ../../P4_code/compare_dht_forward.p4(244) Condition "hdr.dht.isValid()" (node_4) is true
[15:46:56.060] [bmv2] [T] [thread 50892] [7.0] [cxt 0] ../../P4_code/compare_dht_forward.p4(245) Condition "hdr.dht.message_type==0" (node_5) is false
[15:46:56.060] [bmv2] [T] [thread 50892] [7.0] [cxt 0] ../../P4_code/compare_dht_forward.p4(248) Condition "hdr.dht.message_type==1" (node_7) is true
[15:46:56.060] [bmv2] [T] [thread 50892] [7.0] [cxt 0] Applying table 'ThisIngress.no_hop_lookup'
[15:46:56.060] [bmv2] [D] [thread 50892] [7.0] [cxt 0] Looking up key:
* hdr.dht.group_id    : 00
* hdr.dht.id          : 20

[15:46:56.060] [bmv2] [D] [thread 50892] [7.0] [cxt 0] Table 'ThisIngress.no_hop_lookup': miss
[15:46:56.060] [bmv2] [D] [thread 50892] [7.0] [cxt 0] Action entry is NoAction - 
[15:46:56.060] [bmv2] [T] [thread 50892] [7.0] [cxt 0] Action NoAction
[15:46:56.060] [bmv2] [T] [thread 50892] [7.0] [cxt 0] ../../P4_code/compare_dht_forward.p4(251) Condition "hdr.dht.message_type==3 || hdr.dht.message_type==2" (node_9) is false
[15:46:56.060] [bmv2] [D] [thread 50892] [7.0] [cxt 0] Pipeline 'ingress': end
[15:46:56.060] [bmv2] [D] [thread 50892] [7.0] [cxt 0] Egress port is 0
[15:46:56.060] [bmv2] [D] [thread 50893] [7.0] [cxt 0] Pipeline 'egress': start
[15:46:56.060] [bmv2] [D] [thread 50893] [7.0] [cxt 0] Pipeline 'egress': end
[15:46:56.061] [bmv2] [D] [thread 50893] [7.0] [cxt 0] Deparser 'deparser': start
[15:46:56.061] [bmv2] [T] [thread 50893] [7.0] [cxt 0] Skipping checksum 'cksum' update because condition not met
[15:46:56.061] [bmv2] [D] [thread 50893] [7.0] [cxt 0] Deparsing header 'ethernet'
[15:46:56.061] [bmv2] [D] [thread 50893] [7.0] [cxt 0] Deparsing header 'dht'
[15:46:56.061] [bmv2] [D] [thread 50893] [7.0] [cxt 0] Deparser 'deparser': end
[15:46:56.061] [bmv2] [D] [thread 50897] [7.0] [cxt 0] Transmitting packet of size 90 out of port 0
[15:46:56.732] [bmv2] [D] [thread 50892] [8.0] [cxt 0] Processing packet received on port 3
[15:46:56.732] [bmv2] [D] [thread 50892] [8.0] [cxt 0] Parser 'parser': start
[15:46:56.732] [bmv2] [D] [thread 50892] [8.0] [cxt 0] Parser 'parser' entering state 'start'
[15:46:56.732] [bmv2] [D] [thread 50892] [8.0] [cxt 0] Parser state 'start': key is 0003
[15:46:56.732] [bmv2] [T] [thread 50892] [8.0] [cxt 0] Bytes parsed: 0
[15:46:56.732] [bmv2] [D] [thread 50892] [8.0] [cxt 0] Parser 'parser' entering state 'parse_ethernet'
[15:46:56.732] [bmv2] [D] [thread 50892] [8.0] [cxt 0] Extracting header 'ethernet'
[15:46:56.732] [bmv2] [D] [thread 50892] [8.0] [cxt 0] Parser state 'parse_ethernet': key is 86dd
[15:46:56.732] [bmv2] [T] [thread 50892] [8.0] [cxt 0] Bytes parsed: 14
[15:46:56.732] [bmv2] [D] [thread 50892] [8.0] [cxt 0] Parser 'parser' entering state 'parse_dht'
[15:46:56.732] [bmv2] [D] [thread 50892] [8.0] [cxt 0] Extracting header 'dht'
[15:46:56.732] [bmv2] [D] [thread 50892] [8.0] [cxt 0] Parser state 'parse_dht' has no switch, going to default next state
[15:46:56.732] [bmv2] [T] [thread 50892] [8.0] [cxt 0] Bytes parsed: 17
[15:46:56.732] [bmv2] [T] [thread 50892] [8.0] [cxt 0] Skipping checksum 'cksum_0' verification because target field invalid
[15:46:56.732] [bmv2] [D] [thread 50892] [8.0] [cxt 0] Parser 'parser': end
[15:46:56.732] [bmv2] [D] [thread 50892] [8.0] [cxt 0] Pipeline 'ingress': start
[15:46:56.732] [bmv2] [T] [thread 50892] [8.0] [cxt 0] ../../P4_code/compare_dht_forward.p4(241) Condition "hdr.ipv4.isValid()" (node_2) is false
[15:46:56.732] [bmv2] [T] [thread 50892] [8.0] [cxt 0] ../../P4_code/compare_dht_forward.p4(244) Condition "hdr.dht.isValid()" (node_4) is true
[15:46:56.732] [bmv2] [T] [thread 50892] [8.0] [cxt 0] ../../P4_code/compare_dht_forward.p4(245) Condition "hdr.dht.message_type==0" (node_5) is false
[15:46:56.732] [bmv2] [T] [thread 50892] [8.0] [cxt 0] ../../P4_code/compare_dht_forward.p4(248) Condition "hdr.dht.message_type==1" (node_7) is true
[15:46:56.732] [bmv2] [T] [thread 50892] [8.0] [cxt 0] Applying table 'ThisIngress.no_hop_lookup'
[15:46:56.732] [bmv2] [D] [thread 50892] [8.0] [cxt 0] Looking up key:
* hdr.dht.group_id    : 00
* hdr.dht.id          : 20

[15:46:56.732] [bmv2] [D] [thread 50892] [8.0] [cxt 0] Table 'ThisIngress.no_hop_lookup': miss
[15:46:56.732] [bmv2] [D] [thread 50892] [8.0] [cxt 0] Action entry is NoAction - 
[15:46:56.732] [bmv2] [T] [thread 50892] [8.0] [cxt 0] Action NoAction
[15:46:56.732] [bmv2] [T] [thread 50892] [8.0] [cxt 0] ../../P4_code/compare_dht_forward.p4(251) Condition "hdr.dht.message_type==3 || hdr.dht.message_type==2" (node_9) is false
[15:46:56.732] [bmv2] [D] [thread 50892] [8.0] [cxt 0] Pipeline 'ingress': end
[15:46:56.732] [bmv2] [D] [thread 50892] [8.0] [cxt 0] Egress port is 0
[15:46:56.732] [bmv2] [D] [thread 50893] [8.0] [cxt 0] Pipeline 'egress': start
[15:46:56.732] [bmv2] [D] [thread 50893] [8.0] [cxt 0] Pipeline 'egress': end
[15:46:56.732] [bmv2] [D] [thread 50893] [8.0] [cxt 0] Deparser 'deparser': start
[15:46:56.732] [bmv2] [T] [thread 50893] [8.0] [cxt 0] Skipping checksum 'cksum' update because condition not met
[15:46:56.732] [bmv2] [D] [thread 50893] [8.0] [cxt 0] Deparsing header 'ethernet'
[15:46:56.732] [bmv2] [D] [thread 50893] [8.0] [cxt 0] Deparsing header 'dht'
[15:46:56.732] [bmv2] [D] [thread 50893] [8.0] [cxt 0] Deparser 'deparser': end
[15:46:56.732] [bmv2] [D] [thread 50897] [8.0] [cxt 0] Transmitting packet of size 90 out of port 0
[15:46:58.653] [bmv2] [D] [thread 50892] [9.0] [cxt 0] Processing packet received on port 1
[15:46:58.653] [bmv2] [D] [thread 50892] [9.0] [cxt 0] Parser 'parser': start
[15:46:58.653] [bmv2] [D] [thread 50892] [9.0] [cxt 0] Parser 'parser' entering state 'start'
[15:46:58.653] [bmv2] [D] [thread 50892] [9.0] [cxt 0] Parser state 'start': key is 0001
[15:46:58.653] [bmv2] [T] [thread 50892] [9.0] [cxt 0] Bytes parsed: 0
[15:46:58.653] [bmv2] [D] [thread 50892] [9.0] [cxt 0] Parser 'parser' entering state 'parse_ethernet'
[15:46:58.653] [bmv2] [D] [thread 50892] [9.0] [cxt 0] Extracting header 'ethernet'
[15:46:58.653] [bmv2] [D] [thread 50892] [9.0] [cxt 0] Parser state 'parse_ethernet': key is 86dd
[15:46:58.653] [bmv2] [T] [thread 50892] [9.0] [cxt 0] Bytes parsed: 14
[15:46:58.653] [bmv2] [D] [thread 50892] [9.0] [cxt 0] Parser 'parser' entering state 'parse_dht'
[15:46:58.653] [bmv2] [D] [thread 50892] [9.0] [cxt 0] Extracting header 'dht'
[15:46:58.653] [bmv2] [D] [thread 50892] [9.0] [cxt 0] Parser state 'parse_dht' has no switch, going to default next state
[15:46:58.653] [bmv2] [T] [thread 50892] [9.0] [cxt 0] Bytes parsed: 17
[15:46:58.653] [bmv2] [T] [thread 50892] [9.0] [cxt 0] Skipping checksum 'cksum_0' verification because target field invalid
[15:46:58.653] [bmv2] [D] [thread 50892] [9.0] [cxt 0] Parser 'parser': end
[15:46:58.653] [bmv2] [D] [thread 50892] [9.0] [cxt 0] Pipeline 'ingress': start
[15:46:58.653] [bmv2] [T] [thread 50892] [9.0] [cxt 0] ../../P4_code/compare_dht_forward.p4(241) Condition "hdr.ipv4.isValid()" (node_2) is false
[15:46:58.653] [bmv2] [T] [thread 50892] [9.0] [cxt 0] ../../P4_code/compare_dht_forward.p4(244) Condition "hdr.dht.isValid()" (node_4) is true
[15:46:58.653] [bmv2] [T] [thread 50892] [9.0] [cxt 0] ../../P4_code/compare_dht_forward.p4(245) Condition "hdr.dht.message_type==0" (node_5) is false
[15:46:58.653] [bmv2] [T] [thread 50892] [9.0] [cxt 0] ../../P4_code/compare_dht_forward.p4(248) Condition "hdr.dht.message_type==1" (node_7) is true
[15:46:58.653] [bmv2] [T] [thread 50892] [9.0] [cxt 0] Applying table 'ThisIngress.no_hop_lookup'
[15:46:58.653] [bmv2] [D] [thread 50892] [9.0] [cxt 0] Looking up key:
* hdr.dht.group_id    : 00
* hdr.dht.id          : 20

[15:46:58.653] [bmv2] [D] [thread 50892] [9.0] [cxt 0] Table 'ThisIngress.no_hop_lookup': miss
[15:46:58.653] [bmv2] [D] [thread 50892] [9.0] [cxt 0] Action entry is NoAction - 
[15:46:58.653] [bmv2] [T] [thread 50892] [9.0] [cxt 0] Action NoAction
[15:46:58.653] [bmv2] [T] [thread 50892] [9.0] [cxt 0] ../../P4_code/compare_dht_forward.p4(251) Condition "hdr.dht.message_type==3 || hdr.dht.message_type==2" (node_9) is false
[15:46:58.653] [bmv2] [D] [thread 50892] [9.0] [cxt 0] Pipeline 'ingress': end
[15:46:58.653] [bmv2] [D] [thread 50892] [9.0] [cxt 0] Egress port is 0
[15:46:58.653] [bmv2] [D] [thread 50893] [9.0] [cxt 0] Pipeline 'egress': start
[15:46:58.653] [bmv2] [D] [thread 50893] [9.0] [cxt 0] Pipeline 'egress': end
[15:46:58.653] [bmv2] [D] [thread 50893] [9.0] [cxt 0] Deparser 'deparser': start
[15:46:58.653] [bmv2] [T] [thread 50893] [9.0] [cxt 0] Skipping checksum 'cksum' update because condition not met
[15:46:58.653] [bmv2] [D] [thread 50893] [9.0] [cxt 0] Deparsing header 'ethernet'
[15:46:58.653] [bmv2] [D] [thread 50893] [9.0] [cxt 0] Deparsing header 'dht'
[15:46:58.653] [bmv2] [D] [thread 50893] [9.0] [cxt 0] Deparser 'deparser': end
[15:46:58.653] [bmv2] [D] [thread 50897] [9.0] [cxt 0] Transmitting packet of size 70 out of port 0
[15:46:59.421] [bmv2] [D] [thread 50892] [10.0] [cxt 0] Processing packet received on port 1
[15:46:59.421] [bmv2] [D] [thread 50892] [10.0] [cxt 0] Parser 'parser': start
[15:46:59.421] [bmv2] [D] [thread 50892] [10.0] [cxt 0] Parser 'parser' entering state 'start'
[15:46:59.421] [bmv2] [D] [thread 50892] [10.0] [cxt 0] Parser state 'start': key is 0001
[15:46:59.421] [bmv2] [T] [thread 50892] [10.0] [cxt 0] Bytes parsed: 0
[15:46:59.421] [bmv2] [D] [thread 50892] [10.0] [cxt 0] Parser 'parser' entering state 'parse_ethernet'
[15:46:59.421] [bmv2] [D] [thread 50892] [10.0] [cxt 0] Extracting header 'ethernet'
[15:46:59.421] [bmv2] [D] [thread 50892] [10.0] [cxt 0] Parser state 'parse_ethernet': key is 86dd
[15:46:59.421] [bmv2] [T] [thread 50892] [10.0] [cxt 0] Bytes parsed: 14
[15:46:59.421] [bmv2] [D] [thread 50892] [10.0] [cxt 0] Parser 'parser' entering state 'parse_dht'
[15:46:59.421] [bmv2] [D] [thread 50892] [10.0] [cxt 0] Extracting header 'dht'
[15:46:59.421] [bmv2] [D] [thread 50892] [10.0] [cxt 0] Parser state 'parse_dht' has no switch, going to default next state
[15:46:59.421] [bmv2] [T] [thread 50892] [10.0] [cxt 0] Bytes parsed: 17
[15:46:59.421] [bmv2] [T] [thread 50892] [10.0] [cxt 0] Skipping checksum 'cksum_0' verification because target field invalid
[15:46:59.421] [bmv2] [D] [thread 50892] [10.0] [cxt 0] Parser 'parser': end
[15:46:59.421] [bmv2] [D] [thread 50892] [10.0] [cxt 0] Pipeline 'ingress': start
[15:46:59.421] [bmv2] [T] [thread 50892] [10.0] [cxt 0] ../../P4_code/compare_dht_forward.p4(241) Condition "hdr.ipv4.isValid()" (node_2) is false
[15:46:59.421] [bmv2] [T] [thread 50892] [10.0] [cxt 0] ../../P4_code/compare_dht_forward.p4(244) Condition "hdr.dht.isValid()" (node_4) is true
[15:46:59.421] [bmv2] [T] [thread 50892] [10.0] [cxt 0] ../../P4_code/compare_dht_forward.p4(245) Condition "hdr.dht.message_type==0" (node_5) is false
[15:46:59.421] [bmv2] [T] [thread 50892] [10.0] [cxt 0] ../../P4_code/compare_dht_forward.p4(248) Condition "hdr.dht.message_type==1" (node_7) is true
[15:46:59.421] [bmv2] [T] [thread 50892] [10.0] [cxt 0] Applying table 'ThisIngress.no_hop_lookup'
[15:46:59.421] [bmv2] [D] [thread 50892] [10.0] [cxt 0] Looking up key:
* hdr.dht.group_id    : 00
* hdr.dht.id          : 20

[15:46:59.421] [bmv2] [D] [thread 50892] [10.0] [cxt 0] Table 'ThisIngress.no_hop_lookup': miss
[15:46:59.421] [bmv2] [D] [thread 50892] [10.0] [cxt 0] Action entry is NoAction - 
[15:46:59.421] [bmv2] [T] [thread 50892] [10.0] [cxt 0] Action NoAction
[15:46:59.421] [bmv2] [T] [thread 50892] [10.0] [cxt 0] ../../P4_code/compare_dht_forward.p4(251) Condition "hdr.dht.message_type==3 || hdr.dht.message_type==2" (node_9) is false
[15:46:59.421] [bmv2] [D] [thread 50892] [10.0] [cxt 0] Pipeline 'ingress': end
[15:46:59.421] [bmv2] [D] [thread 50892] [10.0] [cxt 0] Egress port is 0
[15:46:59.421] [bmv2] [D] [thread 50893] [10.0] [cxt 0] Pipeline 'egress': start
[15:46:59.421] [bmv2] [D] [thread 50893] [10.0] [cxt 0] Pipeline 'egress': end
[15:46:59.421] [bmv2] [D] [thread 50893] [10.0] [cxt 0] Deparser 'deparser': start
[15:46:59.421] [bmv2] [T] [thread 50893] [10.0] [cxt 0] Skipping checksum 'cksum' update because condition not met
[15:46:59.421] [bmv2] [D] [thread 50893] [10.0] [cxt 0] Deparsing header 'ethernet'
[15:46:59.421] [bmv2] [D] [thread 50893] [10.0] [cxt 0] Deparsing header 'dht'
[15:46:59.421] [bmv2] [D] [thread 50893] [10.0] [cxt 0] Deparser 'deparser': end
[15:46:59.421] [bmv2] [D] [thread 50892] [11.0] [cxt 0] Processing packet received on port 2
[15:46:59.421] [bmv2] [D] [thread 50892] [11.0] [cxt 0] Parser 'parser': start
[15:46:59.421] [bmv2] [D] [thread 50892] [11.0] [cxt 0] Parser 'parser' entering state 'start'
[15:46:59.421] [bmv2] [D] [thread 50892] [11.0] [cxt 0] Parser state 'start': key is 0002
[15:46:59.421] [bmv2] [T] [thread 50892] [11.0] [cxt 0] Bytes parsed: 0
[15:46:59.421] [bmv2] [D] [thread 50892] [11.0] [cxt 0] Parser 'parser' entering state 'parse_ethernet'
[15:46:59.421] [bmv2] [D] [thread 50892] [11.0] [cxt 0] Extracting header 'ethernet'
[15:46:59.421] [bmv2] [D] [thread 50892] [11.0] [cxt 0] Parser state 'parse_ethernet': key is 86dd
[15:46:59.421] [bmv2] [T] [thread 50892] [11.0] [cxt 0] Bytes parsed: 14
[15:46:59.421] [bmv2] [D] [thread 50892] [11.0] [cxt 0] Parser 'parser' entering state 'parse_dht'
[15:46:59.421] [bmv2] [D] [thread 50892] [11.0] [cxt 0] Extracting header 'dht'
[15:46:59.421] [bmv2] [D] [thread 50892] [11.0] [cxt 0] Parser state 'parse_dht' has no switch, going to default next state
[15:46:59.421] [bmv2] [T] [thread 50892] [11.0] [cxt 0] Bytes parsed: 17
[15:46:59.421] [bmv2] [T] [thread 50892] [11.0] [cxt 0] Skipping checksum 'cksum_0' verification because target field invalid
[15:46:59.421] [bmv2] [D] [thread 50892] [11.0] [cxt 0] Parser 'parser': end
[15:46:59.421] [bmv2] [D] [thread 50892] [11.0] [cxt 0] Pipeline 'ingress': start
[15:46:59.421] [bmv2] [T] [thread 50892] [11.0] [cxt 0] ../../P4_code/compare_dht_forward.p4(241) Condition "hdr.ipv4.isValid()" (node_2) is false
[15:46:59.421] [bmv2] [T] [thread 50892] [11.0] [cxt 0] ../../P4_code/compare_dht_forward.p4(244) Condition "hdr.dht.isValid()" (node_4) is true
[15:46:59.421] [bmv2] [T] [thread 50892] [11.0] [cxt 0] ../../P4_code/compare_dht_forward.p4(245) Condition "hdr.dht.message_type==0" (node_5) is false
[15:46:59.421] [bmv2] [T] [thread 50892] [11.0] [cxt 0] ../../P4_code/compare_dht_forward.p4(248) Condition "hdr.dht.message_type==1" (node_7) is true
[15:46:59.421] [bmv2] [T] [thread 50892] [11.0] [cxt 0] Applying table 'ThisIngress.no_hop_lookup'
[15:46:59.421] [bmv2] [D] [thread 50892] [11.0] [cxt 0] Looking up key:
* hdr.dht.group_id    : 00
* hdr.dht.id          : 20

[15:46:59.421] [bmv2] [D] [thread 50892] [11.0] [cxt 0] Table 'ThisIngress.no_hop_lookup': miss
[15:46:59.421] [bmv2] [D] [thread 50892] [11.0] [cxt 0] Action entry is NoAction - 
[15:46:59.421] [bmv2] [T] [thread 50892] [11.0] [cxt 0] Action NoAction
[15:46:59.421] [bmv2] [T] [thread 50892] [11.0] [cxt 0] ../../P4_code/compare_dht_forward.p4(251) Condition "hdr.dht.message_type==3 || hdr.dht.message_type==2" (node_9) is false
[15:46:59.421] [bmv2] [D] [thread 50892] [11.0] [cxt 0] Pipeline 'ingress': end
[15:46:59.421] [bmv2] [D] [thread 50892] [11.0] [cxt 0] Egress port is 0
[15:46:59.421] [bmv2] [D] [thread 50893] [11.0] [cxt 0] Pipeline 'egress': start
[15:46:59.421] [bmv2] [D] [thread 50893] [11.0] [cxt 0] Pipeline 'egress': end
[15:46:59.421] [bmv2] [D] [thread 50893] [11.0] [cxt 0] Deparser 'deparser': start
[15:46:59.421] [bmv2] [T] [thread 50893] [11.0] [cxt 0] Skipping checksum 'cksum' update because condition not met
[15:46:59.421] [bmv2] [D] [thread 50893] [11.0] [cxt 0] Deparsing header 'ethernet'
[15:46:59.421] [bmv2] [D] [thread 50893] [11.0] [cxt 0] Deparsing header 'dht'
[15:46:59.421] [bmv2] [D] [thread 50893] [11.0] [cxt 0] Deparser 'deparser': end
[15:46:59.421] [bmv2] [D] [thread 50892] [12.0] [cxt 0] Processing packet received on port 3
[15:46:59.421] [bmv2] [D] [thread 50892] [12.0] [cxt 0] Parser 'parser': start
[15:46:59.421] [bmv2] [D] [thread 50892] [12.0] [cxt 0] Parser 'parser' entering state 'start'
[15:46:59.421] [bmv2] [D] [thread 50892] [12.0] [cxt 0] Parser state 'start': key is 0003
[15:46:59.421] [bmv2] [T] [thread 50892] [12.0] [cxt 0] Bytes parsed: 0
[15:46:59.421] [bmv2] [D] [thread 50892] [12.0] [cxt 0] Parser 'parser' entering state 'parse_ethernet'
[15:46:59.421] [bmv2] [D] [thread 50892] [12.0] [cxt 0] Extracting header 'ethernet'
[15:46:59.422] [bmv2] [D] [thread 50892] [12.0] [cxt 0] Parser state 'parse_ethernet': key is 86dd
[15:46:59.422] [bmv2] [T] [thread 50892] [12.0] [cxt 0] Bytes parsed: 14
[15:46:59.422] [bmv2] [D] [thread 50892] [12.0] [cxt 0] Parser 'parser' entering state 'parse_dht'
[15:46:59.422] [bmv2] [D] [thread 50892] [12.0] [cxt 0] Extracting header 'dht'
[15:46:59.422] [bmv2] [D] [thread 50892] [12.0] [cxt 0] Parser state 'parse_dht' has no switch, going to default next state
[15:46:59.422] [bmv2] [T] [thread 50892] [12.0] [cxt 0] Bytes parsed: 17
[15:46:59.422] [bmv2] [T] [thread 50892] [12.0] [cxt 0] Skipping checksum 'cksum_0' verification because target field invalid
[15:46:59.422] [bmv2] [D] [thread 50892] [12.0] [cxt 0] Parser 'parser': end
[15:46:59.422] [bmv2] [D] [thread 50892] [12.0] [cxt 0] Pipeline 'ingress': start
[15:46:59.422] [bmv2] [T] [thread 50892] [12.0] [cxt 0] ../../P4_code/compare_dht_forward.p4(241) Condition "hdr.ipv4.isValid()" (node_2) is false
[15:46:59.422] [bmv2] [T] [thread 50892] [12.0] [cxt 0] ../../P4_code/compare_dht_forward.p4(244) Condition "hdr.dht.isValid()" (node_4) is true
[15:46:59.422] [bmv2] [T] [thread 50892] [12.0] [cxt 0] ../../P4_code/compare_dht_forward.p4(245) Condition "hdr.dht.message_type==0" (node_5) is false
[15:46:59.422] [bmv2] [T] [thread 50892] [12.0] [cxt 0] ../../P4_code/compare_dht_forward.p4(248) Condition "hdr.dht.message_type==1" (node_7) is true
[15:46:59.422] [bmv2] [T] [thread 50892] [12.0] [cxt 0] Applying table 'ThisIngress.no_hop_lookup'
[15:46:59.422] [bmv2] [D] [thread 50892] [12.0] [cxt 0] Looking up key:
* hdr.dht.group_id    : 00
* hdr.dht.id          : 20

[15:46:59.422] [bmv2] [D] [thread 50892] [12.0] [cxt 0] Table 'ThisIngress.no_hop_lookup': miss
[15:46:59.422] [bmv2] [D] [thread 50892] [12.0] [cxt 0] Action entry is NoAction - 
[15:46:59.422] [bmv2] [T] [thread 50892] [12.0] [cxt 0] Action NoAction
[15:46:59.422] [bmv2] [T] [thread 50892] [12.0] [cxt 0] ../../P4_code/compare_dht_forward.p4(251) Condition "hdr.dht.message_type==3 || hdr.dht.message_type==2" (node_9) is false
[15:46:59.422] [bmv2] [D] [thread 50892] [12.0] [cxt 0] Pipeline 'ingress': end
[15:46:59.422] [bmv2] [D] [thread 50892] [12.0] [cxt 0] Egress port is 0
[15:46:59.422] [bmv2] [D] [thread 50893] [12.0] [cxt 0] Pipeline 'egress': start
[15:46:59.422] [bmv2] [D] [thread 50893] [12.0] [cxt 0] Pipeline 'egress': end
[15:46:59.422] [bmv2] [D] [thread 50893] [12.0] [cxt 0] Deparser 'deparser': start
[15:46:59.422] [bmv2] [T] [thread 50893] [12.0] [cxt 0] Skipping checksum 'cksum' update because condition not met
[15:46:59.422] [bmv2] [D] [thread 50893] [12.0] [cxt 0] Deparsing header 'ethernet'
[15:46:59.422] [bmv2] [D] [thread 50893] [12.0] [cxt 0] Deparsing header 'dht'
[15:46:59.422] [bmv2] [D] [thread 50893] [12.0] [cxt 0] Deparser 'deparser': end
[15:46:59.422] [bmv2] [D] [thread 50892] [13.0] [cxt 0] Processing packet received on port 2
[15:46:59.422] [bmv2] [D] [thread 50892] [13.0] [cxt 0] Parser 'parser': start
[15:46:59.422] [bmv2] [D] [thread 50892] [13.0] [cxt 0] Parser 'parser' entering state 'start'
[15:46:59.422] [bmv2] [D] [thread 50892] [13.0] [cxt 0] Parser state 'start': key is 0002
[15:46:59.422] [bmv2] [T] [thread 50892] [13.0] [cxt 0] Bytes parsed: 0
[15:46:59.422] [bmv2] [D] [thread 50892] [13.0] [cxt 0] Parser 'parser' entering state 'parse_ethernet'
[15:46:59.422] [bmv2] [D] [thread 50892] [13.0] [cxt 0] Extracting header 'ethernet'
[15:46:59.422] [bmv2] [D] [thread 50892] [13.0] [cxt 0] Parser state 'parse_ethernet': key is 86dd
[15:46:59.422] [bmv2] [T] [thread 50892] [13.0] [cxt 0] Bytes parsed: 14
[15:46:59.422] [bmv2] [D] [thread 50892] [13.0] [cxt 0] Parser 'parser' entering state 'parse_dht'
[15:46:59.422] [bmv2] [D] [thread 50892] [13.0] [cxt 0] Extracting header 'dht'
[15:46:59.422] [bmv2] [D] [thread 50892] [13.0] [cxt 0] Parser state 'parse_dht' has no switch, going to default next state
[15:46:59.422] [bmv2] [T] [thread 50892] [13.0] [cxt 0] Bytes parsed: 17
[15:46:59.422] [bmv2] [T] [thread 50892] [13.0] [cxt 0] Skipping checksum 'cksum_0' verification because target field invalid
[15:46:59.422] [bmv2] [D] [thread 50892] [13.0] [cxt 0] Parser 'parser': end
[15:46:59.422] [bmv2] [D] [thread 50892] [13.0] [cxt 0] Pipeline 'ingress': start
[15:46:59.422] [bmv2] [T] [thread 50892] [13.0] [cxt 0] ../../P4_code/compare_dht_forward.p4(241) Condition "hdr.ipv4.isValid()" (node_2) is false
[15:46:59.422] [bmv2] [T] [thread 50892] [13.0] [cxt 0] ../../P4_code/compare_dht_forward.p4(244) Condition "hdr.dht.isValid()" (node_4) is true
[15:46:59.422] [bmv2] [T] [thread 50892] [13.0] [cxt 0] ../../P4_code/compare_dht_forward.p4(245) Condition "hdr.dht.message_type==0" (node_5) is false
[15:46:59.422] [bmv2] [T] [thread 50892] [13.0] [cxt 0] ../../P4_code/compare_dht_forward.p4(248) Condition "hdr.dht.message_type==1" (node_7) is true
[15:46:59.422] [bmv2] [T] [thread 50892] [13.0] [cxt 0] Applying table 'ThisIngress.no_hop_lookup'
[15:46:59.422] [bmv2] [D] [thread 50892] [13.0] [cxt 0] Looking up key:
* hdr.dht.group_id    : 00
* hdr.dht.id          : 20

[15:46:59.422] [bmv2] [D] [thread 50892] [13.0] [cxt 0] Table 'ThisIngress.no_hop_lookup': miss
[15:46:59.422] [bmv2] [D] [thread 50892] [13.0] [cxt 0] Action entry is NoAction - 
[15:46:59.422] [bmv2] [T] [thread 50892] [13.0] [cxt 0] Action NoAction
[15:46:59.422] [bmv2] [T] [thread 50892] [13.0] [cxt 0] ../../P4_code/compare_dht_forward.p4(251) Condition "hdr.dht.message_type==3 || hdr.dht.message_type==2" (node_9) is false
[15:46:59.422] [bmv2] [D] [thread 50892] [13.0] [cxt 0] Pipeline 'ingress': end
[15:46:59.422] [bmv2] [D] [thread 50892] [13.0] [cxt 0] Egress port is 0
[15:46:59.423] [bmv2] [D] [thread 50893] [13.0] [cxt 0] Pipeline 'egress': start
[15:46:59.423] [bmv2] [D] [thread 50893] [13.0] [cxt 0] Pipeline 'egress': end
[15:46:59.423] [bmv2] [D] [thread 50893] [13.0] [cxt 0] Deparser 'deparser': start
[15:46:59.423] [bmv2] [T] [thread 50893] [13.0] [cxt 0] Skipping checksum 'cksum' update because condition not met
[15:46:59.423] [bmv2] [D] [thread 50893] [13.0] [cxt 0] Deparsing header 'ethernet'
[15:46:59.423] [bmv2] [D] [thread 50893] [13.0] [cxt 0] Deparsing header 'dht'
[15:46:59.423] [bmv2] [D] [thread 50893] [13.0] [cxt 0] Deparser 'deparser': end
[15:46:59.423] [bmv2] [D] [thread 50897] [10.0] [cxt 0] Transmitting packet of size 70 out of port 0
[15:46:59.423] [bmv2] [D] [thread 50897] [11.0] [cxt 0] Transmitting packet of size 70 out of port 0
[15:46:59.423] [bmv2] [D] [thread 50897] [12.0] [cxt 0] Transmitting packet of size 70 out of port 0
[15:46:59.423] [bmv2] [D] [thread 50897] [13.0] [cxt 0] Transmitting packet of size 70 out of port 0
[15:46:59.933] [bmv2] [D] [thread 50892] [14.0] [cxt 0] Processing packet received on port 3
[15:46:59.933] [bmv2] [D] [thread 50892] [14.0] [cxt 0] Parser 'parser': start
[15:46:59.933] [bmv2] [D] [thread 50892] [14.0] [cxt 0] Parser 'parser' entering state 'start'
[15:46:59.933] [bmv2] [D] [thread 50892] [14.0] [cxt 0] Parser state 'start': key is 0003
[15:46:59.933] [bmv2] [T] [thread 50892] [14.0] [cxt 0] Bytes parsed: 0
[15:46:59.933] [bmv2] [D] [thread 50892] [14.0] [cxt 0] Parser 'parser' entering state 'parse_ethernet'
[15:46:59.933] [bmv2] [D] [thread 50892] [14.0] [cxt 0] Extracting header 'ethernet'
[15:46:59.933] [bmv2] [D] [thread 50892] [14.0] [cxt 0] Parser state 'parse_ethernet': key is 86dd
[15:46:59.933] [bmv2] [T] [thread 50892] [14.0] [cxt 0] Bytes parsed: 14
[15:46:59.933] [bmv2] [D] [thread 50892] [14.0] [cxt 0] Parser 'parser' entering state 'parse_dht'
[15:46:59.933] [bmv2] [D] [thread 50892] [14.0] [cxt 0] Extracting header 'dht'
[15:46:59.933] [bmv2] [D] [thread 50892] [14.0] [cxt 0] Parser state 'parse_dht' has no switch, going to default next state
[15:46:59.933] [bmv2] [T] [thread 50892] [14.0] [cxt 0] Bytes parsed: 17
[15:46:59.933] [bmv2] [T] [thread 50892] [14.0] [cxt 0] Skipping checksum 'cksum_0' verification because target field invalid
[15:46:59.933] [bmv2] [D] [thread 50892] [14.0] [cxt 0] Parser 'parser': end
[15:46:59.933] [bmv2] [D] [thread 50892] [14.0] [cxt 0] Pipeline 'ingress': start
[15:46:59.933] [bmv2] [T] [thread 50892] [14.0] [cxt 0] ../../P4_code/compare_dht_forward.p4(241) Condition "hdr.ipv4.isValid()" (node_2) is false
[15:46:59.933] [bmv2] [T] [thread 50892] [14.0] [cxt 0] ../../P4_code/compare_dht_forward.p4(244) Condition "hdr.dht.isValid()" (node_4) is true
[15:46:59.933] [bmv2] [T] [thread 50892] [14.0] [cxt 0] ../../P4_code/compare_dht_forward.p4(245) Condition "hdr.dht.message_type==0" (node_5) is false
[15:46:59.933] [bmv2] [T] [thread 50892] [14.0] [cxt 0] ../../P4_code/compare_dht_forward.p4(248) Condition "hdr.dht.message_type==1" (node_7) is true
[15:46:59.933] [bmv2] [T] [thread 50892] [14.0] [cxt 0] Applying table 'ThisIngress.no_hop_lookup'
[15:46:59.933] [bmv2] [D] [thread 50892] [14.0] [cxt 0] Looking up key:
* hdr.dht.group_id    : 00
* hdr.dht.id          : 20

[15:46:59.933] [bmv2] [D] [thread 50892] [14.0] [cxt 0] Table 'ThisIngress.no_hop_lookup': miss
[15:46:59.933] [bmv2] [D] [thread 50892] [14.0] [cxt 0] Action entry is NoAction - 
[15:46:59.933] [bmv2] [T] [thread 50892] [14.0] [cxt 0] Action NoAction
[15:46:59.933] [bmv2] [T] [thread 50892] [14.0] [cxt 0] ../../P4_code/compare_dht_forward.p4(251) Condition "hdr.dht.message_type==3 || hdr.dht.message_type==2" (node_9) is false
[15:46:59.933] [bmv2] [D] [thread 50892] [14.0] [cxt 0] Pipeline 'ingress': end
[15:46:59.933] [bmv2] [D] [thread 50892] [14.0] [cxt 0] Egress port is 0
[15:46:59.933] [bmv2] [D] [thread 50893] [14.0] [cxt 0] Pipeline 'egress': start
[15:46:59.933] [bmv2] [D] [thread 50893] [14.0] [cxt 0] Pipeline 'egress': end
[15:46:59.933] [bmv2] [D] [thread 50893] [14.0] [cxt 0] Deparser 'deparser': start
[15:46:59.933] [bmv2] [T] [thread 50893] [14.0] [cxt 0] Skipping checksum 'cksum' update because condition not met
[15:46:59.933] [bmv2] [D] [thread 50893] [14.0] [cxt 0] Deparsing header 'ethernet'
[15:46:59.933] [bmv2] [D] [thread 50893] [14.0] [cxt 0] Deparsing header 'dht'
[15:46:59.933] [bmv2] [D] [thread 50893] [14.0] [cxt 0] Deparser 'deparser': end
[15:46:59.934] [bmv2] [D] [thread 50897] [14.0] [cxt 0] Transmitting packet of size 70 out of port 0
[15:47:00.863] [bmv2] [W] [thread 51050] [P4Runtime] p4::tmp::P4DeviceConfig is deprecated
[15:47:00.869] [bmv2] [D] [thread 51050] Set default default entry for table 'tbl_compare_dht_forward242': compare_dht_forward242 - 
[15:47:00.869] [bmv2] [D] [thread 51050] Set default default entry for table 'tbl_first_contact': ThisIngress.first_contact - 
[15:47:00.870] [bmv2] [D] [thread 51050] Set default default entry for table 'ThisIngress.no_hop_lookup': NoAction - 
[15:47:00.870] [bmv2] [D] [thread 51050] Set default default entry for table 'tbl_compare_dht_forward253': compare_dht_forward253 - 
[15:47:00.870] [bmv2] [D] [thread 51050] Set default default entry for table 'tbl_compare_dht_forward256': compare_dht_forward256 - 
[15:47:00.870] [bmv2] [D] [thread 51050] Set default default entry for table 'tbl_send_to_controller_simple': ThisIngress.send_to_controller_simple - 
[15:47:00.870] [bmv2] [D] [thread 51050] Set default default entry for table 'ThisIngress.ipv4_lpm': ThisIngress.my_drop - 
[15:47:00.874] [bmv2] [D] [thread 51050] simple_switch target has been notified of a config swap
[15:47:00.890] [bmv2] [D] [thread 51054] Entry 0 added to table 'ThisIngress.no_hop_lookup'
[15:47:00.890] [bmv2] [D] [thread 51054] Dumping entry 0
Match key:
* hdr.dht.group_id    : EXACT     01
* hdr.dht.id          : RANGE     1c -> 20
Priority: 2147483646
Action entry: ThisIngress.no_hop_forward - 2,

[15:47:00.894] [bmv2] [D] [thread 51050] Entry 1 added to table 'ThisIngress.no_hop_lookup'
[15:47:00.894] [bmv2] [D] [thread 51050] Dumping entry 1
Match key:
* hdr.dht.group_id    : EXACT     01
* hdr.dht.id          : RANGE     00 -> 05
Priority: 2147483646
Action entry: ThisIngress.no_hop_forward - 2,

[15:47:00.898] [bmv2] [D] [thread 51059] Entry 2 added to table 'ThisIngress.no_hop_lookup'
[15:47:00.898] [bmv2] [D] [thread 51059] Dumping entry 2
Match key:
* hdr.dht.group_id    : EXACT     01
* hdr.dht.id          : RANGE     05 -> 0f
Priority: 2147483646
Action entry: ThisIngress.no_hop_forward - 3,

[15:47:00.901] [bmv2] [D] [thread 51050] Entry 3 added to table 'ThisIngress.no_hop_lookup'
[15:47:00.901] [bmv2] [D] [thread 51050] Dumping entry 3
Match key:
* hdr.dht.group_id    : EXACT     01
* hdr.dht.id          : RANGE     00 -> 21
Priority: 2147483646
Action entry: ThisIngress.no_hop_forward - 1,

[15:47:00.905] [bmv2] [D] [thread 51059] Entry 0 added to table 'ThisIngress.ipv4_lpm'
[15:47:00.905] [bmv2] [D] [thread 51059] Dumping entry 0
Match key:
* hdr.ipv4.dstAddr    : LPM       0a000202/32
Action entry: ThisIngress.ipv4_forward - 80000000155,2,

[15:47:00.910] [bmv2] [D] [thread 51050] Entry 1 added to table 'ThisIngress.ipv4_lpm'
[15:47:00.910] [bmv2] [D] [thread 51050] Dumping entry 1
Match key:
* hdr.ipv4.dstAddr    : LPM       0a000303/32
Action entry: ThisIngress.ipv4_forward - 80000000155,2,

[15:47:00.914] [bmv2] [D] [thread 51059] Entry 2 added to table 'ThisIngress.ipv4_lpm'
[15:47:00.914] [bmv2] [D] [thread 51059] Dumping entry 2
Match key:
* hdr.ipv4.dstAddr    : LPM       0a000404/32
Action entry: ThisIngress.ipv4_forward - 80000000166,3,

[15:47:00.918] [bmv2] [D] [thread 51050] Entry 3 added to table 'ThisIngress.ipv4_lpm'
[15:47:00.918] [bmv2] [D] [thread 51050] Dumping entry 3
Match key:
* hdr.ipv4.dstAddr    : LPM       0a000505/32
Action entry: ThisIngress.ipv4_forward - 80000000166,3,

[15:47:00.923] [bmv2] [D] [thread 51059] Entry 4 added to table 'ThisIngress.ipv4_lpm'
[15:47:00.923] [bmv2] [D] [thread 51059] Dumping entry 4
Match key:
* hdr.ipv4.dstAddr    : LPM       0a000606/32
Action entry: ThisIngress.ipv4_forward - 80000000100,1,

[15:47:00.927] [bmv2] [D] [thread 51059] Entry 5 added to table 'ThisIngress.ipv4_lpm'
[15:47:00.927] [bmv2] [D] [thread 51059] Dumping entry 5
Match key:
* hdr.ipv4.dstAddr    : LPM       0a000707/32
Action entry: ThisIngress.ipv4_forward - 80000000100,1,

[15:47:00.932] [bmv2] [D] [thread 51050] Entry 6 added to table 'ThisIngress.ipv4_lpm'
[15:47:00.932] [bmv2] [D] [thread 51050] Dumping entry 6
Match key:
* hdr.ipv4.dstAddr    : LPM       0a000808/32
Action entry: ThisIngress.ipv4_forward - 80000000100,1,

[15:47:00.935] [bmv2] [D] [thread 51059] Entry 7 added to table 'ThisIngress.ipv4_lpm'
[15:47:00.935] [bmv2] [D] [thread 51059] Dumping entry 7
Match key:
* hdr.ipv4.dstAddr    : LPM       0a000909/32
Action entry: ThisIngress.ipv4_forward - 80000000100,1,

[15:47:00.939] [bmv2] [D] [thread 51050] Entry 8 added to table 'ThisIngress.ipv4_lpm'
[15:47:00.939] [bmv2] [D] [thread 51050] Dumping entry 8
Match key:
* hdr.ipv4.dstAddr    : LPM       0a000101/32
Action entry: ThisIngress.ipv4_forward - 80000000100,1,

[15:47:06.845] [bmv2] [D] [thread 50892] [15.0] [cxt 0] Processing packet received on port 1
[15:47:06.845] [bmv2] [D] [thread 50892] [15.0] [cxt 0] Parser 'parser': start
[15:47:06.845] [bmv2] [D] [thread 50892] [15.0] [cxt 0] Parser 'parser' entering state 'start'
[15:47:06.845] [bmv2] [D] [thread 50892] [15.0] [cxt 0] Parser state 'start': key is 0001
[15:47:06.845] [bmv2] [T] [thread 50892] [15.0] [cxt 0] Bytes parsed: 0
[15:47:06.845] [bmv2] [D] [thread 50892] [15.0] [cxt 0] Parser 'parser' entering state 'parse_ethernet'
[15:47:06.845] [bmv2] [D] [thread 50892] [15.0] [cxt 0] Extracting header 'ethernet'
[15:47:06.845] [bmv2] [D] [thread 50892] [15.0] [cxt 0] Parser state 'parse_ethernet': key is 86dd
[15:47:06.845] [bmv2] [T] [thread 50892] [15.0] [cxt 0] Bytes parsed: 14
[15:47:06.845] [bmv2] [D] [thread 50892] [15.0] [cxt 0] Parser 'parser' entering state 'parse_dht'
[15:47:06.845] [bmv2] [D] [thread 50892] [15.0] [cxt 0] Extracting header 'dht'
[15:47:06.845] [bmv2] [D] [thread 50892] [15.0] [cxt 0] Parser state 'parse_dht' has no switch, going to default next state
[15:47:06.845] [bmv2] [T] [thread 50892] [15.0] [cxt 0] Bytes parsed: 17
[15:47:06.845] [bmv2] [T] [thread 50892] [15.0] [cxt 0] Skipping checksum 'cksum_0' verification because target field invalid
[15:47:06.845] [bmv2] [D] [thread 50892] [15.0] [cxt 0] Parser 'parser': end
[15:47:06.845] [bmv2] [D] [thread 50892] [15.0] [cxt 0] Pipeline 'ingress': start
[15:47:06.845] [bmv2] [T] [thread 50892] [15.0] [cxt 0] ../../P4_code/compare_dht_forward.p4(241) Condition "hdr.ipv4.isValid()" (node_2) is false
[15:47:06.845] [bmv2] [T] [thread 50892] [15.0] [cxt 0] ../../P4_code/compare_dht_forward.p4(244) Condition "hdr.dht.isValid()" (node_4) is true
[15:47:06.845] [bmv2] [T] [thread 50892] [15.0] [cxt 0] ../../P4_code/compare_dht_forward.p4(245) Condition "hdr.dht.message_type==0" (node_5) is false
[15:47:06.845] [bmv2] [T] [thread 50892] [15.0] [cxt 0] ../../P4_code/compare_dht_forward.p4(248) Condition "hdr.dht.message_type==1" (node_7) is true
[15:47:06.845] [bmv2] [T] [thread 50892] [15.0] [cxt 0] Applying table 'ThisIngress.no_hop_lookup'
[15:47:06.845] [bmv2] [D] [thread 50892] [15.0] [cxt 0] Looking up key:
* hdr.dht.group_id    : 00
* hdr.dht.id          : 20

[15:47:06.845] [bmv2] [D] [thread 50892] [15.0] [cxt 0] Table 'ThisIngress.no_hop_lookup': miss
[15:47:06.845] [bmv2] [D] [thread 50892] [15.0] [cxt 0] Action entry is NoAction - 
[15:47:06.845] [bmv2] [T] [thread 50892] [15.0] [cxt 0] Action NoAction
[15:47:06.845] [bmv2] [T] [thread 50892] [15.0] [cxt 0] ../../P4_code/compare_dht_forward.p4(251) Condition "hdr.dht.message_type==3 || hdr.dht.message_type==2" (node_9) is false
[15:47:06.845] [bmv2] [D] [thread 50892] [15.0] [cxt 0] Pipeline 'ingress': end
[15:47:06.845] [bmv2] [D] [thread 50892] [15.0] [cxt 0] Egress port is 0
[15:47:06.845] [bmv2] [D] [thread 50893] [15.0] [cxt 0] Pipeline 'egress': start
[15:47:06.845] [bmv2] [D] [thread 50893] [15.0] [cxt 0] Pipeline 'egress': end
[15:47:06.845] [bmv2] [D] [thread 50893] [15.0] [cxt 0] Deparser 'deparser': start
[15:47:06.845] [bmv2] [T] [thread 50893] [15.0] [cxt 0] Skipping checksum 'cksum' update because condition not met
[15:47:06.845] [bmv2] [D] [thread 50893] [15.0] [cxt 0] Deparsing header 'ethernet'
[15:47:06.845] [bmv2] [D] [thread 50893] [15.0] [cxt 0] Deparsing header 'dht'
[15:47:06.845] [bmv2] [D] [thread 50893] [15.0] [cxt 0] Deparser 'deparser': end
[15:47:06.845] [bmv2] [D] [thread 50897] [15.0] [cxt 0] Transmitting packet of size 70 out of port 0
[15:47:07.616] [bmv2] [D] [thread 50892] [16.0] [cxt 0] Processing packet received on port 2
[15:47:07.616] [bmv2] [D] [thread 50892] [16.0] [cxt 0] Parser 'parser': start
[15:47:07.616] [bmv2] [D] [thread 50892] [16.0] [cxt 0] Parser 'parser' entering state 'start'
[15:47:07.616] [bmv2] [D] [thread 50892] [16.0] [cxt 0] Parser state 'start': key is 0002
[15:47:07.616] [bmv2] [T] [thread 50892] [16.0] [cxt 0] Bytes parsed: 0
[15:47:07.616] [bmv2] [D] [thread 50892] [16.0] [cxt 0] Parser 'parser' entering state 'parse_ethernet'
[15:47:07.616] [bmv2] [D] [thread 50892] [16.0] [cxt 0] Extracting header 'ethernet'
[15:47:07.616] [bmv2] [D] [thread 50892] [16.0] [cxt 0] Parser state 'parse_ethernet': key is 86dd
[15:47:07.616] [bmv2] [T] [thread 50892] [16.0] [cxt 0] Bytes parsed: 14
[15:47:07.616] [bmv2] [D] [thread 50892] [16.0] [cxt 0] Parser 'parser' entering state 'parse_dht'
[15:47:07.616] [bmv2] [D] [thread 50892] [16.0] [cxt 0] Extracting header 'dht'
[15:47:07.616] [bmv2] [D] [thread 50892] [16.0] [cxt 0] Parser state 'parse_dht' has no switch, going to default next state
[15:47:07.616] [bmv2] [T] [thread 50892] [16.0] [cxt 0] Bytes parsed: 17
[15:47:07.616] [bmv2] [T] [thread 50892] [16.0] [cxt 0] Skipping checksum 'cksum_0' verification because target field invalid
[15:47:07.616] [bmv2] [D] [thread 50892] [16.0] [cxt 0] Parser 'parser': end
[15:47:07.616] [bmv2] [D] [thread 50892] [16.0] [cxt 0] Pipeline 'ingress': start
[15:47:07.616] [bmv2] [T] [thread 50892] [16.0] [cxt 0] ../../P4_code/compare_dht_forward.p4(241) Condition "hdr.ipv4.isValid()" (node_2) is false
[15:47:07.616] [bmv2] [T] [thread 50892] [16.0] [cxt 0] ../../P4_code/compare_dht_forward.p4(244) Condition "hdr.dht.isValid()" (node_4) is true
[15:47:07.616] [bmv2] [T] [thread 50892] [16.0] [cxt 0] ../../P4_code/compare_dht_forward.p4(245) Condition "hdr.dht.message_type==0" (node_5) is false
[15:47:07.616] [bmv2] [T] [thread 50892] [16.0] [cxt 0] ../../P4_code/compare_dht_forward.p4(248) Condition "hdr.dht.message_type==1" (node_7) is true
[15:47:07.616] [bmv2] [T] [thread 50892] [16.0] [cxt 0] Applying table 'ThisIngress.no_hop_lookup'
[15:47:07.616] [bmv2] [D] [thread 50892] [16.0] [cxt 0] Looking up key:
* hdr.dht.group_id    : 00
* hdr.dht.id          : 20

[15:47:07.616] [bmv2] [D] [thread 50892] [16.0] [cxt 0] Table 'ThisIngress.no_hop_lookup': miss
[15:47:07.616] [bmv2] [D] [thread 50892] [16.0] [cxt 0] Action entry is NoAction - 
[15:47:07.616] [bmv2] [T] [thread 50892] [16.0] [cxt 0] Action NoAction
[15:47:07.616] [bmv2] [T] [thread 50892] [16.0] [cxt 0] ../../P4_code/compare_dht_forward.p4(251) Condition "hdr.dht.message_type==3 || hdr.dht.message_type==2" (node_9) is false
[15:47:07.616] [bmv2] [D] [thread 50892] [16.0] [cxt 0] Pipeline 'ingress': end
[15:47:07.616] [bmv2] [D] [thread 50892] [16.0] [cxt 0] Egress port is 0
[15:47:07.617] [bmv2] [D] [thread 50893] [16.0] [cxt 0] Pipeline 'egress': start
[15:47:07.617] [bmv2] [D] [thread 50893] [16.0] [cxt 0] Pipeline 'egress': end
[15:47:07.617] [bmv2] [D] [thread 50893] [16.0] [cxt 0] Deparser 'deparser': start
[15:47:07.617] [bmv2] [T] [thread 50893] [16.0] [cxt 0] Skipping checksum 'cksum' update because condition not met
[15:47:07.617] [bmv2] [D] [thread 50893] [16.0] [cxt 0] Deparsing header 'ethernet'
[15:47:07.617] [bmv2] [D] [thread 50893] [16.0] [cxt 0] Deparsing header 'dht'
[15:47:07.617] [bmv2] [D] [thread 50893] [16.0] [cxt 0] Deparser 'deparser': end
[15:47:07.617] [bmv2] [D] [thread 50897] [16.0] [cxt 0] Transmitting packet of size 70 out of port 0
[15:47:07.869] [bmv2] [D] [thread 50892] [17.0] [cxt 0] Processing packet received on port 1
[15:47:07.869] [bmv2] [D] [thread 50892] [17.0] [cxt 0] Parser 'parser': start
[15:47:07.869] [bmv2] [D] [thread 50892] [17.0] [cxt 0] Parser 'parser' entering state 'start'
[15:47:07.869] [bmv2] [D] [thread 50892] [17.0] [cxt 0] Parser state 'start': key is 0001
[15:47:07.869] [bmv2] [T] [thread 50892] [17.0] [cxt 0] Bytes parsed: 0
[15:47:07.869] [bmv2] [D] [thread 50892] [17.0] [cxt 0] Parser 'parser' entering state 'parse_ethernet'
[15:47:07.869] [bmv2] [D] [thread 50892] [17.0] [cxt 0] Extracting header 'ethernet'
[15:47:07.869] [bmv2] [D] [thread 50892] [17.0] [cxt 0] Parser state 'parse_ethernet': key is 86dd
[15:47:07.869] [bmv2] [T] [thread 50892] [17.0] [cxt 0] Bytes parsed: 14
[15:47:07.869] [bmv2] [D] [thread 50892] [17.0] [cxt 0] Parser 'parser' entering state 'parse_dht'
[15:47:07.869] [bmv2] [D] [thread 50892] [17.0] [cxt 0] Extracting header 'dht'
[15:47:07.869] [bmv2] [D] [thread 50892] [17.0] [cxt 0] Parser state 'parse_dht' has no switch, going to default next state
[15:47:07.869] [bmv2] [T] [thread 50892] [17.0] [cxt 0] Bytes parsed: 17
[15:47:07.869] [bmv2] [T] [thread 50892] [17.0] [cxt 0] Skipping checksum 'cksum_0' verification because target field invalid
[15:47:07.869] [bmv2] [D] [thread 50892] [17.0] [cxt 0] Parser 'parser': end
[15:47:07.869] [bmv2] [D] [thread 50892] [17.0] [cxt 0] Pipeline 'ingress': start
[15:47:07.869] [bmv2] [T] [thread 50892] [17.0] [cxt 0] ../../P4_code/compare_dht_forward.p4(241) Condition "hdr.ipv4.isValid()" (node_2) is false
[15:47:07.869] [bmv2] [T] [thread 50892] [17.0] [cxt 0] ../../P4_code/compare_dht_forward.p4(244) Condition "hdr.dht.isValid()" (node_4) is true
[15:47:07.869] [bmv2] [T] [thread 50892] [17.0] [cxt 0] ../../P4_code/compare_dht_forward.p4(245) Condition "hdr.dht.message_type==0" (node_5) is false
[15:47:07.869] [bmv2] [T] [thread 50892] [17.0] [cxt 0] ../../P4_code/compare_dht_forward.p4(248) Condition "hdr.dht.message_type==1" (node_7) is true
[15:47:07.869] [bmv2] [T] [thread 50892] [17.0] [cxt 0] Applying table 'ThisIngress.no_hop_lookup'
[15:47:07.869] [bmv2] [D] [thread 50892] [17.0] [cxt 0] Looking up key:
* hdr.dht.group_id    : 00
* hdr.dht.id          : 20

[15:47:07.869] [bmv2] [D] [thread 50892] [17.0] [cxt 0] Table 'ThisIngress.no_hop_lookup': miss
[15:47:07.869] [bmv2] [D] [thread 50892] [17.0] [cxt 0] Action entry is NoAction - 
[15:47:07.869] [bmv2] [T] [thread 50892] [17.0] [cxt 0] Action NoAction
[15:47:07.869] [bmv2] [T] [thread 50892] [17.0] [cxt 0] ../../P4_code/compare_dht_forward.p4(251) Condition "hdr.dht.message_type==3 || hdr.dht.message_type==2" (node_9) is false
[15:47:07.869] [bmv2] [D] [thread 50892] [17.0] [cxt 0] Pipeline 'ingress': end
[15:47:07.869] [bmv2] [D] [thread 50892] [17.0] [cxt 0] Egress port is 0
[15:47:07.869] [bmv2] [D] [thread 50893] [17.0] [cxt 0] Pipeline 'egress': start
[15:47:07.869] [bmv2] [D] [thread 50893] [17.0] [cxt 0] Pipeline 'egress': end
[15:47:07.869] [bmv2] [D] [thread 50893] [17.0] [cxt 0] Deparser 'deparser': start
[15:47:07.869] [bmv2] [T] [thread 50893] [17.0] [cxt 0] Skipping checksum 'cksum' update because condition not met
[15:47:07.869] [bmv2] [D] [thread 50893] [17.0] [cxt 0] Deparsing header 'ethernet'
[15:47:07.869] [bmv2] [D] [thread 50893] [17.0] [cxt 0] Deparsing header 'dht'
[15:47:07.869] [bmv2] [D] [thread 50893] [17.0] [cxt 0] Deparser 'deparser': end
[15:47:07.869] [bmv2] [D] [thread 50897] [17.0] [cxt 0] Transmitting packet of size 70 out of port 0
[15:47:07.872] [bmv2] [D] [thread 50892] [18.0] [cxt 0] Processing packet received on port 3
[15:47:07.872] [bmv2] [D] [thread 50892] [18.0] [cxt 0] Parser 'parser': start
[15:47:07.872] [bmv2] [D] [thread 50892] [18.0] [cxt 0] Parser 'parser' entering state 'start'
[15:47:07.872] [bmv2] [D] [thread 50892] [18.0] [cxt 0] Parser state 'start': key is 0003
[15:47:07.872] [bmv2] [T] [thread 50892] [18.0] [cxt 0] Bytes parsed: 0
[15:47:07.872] [bmv2] [D] [thread 50892] [18.0] [cxt 0] Parser 'parser' entering state 'parse_ethernet'
[15:47:07.872] [bmv2] [D] [thread 50892] [18.0] [cxt 0] Extracting header 'ethernet'
[15:47:07.872] [bmv2] [D] [thread 50892] [18.0] [cxt 0] Parser state 'parse_ethernet': key is 86dd
[15:47:07.872] [bmv2] [T] [thread 50892] [18.0] [cxt 0] Bytes parsed: 14
[15:47:07.872] [bmv2] [D] [thread 50892] [18.0] [cxt 0] Parser 'parser' entering state 'parse_dht'
[15:47:07.872] [bmv2] [D] [thread 50892] [18.0] [cxt 0] Extracting header 'dht'
[15:47:07.872] [bmv2] [D] [thread 50892] [18.0] [cxt 0] Parser state 'parse_dht' has no switch, going to default next state
[15:47:07.872] [bmv2] [T] [thread 50892] [18.0] [cxt 0] Bytes parsed: 17
[15:47:07.872] [bmv2] [T] [thread 50892] [18.0] [cxt 0] Skipping checksum 'cksum_0' verification because target field invalid
[15:47:07.872] [bmv2] [D] [thread 50892] [18.0] [cxt 0] Parser 'parser': end
[15:47:07.872] [bmv2] [D] [thread 50892] [18.0] [cxt 0] Pipeline 'ingress': start
[15:47:07.872] [bmv2] [T] [thread 50892] [18.0] [cxt 0] ../../P4_code/compare_dht_forward.p4(241) Condition "hdr.ipv4.isValid()" (node_2) is false
[15:47:07.872] [bmv2] [T] [thread 50892] [18.0] [cxt 0] ../../P4_code/compare_dht_forward.p4(244) Condition "hdr.dht.isValid()" (node_4) is true
[15:47:07.872] [bmv2] [T] [thread 50892] [18.0] [cxt 0] ../../P4_code/compare_dht_forward.p4(245) Condition "hdr.dht.message_type==0" (node_5) is false
[15:47:07.872] [bmv2] [T] [thread 50892] [18.0] [cxt 0] ../../P4_code/compare_dht_forward.p4(248) Condition "hdr.dht.message_type==1" (node_7) is true
[15:47:07.872] [bmv2] [T] [thread 50892] [18.0] [cxt 0] Applying table 'ThisIngress.no_hop_lookup'
[15:47:07.872] [bmv2] [D] [thread 50892] [18.0] [cxt 0] Looking up key:
* hdr.dht.group_id    : 00
* hdr.dht.id          : 20

[15:47:07.872] [bmv2] [D] [thread 50892] [18.0] [cxt 0] Table 'ThisIngress.no_hop_lookup': miss
[15:47:07.872] [bmv2] [D] [thread 50892] [18.0] [cxt 0] Action entry is NoAction - 
[15:47:07.872] [bmv2] [T] [thread 50892] [18.0] [cxt 0] Action NoAction
[15:47:07.872] [bmv2] [T] [thread 50892] [18.0] [cxt 0] ../../P4_code/compare_dht_forward.p4(251) Condition "hdr.dht.message_type==3 || hdr.dht.message_type==2" (node_9) is false
[15:47:07.872] [bmv2] [D] [thread 50892] [18.0] [cxt 0] Pipeline 'ingress': end
[15:47:07.872] [bmv2] [D] [thread 50892] [18.0] [cxt 0] Egress port is 0
[15:47:07.872] [bmv2] [D] [thread 50893] [18.0] [cxt 0] Pipeline 'egress': start
[15:47:07.873] [bmv2] [D] [thread 50893] [18.0] [cxt 0] Pipeline 'egress': end
[15:47:07.873] [bmv2] [D] [thread 50893] [18.0] [cxt 0] Deparser 'deparser': start
[15:47:07.873] [bmv2] [T] [thread 50893] [18.0] [cxt 0] Skipping checksum 'cksum' update because condition not met
[15:47:07.873] [bmv2] [D] [thread 50893] [18.0] [cxt 0] Deparsing header 'ethernet'
[15:47:07.873] [bmv2] [D] [thread 50893] [18.0] [cxt 0] Deparsing header 'dht'
[15:47:07.873] [bmv2] [D] [thread 50893] [18.0] [cxt 0] Deparser 'deparser': end
[15:47:07.873] [bmv2] [D] [thread 50897] [18.0] [cxt 0] Transmitting packet of size 70 out of port 0
[15:47:07.873] [bmv2] [D] [thread 50892] [19.0] [cxt 0] Processing packet received on port 3
[15:47:07.873] [bmv2] [D] [thread 50892] [19.0] [cxt 0] Parser 'parser': start
[15:47:07.873] [bmv2] [D] [thread 50892] [19.0] [cxt 0] Parser 'parser' entering state 'start'
[15:47:07.873] [bmv2] [D] [thread 50892] [19.0] [cxt 0] Parser state 'start': key is 0003
[15:47:07.873] [bmv2] [T] [thread 50892] [19.0] [cxt 0] Bytes parsed: 0
[15:47:07.873] [bmv2] [D] [thread 50892] [19.0] [cxt 0] Parser 'parser' entering state 'parse_ethernet'
[15:47:07.873] [bmv2] [D] [thread 50892] [19.0] [cxt 0] Extracting header 'ethernet'
[15:47:07.873] [bmv2] [D] [thread 50892] [19.0] [cxt 0] Parser state 'parse_ethernet': key is 86dd
[15:47:07.873] [bmv2] [T] [thread 50892] [19.0] [cxt 0] Bytes parsed: 14
[15:47:07.873] [bmv2] [D] [thread 50892] [19.0] [cxt 0] Parser 'parser' entering state 'parse_dht'
[15:47:07.873] [bmv2] [D] [thread 50892] [19.0] [cxt 0] Extracting header 'dht'
[15:47:07.873] [bmv2] [D] [thread 50892] [19.0] [cxt 0] Parser state 'parse_dht' has no switch, going to default next state
[15:47:07.873] [bmv2] [T] [thread 50892] [19.0] [cxt 0] Bytes parsed: 17
[15:47:07.873] [bmv2] [T] [thread 50892] [19.0] [cxt 0] Skipping checksum 'cksum_0' verification because target field invalid
[15:47:07.873] [bmv2] [D] [thread 50892] [19.0] [cxt 0] Parser 'parser': end
[15:47:07.873] [bmv2] [D] [thread 50892] [19.0] [cxt 0] Pipeline 'ingress': start
[15:47:07.873] [bmv2] [T] [thread 50892] [19.0] [cxt 0] ../../P4_code/compare_dht_forward.p4(241) Condition "hdr.ipv4.isValid()" (node_2) is false
[15:47:07.873] [bmv2] [T] [thread 50892] [19.0] [cxt 0] ../../P4_code/compare_dht_forward.p4(244) Condition "hdr.dht.isValid()" (node_4) is true
[15:47:07.873] [bmv2] [T] [thread 50892] [19.0] [cxt 0] ../../P4_code/compare_dht_forward.p4(245) Condition "hdr.dht.message_type==0" (node_5) is false
[15:47:07.873] [bmv2] [T] [thread 50892] [19.0] [cxt 0] ../../P4_code/compare_dht_forward.p4(248) Condition "hdr.dht.message_type==1" (node_7) is true
[15:47:07.873] [bmv2] [T] [thread 50892] [19.0] [cxt 0] Applying table 'ThisIngress.no_hop_lookup'
[15:47:07.873] [bmv2] [D] [thread 50892] [19.0] [cxt 0] Looking up key:
* hdr.dht.group_id    : 00
* hdr.dht.id          : 20

[15:47:07.873] [bmv2] [D] [thread 50892] [19.0] [cxt 0] Table 'ThisIngress.no_hop_lookup': miss
[15:47:07.873] [bmv2] [D] [thread 50892] [19.0] [cxt 0] Action entry is NoAction - 
[15:47:07.873] [bmv2] [T] [thread 50892] [19.0] [cxt 0] Action NoAction
[15:47:07.873] [bmv2] [T] [thread 50892] [19.0] [cxt 0] ../../P4_code/compare_dht_forward.p4(251) Condition "hdr.dht.message_type==3 || hdr.dht.message_type==2" (node_9) is false
[15:47:07.873] [bmv2] [D] [thread 50892] [19.0] [cxt 0] Pipeline 'ingress': end
[15:47:07.873] [bmv2] [D] [thread 50892] [19.0] [cxt 0] Egress port is 0
[15:47:07.873] [bmv2] [D] [thread 50893] [19.0] [cxt 0] Pipeline 'egress': start
[15:47:07.873] [bmv2] [D] [thread 50893] [19.0] [cxt 0] Pipeline 'egress': end
[15:47:07.873] [bmv2] [D] [thread 50893] [19.0] [cxt 0] Deparser 'deparser': start
[15:47:07.873] [bmv2] [T] [thread 50893] [19.0] [cxt 0] Skipping checksum 'cksum' update because condition not met
[15:47:07.873] [bmv2] [D] [thread 50893] [19.0] [cxt 0] Deparsing header 'ethernet'
[15:47:07.873] [bmv2] [D] [thread 50893] [19.0] [cxt 0] Deparsing header 'dht'
[15:47:07.873] [bmv2] [D] [thread 50893] [19.0] [cxt 0] Deparser 'deparser': end
[15:47:07.873] [bmv2] [D] [thread 50897] [19.0] [cxt 0] Transmitting packet of size 70 out of port 0
[15:47:08.637] [bmv2] [D] [thread 50892] [20.0] [cxt 0] Processing packet received on port 2
[15:47:08.637] [bmv2] [D] [thread 50892] [20.0] [cxt 0] Parser 'parser': start
[15:47:08.637] [bmv2] [D] [thread 50892] [20.0] [cxt 0] Parser 'parser' entering state 'start'
[15:47:08.637] [bmv2] [D] [thread 50892] [20.0] [cxt 0] Parser state 'start': key is 0002
[15:47:08.637] [bmv2] [T] [thread 50892] [20.0] [cxt 0] Bytes parsed: 0
[15:47:08.637] [bmv2] [D] [thread 50892] [20.0] [cxt 0] Parser 'parser' entering state 'parse_ethernet'
[15:47:08.637] [bmv2] [D] [thread 50892] [20.0] [cxt 0] Extracting header 'ethernet'
[15:47:08.637] [bmv2] [D] [thread 50892] [20.0] [cxt 0] Parser state 'parse_ethernet': key is 86dd
[15:47:08.637] [bmv2] [T] [thread 50892] [20.0] [cxt 0] Bytes parsed: 14
[15:47:08.637] [bmv2] [D] [thread 50892] [20.0] [cxt 0] Parser 'parser' entering state 'parse_dht'
[15:47:08.637] [bmv2] [D] [thread 50892] [20.0] [cxt 0] Extracting header 'dht'
[15:47:08.637] [bmv2] [D] [thread 50892] [20.0] [cxt 0] Parser state 'parse_dht' has no switch, going to default next state
[15:47:08.638] [bmv2] [T] [thread 50892] [20.0] [cxt 0] Bytes parsed: 17
[15:47:08.638] [bmv2] [T] [thread 50892] [20.0] [cxt 0] Skipping checksum 'cksum_0' verification because target field invalid
[15:47:08.638] [bmv2] [D] [thread 50892] [20.0] [cxt 0] Parser 'parser': end
[15:47:08.638] [bmv2] [D] [thread 50892] [20.0] [cxt 0] Pipeline 'ingress': start
[15:47:08.638] [bmv2] [T] [thread 50892] [20.0] [cxt 0] ../../P4_code/compare_dht_forward.p4(241) Condition "hdr.ipv4.isValid()" (node_2) is false
[15:47:08.638] [bmv2] [T] [thread 50892] [20.0] [cxt 0] ../../P4_code/compare_dht_forward.p4(244) Condition "hdr.dht.isValid()" (node_4) is true
[15:47:08.638] [bmv2] [T] [thread 50892] [20.0] [cxt 0] ../../P4_code/compare_dht_forward.p4(245) Condition "hdr.dht.message_type==0" (node_5) is false
[15:47:08.638] [bmv2] [T] [thread 50892] [20.0] [cxt 0] ../../P4_code/compare_dht_forward.p4(248) Condition "hdr.dht.message_type==1" (node_7) is true
[15:47:08.638] [bmv2] [T] [thread 50892] [20.0] [cxt 0] Applying table 'ThisIngress.no_hop_lookup'
[15:47:08.638] [bmv2] [D] [thread 50892] [20.0] [cxt 0] Looking up key:
* hdr.dht.group_id    : 00
* hdr.dht.id          : 20

[15:47:08.638] [bmv2] [D] [thread 50892] [20.0] [cxt 0] Table 'ThisIngress.no_hop_lookup': miss
[15:47:08.638] [bmv2] [D] [thread 50892] [20.0] [cxt 0] Action entry is NoAction - 
[15:47:08.638] [bmv2] [T] [thread 50892] [20.0] [cxt 0] Action NoAction
[15:47:08.638] [bmv2] [T] [thread 50892] [20.0] [cxt 0] ../../P4_code/compare_dht_forward.p4(251) Condition "hdr.dht.message_type==3 || hdr.dht.message_type==2" (node_9) is false
[15:47:08.638] [bmv2] [D] [thread 50892] [20.0] [cxt 0] Pipeline 'ingress': end
[15:47:08.638] [bmv2] [D] [thread 50892] [20.0] [cxt 0] Egress port is 0
[15:47:08.638] [bmv2] [D] [thread 50893] [20.0] [cxt 0] Pipeline 'egress': start
[15:47:08.638] [bmv2] [D] [thread 50893] [20.0] [cxt 0] Pipeline 'egress': end
[15:47:08.638] [bmv2] [D] [thread 50893] [20.0] [cxt 0] Deparser 'deparser': start
[15:47:08.638] [bmv2] [T] [thread 50893] [20.0] [cxt 0] Skipping checksum 'cksum' update because condition not met
[15:47:08.638] [bmv2] [D] [thread 50893] [20.0] [cxt 0] Deparsing header 'ethernet'
[15:47:08.638] [bmv2] [D] [thread 50893] [20.0] [cxt 0] Deparsing header 'dht'
[15:47:08.638] [bmv2] [D] [thread 50893] [20.0] [cxt 0] Deparser 'deparser': end
[15:47:08.638] [bmv2] [D] [thread 50897] [20.0] [cxt 0] Transmitting packet of size 70 out of port 0
open: No such file or directory
open: No such file or directory
open: No such file or directory
open: No such file or directory
open: No such file or directory
open: No such file or directory
open: No such file or directory
