Calling target program-options parser
[16:43:11.772] [bmv2] [D] [thread 49053] Set default default entry for table 'ThisIngress.ipv4_lpm': ThisIngress.my_drop - 
[16:43:11.773] [bmv2] [D] [thread 49053] Set default default entry for table 'tbl_first_contact': ThisIngress.first_contact - 
[16:43:11.773] [bmv2] [D] [thread 49053] Set default default entry for table 'tbl_send_to_controller_simple': ThisIngress.send_to_controller_simple - 
[16:43:11.773] [bmv2] [D] [thread 49053] Set default default entry for table 'ThisIngress.no_hop_lookup': NoAction - 
[16:43:11.773] [bmv2] [D] [thread 49053] Set default default entry for table 'tbl_compare_dht_forward258': compare_dht_forward258 - 
[16:43:11.773] [bmv2] [D] [thread 49053] Set default default entry for table 'tbl_compare_dht_forward261': compare_dht_forward261 - 
[16:43:11.773] [bmv2] [D] [thread 49053] Set default default entry for table 'tbl_send_to_controller_simple_0': ThisIngress.send_to_controller_simple - 
Adding interface s_c-eth1 as port 1
[16:43:11.773] [bmv2] [D] [thread 49053] Adding interface s_c-eth1 as port 1
Adding interface s_c-eth2 as port 2
[16:43:11.802] [bmv2] [D] [thread 49053] Adding interface s_c-eth2 as port 2
Adding interface s_c-eth3 as port 3
[16:43:11.845] [bmv2] [D] [thread 49053] Adding interface s_c-eth3 as port 3
Server listening on 0.0.0.0:50053
[16:43:11.876] [bmv2] [I] [thread 49053] Starting Thrift server on port 9092
[16:43:11.876] [bmv2] [I] [thread 49053] Thrift server was started
[16:43:11.877] [bmv2] [D] [thread 49063] [0.0] [cxt 0] Processing packet received on port 1
[16:43:11.877] [bmv2] [D] [thread 49063] [0.0] [cxt 0] Parser 'parser': start
[16:43:11.877] [bmv2] [D] [thread 49063] [0.0] [cxt 0] Parser 'parser' entering state 'start'
[16:43:11.877] [bmv2] [D] [thread 49063] [0.0] [cxt 0] Parser state 'start': key is 0001
[16:43:11.877] [bmv2] [T] [thread 49063] [0.0] [cxt 0] Bytes parsed: 0
[16:43:11.877] [bmv2] [D] [thread 49063] [0.0] [cxt 0] Parser 'parser' entering state 'parse_ethernet'
[16:43:11.877] [bmv2] [D] [thread 49063] [0.0] [cxt 0] Extracting header 'ethernet'
[16:43:11.877] [bmv2] [D] [thread 49063] [0.0] [cxt 0] Parser state 'parse_ethernet': key is 86dd
[16:43:11.877] [bmv2] [T] [thread 49063] [0.0] [cxt 0] Bytes parsed: 14
[16:43:11.877] [bmv2] [D] [thread 49063] [0.0] [cxt 0] Parser 'parser' entering state 'parse_ipv4'
[16:43:11.877] [bmv2] [D] [thread 49063] [0.0] [cxt 0] Extracting header 'ipv4'
[16:43:11.877] [bmv2] [D] [thread 49063] [0.0] [cxt 0] Parser state 'parse_ipv4': key is 80
[16:43:11.877] [bmv2] [T] [thread 49063] [0.0] [cxt 0] Bytes parsed: 34
[16:43:11.877] [bmv2] [T] [thread 49063] [0.0] [cxt 0] Skipping checksum 'cksum_0' verification because condition not met
[16:43:11.877] [bmv2] [D] [thread 49063] [0.0] [cxt 0] Parser 'parser': end
[16:43:11.877] [bmv2] [D] [thread 49063] [0.0] [cxt 0] Pipeline 'ingress': start
[16:43:11.877] [bmv2] [T] [thread 49063] [0.0] [cxt 0] ../../P4_code/compare_dht_forward.p4(243) Condition "hdr.ipv4.isValid()" (node_2) is true
[16:43:11.878] [bmv2] [T] [thread 49063] [0.0] [cxt 0] Applying table 'ThisIngress.ipv4_lpm'
[16:43:11.878] [bmv2] [D] [thread 49063] [0.0] [cxt 0] Looking up key:
* hdr.ipv4.dstAddr    : 083744ff

[16:43:11.878] [bmv2] [D] [thread 49063] [0.0] [cxt 0] Table 'ThisIngress.ipv4_lpm': miss
[16:43:11.878] [bmv2] [D] [thread 49063] [0.0] [cxt 0] Action entry is ThisIngress.my_drop - 
[16:43:11.878] [bmv2] [T] [thread 49063] [0.0] [cxt 0] Action ThisIngress.my_drop
[16:43:11.878] [bmv2] [T] [thread 49063] [0.0] [cxt 0] ../../P4_code/compare_dht_forward.p4(172) Primitive mark_to_drop(standard_metadata)
[16:43:11.878] [bmv2] [T] [thread 49063] [0.0] [cxt 0] ../../P4_code/compare_dht_forward.p4(247) Condition "hdr.dht.isValid()" (node_4) is false
[16:43:11.878] [bmv2] [D] [thread 49063] [0.0] [cxt 0] Pipeline 'ingress': end
[16:43:11.878] [bmv2] [D] [thread 49063] [0.0] [cxt 0] Egress port is 511
[16:43:11.878] [bmv2] [D] [thread 49063] [0.0] [cxt 0] Dropping packet at the end of ingress
[16:43:12.295] [bmv2] [D] [thread 49063] [1.0] [cxt 0] Processing packet received on port 3
[16:43:12.295] [bmv2] [D] [thread 49063] [1.0] [cxt 0] Parser 'parser': start
[16:43:12.295] [bmv2] [D] [thread 49063] [1.0] [cxt 0] Parser 'parser' entering state 'start'
[16:43:12.295] [bmv2] [D] [thread 49063] [1.0] [cxt 0] Parser state 'start': key is 0003
[16:43:12.295] [bmv2] [T] [thread 49063] [1.0] [cxt 0] Bytes parsed: 0
[16:43:12.295] [bmv2] [D] [thread 49063] [1.0] [cxt 0] Parser 'parser' entering state 'parse_ethernet'
[16:43:12.295] [bmv2] [D] [thread 49063] [1.0] [cxt 0] Extracting header 'ethernet'
[16:43:12.295] [bmv2] [D] [thread 49063] [1.0] [cxt 0] Parser state 'parse_ethernet': key is 86dd
[16:43:12.295] [bmv2] [T] [thread 49063] [1.0] [cxt 0] Bytes parsed: 14
[16:43:12.295] [bmv2] [D] [thread 49063] [1.0] [cxt 0] Parser 'parser' entering state 'parse_ipv4'
[16:43:12.295] [bmv2] [D] [thread 49063] [1.0] [cxt 0] Extracting header 'ipv4'
[16:43:12.295] [bmv2] [D] [thread 49063] [1.0] [cxt 0] Parser state 'parse_ipv4': key is 80
[16:43:12.295] [bmv2] [T] [thread 49063] [1.0] [cxt 0] Bytes parsed: 34
[16:43:12.295] [bmv2] [T] [thread 49063] [1.0] [cxt 0] Skipping checksum 'cksum_0' verification because condition not met
[16:43:12.295] [bmv2] [D] [thread 49063] [1.0] [cxt 0] Parser 'parser': end
[16:43:12.295] [bmv2] [D] [thread 49063] [1.0] [cxt 0] Pipeline 'ingress': start
[16:43:12.295] [bmv2] [T] [thread 49063] [1.0] [cxt 0] ../../P4_code/compare_dht_forward.p4(243) Condition "hdr.ipv4.isValid()" (node_2) is true
[16:43:12.295] [bmv2] [T] [thread 49063] [1.0] [cxt 0] Applying table 'ThisIngress.ipv4_lpm'
[16:43:12.295] [bmv2] [D] [thread 49063] [1.0] [cxt 0] Looking up key:
* hdr.ipv4.dstAddr    : 00bce8ff

[16:43:12.295] [bmv2] [D] [thread 49063] [1.0] [cxt 0] Table 'ThisIngress.ipv4_lpm': miss
[16:43:12.295] [bmv2] [D] [thread 49063] [1.0] [cxt 0] Action entry is ThisIngress.my_drop - 
[16:43:12.295] [bmv2] [T] [thread 49063] [1.0] [cxt 0] Action ThisIngress.my_drop
[16:43:12.295] [bmv2] [T] [thread 49063] [1.0] [cxt 0] ../../P4_code/compare_dht_forward.p4(172) Primitive mark_to_drop(standard_metadata)
[16:43:12.295] [bmv2] [T] [thread 49063] [1.0] [cxt 0] ../../P4_code/compare_dht_forward.p4(247) Condition "hdr.dht.isValid()" (node_4) is false
[16:43:12.295] [bmv2] [D] [thread 49063] [1.0] [cxt 0] Pipeline 'ingress': end
[16:43:12.295] [bmv2] [D] [thread 49063] [1.0] [cxt 0] Egress port is 511
[16:43:12.295] [bmv2] [D] [thread 49063] [1.0] [cxt 0] Dropping packet at the end of ingress
[16:43:12.322] [bmv2] [D] [thread 49063] [2.0] [cxt 0] Processing packet received on port 3
[16:43:12.322] [bmv2] [D] [thread 49063] [2.0] [cxt 0] Parser 'parser': start
[16:43:12.322] [bmv2] [D] [thread 49063] [2.0] [cxt 0] Parser 'parser' entering state 'start'
[16:43:12.323] [bmv2] [D] [thread 49063] [2.0] [cxt 0] Parser state 'start': key is 0003
[16:43:12.323] [bmv2] [T] [thread 49063] [2.0] [cxt 0] Bytes parsed: 0
[16:43:12.323] [bmv2] [D] [thread 49063] [2.0] [cxt 0] Parser 'parser' entering state 'parse_ethernet'
[16:43:12.323] [bmv2] [D] [thread 49063] [2.0] [cxt 0] Extracting header 'ethernet'
[16:43:12.323] [bmv2] [D] [thread 49063] [2.0] [cxt 0] Parser state 'parse_ethernet': key is 86dd
[16:43:12.323] [bmv2] [T] [thread 49063] [2.0] [cxt 0] Bytes parsed: 14
[16:43:12.323] [bmv2] [D] [thread 49063] [2.0] [cxt 0] Parser 'parser' entering state 'parse_ipv4'
[16:43:12.323] [bmv2] [D] [thread 49063] [2.0] [cxt 0] Extracting header 'ipv4'
[16:43:12.323] [bmv2] [D] [thread 49063] [2.0] [cxt 0] Parser state 'parse_ipv4': key is 80
[16:43:12.323] [bmv2] [T] [thread 49063] [2.0] [cxt 0] Bytes parsed: 34
[16:43:12.323] [bmv2] [T] [thread 49063] [2.0] [cxt 0] Skipping checksum 'cksum_0' verification because condition not met
[16:43:12.323] [bmv2] [D] [thread 49063] [2.0] [cxt 0] Parser 'parser': end
[16:43:12.323] [bmv2] [D] [thread 49063] [2.0] [cxt 0] Pipeline 'ingress': start
[16:43:12.323] [bmv2] [T] [thread 49063] [2.0] [cxt 0] ../../P4_code/compare_dht_forward.p4(243) Condition "hdr.ipv4.isValid()" (node_2) is true
[16:43:12.323] [bmv2] [T] [thread 49063] [2.0] [cxt 0] Applying table 'ThisIngress.ipv4_lpm'
[16:43:12.323] [bmv2] [D] [thread 49063] [2.0] [cxt 0] Looking up key:
* hdr.ipv4.dstAddr    : 5c265eff

[16:43:12.323] [bmv2] [D] [thread 49063] [2.0] [cxt 0] Table 'ThisIngress.ipv4_lpm': miss
[16:43:12.323] [bmv2] [D] [thread 49063] [2.0] [cxt 0] Action entry is ThisIngress.my_drop - 
[16:43:12.323] [bmv2] [T] [thread 49063] [2.0] [cxt 0] Action ThisIngress.my_drop
[16:43:12.323] [bmv2] [T] [thread 49063] [2.0] [cxt 0] ../../P4_code/compare_dht_forward.p4(172) Primitive mark_to_drop(standard_metadata)
[16:43:12.323] [bmv2] [T] [thread 49063] [2.0] [cxt 0] ../../P4_code/compare_dht_forward.p4(247) Condition "hdr.dht.isValid()" (node_4) is false
[16:43:12.323] [bmv2] [D] [thread 49063] [2.0] [cxt 0] Pipeline 'ingress': end
[16:43:12.323] [bmv2] [D] [thread 49063] [2.0] [cxt 0] Egress port is 511
[16:43:12.323] [bmv2] [D] [thread 49063] [2.0] [cxt 0] Dropping packet at the end of ingress
[16:43:12.707] [bmv2] [D] [thread 49063] [3.0] [cxt 0] Processing packet received on port 2
[16:43:12.707] [bmv2] [D] [thread 49063] [3.0] [cxt 0] Parser 'parser': start
[16:43:12.707] [bmv2] [D] [thread 49063] [3.0] [cxt 0] Parser 'parser' entering state 'start'
[16:43:12.707] [bmv2] [D] [thread 49063] [3.0] [cxt 0] Parser state 'start': key is 0002
[16:43:12.707] [bmv2] [T] [thread 49063] [3.0] [cxt 0] Bytes parsed: 0
[16:43:12.707] [bmv2] [D] [thread 49063] [3.0] [cxt 0] Parser 'parser' entering state 'parse_ethernet'
[16:43:12.707] [bmv2] [D] [thread 49063] [3.0] [cxt 0] Extracting header 'ethernet'
[16:43:12.707] [bmv2] [D] [thread 49063] [3.0] [cxt 0] Parser state 'parse_ethernet': key is 86dd
[16:43:12.707] [bmv2] [T] [thread 49063] [3.0] [cxt 0] Bytes parsed: 14
[16:43:12.707] [bmv2] [D] [thread 49063] [3.0] [cxt 0] Parser 'parser' entering state 'parse_ipv4'
[16:43:12.707] [bmv2] [D] [thread 49063] [3.0] [cxt 0] Extracting header 'ipv4'
[16:43:12.707] [bmv2] [D] [thread 49063] [3.0] [cxt 0] Parser state 'parse_ipv4': key is 80
[16:43:12.707] [bmv2] [T] [thread 49063] [3.0] [cxt 0] Bytes parsed: 34
[16:43:12.707] [bmv2] [T] [thread 49063] [3.0] [cxt 0] Skipping checksum 'cksum_0' verification because condition not met
[16:43:12.707] [bmv2] [D] [thread 49063] [3.0] [cxt 0] Parser 'parser': end
[16:43:12.707] [bmv2] [D] [thread 49063] [3.0] [cxt 0] Pipeline 'ingress': start
[16:43:12.707] [bmv2] [T] [thread 49063] [3.0] [cxt 0] ../../P4_code/compare_dht_forward.p4(243) Condition "hdr.ipv4.isValid()" (node_2) is true
[16:43:12.707] [bmv2] [T] [thread 49063] [3.0] [cxt 0] Applying table 'ThisIngress.ipv4_lpm'
[16:43:12.707] [bmv2] [D] [thread 49063] [3.0] [cxt 0] Looking up key:
* hdr.ipv4.dstAddr    : 5c60b0ff

[16:43:12.707] [bmv2] [D] [thread 49063] [3.0] [cxt 0] Table 'ThisIngress.ipv4_lpm': miss
[16:43:12.707] [bmv2] [D] [thread 49063] [3.0] [cxt 0] Action entry is ThisIngress.my_drop - 
[16:43:12.707] [bmv2] [T] [thread 49063] [3.0] [cxt 0] Action ThisIngress.my_drop
[16:43:12.707] [bmv2] [T] [thread 49063] [3.0] [cxt 0] ../../P4_code/compare_dht_forward.p4(172) Primitive mark_to_drop(standard_metadata)
[16:43:12.707] [bmv2] [T] [thread 49063] [3.0] [cxt 0] ../../P4_code/compare_dht_forward.p4(247) Condition "hdr.dht.isValid()" (node_4) is false
[16:43:12.707] [bmv2] [D] [thread 49063] [3.0] [cxt 0] Pipeline 'ingress': end
[16:43:12.707] [bmv2] [D] [thread 49063] [3.0] [cxt 0] Egress port is 511
[16:43:12.707] [bmv2] [D] [thread 49063] [3.0] [cxt 0] Dropping packet at the end of ingress
[16:43:14.441] [bmv2] [D] [thread 49063] [4.0] [cxt 0] Processing packet received on port 1
[16:43:14.441] [bmv2] [D] [thread 49063] [4.0] [cxt 0] Parser 'parser': start
[16:43:14.441] [bmv2] [D] [thread 49063] [4.0] [cxt 0] Parser 'parser' entering state 'start'
[16:43:14.442] [bmv2] [D] [thread 49063] [4.0] [cxt 0] Parser state 'start': key is 0001
[16:43:14.442] [bmv2] [T] [thread 49063] [4.0] [cxt 0] Bytes parsed: 0
[16:43:14.442] [bmv2] [D] [thread 49063] [4.0] [cxt 0] Parser 'parser' entering state 'parse_ethernet'
[16:43:14.442] [bmv2] [D] [thread 49063] [4.0] [cxt 0] Extracting header 'ethernet'
[16:43:14.442] [bmv2] [D] [thread 49063] [4.0] [cxt 0] Parser state 'parse_ethernet': key is 86dd
[16:43:14.442] [bmv2] [T] [thread 49063] [4.0] [cxt 0] Bytes parsed: 14
[16:43:14.442] [bmv2] [D] [thread 49063] [4.0] [cxt 0] Parser 'parser' entering state 'parse_ipv4'
[16:43:14.442] [bmv2] [D] [thread 49063] [4.0] [cxt 0] Extracting header 'ipv4'
[16:43:14.442] [bmv2] [D] [thread 49063] [4.0] [cxt 0] Parser state 'parse_ipv4': key is 80
[16:43:14.442] [bmv2] [T] [thread 49063] [4.0] [cxt 0] Bytes parsed: 34
[16:43:14.442] [bmv2] [T] [thread 49063] [4.0] [cxt 0] Skipping checksum 'cksum_0' verification because condition not met
[16:43:14.442] [bmv2] [D] [thread 49063] [4.0] [cxt 0] Parser 'parser': end
[16:43:14.442] [bmv2] [D] [thread 49063] [4.0] [cxt 0] Pipeline 'ingress': start
[16:43:14.442] [bmv2] [T] [thread 49063] [4.0] [cxt 0] ../../P4_code/compare_dht_forward.p4(243) Condition "hdr.ipv4.isValid()" (node_2) is true
[16:43:14.442] [bmv2] [T] [thread 49063] [4.0] [cxt 0] Applying table 'ThisIngress.ipv4_lpm'
[16:43:14.442] [bmv2] [D] [thread 49063] [4.0] [cxt 0] Looking up key:
* hdr.ipv4.dstAddr    : d4ce9dff

[16:43:14.442] [bmv2] [D] [thread 49063] [4.0] [cxt 0] Table 'ThisIngress.ipv4_lpm': miss
[16:43:14.442] [bmv2] [D] [thread 49063] [4.0] [cxt 0] Action entry is ThisIngress.my_drop - 
[16:43:14.442] [bmv2] [T] [thread 49063] [4.0] [cxt 0] Action ThisIngress.my_drop
[16:43:14.442] [bmv2] [T] [thread 49063] [4.0] [cxt 0] ../../P4_code/compare_dht_forward.p4(172) Primitive mark_to_drop(standard_metadata)
[16:43:14.442] [bmv2] [T] [thread 49063] [4.0] [cxt 0] ../../P4_code/compare_dht_forward.p4(247) Condition "hdr.dht.isValid()" (node_4) is false
[16:43:14.442] [bmv2] [D] [thread 49063] [4.0] [cxt 0] Pipeline 'ingress': end
[16:43:14.442] [bmv2] [D] [thread 49063] [4.0] [cxt 0] Egress port is 511
[16:43:14.442] [bmv2] [D] [thread 49063] [4.0] [cxt 0] Dropping packet at the end of ingress
[16:43:14.949] [bmv2] [D] [thread 49063] [5.0] [cxt 0] Processing packet received on port 1
[16:43:14.949] [bmv2] [D] [thread 49063] [5.0] [cxt 0] Parser 'parser': start
[16:43:14.949] [bmv2] [D] [thread 49063] [5.0] [cxt 0] Parser 'parser' entering state 'start'
[16:43:14.949] [bmv2] [D] [thread 49063] [5.0] [cxt 0] Parser state 'start': key is 0001
[16:43:14.949] [bmv2] [T] [thread 49063] [5.0] [cxt 0] Bytes parsed: 0
[16:43:14.949] [bmv2] [D] [thread 49063] [5.0] [cxt 0] Parser 'parser' entering state 'parse_ethernet'
[16:43:14.949] [bmv2] [D] [thread 49063] [5.0] [cxt 0] Extracting header 'ethernet'
[16:43:14.949] [bmv2] [D] [thread 49063] [5.0] [cxt 0] Parser state 'parse_ethernet': key is 86dd
[16:43:14.949] [bmv2] [T] [thread 49063] [5.0] [cxt 0] Bytes parsed: 14
[16:43:14.949] [bmv2] [D] [thread 49063] [5.0] [cxt 0] Parser 'parser' entering state 'parse_ipv4'
[16:43:14.949] [bmv2] [D] [thread 49063] [5.0] [cxt 0] Extracting header 'ipv4'
[16:43:14.949] [bmv2] [D] [thread 49063] [5.0] [cxt 0] Parser state 'parse_ipv4': key is 80
[16:43:14.949] [bmv2] [T] [thread 49063] [5.0] [cxt 0] Bytes parsed: 34
[16:43:14.949] [bmv2] [T] [thread 49063] [5.0] [cxt 0] Skipping checksum 'cksum_0' verification because condition not met
[16:43:14.949] [bmv2] [D] [thread 49063] [5.0] [cxt 0] Parser 'parser': end
[16:43:14.949] [bmv2] [D] [thread 49063] [5.0] [cxt 0] Pipeline 'ingress': start
[16:43:14.949] [bmv2] [T] [thread 49063] [5.0] [cxt 0] ../../P4_code/compare_dht_forward.p4(243) Condition "hdr.ipv4.isValid()" (node_2) is true
[16:43:14.949] [bmv2] [T] [thread 49063] [5.0] [cxt 0] Applying table 'ThisIngress.ipv4_lpm'
[16:43:14.949] [bmv2] [D] [thread 49063] [5.0] [cxt 0] Looking up key:
* hdr.ipv4.dstAddr    : 083744ff

[16:43:14.949] [bmv2] [D] [thread 49063] [5.0] [cxt 0] Table 'ThisIngress.ipv4_lpm': miss
[16:43:14.949] [bmv2] [D] [thread 49063] [5.0] [cxt 0] Action entry is ThisIngress.my_drop - 
[16:43:14.949] [bmv2] [T] [thread 49063] [5.0] [cxt 0] Action ThisIngress.my_drop
[16:43:14.949] [bmv2] [T] [thread 49063] [5.0] [cxt 0] ../../P4_code/compare_dht_forward.p4(172) Primitive mark_to_drop(standard_metadata)
[16:43:14.949] [bmv2] [T] [thread 49063] [5.0] [cxt 0] ../../P4_code/compare_dht_forward.p4(247) Condition "hdr.dht.isValid()" (node_4) is false
[16:43:14.949] [bmv2] [D] [thread 49063] [5.0] [cxt 0] Pipeline 'ingress': end
[16:43:14.949] [bmv2] [D] [thread 49063] [5.0] [cxt 0] Egress port is 511
[16:43:14.949] [bmv2] [D] [thread 49063] [5.0] [cxt 0] Dropping packet at the end of ingress
[16:43:15.459] [bmv2] [D] [thread 49063] [6.0] [cxt 0] Processing packet received on port 2
[16:43:15.460] [bmv2] [D] [thread 49063] [6.0] [cxt 0] Parser 'parser': start
[16:43:15.460] [bmv2] [D] [thread 49063] [6.0] [cxt 0] Parser 'parser' entering state 'start'
[16:43:15.460] [bmv2] [D] [thread 49063] [6.0] [cxt 0] Parser state 'start': key is 0002
[16:43:15.460] [bmv2] [T] [thread 49063] [6.0] [cxt 0] Bytes parsed: 0
[16:43:15.460] [bmv2] [D] [thread 49063] [6.0] [cxt 0] Parser 'parser' entering state 'parse_ethernet'
[16:43:15.460] [bmv2] [D] [thread 49063] [6.0] [cxt 0] Extracting header 'ethernet'
[16:43:15.460] [bmv2] [D] [thread 49063] [6.0] [cxt 0] Parser state 'parse_ethernet': key is 86dd
[16:43:15.460] [bmv2] [T] [thread 49063] [6.0] [cxt 0] Bytes parsed: 14
[16:43:15.460] [bmv2] [D] [thread 49063] [6.0] [cxt 0] Parser 'parser' entering state 'parse_ipv4'
[16:43:15.460] [bmv2] [D] [thread 49063] [6.0] [cxt 0] Extracting header 'ipv4'
[16:43:15.460] [bmv2] [D] [thread 49063] [6.0] [cxt 0] Parser state 'parse_ipv4': key is 80
[16:43:15.460] [bmv2] [T] [thread 49063] [6.0] [cxt 0] Bytes parsed: 34
[16:43:15.460] [bmv2] [T] [thread 49063] [6.0] [cxt 0] Skipping checksum 'cksum_0' verification because condition not met
[16:43:15.460] [bmv2] [D] [thread 49063] [6.0] [cxt 0] Parser 'parser': end
[16:43:15.460] [bmv2] [D] [thread 49063] [6.0] [cxt 0] Pipeline 'ingress': start
[16:43:15.460] [bmv2] [T] [thread 49063] [6.0] [cxt 0] ../../P4_code/compare_dht_forward.p4(243) Condition "hdr.ipv4.isValid()" (node_2) is true
[16:43:15.460] [bmv2] [T] [thread 49063] [6.0] [cxt 0] Applying table 'ThisIngress.ipv4_lpm'
[16:43:15.460] [bmv2] [D] [thread 49063] [6.0] [cxt 0] Looking up key:
* hdr.ipv4.dstAddr    : a44fc1ff

[16:43:15.460] [bmv2] [D] [thread 49063] [6.0] [cxt 0] Table 'ThisIngress.ipv4_lpm': miss
[16:43:15.460] [bmv2] [D] [thread 49063] [6.0] [cxt 0] Action entry is ThisIngress.my_drop - 
[16:43:15.460] [bmv2] [T] [thread 49063] [6.0] [cxt 0] Action ThisIngress.my_drop
[16:43:15.460] [bmv2] [T] [thread 49063] [6.0] [cxt 0] ../../P4_code/compare_dht_forward.p4(172) Primitive mark_to_drop(standard_metadata)
[16:43:15.460] [bmv2] [T] [thread 49063] [6.0] [cxt 0] ../../P4_code/compare_dht_forward.p4(247) Condition "hdr.dht.isValid()" (node_4) is false
[16:43:15.460] [bmv2] [D] [thread 49063] [6.0] [cxt 0] Pipeline 'ingress': end
[16:43:15.460] [bmv2] [D] [thread 49063] [6.0] [cxt 0] Egress port is 511
[16:43:15.460] [bmv2] [D] [thread 49063] [6.0] [cxt 0] Dropping packet at the end of ingress
[16:43:15.718] [bmv2] [D] [thread 49063] [7.0] [cxt 0] Processing packet received on port 2
[16:43:15.718] [bmv2] [D] [thread 49063] [7.0] [cxt 0] Parser 'parser': start
[16:43:15.718] [bmv2] [D] [thread 49063] [7.0] [cxt 0] Parser 'parser' entering state 'start'
[16:43:15.718] [bmv2] [D] [thread 49063] [7.0] [cxt 0] Parser state 'start': key is 0002
[16:43:15.718] [bmv2] [T] [thread 49063] [7.0] [cxt 0] Bytes parsed: 0
[16:43:15.718] [bmv2] [D] [thread 49063] [7.0] [cxt 0] Parser 'parser' entering state 'parse_ethernet'
[16:43:15.718] [bmv2] [D] [thread 49063] [7.0] [cxt 0] Extracting header 'ethernet'
[16:43:15.718] [bmv2] [D] [thread 49063] [7.0] [cxt 0] Parser state 'parse_ethernet': key is 86dd
[16:43:15.718] [bmv2] [T] [thread 49063] [7.0] [cxt 0] Bytes parsed: 14
[16:43:15.718] [bmv2] [D] [thread 49063] [7.0] [cxt 0] Parser 'parser' entering state 'parse_ipv4'
[16:43:15.718] [bmv2] [D] [thread 49063] [7.0] [cxt 0] Extracting header 'ipv4'
[16:43:15.718] [bmv2] [D] [thread 49063] [7.0] [cxt 0] Parser state 'parse_ipv4': key is 80
[16:43:15.718] [bmv2] [T] [thread 49063] [7.0] [cxt 0] Bytes parsed: 34
[16:43:15.718] [bmv2] [T] [thread 49063] [7.0] [cxt 0] Skipping checksum 'cksum_0' verification because condition not met
[16:43:15.718] [bmv2] [D] [thread 49063] [7.0] [cxt 0] Parser 'parser': end
[16:43:15.718] [bmv2] [D] [thread 49063] [7.0] [cxt 0] Pipeline 'ingress': start
[16:43:15.718] [bmv2] [T] [thread 49063] [7.0] [cxt 0] ../../P4_code/compare_dht_forward.p4(243) Condition "hdr.ipv4.isValid()" (node_2) is true
[16:43:15.718] [bmv2] [T] [thread 49063] [7.0] [cxt 0] Applying table 'ThisIngress.ipv4_lpm'
[16:43:15.718] [bmv2] [D] [thread 49063] [7.0] [cxt 0] Looking up key:
* hdr.ipv4.dstAddr    : 5c60b0ff

[16:43:15.718] [bmv2] [D] [thread 49063] [7.0] [cxt 0] Table 'ThisIngress.ipv4_lpm': miss
[16:43:15.718] [bmv2] [D] [thread 49063] [7.0] [cxt 0] Action entry is ThisIngress.my_drop - 
[16:43:15.718] [bmv2] [T] [thread 49063] [7.0] [cxt 0] Action ThisIngress.my_drop
[16:43:15.718] [bmv2] [T] [thread 49063] [7.0] [cxt 0] ../../P4_code/compare_dht_forward.p4(172) Primitive mark_to_drop(standard_metadata)
[16:43:15.718] [bmv2] [T] [thread 49063] [7.0] [cxt 0] ../../P4_code/compare_dht_forward.p4(247) Condition "hdr.dht.isValid()" (node_4) is false
[16:43:15.718] [bmv2] [D] [thread 49063] [7.0] [cxt 0] Pipeline 'ingress': end
[16:43:15.718] [bmv2] [D] [thread 49063] [7.0] [cxt 0] Egress port is 511
[16:43:15.718] [bmv2] [D] [thread 49063] [7.0] [cxt 0] Dropping packet at the end of ingress
[16:43:15.718] [bmv2] [D] [thread 49063] [8.0] [cxt 0] Processing packet received on port 3
[16:43:15.718] [bmv2] [D] [thread 49063] [8.0] [cxt 0] Parser 'parser': start
[16:43:15.718] [bmv2] [D] [thread 49063] [8.0] [cxt 0] Parser 'parser' entering state 'start'
[16:43:15.718] [bmv2] [D] [thread 49063] [8.0] [cxt 0] Parser state 'start': key is 0003
[16:43:15.718] [bmv2] [T] [thread 49063] [8.0] [cxt 0] Bytes parsed: 0
[16:43:15.718] [bmv2] [D] [thread 49063] [8.0] [cxt 0] Parser 'parser' entering state 'parse_ethernet'
[16:43:15.718] [bmv2] [D] [thread 49063] [8.0] [cxt 0] Extracting header 'ethernet'
[16:43:15.718] [bmv2] [D] [thread 49063] [8.0] [cxt 0] Parser state 'parse_ethernet': key is 86dd
[16:43:15.718] [bmv2] [T] [thread 49063] [8.0] [cxt 0] Bytes parsed: 14
[16:43:15.718] [bmv2] [D] [thread 49063] [8.0] [cxt 0] Parser 'parser' entering state 'parse_ipv4'
[16:43:15.718] [bmv2] [D] [thread 49063] [8.0] [cxt 0] Extracting header 'ipv4'
[16:43:15.718] [bmv2] [D] [thread 49063] [8.0] [cxt 0] Parser state 'parse_ipv4': key is 80
[16:43:15.718] [bmv2] [T] [thread 49063] [8.0] [cxt 0] Bytes parsed: 34
[16:43:15.718] [bmv2] [T] [thread 49063] [8.0] [cxt 0] Skipping checksum 'cksum_0' verification because condition not met
[16:43:15.718] [bmv2] [D] [thread 49063] [8.0] [cxt 0] Parser 'parser': end
[16:43:15.718] [bmv2] [D] [thread 49063] [8.0] [cxt 0] Pipeline 'ingress': start
[16:43:15.718] [bmv2] [T] [thread 49063] [8.0] [cxt 0] ../../P4_code/compare_dht_forward.p4(243) Condition "hdr.ipv4.isValid()" (node_2) is true
[16:43:15.718] [bmv2] [T] [thread 49063] [8.0] [cxt 0] Applying table 'ThisIngress.ipv4_lpm'
[16:43:15.718] [bmv2] [D] [thread 49063] [8.0] [cxt 0] Looking up key:
* hdr.ipv4.dstAddr    : 00bce8ff

[16:43:15.718] [bmv2] [D] [thread 49063] [8.0] [cxt 0] Table 'ThisIngress.ipv4_lpm': miss
[16:43:15.718] [bmv2] [D] [thread 49063] [8.0] [cxt 0] Action entry is ThisIngress.my_drop - 
[16:43:15.718] [bmv2] [T] [thread 49063] [8.0] [cxt 0] Action ThisIngress.my_drop
[16:43:15.718] [bmv2] [T] [thread 49063] [8.0] [cxt 0] ../../P4_code/compare_dht_forward.p4(172) Primitive mark_to_drop(standard_metadata)
[16:43:15.718] [bmv2] [T] [thread 49063] [8.0] [cxt 0] ../../P4_code/compare_dht_forward.p4(247) Condition "hdr.dht.isValid()" (node_4) is false
[16:43:15.718] [bmv2] [D] [thread 49063] [8.0] [cxt 0] Pipeline 'ingress': end
[16:43:15.718] [bmv2] [D] [thread 49063] [8.0] [cxt 0] Egress port is 511
[16:43:15.718] [bmv2] [D] [thread 49063] [8.0] [cxt 0] Dropping packet at the end of ingress
[16:43:15.972] [bmv2] [D] [thread 49063] [9.0] [cxt 0] Processing packet received on port 3
[16:43:15.972] [bmv2] [D] [thread 49063] [9.0] [cxt 0] Parser 'parser': start
[16:43:15.972] [bmv2] [D] [thread 49063] [9.0] [cxt 0] Parser 'parser' entering state 'start'
[16:43:15.972] [bmv2] [D] [thread 49063] [9.0] [cxt 0] Parser state 'start': key is 0003
[16:43:15.972] [bmv2] [T] [thread 49063] [9.0] [cxt 0] Bytes parsed: 0
[16:43:15.972] [bmv2] [D] [thread 49063] [9.0] [cxt 0] Parser 'parser' entering state 'parse_ethernet'
[16:43:15.972] [bmv2] [D] [thread 49063] [9.0] [cxt 0] Extracting header 'ethernet'
[16:43:15.972] [bmv2] [D] [thread 49063] [9.0] [cxt 0] Parser state 'parse_ethernet': key is 86dd
[16:43:15.972] [bmv2] [T] [thread 49063] [9.0] [cxt 0] Bytes parsed: 14
[16:43:15.972] [bmv2] [D] [thread 49063] [9.0] [cxt 0] Parser 'parser' entering state 'parse_ipv4'
[16:43:15.972] [bmv2] [D] [thread 49063] [9.0] [cxt 0] Extracting header 'ipv4'
[16:43:15.972] [bmv2] [D] [thread 49063] [9.0] [cxt 0] Parser state 'parse_ipv4': key is 80
[16:43:15.972] [bmv2] [T] [thread 49063] [9.0] [cxt 0] Bytes parsed: 34
[16:43:15.972] [bmv2] [T] [thread 49063] [9.0] [cxt 0] Skipping checksum 'cksum_0' verification because condition not met
[16:43:15.972] [bmv2] [D] [thread 49063] [9.0] [cxt 0] Parser 'parser': end
[16:43:15.972] [bmv2] [D] [thread 49063] [9.0] [cxt 0] Pipeline 'ingress': start
[16:43:15.972] [bmv2] [T] [thread 49063] [9.0] [cxt 0] ../../P4_code/compare_dht_forward.p4(243) Condition "hdr.ipv4.isValid()" (node_2) is true
[16:43:15.972] [bmv2] [T] [thread 49063] [9.0] [cxt 0] Applying table 'ThisIngress.ipv4_lpm'
[16:43:15.972] [bmv2] [D] [thread 49063] [9.0] [cxt 0] Looking up key:
* hdr.ipv4.dstAddr    : 5c265eff

[16:43:15.972] [bmv2] [D] [thread 49063] [9.0] [cxt 0] Table 'ThisIngress.ipv4_lpm': miss
[16:43:15.972] [bmv2] [D] [thread 49063] [9.0] [cxt 0] Action entry is ThisIngress.my_drop - 
[16:43:15.972] [bmv2] [T] [thread 49063] [9.0] [cxt 0] Action ThisIngress.my_drop
[16:43:15.972] [bmv2] [T] [thread 49063] [9.0] [cxt 0] ../../P4_code/compare_dht_forward.p4(172) Primitive mark_to_drop(standard_metadata)
[16:43:15.972] [bmv2] [T] [thread 49063] [9.0] [cxt 0] ../../P4_code/compare_dht_forward.p4(247) Condition "hdr.dht.isValid()" (node_4) is false
[16:43:15.972] [bmv2] [D] [thread 49063] [9.0] [cxt 0] Pipeline 'ingress': end
[16:43:15.972] [bmv2] [D] [thread 49063] [9.0] [cxt 0] Egress port is 511
[16:43:15.972] [bmv2] [D] [thread 49063] [9.0] [cxt 0] Dropping packet at the end of ingress
[16:43:16.820] [bmv2] [W] [thread 49210] [P4Runtime] p4::tmp::P4DeviceConfig is deprecated
[16:43:16.823] [bmv2] [D] [thread 49210] Set default default entry for table 'ThisIngress.ipv4_lpm': ThisIngress.my_drop - 
[16:43:16.823] [bmv2] [D] [thread 49210] Set default default entry for table 'tbl_first_contact': ThisIngress.first_contact - 
[16:43:16.823] [bmv2] [D] [thread 49210] Set default default entry for table 'tbl_send_to_controller_simple': ThisIngress.send_to_controller_simple - 
[16:43:16.823] [bmv2] [D] [thread 49210] Set default default entry for table 'ThisIngress.no_hop_lookup': NoAction - 
[16:43:16.823] [bmv2] [D] [thread 49210] Set default default entry for table 'tbl_compare_dht_forward258': compare_dht_forward258 - 
[16:43:16.823] [bmv2] [D] [thread 49210] Set default default entry for table 'tbl_compare_dht_forward261': compare_dht_forward261 - 
[16:43:16.823] [bmv2] [D] [thread 49210] Set default default entry for table 'tbl_send_to_controller_simple_0': ThisIngress.send_to_controller_simple - 
[16:43:16.826] [bmv2] [D] [thread 49210] simple_switch target has been notified of a config swap
[16:43:16.831] [bmv2] [D] [thread 49212] Entry 0 added to table 'ThisIngress.no_hop_lookup'
[16:43:16.831] [bmv2] [D] [thread 49212] Dumping entry 0
Match key:
* hdr.dht.group_id    : EXACT     01
* hdr.dht.id          : RANGE     1c -> 20
Priority: 2147483646
Action entry: ThisIngress.no_hop_forward - 2,

[16:43:16.836] [bmv2] [D] [thread 49210] Entry 1 added to table 'ThisIngress.no_hop_lookup'
[16:43:16.836] [bmv2] [D] [thread 49210] Dumping entry 1
Match key:
* hdr.dht.group_id    : EXACT     01
* hdr.dht.id          : RANGE     00 -> 05
Priority: 2147483646
Action entry: ThisIngress.no_hop_forward - 2,

[16:43:16.842] [bmv2] [D] [thread 49212] Entry 2 added to table 'ThisIngress.no_hop_lookup'
[16:43:16.842] [bmv2] [D] [thread 49212] Dumping entry 2
Match key:
* hdr.dht.group_id    : EXACT     01
* hdr.dht.id          : RANGE     05 -> 0f
Priority: 2147483646
Action entry: ThisIngress.no_hop_forward - 3,

[16:43:16.845] [bmv2] [D] [thread 49210] Entry 3 added to table 'ThisIngress.no_hop_lookup'
[16:43:16.846] [bmv2] [D] [thread 49210] Dumping entry 3
Match key:
* hdr.dht.group_id    : EXACT     01
* hdr.dht.id          : RANGE     00 -> 21
Priority: 2147483646
Action entry: ThisIngress.no_hop_forward - 1,

[16:43:16.850] [bmv2] [D] [thread 49212] Entry 0 added to table 'ThisIngress.ipv4_lpm'
[16:43:16.850] [bmv2] [D] [thread 49212] Dumping entry 0
Match key:
* hdr.ipv4.dstAddr    : LPM       0a000202/32
Action entry: ThisIngress.ipv4_forward - 80000000155,2,

[16:43:16.853] [bmv2] [D] [thread 49210] Entry 1 added to table 'ThisIngress.ipv4_lpm'
[16:43:16.853] [bmv2] [D] [thread 49210] Dumping entry 1
Match key:
* hdr.ipv4.dstAddr    : LPM       0a000303/32
Action entry: ThisIngress.ipv4_forward - 80000000155,2,

[16:43:16.857] [bmv2] [D] [thread 49212] Entry 2 added to table 'ThisIngress.ipv4_lpm'
[16:43:16.858] [bmv2] [D] [thread 49212] Dumping entry 2
Match key:
* hdr.ipv4.dstAddr    : LPM       0a000404/32
Action entry: ThisIngress.ipv4_forward - 80000000166,3,

[16:43:16.867] [bmv2] [D] [thread 49210] Entry 3 added to table 'ThisIngress.ipv4_lpm'
[16:43:16.867] [bmv2] [D] [thread 49210] Dumping entry 3
Match key:
* hdr.ipv4.dstAddr    : LPM       0a000505/32
Action entry: ThisIngress.ipv4_forward - 80000000166,3,

[16:43:16.870] [bmv2] [D] [thread 49212] Entry 4 added to table 'ThisIngress.ipv4_lpm'
[16:43:16.870] [bmv2] [D] [thread 49212] Dumping entry 4
Match key:
* hdr.ipv4.dstAddr    : LPM       0a000606/32
Action entry: ThisIngress.ipv4_forward - 80000000100,1,

[16:43:16.873] [bmv2] [D] [thread 49210] Entry 5 added to table 'ThisIngress.ipv4_lpm'
[16:43:16.873] [bmv2] [D] [thread 49210] Dumping entry 5
Match key:
* hdr.ipv4.dstAddr    : LPM       0a000707/32
Action entry: ThisIngress.ipv4_forward - 80000000100,1,

[16:43:16.876] [bmv2] [D] [thread 49212] Entry 6 added to table 'ThisIngress.ipv4_lpm'
[16:43:16.876] [bmv2] [D] [thread 49212] Dumping entry 6
Match key:
* hdr.ipv4.dstAddr    : LPM       0a000808/32
Action entry: ThisIngress.ipv4_forward - 80000000100,1,

[16:43:16.879] [bmv2] [D] [thread 49210] Entry 7 added to table 'ThisIngress.ipv4_lpm'
[16:43:16.879] [bmv2] [D] [thread 49210] Dumping entry 7
Match key:
* hdr.ipv4.dstAddr    : LPM       0a000909/32
Action entry: ThisIngress.ipv4_forward - 80000000100,1,

[16:43:16.890] [bmv2] [D] [thread 49212] Entry 8 added to table 'ThisIngress.ipv4_lpm'
[16:43:16.891] [bmv2] [D] [thread 49212] Dumping entry 8
Match key:
* hdr.ipv4.dstAddr    : LPM       0a000101/32
Action entry: ThisIngress.ipv4_forward - 80000000100,1,

[16:43:21.604] [bmv2] [D] [thread 49063] [10.0] [cxt 0] Processing packet received on port 1
[16:43:21.604] [bmv2] [D] [thread 49063] [10.0] [cxt 0] Parser 'parser': start
[16:43:21.604] [bmv2] [D] [thread 49063] [10.0] [cxt 0] Parser 'parser' entering state 'start'
[16:43:21.604] [bmv2] [D] [thread 49063] [10.0] [cxt 0] Parser state 'start': key is 0001
[16:43:21.604] [bmv2] [T] [thread 49063] [10.0] [cxt 0] Bytes parsed: 0
[16:43:21.604] [bmv2] [D] [thread 49063] [10.0] [cxt 0] Parser 'parser' entering state 'parse_ethernet'
[16:43:21.604] [bmv2] [D] [thread 49063] [10.0] [cxt 0] Extracting header 'ethernet'
[16:43:21.604] [bmv2] [D] [thread 49063] [10.0] [cxt 0] Parser state 'parse_ethernet': key is 86dd
[16:43:21.604] [bmv2] [T] [thread 49063] [10.0] [cxt 0] Bytes parsed: 14
[16:43:21.604] [bmv2] [D] [thread 49063] [10.0] [cxt 0] Parser 'parser' entering state 'parse_ipv4'
[16:43:21.604] [bmv2] [D] [thread 49063] [10.0] [cxt 0] Extracting header 'ipv4'
[16:43:21.604] [bmv2] [D] [thread 49063] [10.0] [cxt 0] Parser state 'parse_ipv4': key is 80
[16:43:21.604] [bmv2] [T] [thread 49063] [10.0] [cxt 0] Bytes parsed: 34
[16:43:21.604] [bmv2] [T] [thread 49063] [10.0] [cxt 0] Skipping checksum 'cksum_0' verification because condition not met
[16:43:21.604] [bmv2] [D] [thread 49063] [10.0] [cxt 0] Parser 'parser': end
[16:43:21.604] [bmv2] [D] [thread 49063] [10.0] [cxt 0] Pipeline 'ingress': start
[16:43:21.604] [bmv2] [T] [thread 49063] [10.0] [cxt 0] ../../P4_code/compare_dht_forward.p4(243) Condition "hdr.ipv4.isValid()" (node_2) is true
[16:43:21.604] [bmv2] [T] [thread 49063] [10.0] [cxt 0] Applying table 'ThisIngress.ipv4_lpm'
[16:43:21.604] [bmv2] [D] [thread 49063] [10.0] [cxt 0] Looking up key:
* hdr.ipv4.dstAddr    : d4ce9dff

[16:43:21.604] [bmv2] [D] [thread 49063] [10.0] [cxt 0] Table 'ThisIngress.ipv4_lpm': miss
[16:43:21.604] [bmv2] [D] [thread 49063] [10.0] [cxt 0] Action entry is ThisIngress.my_drop - 
[16:43:21.604] [bmv2] [T] [thread 49063] [10.0] [cxt 0] Action ThisIngress.my_drop
[16:43:21.604] [bmv2] [T] [thread 49063] [10.0] [cxt 0] ../../P4_code/compare_dht_forward.p4(172) Primitive mark_to_drop(standard_metadata)
[16:43:21.604] [bmv2] [T] [thread 49063] [10.0] [cxt 0] ../../P4_code/compare_dht_forward.p4(247) Condition "hdr.dht.isValid()" (node_4) is false
[16:43:21.604] [bmv2] [D] [thread 49063] [10.0] [cxt 0] Pipeline 'ingress': end
[16:43:21.604] [bmv2] [D] [thread 49063] [10.0] [cxt 0] Egress port is 511
[16:43:21.604] [bmv2] [D] [thread 49063] [10.0] [cxt 0] Dropping packet at the end of ingress
[16:43:22.887] [bmv2] [D] [thread 49063] [11.0] [cxt 0] Processing packet received on port 1
[16:43:22.888] [bmv2] [D] [thread 49063] [11.0] [cxt 0] Parser 'parser': start
[16:43:22.888] [bmv2] [D] [thread 49063] [11.0] [cxt 0] Parser 'parser' entering state 'start'
[16:43:22.888] [bmv2] [D] [thread 49063] [11.0] [cxt 0] Parser state 'start': key is 0001
[16:43:22.888] [bmv2] [T] [thread 49063] [11.0] [cxt 0] Bytes parsed: 0
[16:43:22.888] [bmv2] [D] [thread 49063] [11.0] [cxt 0] Parser 'parser' entering state 'parse_ethernet'
[16:43:22.888] [bmv2] [D] [thread 49063] [11.0] [cxt 0] Extracting header 'ethernet'
[16:43:22.888] [bmv2] [D] [thread 49063] [11.0] [cxt 0] Parser state 'parse_ethernet': key is 86dd
[16:43:22.888] [bmv2] [T] [thread 49063] [11.0] [cxt 0] Bytes parsed: 14
[16:43:22.888] [bmv2] [D] [thread 49063] [11.0] [cxt 0] Parser 'parser' entering state 'parse_ipv4'
[16:43:22.888] [bmv2] [D] [thread 49063] [11.0] [cxt 0] Extracting header 'ipv4'
[16:43:22.888] [bmv2] [D] [thread 49063] [11.0] [cxt 0] Parser state 'parse_ipv4': key is 80
[16:43:22.888] [bmv2] [T] [thread 49063] [11.0] [cxt 0] Bytes parsed: 34
[16:43:22.888] [bmv2] [T] [thread 49063] [11.0] [cxt 0] Skipping checksum 'cksum_0' verification because condition not met
[16:43:22.888] [bmv2] [D] [thread 49063] [11.0] [cxt 0] Parser 'parser': end
[16:43:22.888] [bmv2] [D] [thread 49063] [11.0] [cxt 0] Pipeline 'ingress': start
[16:43:22.888] [bmv2] [T] [thread 49063] [11.0] [cxt 0] ../../P4_code/compare_dht_forward.p4(243) Condition "hdr.ipv4.isValid()" (node_2) is true
[16:43:22.888] [bmv2] [T] [thread 49063] [11.0] [cxt 0] Applying table 'ThisIngress.ipv4_lpm'
[16:43:22.888] [bmv2] [D] [thread 49063] [11.0] [cxt 0] Looking up key:
* hdr.ipv4.dstAddr    : 083744ff

[16:43:22.888] [bmv2] [D] [thread 49063] [11.0] [cxt 0] Table 'ThisIngress.ipv4_lpm': miss
[16:43:22.888] [bmv2] [D] [thread 49063] [11.0] [cxt 0] Action entry is ThisIngress.my_drop - 
[16:43:22.888] [bmv2] [T] [thread 49063] [11.0] [cxt 0] Action ThisIngress.my_drop
[16:43:22.888] [bmv2] [T] [thread 49063] [11.0] [cxt 0] ../../P4_code/compare_dht_forward.p4(172) Primitive mark_to_drop(standard_metadata)
[16:43:22.888] [bmv2] [T] [thread 49063] [11.0] [cxt 0] ../../P4_code/compare_dht_forward.p4(247) Condition "hdr.dht.isValid()" (node_4) is false
[16:43:22.888] [bmv2] [D] [thread 49063] [11.0] [cxt 0] Pipeline 'ingress': end
[16:43:22.888] [bmv2] [D] [thread 49063] [11.0] [cxt 0] Egress port is 511
[16:43:22.888] [bmv2] [D] [thread 49063] [11.0] [cxt 0] Dropping packet at the end of ingress
[16:43:23.142] [bmv2] [D] [thread 49063] [12.0] [cxt 0] Processing packet received on port 3
[16:43:23.142] [bmv2] [D] [thread 49063] [12.0] [cxt 0] Parser 'parser': start
[16:43:23.142] [bmv2] [D] [thread 49063] [12.0] [cxt 0] Parser 'parser' entering state 'start'
[16:43:23.142] [bmv2] [D] [thread 49063] [12.0] [cxt 0] Parser state 'start': key is 0003
[16:43:23.142] [bmv2] [T] [thread 49063] [12.0] [cxt 0] Bytes parsed: 0
[16:43:23.142] [bmv2] [D] [thread 49063] [12.0] [cxt 0] Parser 'parser' entering state 'parse_ethernet'
[16:43:23.142] [bmv2] [D] [thread 49063] [12.0] [cxt 0] Extracting header 'ethernet'
[16:43:23.142] [bmv2] [D] [thread 49063] [12.0] [cxt 0] Parser state 'parse_ethernet': key is 86dd
[16:43:23.142] [bmv2] [T] [thread 49063] [12.0] [cxt 0] Bytes parsed: 14
[16:43:23.142] [bmv2] [D] [thread 49063] [12.0] [cxt 0] Parser 'parser' entering state 'parse_ipv4'
[16:43:23.142] [bmv2] [D] [thread 49063] [12.0] [cxt 0] Extracting header 'ipv4'
[16:43:23.142] [bmv2] [D] [thread 49063] [12.0] [cxt 0] Parser state 'parse_ipv4': key is 80
[16:43:23.142] [bmv2] [T] [thread 49063] [12.0] [cxt 0] Bytes parsed: 34
[16:43:23.142] [bmv2] [T] [thread 49063] [12.0] [cxt 0] Skipping checksum 'cksum_0' verification because condition not met
[16:43:23.142] [bmv2] [D] [thread 49063] [12.0] [cxt 0] Parser 'parser': end
[16:43:23.142] [bmv2] [D] [thread 49063] [12.0] [cxt 0] Pipeline 'ingress': start
[16:43:23.142] [bmv2] [T] [thread 49063] [12.0] [cxt 0] ../../P4_code/compare_dht_forward.p4(243) Condition "hdr.ipv4.isValid()" (node_2) is true
[16:43:23.142] [bmv2] [T] [thread 49063] [12.0] [cxt 0] Applying table 'ThisIngress.ipv4_lpm'
[16:43:23.142] [bmv2] [D] [thread 49063] [12.0] [cxt 0] Looking up key:
* hdr.ipv4.dstAddr    : 00bce8ff

[16:43:23.142] [bmv2] [D] [thread 49063] [12.0] [cxt 0] Table 'ThisIngress.ipv4_lpm': miss
[16:43:23.142] [bmv2] [D] [thread 49063] [12.0] [cxt 0] Action entry is ThisIngress.my_drop - 
[16:43:23.142] [bmv2] [T] [thread 49063] [12.0] [cxt 0] Action ThisIngress.my_drop
[16:43:23.142] [bmv2] [T] [thread 49063] [12.0] [cxt 0] ../../P4_code/compare_dht_forward.p4(172) Primitive mark_to_drop(standard_metadata)
[16:43:23.142] [bmv2] [T] [thread 49063] [12.0] [cxt 0] ../../P4_code/compare_dht_forward.p4(247) Condition "hdr.dht.isValid()" (node_4) is false
[16:43:23.142] [bmv2] [D] [thread 49063] [12.0] [cxt 0] Pipeline 'ingress': end
[16:43:23.142] [bmv2] [D] [thread 49063] [12.0] [cxt 0] Egress port is 511
[16:43:23.142] [bmv2] [D] [thread 49063] [12.0] [cxt 0] Dropping packet at the end of ingress
[16:43:23.907] [bmv2] [D] [thread 49063] [13.0] [cxt 0] Processing packet received on port 2
[16:43:23.907] [bmv2] [D] [thread 49063] [13.0] [cxt 0] Parser 'parser': start
[16:43:23.907] [bmv2] [D] [thread 49063] [13.0] [cxt 0] Parser 'parser' entering state 'start'
[16:43:23.907] [bmv2] [D] [thread 49063] [13.0] [cxt 0] Parser state 'start': key is 0002
[16:43:23.907] [bmv2] [T] [thread 49063] [13.0] [cxt 0] Bytes parsed: 0
[16:43:23.907] [bmv2] [D] [thread 49063] [13.0] [cxt 0] Parser 'parser' entering state 'parse_ethernet'
[16:43:23.907] [bmv2] [D] [thread 49063] [13.0] [cxt 0] Extracting header 'ethernet'
[16:43:23.907] [bmv2] [D] [thread 49063] [13.0] [cxt 0] Parser state 'parse_ethernet': key is 86dd
[16:43:23.907] [bmv2] [T] [thread 49063] [13.0] [cxt 0] Bytes parsed: 14
[16:43:23.907] [bmv2] [D] [thread 49063] [13.0] [cxt 0] Parser 'parser' entering state 'parse_ipv4'
[16:43:23.907] [bmv2] [D] [thread 49063] [13.0] [cxt 0] Extracting header 'ipv4'
[16:43:23.907] [bmv2] [D] [thread 49063] [13.0] [cxt 0] Parser state 'parse_ipv4': key is 80
[16:43:23.907] [bmv2] [T] [thread 49063] [13.0] [cxt 0] Bytes parsed: 34
[16:43:23.907] [bmv2] [T] [thread 49063] [13.0] [cxt 0] Skipping checksum 'cksum_0' verification because condition not met
[16:43:23.907] [bmv2] [D] [thread 49063] [13.0] [cxt 0] Parser 'parser': end
[16:43:23.907] [bmv2] [D] [thread 49063] [13.0] [cxt 0] Pipeline 'ingress': start
[16:43:23.907] [bmv2] [T] [thread 49063] [13.0] [cxt 0] ../../P4_code/compare_dht_forward.p4(243) Condition "hdr.ipv4.isValid()" (node_2) is true
[16:43:23.907] [bmv2] [T] [thread 49063] [13.0] [cxt 0] Applying table 'ThisIngress.ipv4_lpm'
[16:43:23.907] [bmv2] [D] [thread 49063] [13.0] [cxt 0] Looking up key:
* hdr.ipv4.dstAddr    : 5c60b0ff

[16:43:23.907] [bmv2] [D] [thread 49063] [13.0] [cxt 0] Table 'ThisIngress.ipv4_lpm': miss
[16:43:23.907] [bmv2] [D] [thread 49063] [13.0] [cxt 0] Action entry is ThisIngress.my_drop - 
[16:43:23.907] [bmv2] [T] [thread 49063] [13.0] [cxt 0] Action ThisIngress.my_drop
[16:43:23.907] [bmv2] [T] [thread 49063] [13.0] [cxt 0] ../../P4_code/compare_dht_forward.p4(172) Primitive mark_to_drop(standard_metadata)
[16:43:23.907] [bmv2] [T] [thread 49063] [13.0] [cxt 0] ../../P4_code/compare_dht_forward.p4(247) Condition "hdr.dht.isValid()" (node_4) is false
[16:43:23.907] [bmv2] [D] [thread 49063] [13.0] [cxt 0] Pipeline 'ingress': end
[16:43:23.907] [bmv2] [D] [thread 49063] [13.0] [cxt 0] Egress port is 511
[16:43:23.907] [bmv2] [D] [thread 49063] [13.0] [cxt 0] Dropping packet at the end of ingress
[16:43:24.162] [bmv2] [D] [thread 49063] [14.0] [cxt 0] Processing packet received on port 3
[16:43:24.162] [bmv2] [D] [thread 49063] [14.0] [cxt 0] Parser 'parser': start
[16:43:24.163] [bmv2] [D] [thread 49063] [14.0] [cxt 0] Parser 'parser' entering state 'start'
[16:43:24.163] [bmv2] [D] [thread 49063] [14.0] [cxt 0] Parser state 'start': key is 0003
[16:43:24.163] [bmv2] [T] [thread 49063] [14.0] [cxt 0] Bytes parsed: 0
[16:43:24.163] [bmv2] [D] [thread 49063] [14.0] [cxt 0] Parser 'parser' entering state 'parse_ethernet'
[16:43:24.163] [bmv2] [D] [thread 49063] [14.0] [cxt 0] Extracting header 'ethernet'
[16:43:24.163] [bmv2] [D] [thread 49063] [14.0] [cxt 0] Parser state 'parse_ethernet': key is 86dd
[16:43:24.163] [bmv2] [T] [thread 49063] [14.0] [cxt 0] Bytes parsed: 14
[16:43:24.163] [bmv2] [D] [thread 49063] [14.0] [cxt 0] Parser 'parser' entering state 'parse_ipv4'
[16:43:24.163] [bmv2] [D] [thread 49063] [14.0] [cxt 0] Extracting header 'ipv4'
[16:43:24.163] [bmv2] [D] [thread 49063] [14.0] [cxt 0] Parser state 'parse_ipv4': key is 80
[16:43:24.163] [bmv2] [T] [thread 49063] [14.0] [cxt 0] Bytes parsed: 34
[16:43:24.163] [bmv2] [T] [thread 49063] [14.0] [cxt 0] Skipping checksum 'cksum_0' verification because condition not met
[16:43:24.163] [bmv2] [D] [thread 49063] [14.0] [cxt 0] Parser 'parser': end
[16:43:24.163] [bmv2] [D] [thread 49063] [14.0] [cxt 0] Pipeline 'ingress': start
[16:43:24.163] [bmv2] [T] [thread 49063] [14.0] [cxt 0] ../../P4_code/compare_dht_forward.p4(243) Condition "hdr.ipv4.isValid()" (node_2) is true
[16:43:24.163] [bmv2] [T] [thread 49063] [14.0] [cxt 0] Applying table 'ThisIngress.ipv4_lpm'
[16:43:24.163] [bmv2] [D] [thread 49063] [14.0] [cxt 0] Looking up key:
* hdr.ipv4.dstAddr    : 5c265eff

[16:43:24.163] [bmv2] [D] [thread 49063] [14.0] [cxt 0] Table 'ThisIngress.ipv4_lpm': miss
[16:43:24.163] [bmv2] [D] [thread 49063] [14.0] [cxt 0] Action entry is ThisIngress.my_drop - 
[16:43:24.163] [bmv2] [T] [thread 49063] [14.0] [cxt 0] Action ThisIngress.my_drop
[16:43:24.163] [bmv2] [T] [thread 49063] [14.0] [cxt 0] ../../P4_code/compare_dht_forward.p4(172) Primitive mark_to_drop(standard_metadata)
[16:43:24.163] [bmv2] [T] [thread 49063] [14.0] [cxt 0] ../../P4_code/compare_dht_forward.p4(247) Condition "hdr.dht.isValid()" (node_4) is false
[16:43:24.163] [bmv2] [D] [thread 49063] [14.0] [cxt 0] Pipeline 'ingress': end
[16:43:24.163] [bmv2] [D] [thread 49063] [14.0] [cxt 0] Egress port is 511
[16:43:24.163] [bmv2] [D] [thread 49063] [14.0] [cxt 0] Dropping packet at the end of ingress
[16:43:24.419] [bmv2] [D] [thread 49063] [15.0] [cxt 0] Processing packet received on port 2
[16:43:24.419] [bmv2] [D] [thread 49063] [15.0] [cxt 0] Parser 'parser': start
[16:43:24.419] [bmv2] [D] [thread 49063] [15.0] [cxt 0] Parser 'parser' entering state 'start'
[16:43:24.419] [bmv2] [D] [thread 49063] [15.0] [cxt 0] Parser state 'start': key is 0002
[16:43:24.419] [bmv2] [T] [thread 49063] [15.0] [cxt 0] Bytes parsed: 0
[16:43:24.419] [bmv2] [D] [thread 49063] [15.0] [cxt 0] Parser 'parser' entering state 'parse_ethernet'
[16:43:24.419] [bmv2] [D] [thread 49063] [15.0] [cxt 0] Extracting header 'ethernet'
[16:43:24.419] [bmv2] [D] [thread 49063] [15.0] [cxt 0] Parser state 'parse_ethernet': key is 86dd
[16:43:24.419] [bmv2] [T] [thread 49063] [15.0] [cxt 0] Bytes parsed: 14
[16:43:24.419] [bmv2] [D] [thread 49063] [15.0] [cxt 0] Parser 'parser' entering state 'parse_ipv4'
[16:43:24.419] [bmv2] [D] [thread 49063] [15.0] [cxt 0] Extracting header 'ipv4'
[16:43:24.419] [bmv2] [D] [thread 49063] [15.0] [cxt 0] Parser state 'parse_ipv4': key is 80
[16:43:24.419] [bmv2] [T] [thread 49063] [15.0] [cxt 0] Bytes parsed: 34
[16:43:24.419] [bmv2] [T] [thread 49063] [15.0] [cxt 0] Skipping checksum 'cksum_0' verification because condition not met
[16:43:24.419] [bmv2] [D] [thread 49063] [15.0] [cxt 0] Parser 'parser': end
[16:43:24.419] [bmv2] [D] [thread 49063] [15.0] [cxt 0] Pipeline 'ingress': start
[16:43:24.419] [bmv2] [T] [thread 49063] [15.0] [cxt 0] ../../P4_code/compare_dht_forward.p4(243) Condition "hdr.ipv4.isValid()" (node_2) is true
[16:43:24.419] [bmv2] [T] [thread 49063] [15.0] [cxt 0] Applying table 'ThisIngress.ipv4_lpm'
[16:43:24.419] [bmv2] [D] [thread 49063] [15.0] [cxt 0] Looking up key:
* hdr.ipv4.dstAddr    : a44fc1ff

[16:43:24.419] [bmv2] [D] [thread 49063] [15.0] [cxt 0] Table 'ThisIngress.ipv4_lpm': miss
[16:43:24.419] [bmv2] [D] [thread 49063] [15.0] [cxt 0] Action entry is ThisIngress.my_drop - 
[16:43:24.419] [bmv2] [T] [thread 49063] [15.0] [cxt 0] Action ThisIngress.my_drop
[16:43:24.419] [bmv2] [T] [thread 49063] [15.0] [cxt 0] ../../P4_code/compare_dht_forward.p4(172) Primitive mark_to_drop(standard_metadata)
[16:43:24.419] [bmv2] [T] [thread 49063] [15.0] [cxt 0] ../../P4_code/compare_dht_forward.p4(247) Condition "hdr.dht.isValid()" (node_4) is false
[16:43:24.419] [bmv2] [D] [thread 49063] [15.0] [cxt 0] Pipeline 'ingress': end
[16:43:24.419] [bmv2] [D] [thread 49063] [15.0] [cxt 0] Egress port is 511
[16:43:24.419] [bmv2] [D] [thread 49063] [15.0] [cxt 0] Dropping packet at the end of ingress
[16:43:36.195] [bmv2] [D] [thread 49063] [16.0] [cxt 0] Processing packet received on port 1
[16:43:36.195] [bmv2] [D] [thread 49063] [16.0] [cxt 0] Parser 'parser': start
[16:43:36.195] [bmv2] [D] [thread 49063] [16.0] [cxt 0] Parser 'parser' entering state 'start'
[16:43:36.195] [bmv2] [D] [thread 49063] [16.0] [cxt 0] Parser state 'start': key is 0001
[16:43:36.195] [bmv2] [T] [thread 49063] [16.0] [cxt 0] Bytes parsed: 0
[16:43:36.195] [bmv2] [D] [thread 49063] [16.0] [cxt 0] Parser 'parser' entering state 'parse_ethernet'
[16:43:36.195] [bmv2] [D] [thread 49063] [16.0] [cxt 0] Extracting header 'ethernet'
[16:43:36.195] [bmv2] [D] [thread 49063] [16.0] [cxt 0] Parser state 'parse_ethernet': key is 86dd
[16:43:36.195] [bmv2] [T] [thread 49063] [16.0] [cxt 0] Bytes parsed: 14
[16:43:36.195] [bmv2] [D] [thread 49063] [16.0] [cxt 0] Parser 'parser' entering state 'parse_ipv4'
[16:43:36.195] [bmv2] [D] [thread 49063] [16.0] [cxt 0] Extracting header 'ipv4'
[16:43:36.195] [bmv2] [D] [thread 49063] [16.0] [cxt 0] Parser state 'parse_ipv4': key is 80
[16:43:36.195] [bmv2] [T] [thread 49063] [16.0] [cxt 0] Bytes parsed: 34
[16:43:36.195] [bmv2] [T] [thread 49063] [16.0] [cxt 0] Skipping checksum 'cksum_0' verification because condition not met
[16:43:36.195] [bmv2] [D] [thread 49063] [16.0] [cxt 0] Parser 'parser': end
[16:43:36.195] [bmv2] [D] [thread 49063] [16.0] [cxt 0] Pipeline 'ingress': start
[16:43:36.195] [bmv2] [T] [thread 49063] [16.0] [cxt 0] ../../P4_code/compare_dht_forward.p4(243) Condition "hdr.ipv4.isValid()" (node_2) is true
[16:43:36.195] [bmv2] [T] [thread 49063] [16.0] [cxt 0] Applying table 'ThisIngress.ipv4_lpm'
[16:43:36.195] [bmv2] [D] [thread 49063] [16.0] [cxt 0] Looking up key:
* hdr.ipv4.dstAddr    : d4ce9dff

[16:43:36.195] [bmv2] [D] [thread 49063] [16.0] [cxt 0] Table 'ThisIngress.ipv4_lpm': miss
[16:43:36.195] [bmv2] [D] [thread 49063] [16.0] [cxt 0] Action entry is ThisIngress.my_drop - 
[16:43:36.195] [bmv2] [T] [thread 49063] [16.0] [cxt 0] Action ThisIngress.my_drop
[16:43:36.195] [bmv2] [T] [thread 49063] [16.0] [cxt 0] ../../P4_code/compare_dht_forward.p4(172) Primitive mark_to_drop(standard_metadata)
[16:43:36.195] [bmv2] [T] [thread 49063] [16.0] [cxt 0] ../../P4_code/compare_dht_forward.p4(247) Condition "hdr.dht.isValid()" (node_4) is false
[16:43:36.195] [bmv2] [D] [thread 49063] [16.0] [cxt 0] Pipeline 'ingress': end
[16:43:36.195] [bmv2] [D] [thread 49063] [16.0] [cxt 0] Egress port is 511
[16:43:36.195] [bmv2] [D] [thread 49063] [16.0] [cxt 0] Dropping packet at the end of ingress
[16:43:38.286] [bmv2] [D] [thread 49063] [17.0] [cxt 0] Processing packet received on port 3
[16:43:38.286] [bmv2] [D] [thread 49063] [17.0] [cxt 0] Parser 'parser': start
[16:43:38.286] [bmv2] [D] [thread 49063] [17.0] [cxt 0] Parser 'parser' entering state 'start'
[16:43:38.286] [bmv2] [D] [thread 49063] [17.0] [cxt 0] Parser state 'start': key is 0003
[16:43:38.286] [bmv2] [T] [thread 49063] [17.0] [cxt 0] Bytes parsed: 0
[16:43:38.286] [bmv2] [D] [thread 49063] [17.0] [cxt 0] Parser 'parser' entering state 'parse_ethernet'
[16:43:38.286] [bmv2] [D] [thread 49063] [17.0] [cxt 0] Extracting header 'ethernet'
[16:43:38.286] [bmv2] [D] [thread 49063] [17.0] [cxt 0] Parser state 'parse_ethernet': key is 86dd
[16:43:38.286] [bmv2] [T] [thread 49063] [17.0] [cxt 0] Bytes parsed: 14
[16:43:38.286] [bmv2] [D] [thread 49063] [17.0] [cxt 0] Parser 'parser' entering state 'parse_ipv4'
[16:43:38.286] [bmv2] [D] [thread 49063] [17.0] [cxt 0] Extracting header 'ipv4'
[16:43:38.286] [bmv2] [D] [thread 49063] [17.0] [cxt 0] Parser state 'parse_ipv4': key is 80
[16:43:38.286] [bmv2] [T] [thread 49063] [17.0] [cxt 0] Bytes parsed: 34
[16:43:38.286] [bmv2] [T] [thread 49063] [17.0] [cxt 0] Skipping checksum 'cksum_0' verification because condition not met
[16:43:38.286] [bmv2] [D] [thread 49063] [17.0] [cxt 0] Parser 'parser': end
[16:43:38.286] [bmv2] [D] [thread 49063] [17.0] [cxt 0] Pipeline 'ingress': start
[16:43:38.286] [bmv2] [T] [thread 49063] [17.0] [cxt 0] ../../P4_code/compare_dht_forward.p4(243) Condition "hdr.ipv4.isValid()" (node_2) is true
[16:43:38.286] [bmv2] [T] [thread 49063] [17.0] [cxt 0] Applying table 'ThisIngress.ipv4_lpm'
[16:43:38.286] [bmv2] [D] [thread 49063] [17.0] [cxt 0] Looking up key:
* hdr.ipv4.dstAddr    : 00bce8ff

[16:43:38.286] [bmv2] [D] [thread 49063] [17.0] [cxt 0] Table 'ThisIngress.ipv4_lpm': miss
[16:43:38.286] [bmv2] [D] [thread 49063] [17.0] [cxt 0] Action entry is ThisIngress.my_drop - 
[16:43:38.286] [bmv2] [T] [thread 49063] [17.0] [cxt 0] Action ThisIngress.my_drop
[16:43:38.286] [bmv2] [T] [thread 49063] [17.0] [cxt 0] ../../P4_code/compare_dht_forward.p4(172) Primitive mark_to_drop(standard_metadata)
[16:43:38.286] [bmv2] [T] [thread 49063] [17.0] [cxt 0] ../../P4_code/compare_dht_forward.p4(247) Condition "hdr.dht.isValid()" (node_4) is false
[16:43:38.286] [bmv2] [D] [thread 49063] [17.0] [cxt 0] Pipeline 'ingress': end
[16:43:38.286] [bmv2] [D] [thread 49063] [17.0] [cxt 0] Egress port is 511
[16:43:38.286] [bmv2] [D] [thread 49063] [17.0] [cxt 0] Dropping packet at the end of ingress
[16:43:38.500] [bmv2] [D] [thread 49063] [18.0] [cxt 0] Processing packet received on port 1
[16:43:38.500] [bmv2] [D] [thread 49063] [18.0] [cxt 0] Parser 'parser': start
[16:43:38.500] [bmv2] [D] [thread 49063] [18.0] [cxt 0] Parser 'parser' entering state 'start'
[16:43:38.500] [bmv2] [D] [thread 49063] [18.0] [cxt 0] Parser state 'start': key is 0001
[16:43:38.500] [bmv2] [T] [thread 49063] [18.0] [cxt 0] Bytes parsed: 0
[16:43:38.500] [bmv2] [D] [thread 49063] [18.0] [cxt 0] Parser 'parser' entering state 'parse_ethernet'
[16:43:38.500] [bmv2] [D] [thread 49063] [18.0] [cxt 0] Extracting header 'ethernet'
[16:43:38.500] [bmv2] [D] [thread 49063] [18.0] [cxt 0] Parser state 'parse_ethernet': key is 86dd
[16:43:38.500] [bmv2] [T] [thread 49063] [18.0] [cxt 0] Bytes parsed: 14
[16:43:38.500] [bmv2] [D] [thread 49063] [18.0] [cxt 0] Parser 'parser' entering state 'parse_ipv4'
[16:43:38.500] [bmv2] [D] [thread 49063] [18.0] [cxt 0] Extracting header 'ipv4'
[16:43:38.500] [bmv2] [D] [thread 49063] [18.0] [cxt 0] Parser state 'parse_ipv4': key is 80
[16:43:38.500] [bmv2] [T] [thread 49063] [18.0] [cxt 0] Bytes parsed: 34
[16:43:38.500] [bmv2] [T] [thread 49063] [18.0] [cxt 0] Skipping checksum 'cksum_0' verification because condition not met
[16:43:38.500] [bmv2] [D] [thread 49063] [18.0] [cxt 0] Parser 'parser': end
[16:43:38.500] [bmv2] [D] [thread 49063] [18.0] [cxt 0] Pipeline 'ingress': start
[16:43:38.500] [bmv2] [T] [thread 49063] [18.0] [cxt 0] ../../P4_code/compare_dht_forward.p4(243) Condition "hdr.ipv4.isValid()" (node_2) is true
[16:43:38.500] [bmv2] [T] [thread 49063] [18.0] [cxt 0] Applying table 'ThisIngress.ipv4_lpm'
[16:43:38.500] [bmv2] [D] [thread 49063] [18.0] [cxt 0] Looking up key:
* hdr.ipv4.dstAddr    : 083744ff

[16:43:38.500] [bmv2] [D] [thread 49063] [18.0] [cxt 0] Table 'ThisIngress.ipv4_lpm': miss
[16:43:38.500] [bmv2] [D] [thread 49063] [18.0] [cxt 0] Action entry is ThisIngress.my_drop - 
[16:43:38.500] [bmv2] [T] [thread 49063] [18.0] [cxt 0] Action ThisIngress.my_drop
[16:43:38.500] [bmv2] [T] [thread 49063] [18.0] [cxt 0] ../../P4_code/compare_dht_forward.p4(172) Primitive mark_to_drop(standard_metadata)
[16:43:38.500] [bmv2] [T] [thread 49063] [18.0] [cxt 0] ../../P4_code/compare_dht_forward.p4(247) Condition "hdr.dht.isValid()" (node_4) is false
[16:43:38.500] [bmv2] [D] [thread 49063] [18.0] [cxt 0] Pipeline 'ingress': end
[16:43:38.500] [bmv2] [D] [thread 49063] [18.0] [cxt 0] Egress port is 511
[16:43:38.500] [bmv2] [D] [thread 49063] [18.0] [cxt 0] Dropping packet at the end of ingress
[16:43:39.779] [bmv2] [D] [thread 49063] [19.0] [cxt 0] Processing packet received on port 3
[16:43:39.779] [bmv2] [D] [thread 49063] [19.0] [cxt 0] Parser 'parser': start
[16:43:39.779] [bmv2] [D] [thread 49063] [19.0] [cxt 0] Parser 'parser' entering state 'start'
[16:43:39.779] [bmv2] [D] [thread 49063] [19.0] [cxt 0] Parser state 'start': key is 0003
[16:43:39.779] [bmv2] [T] [thread 49063] [19.0] [cxt 0] Bytes parsed: 0
[16:43:39.779] [bmv2] [D] [thread 49063] [19.0] [cxt 0] Parser 'parser' entering state 'parse_ethernet'
[16:43:39.779] [bmv2] [D] [thread 49063] [19.0] [cxt 0] Extracting header 'ethernet'
[16:43:39.779] [bmv2] [D] [thread 49063] [19.0] [cxt 0] Parser state 'parse_ethernet': key is 86dd
[16:43:39.779] [bmv2] [T] [thread 49063] [19.0] [cxt 0] Bytes parsed: 14
[16:43:39.779] [bmv2] [D] [thread 49063] [19.0] [cxt 0] Parser 'parser' entering state 'parse_ipv4'
[16:43:39.779] [bmv2] [D] [thread 49063] [19.0] [cxt 0] Extracting header 'ipv4'
[16:43:39.779] [bmv2] [D] [thread 49063] [19.0] [cxt 0] Parser state 'parse_ipv4': key is 80
[16:43:39.779] [bmv2] [T] [thread 49063] [19.0] [cxt 0] Bytes parsed: 34
[16:43:39.779] [bmv2] [T] [thread 49063] [19.0] [cxt 0] Skipping checksum 'cksum_0' verification because condition not met
[16:43:39.779] [bmv2] [D] [thread 49063] [19.0] [cxt 0] Parser 'parser': end
[16:43:39.779] [bmv2] [D] [thread 49063] [19.0] [cxt 0] Pipeline 'ingress': start
[16:43:39.779] [bmv2] [T] [thread 49063] [19.0] [cxt 0] ../../P4_code/compare_dht_forward.p4(243) Condition "hdr.ipv4.isValid()" (node_2) is true
[16:43:39.779] [bmv2] [T] [thread 49063] [19.0] [cxt 0] Applying table 'ThisIngress.ipv4_lpm'
[16:43:39.779] [bmv2] [D] [thread 49063] [19.0] [cxt 0] Looking up key:
* hdr.ipv4.dstAddr    : 5c265eff

[16:43:39.779] [bmv2] [D] [thread 49063] [19.0] [cxt 0] Table 'ThisIngress.ipv4_lpm': miss
[16:43:39.779] [bmv2] [D] [thread 49063] [19.0] [cxt 0] Action entry is ThisIngress.my_drop - 
[16:43:39.779] [bmv2] [T] [thread 49063] [19.0] [cxt 0] Action ThisIngress.my_drop
[16:43:39.779] [bmv2] [T] [thread 49063] [19.0] [cxt 0] ../../P4_code/compare_dht_forward.p4(172) Primitive mark_to_drop(standard_metadata)
[16:43:39.779] [bmv2] [T] [thread 49063] [19.0] [cxt 0] ../../P4_code/compare_dht_forward.p4(247) Condition "hdr.dht.isValid()" (node_4) is false
[16:43:39.779] [bmv2] [D] [thread 49063] [19.0] [cxt 0] Pipeline 'ingress': end
[16:43:39.779] [bmv2] [D] [thread 49063] [19.0] [cxt 0] Egress port is 511
[16:43:39.779] [bmv2] [D] [thread 49063] [19.0] [cxt 0] Dropping packet at the end of ingress
[16:43:40.036] [bmv2] [D] [thread 49063] [20.0] [cxt 0] Processing packet received on port 2
[16:43:40.036] [bmv2] [D] [thread 49063] [20.0] [cxt 0] Parser 'parser': start
[16:43:40.036] [bmv2] [D] [thread 49063] [20.0] [cxt 0] Parser 'parser' entering state 'start'
[16:43:40.036] [bmv2] [D] [thread 49063] [20.0] [cxt 0] Parser state 'start': key is 0002
[16:43:40.036] [bmv2] [T] [thread 49063] [20.0] [cxt 0] Bytes parsed: 0
[16:43:40.036] [bmv2] [D] [thread 49063] [20.0] [cxt 0] Parser 'parser' entering state 'parse_ethernet'
[16:43:40.036] [bmv2] [D] [thread 49063] [20.0] [cxt 0] Extracting header 'ethernet'
[16:43:40.036] [bmv2] [D] [thread 49063] [20.0] [cxt 0] Parser state 'parse_ethernet': key is 86dd
[16:43:40.036] [bmv2] [T] [thread 49063] [20.0] [cxt 0] Bytes parsed: 14
[16:43:40.036] [bmv2] [D] [thread 49063] [20.0] [cxt 0] Parser 'parser' entering state 'parse_ipv4'
[16:43:40.036] [bmv2] [D] [thread 49063] [20.0] [cxt 0] Extracting header 'ipv4'
[16:43:40.036] [bmv2] [D] [thread 49063] [20.0] [cxt 0] Parser state 'parse_ipv4': key is 80
[16:43:40.036] [bmv2] [T] [thread 49063] [20.0] [cxt 0] Bytes parsed: 34
[16:43:40.036] [bmv2] [T] [thread 49063] [20.0] [cxt 0] Skipping checksum 'cksum_0' verification because condition not met
[16:43:40.036] [bmv2] [D] [thread 49063] [20.0] [cxt 0] Parser 'parser': end
[16:43:40.036] [bmv2] [D] [thread 49063] [20.0] [cxt 0] Pipeline 'ingress': start
[16:43:40.036] [bmv2] [T] [thread 49063] [20.0] [cxt 0] ../../P4_code/compare_dht_forward.p4(243) Condition "hdr.ipv4.isValid()" (node_2) is true
[16:43:40.036] [bmv2] [T] [thread 49063] [20.0] [cxt 0] Applying table 'ThisIngress.ipv4_lpm'
[16:43:40.036] [bmv2] [D] [thread 49063] [20.0] [cxt 0] Looking up key:
* hdr.ipv4.dstAddr    : 5c60b0ff

[16:43:40.036] [bmv2] [D] [thread 49063] [20.0] [cxt 0] Table 'ThisIngress.ipv4_lpm': miss
[16:43:40.036] [bmv2] [D] [thread 49063] [20.0] [cxt 0] Action entry is ThisIngress.my_drop - 
[16:43:40.036] [bmv2] [T] [thread 49063] [20.0] [cxt 0] Action ThisIngress.my_drop
[16:43:40.036] [bmv2] [T] [thread 49063] [20.0] [cxt 0] ../../P4_code/compare_dht_forward.p4(172) Primitive mark_to_drop(standard_metadata)
[16:43:40.036] [bmv2] [T] [thread 49063] [20.0] [cxt 0] ../../P4_code/compare_dht_forward.p4(247) Condition "hdr.dht.isValid()" (node_4) is false
[16:43:40.036] [bmv2] [D] [thread 49063] [20.0] [cxt 0] Pipeline 'ingress': end
[16:43:40.036] [bmv2] [D] [thread 49063] [20.0] [cxt 0] Egress port is 511
[16:43:40.036] [bmv2] [D] [thread 49063] [20.0] [cxt 0] Dropping packet at the end of ingress
[16:43:41.316] [bmv2] [D] [thread 49063] [21.0] [cxt 0] Processing packet received on port 2
[16:43:41.316] [bmv2] [D] [thread 49063] [21.0] [cxt 0] Parser 'parser': start
[16:43:41.316] [bmv2] [D] [thread 49063] [21.0] [cxt 0] Parser 'parser' entering state 'start'
[16:43:41.316] [bmv2] [D] [thread 49063] [21.0] [cxt 0] Parser state 'start': key is 0002
[16:43:41.316] [bmv2] [T] [thread 49063] [21.0] [cxt 0] Bytes parsed: 0
[16:43:41.316] [bmv2] [D] [thread 49063] [21.0] [cxt 0] Parser 'parser' entering state 'parse_ethernet'
[16:43:41.316] [bmv2] [D] [thread 49063] [21.0] [cxt 0] Extracting header 'ethernet'
[16:43:41.316] [bmv2] [D] [thread 49063] [21.0] [cxt 0] Parser state 'parse_ethernet': key is 86dd
[16:43:41.316] [bmv2] [T] [thread 49063] [21.0] [cxt 0] Bytes parsed: 14
[16:43:41.316] [bmv2] [D] [thread 49063] [21.0] [cxt 0] Parser 'parser' entering state 'parse_ipv4'
[16:43:41.316] [bmv2] [D] [thread 49063] [21.0] [cxt 0] Extracting header 'ipv4'
[16:43:41.316] [bmv2] [D] [thread 49063] [21.0] [cxt 0] Parser state 'parse_ipv4': key is 80
[16:43:41.316] [bmv2] [T] [thread 49063] [21.0] [cxt 0] Bytes parsed: 34
[16:43:41.316] [bmv2] [T] [thread 49063] [21.0] [cxt 0] Skipping checksum 'cksum_0' verification because condition not met
[16:43:41.316] [bmv2] [D] [thread 49063] [21.0] [cxt 0] Parser 'parser': end
[16:43:41.316] [bmv2] [D] [thread 49063] [21.0] [cxt 0] Pipeline 'ingress': start
[16:43:41.316] [bmv2] [T] [thread 49063] [21.0] [cxt 0] ../../P4_code/compare_dht_forward.p4(243) Condition "hdr.ipv4.isValid()" (node_2) is true
[16:43:41.316] [bmv2] [T] [thread 49063] [21.0] [cxt 0] Applying table 'ThisIngress.ipv4_lpm'
[16:43:41.316] [bmv2] [D] [thread 49063] [21.0] [cxt 0] Looking up key:
* hdr.ipv4.dstAddr    : a44fc1ff

[16:43:41.316] [bmv2] [D] [thread 49063] [21.0] [cxt 0] Table 'ThisIngress.ipv4_lpm': miss
[16:43:41.316] [bmv2] [D] [thread 49063] [21.0] [cxt 0] Action entry is ThisIngress.my_drop - 
[16:43:41.316] [bmv2] [T] [thread 49063] [21.0] [cxt 0] Action ThisIngress.my_drop
[16:43:41.316] [bmv2] [T] [thread 49063] [21.0] [cxt 0] ../../P4_code/compare_dht_forward.p4(172) Primitive mark_to_drop(standard_metadata)
[16:43:41.316] [bmv2] [T] [thread 49063] [21.0] [cxt 0] ../../P4_code/compare_dht_forward.p4(247) Condition "hdr.dht.isValid()" (node_4) is false
[16:43:41.316] [bmv2] [D] [thread 49063] [21.0] [cxt 0] Pipeline 'ingress': end
[16:43:41.316] [bmv2] [D] [thread 49063] [21.0] [cxt 0] Egress port is 511
[16:43:41.316] [bmv2] [D] [thread 49063] [21.0] [cxt 0] Dropping packet at the end of ingress
[16:44:07.938] [bmv2] [D] [thread 49063] [22.0] [cxt 0] Processing packet received on port 1
[16:44:07.938] [bmv2] [D] [thread 49063] [22.0] [cxt 0] Parser 'parser': start
[16:44:07.938] [bmv2] [D] [thread 49063] [22.0] [cxt 0] Parser 'parser' entering state 'start'
[16:44:07.938] [bmv2] [D] [thread 49063] [22.0] [cxt 0] Parser state 'start': key is 0001
[16:44:07.938] [bmv2] [T] [thread 49063] [22.0] [cxt 0] Bytes parsed: 0
[16:44:07.938] [bmv2] [D] [thread 49063] [22.0] [cxt 0] Parser 'parser' entering state 'parse_ethernet'
[16:44:07.938] [bmv2] [D] [thread 49063] [22.0] [cxt 0] Extracting header 'ethernet'
[16:44:07.938] [bmv2] [D] [thread 49063] [22.0] [cxt 0] Parser state 'parse_ethernet': key is 86dd
[16:44:07.938] [bmv2] [T] [thread 49063] [22.0] [cxt 0] Bytes parsed: 14
[16:44:07.938] [bmv2] [D] [thread 49063] [22.0] [cxt 0] Parser 'parser' entering state 'parse_ipv4'
[16:44:07.938] [bmv2] [D] [thread 49063] [22.0] [cxt 0] Extracting header 'ipv4'
[16:44:07.938] [bmv2] [D] [thread 49063] [22.0] [cxt 0] Parser state 'parse_ipv4': key is 80
[16:44:07.938] [bmv2] [T] [thread 49063] [22.0] [cxt 0] Bytes parsed: 34
[16:44:07.938] [bmv2] [T] [thread 49063] [22.0] [cxt 0] Skipping checksum 'cksum_0' verification because condition not met
[16:44:07.938] [bmv2] [D] [thread 49063] [22.0] [cxt 0] Parser 'parser': end
[16:44:07.938] [bmv2] [D] [thread 49063] [22.0] [cxt 0] Pipeline 'ingress': start
[16:44:07.938] [bmv2] [T] [thread 49063] [22.0] [cxt 0] ../../P4_code/compare_dht_forward.p4(243) Condition "hdr.ipv4.isValid()" (node_2) is true
[16:44:07.939] [bmv2] [T] [thread 49063] [22.0] [cxt 0] Applying table 'ThisIngress.ipv4_lpm'
[16:44:07.939] [bmv2] [D] [thread 49063] [22.0] [cxt 0] Looking up key:
* hdr.ipv4.dstAddr    : d4ce9dff

[16:44:07.939] [bmv2] [D] [thread 49063] [22.0] [cxt 0] Table 'ThisIngress.ipv4_lpm': miss
[16:44:07.939] [bmv2] [D] [thread 49063] [22.0] [cxt 0] Action entry is ThisIngress.my_drop - 
[16:44:07.939] [bmv2] [T] [thread 49063] [22.0] [cxt 0] Action ThisIngress.my_drop
[16:44:07.939] [bmv2] [T] [thread 49063] [22.0] [cxt 0] ../../P4_code/compare_dht_forward.p4(172) Primitive mark_to_drop(standard_metadata)
[16:44:07.939] [bmv2] [T] [thread 49063] [22.0] [cxt 0] ../../P4_code/compare_dht_forward.p4(247) Condition "hdr.dht.isValid()" (node_4) is false
[16:44:07.939] [bmv2] [D] [thread 49063] [22.0] [cxt 0] Pipeline 'ingress': end
[16:44:07.939] [bmv2] [D] [thread 49063] [22.0] [cxt 0] Egress port is 511
[16:44:07.939] [bmv2] [D] [thread 49063] [22.0] [cxt 0] Dropping packet at the end of ingress
[16:44:09.989] [bmv2] [D] [thread 49063] [23.0] [cxt 0] Processing packet received on port 1
[16:44:09.989] [bmv2] [D] [thread 49063] [23.0] [cxt 0] Parser 'parser': start
[16:44:09.989] [bmv2] [D] [thread 49063] [23.0] [cxt 0] Parser 'parser' entering state 'start'
[16:44:09.989] [bmv2] [D] [thread 49063] [23.0] [cxt 0] Parser state 'start': key is 0001
[16:44:09.989] [bmv2] [T] [thread 49063] [23.0] [cxt 0] Bytes parsed: 0
[16:44:09.989] [bmv2] [D] [thread 49063] [23.0] [cxt 0] Parser 'parser' entering state 'parse_ethernet'
[16:44:09.989] [bmv2] [D] [thread 49063] [23.0] [cxt 0] Extracting header 'ethernet'
[16:44:09.990] [bmv2] [D] [thread 49063] [23.0] [cxt 0] Parser state 'parse_ethernet': key is 86dd
[16:44:09.990] [bmv2] [T] [thread 49063] [23.0] [cxt 0] Bytes parsed: 14
[16:44:09.990] [bmv2] [D] [thread 49063] [23.0] [cxt 0] Parser 'parser' entering state 'parse_ipv4'
[16:44:09.990] [bmv2] [D] [thread 49063] [23.0] [cxt 0] Extracting header 'ipv4'
[16:44:09.990] [bmv2] [D] [thread 49063] [23.0] [cxt 0] Parser state 'parse_ipv4': key is 80
[16:44:09.990] [bmv2] [T] [thread 49063] [23.0] [cxt 0] Bytes parsed: 34
[16:44:09.990] [bmv2] [T] [thread 49063] [23.0] [cxt 0] Skipping checksum 'cksum_0' verification because condition not met
[16:44:09.990] [bmv2] [D] [thread 49063] [23.0] [cxt 0] Parser 'parser': end
[16:44:09.990] [bmv2] [D] [thread 49063] [23.0] [cxt 0] Pipeline 'ingress': start
[16:44:09.990] [bmv2] [T] [thread 49063] [23.0] [cxt 0] ../../P4_code/compare_dht_forward.p4(243) Condition "hdr.ipv4.isValid()" (node_2) is true
[16:44:09.990] [bmv2] [T] [thread 49063] [23.0] [cxt 0] Applying table 'ThisIngress.ipv4_lpm'
[16:44:09.990] [bmv2] [D] [thread 49063] [23.0] [cxt 0] Looking up key:
* hdr.ipv4.dstAddr    : 083744ff

[16:44:09.990] [bmv2] [D] [thread 49063] [23.0] [cxt 0] Table 'ThisIngress.ipv4_lpm': miss
[16:44:09.990] [bmv2] [D] [thread 49063] [23.0] [cxt 0] Action entry is ThisIngress.my_drop - 
[16:44:09.990] [bmv2] [T] [thread 49063] [23.0] [cxt 0] Action ThisIngress.my_drop
[16:44:09.990] [bmv2] [T] [thread 49063] [23.0] [cxt 0] ../../P4_code/compare_dht_forward.p4(172) Primitive mark_to_drop(standard_metadata)
[16:44:09.990] [bmv2] [T] [thread 49063] [23.0] [cxt 0] ../../P4_code/compare_dht_forward.p4(247) Condition "hdr.dht.isValid()" (node_4) is false
[16:44:09.990] [bmv2] [D] [thread 49063] [23.0] [cxt 0] Pipeline 'ingress': end
[16:44:09.990] [bmv2] [D] [thread 49063] [23.0] [cxt 0] Egress port is 511
[16:44:09.990] [bmv2] [D] [thread 49063] [23.0] [cxt 0] Dropping packet at the end of ingress
[16:44:09.990] [bmv2] [D] [thread 49063] [24.0] [cxt 0] Processing packet received on port 3
[16:44:09.990] [bmv2] [D] [thread 49063] [24.0] [cxt 0] Parser 'parser': start
[16:44:09.990] [bmv2] [D] [thread 49063] [24.0] [cxt 0] Parser 'parser' entering state 'start'
[16:44:09.990] [bmv2] [D] [thread 49063] [24.0] [cxt 0] Parser state 'start': key is 0003
[16:44:09.990] [bmv2] [T] [thread 49063] [24.0] [cxt 0] Bytes parsed: 0
[16:44:09.990] [bmv2] [D] [thread 49063] [24.0] [cxt 0] Parser 'parser' entering state 'parse_ethernet'
[16:44:09.990] [bmv2] [D] [thread 49063] [24.0] [cxt 0] Extracting header 'ethernet'
[16:44:09.990] [bmv2] [D] [thread 49063] [24.0] [cxt 0] Parser state 'parse_ethernet': key is 86dd
[16:44:09.990] [bmv2] [T] [thread 49063] [24.0] [cxt 0] Bytes parsed: 14
[16:44:09.990] [bmv2] [D] [thread 49063] [24.0] [cxt 0] Parser 'parser' entering state 'parse_ipv4'
[16:44:09.990] [bmv2] [D] [thread 49063] [24.0] [cxt 0] Extracting header 'ipv4'
[16:44:09.990] [bmv2] [D] [thread 49063] [24.0] [cxt 0] Parser state 'parse_ipv4': key is 80
[16:44:09.990] [bmv2] [T] [thread 49063] [24.0] [cxt 0] Bytes parsed: 34
[16:44:09.990] [bmv2] [T] [thread 49063] [24.0] [cxt 0] Skipping checksum 'cksum_0' verification because condition not met
[16:44:09.990] [bmv2] [D] [thread 49063] [24.0] [cxt 0] Parser 'parser': end
[16:44:09.990] [bmv2] [D] [thread 49063] [24.0] [cxt 0] Pipeline 'ingress': start
[16:44:09.990] [bmv2] [T] [thread 49063] [24.0] [cxt 0] ../../P4_code/compare_dht_forward.p4(243) Condition "hdr.ipv4.isValid()" (node_2) is true
[16:44:09.990] [bmv2] [T] [thread 49063] [24.0] [cxt 0] Applying table 'ThisIngress.ipv4_lpm'
[16:44:09.990] [bmv2] [D] [thread 49063] [24.0] [cxt 0] Looking up key:
* hdr.ipv4.dstAddr    : 00bce8ff

[16:44:09.990] [bmv2] [D] [thread 49063] [24.0] [cxt 0] Table 'ThisIngress.ipv4_lpm': miss
[16:44:09.990] [bmv2] [D] [thread 49063] [24.0] [cxt 0] Action entry is ThisIngress.my_drop - 
[16:44:09.990] [bmv2] [T] [thread 49063] [24.0] [cxt 0] Action ThisIngress.my_drop
[16:44:09.990] [bmv2] [T] [thread 49063] [24.0] [cxt 0] ../../P4_code/compare_dht_forward.p4(172) Primitive mark_to_drop(standard_metadata)
[16:44:09.990] [bmv2] [T] [thread 49063] [24.0] [cxt 0] ../../P4_code/compare_dht_forward.p4(247) Condition "hdr.dht.isValid()" (node_4) is false
[16:44:09.990] [bmv2] [D] [thread 49063] [24.0] [cxt 0] Pipeline 'ingress': end
[16:44:09.990] [bmv2] [D] [thread 49063] [24.0] [cxt 0] Egress port is 511
[16:44:09.990] [bmv2] [D] [thread 49063] [24.0] [cxt 0] Dropping packet at the end of ingress
[16:44:12.035] [bmv2] [D] [thread 49063] [25.0] [cxt 0] Processing packet received on port 3
[16:44:12.035] [bmv2] [D] [thread 49063] [25.0] [cxt 0] Parser 'parser': start
[16:44:12.035] [bmv2] [D] [thread 49063] [25.0] [cxt 0] Parser 'parser' entering state 'start'
[16:44:12.035] [bmv2] [D] [thread 49063] [25.0] [cxt 0] Parser state 'start': key is 0003
[16:44:12.035] [bmv2] [T] [thread 49063] [25.0] [cxt 0] Bytes parsed: 0
[16:44:12.035] [bmv2] [D] [thread 49063] [25.0] [cxt 0] Parser 'parser' entering state 'parse_ethernet'
[16:44:12.035] [bmv2] [D] [thread 49063] [25.0] [cxt 0] Extracting header 'ethernet'
[16:44:12.035] [bmv2] [D] [thread 49063] [25.0] [cxt 0] Parser state 'parse_ethernet': key is 86dd
[16:44:12.035] [bmv2] [T] [thread 49063] [25.0] [cxt 0] Bytes parsed: 14
[16:44:12.035] [bmv2] [D] [thread 49063] [25.0] [cxt 0] Parser 'parser' entering state 'parse_ipv4'
[16:44:12.035] [bmv2] [D] [thread 49063] [25.0] [cxt 0] Extracting header 'ipv4'
[16:44:12.035] [bmv2] [D] [thread 49063] [25.0] [cxt 0] Parser state 'parse_ipv4': key is 80
[16:44:12.035] [bmv2] [T] [thread 49063] [25.0] [cxt 0] Bytes parsed: 34
[16:44:12.035] [bmv2] [T] [thread 49063] [25.0] [cxt 0] Skipping checksum 'cksum_0' verification because condition not met
[16:44:12.035] [bmv2] [D] [thread 49063] [25.0] [cxt 0] Parser 'parser': end
[16:44:12.035] [bmv2] [D] [thread 49063] [25.0] [cxt 0] Pipeline 'ingress': start
[16:44:12.035] [bmv2] [T] [thread 49063] [25.0] [cxt 0] ../../P4_code/compare_dht_forward.p4(243) Condition "hdr.ipv4.isValid()" (node_2) is true
[16:44:12.035] [bmv2] [T] [thread 49063] [25.0] [cxt 0] Applying table 'ThisIngress.ipv4_lpm'
[16:44:12.035] [bmv2] [D] [thread 49063] [25.0] [cxt 0] Looking up key:
* hdr.ipv4.dstAddr    : 5c265eff

[16:44:12.035] [bmv2] [D] [thread 49063] [25.0] [cxt 0] Table 'ThisIngress.ipv4_lpm': miss
[16:44:12.035] [bmv2] [D] [thread 49063] [25.0] [cxt 0] Action entry is ThisIngress.my_drop - 
[16:44:12.035] [bmv2] [T] [thread 49063] [25.0] [cxt 0] Action ThisIngress.my_drop
[16:44:12.035] [bmv2] [T] [thread 49063] [25.0] [cxt 0] ../../P4_code/compare_dht_forward.p4(172) Primitive mark_to_drop(standard_metadata)
[16:44:12.035] [bmv2] [T] [thread 49063] [25.0] [cxt 0] ../../P4_code/compare_dht_forward.p4(247) Condition "hdr.dht.isValid()" (node_4) is false
[16:44:12.035] [bmv2] [D] [thread 49063] [25.0] [cxt 0] Pipeline 'ingress': end
[16:44:12.035] [bmv2] [D] [thread 49063] [25.0] [cxt 0] Egress port is 511
[16:44:12.035] [bmv2] [D] [thread 49063] [25.0] [cxt 0] Dropping packet at the end of ingress
[16:44:14.086] [bmv2] [D] [thread 49063] [26.0] [cxt 0] Processing packet received on port 2
[16:44:14.086] [bmv2] [D] [thread 49063] [26.0] [cxt 0] Parser 'parser': start
[16:44:14.086] [bmv2] [D] [thread 49063] [26.0] [cxt 0] Parser 'parser' entering state 'start'
[16:44:14.086] [bmv2] [D] [thread 49063] [26.0] [cxt 0] Parser state 'start': key is 0002
[16:44:14.086] [bmv2] [T] [thread 49063] [26.0] [cxt 0] Bytes parsed: 0
[16:44:14.086] [bmv2] [D] [thread 49063] [26.0] [cxt 0] Parser 'parser' entering state 'parse_ethernet'
[16:44:14.086] [bmv2] [D] [thread 49063] [26.0] [cxt 0] Extracting header 'ethernet'
[16:44:14.086] [bmv2] [D] [thread 49063] [26.0] [cxt 0] Parser state 'parse_ethernet': key is 86dd
[16:44:14.086] [bmv2] [T] [thread 49063] [26.0] [cxt 0] Bytes parsed: 14
[16:44:14.086] [bmv2] [D] [thread 49063] [26.0] [cxt 0] Parser 'parser' entering state 'parse_ipv4'
[16:44:14.086] [bmv2] [D] [thread 49063] [26.0] [cxt 0] Extracting header 'ipv4'
[16:44:14.086] [bmv2] [D] [thread 49063] [26.0] [cxt 0] Parser state 'parse_ipv4': key is 80
[16:44:14.086] [bmv2] [T] [thread 49063] [26.0] [cxt 0] Bytes parsed: 34
[16:44:14.086] [bmv2] [T] [thread 49063] [26.0] [cxt 0] Skipping checksum 'cksum_0' verification because condition not met
[16:44:14.086] [bmv2] [D] [thread 49063] [26.0] [cxt 0] Parser 'parser': end
[16:44:14.086] [bmv2] [D] [thread 49063] [26.0] [cxt 0] Pipeline 'ingress': start
[16:44:14.086] [bmv2] [T] [thread 49063] [26.0] [cxt 0] ../../P4_code/compare_dht_forward.p4(243) Condition "hdr.ipv4.isValid()" (node_2) is true
[16:44:14.086] [bmv2] [T] [thread 49063] [26.0] [cxt 0] Applying table 'ThisIngress.ipv4_lpm'
[16:44:14.086] [bmv2] [D] [thread 49063] [26.0] [cxt 0] Looking up key:
* hdr.ipv4.dstAddr    : 5c60b0ff

[16:44:14.087] [bmv2] [D] [thread 49063] [26.0] [cxt 0] Table 'ThisIngress.ipv4_lpm': miss
[16:44:14.087] [bmv2] [D] [thread 49063] [26.0] [cxt 0] Action entry is ThisIngress.my_drop - 
[16:44:14.087] [bmv2] [T] [thread 49063] [26.0] [cxt 0] Action ThisIngress.my_drop
[16:44:14.087] [bmv2] [T] [thread 49063] [26.0] [cxt 0] ../../P4_code/compare_dht_forward.p4(172) Primitive mark_to_drop(standard_metadata)
[16:44:14.087] [bmv2] [T] [thread 49063] [26.0] [cxt 0] ../../P4_code/compare_dht_forward.p4(247) Condition "hdr.dht.isValid()" (node_4) is false
[16:44:14.087] [bmv2] [D] [thread 49063] [26.0] [cxt 0] Pipeline 'ingress': end
[16:44:14.087] [bmv2] [D] [thread 49063] [26.0] [cxt 0] Egress port is 511
[16:44:14.087] [bmv2] [D] [thread 49063] [26.0] [cxt 0] Dropping packet at the end of ingress
[16:44:14.087] [bmv2] [D] [thread 49063] [27.0] [cxt 0] Processing packet received on port 2
[16:44:14.087] [bmv2] [D] [thread 49063] [27.0] [cxt 0] Parser 'parser': start
[16:44:14.087] [bmv2] [D] [thread 49063] [27.0] [cxt 0] Parser 'parser' entering state 'start'
[16:44:14.087] [bmv2] [D] [thread 49063] [27.0] [cxt 0] Parser state 'start': key is 0002
[16:44:14.087] [bmv2] [T] [thread 49063] [27.0] [cxt 0] Bytes parsed: 0
[16:44:14.087] [bmv2] [D] [thread 49063] [27.0] [cxt 0] Parser 'parser' entering state 'parse_ethernet'
[16:44:14.087] [bmv2] [D] [thread 49063] [27.0] [cxt 0] Extracting header 'ethernet'
[16:44:14.087] [bmv2] [D] [thread 49063] [27.0] [cxt 0] Parser state 'parse_ethernet': key is 86dd
[16:44:14.087] [bmv2] [T] [thread 49063] [27.0] [cxt 0] Bytes parsed: 14
[16:44:14.087] [bmv2] [D] [thread 49063] [27.0] [cxt 0] Parser 'parser' entering state 'parse_ipv4'
[16:44:14.087] [bmv2] [D] [thread 49063] [27.0] [cxt 0] Extracting header 'ipv4'
[16:44:14.087] [bmv2] [D] [thread 49063] [27.0] [cxt 0] Parser state 'parse_ipv4': key is 80
[16:44:14.087] [bmv2] [T] [thread 49063] [27.0] [cxt 0] Bytes parsed: 34
[16:44:14.087] [bmv2] [T] [thread 49063] [27.0] [cxt 0] Skipping checksum 'cksum_0' verification because condition not met
[16:44:14.087] [bmv2] [D] [thread 49063] [27.0] [cxt 0] Parser 'parser': end
[16:44:14.087] [bmv2] [D] [thread 49063] [27.0] [cxt 0] Pipeline 'ingress': start
[16:44:14.087] [bmv2] [T] [thread 49063] [27.0] [cxt 0] ../../P4_code/compare_dht_forward.p4(243) Condition "hdr.ipv4.isValid()" (node_2) is true
[16:44:14.087] [bmv2] [T] [thread 49063] [27.0] [cxt 0] Applying table 'ThisIngress.ipv4_lpm'
[16:44:14.087] [bmv2] [D] [thread 49063] [27.0] [cxt 0] Looking up key:
* hdr.ipv4.dstAddr    : a44fc1ff

[16:44:14.087] [bmv2] [D] [thread 49063] [27.0] [cxt 0] Table 'ThisIngress.ipv4_lpm': miss
[16:44:14.087] [bmv2] [D] [thread 49063] [27.0] [cxt 0] Action entry is ThisIngress.my_drop - 
[16:44:14.087] [bmv2] [T] [thread 49063] [27.0] [cxt 0] Action ThisIngress.my_drop
[16:44:14.087] [bmv2] [T] [thread 49063] [27.0] [cxt 0] ../../P4_code/compare_dht_forward.p4(172) Primitive mark_to_drop(standard_metadata)
[16:44:14.087] [bmv2] [T] [thread 49063] [27.0] [cxt 0] ../../P4_code/compare_dht_forward.p4(247) Condition "hdr.dht.isValid()" (node_4) is false
[16:44:14.087] [bmv2] [D] [thread 49063] [27.0] [cxt 0] Pipeline 'ingress': end
[16:44:14.087] [bmv2] [D] [thread 49063] [27.0] [cxt 0] Egress port is 511
[16:44:14.087] [bmv2] [D] [thread 49063] [27.0] [cxt 0] Dropping packet at the end of ingress
open: No such file or directory
open: No such file or directory
open: No such file or directory
open: No such file or directory
open: No such file or directory
open: No such file or directory
open: No such file or directory
