Calling target program-options parser
[15:46:57.007] [bmv2] [D] [thread 50933] Set default default entry for table 'tbl_compare_dht_forward242': compare_dht_forward242 - 
[15:46:57.007] [bmv2] [D] [thread 50933] Set default default entry for table 'tbl_first_contact': ThisIngress.first_contact - 
[15:46:57.007] [bmv2] [D] [thread 50933] Set default default entry for table 'ThisIngress.no_hop_lookup': NoAction - 
[15:46:57.007] [bmv2] [D] [thread 50933] Set default default entry for table 'tbl_compare_dht_forward253': compare_dht_forward253 - 
[15:46:57.007] [bmv2] [D] [thread 50933] Set default default entry for table 'tbl_compare_dht_forward256': compare_dht_forward256 - 
[15:46:57.007] [bmv2] [D] [thread 50933] Set default default entry for table 'tbl_send_to_controller_simple': ThisIngress.send_to_controller_simple - 
[15:46:57.007] [bmv2] [D] [thread 50933] Set default default entry for table 'ThisIngress.ipv4_lpm': ThisIngress.my_drop - 
Adding interface s_e-eth1 as port 1
[15:46:57.008] [bmv2] [D] [thread 50933] Adding interface s_e-eth1 as port 1
Adding interface s_e-eth2 as port 2
[15:46:57.048] [bmv2] [D] [thread 50933] Adding interface s_e-eth2 as port 2
Adding interface s_e-eth3 as port 3
[15:46:57.084] [bmv2] [D] [thread 50933] Adding interface s_e-eth3 as port 3
Server listening on 0.0.0.0:50055
[15:46:57.118] [bmv2] [I] [thread 50933] Starting Thrift server on port 9094
[15:46:57.119] [bmv2] [I] [thread 50933] Thrift server was started
[15:46:57.120] [bmv2] [D] [thread 50944] [0.0] [cxt 0] Processing packet received on port 2
[15:46:57.120] [bmv2] [D] [thread 50944] [0.0] [cxt 0] Parser 'parser': start
[15:46:57.120] [bmv2] [D] [thread 50944] [0.0] [cxt 0] Parser 'parser' entering state 'start'
[15:46:57.120] [bmv2] [D] [thread 50944] [0.0] [cxt 0] Parser state 'start': key is 0002
[15:46:57.120] [bmv2] [T] [thread 50944] [0.0] [cxt 0] Bytes parsed: 0
[15:46:57.120] [bmv2] [D] [thread 50944] [0.0] [cxt 0] Parser 'parser' entering state 'parse_ethernet'
[15:46:57.120] [bmv2] [D] [thread 50944] [0.0] [cxt 0] Extracting header 'ethernet'
[15:46:57.120] [bmv2] [D] [thread 50944] [0.0] [cxt 0] Parser state 'parse_ethernet': key is 86dd
[15:46:57.120] [bmv2] [T] [thread 50944] [0.0] [cxt 0] Bytes parsed: 14
[15:46:57.120] [bmv2] [D] [thread 50944] [0.0] [cxt 0] Parser 'parser' entering state 'parse_dht'
[15:46:57.120] [bmv2] [D] [thread 50944] [0.0] [cxt 0] Extracting header 'dht'
[15:46:57.120] [bmv2] [D] [thread 50944] [0.0] [cxt 0] Parser state 'parse_dht' has no switch, going to default next state
[15:46:57.120] [bmv2] [T] [thread 50944] [0.0] [cxt 0] Bytes parsed: 17
[15:46:57.120] [bmv2] [T] [thread 50944] [0.0] [cxt 0] Skipping checksum 'cksum_0' verification because target field invalid
[15:46:57.120] [bmv2] [D] [thread 50944] [0.0] [cxt 0] Parser 'parser': end
[15:46:57.120] [bmv2] [D] [thread 50944] [0.0] [cxt 0] Pipeline 'ingress': start
[15:46:57.120] [bmv2] [T] [thread 50944] [0.0] [cxt 0] ../../P4_code/compare_dht_forward.p4(241) Condition "hdr.ipv4.isValid()" (node_2) is false
[15:46:57.120] [bmv2] [T] [thread 50944] [0.0] [cxt 0] ../../P4_code/compare_dht_forward.p4(244) Condition "hdr.dht.isValid()" (node_4) is true
[15:46:57.120] [bmv2] [T] [thread 50944] [0.0] [cxt 0] ../../P4_code/compare_dht_forward.p4(245) Condition "hdr.dht.message_type==0" (node_5) is false
[15:46:57.120] [bmv2] [T] [thread 50944] [0.0] [cxt 0] ../../P4_code/compare_dht_forward.p4(248) Condition "hdr.dht.message_type==1" (node_7) is true
[15:46:57.120] [bmv2] [T] [thread 50944] [0.0] [cxt 0] Applying table 'ThisIngress.no_hop_lookup'
[15:46:57.120] [bmv2] [D] [thread 50944] [0.0] [cxt 0] Looking up key:
* hdr.dht.group_id    : 00
* hdr.dht.id          : 20

[15:46:57.120] [bmv2] [D] [thread 50944] [0.0] [cxt 0] Table 'ThisIngress.no_hop_lookup': miss
[15:46:57.120] [bmv2] [D] [thread 50944] [0.0] [cxt 0] Action entry is NoAction - 
[15:46:57.120] [bmv2] [T] [thread 50944] [0.0] [cxt 0] Action NoAction
[15:46:57.120] [bmv2] [T] [thread 50944] [0.0] [cxt 0] ../../P4_code/compare_dht_forward.p4(251) Condition "hdr.dht.message_type==3 || hdr.dht.message_type==2" (node_9) is false
[15:46:57.120] [bmv2] [D] [thread 50944] [0.0] [cxt 0] Pipeline 'ingress': end
[15:46:57.120] [bmv2] [D] [thread 50944] [0.0] [cxt 0] Egress port is 0
[15:46:57.120] [bmv2] [D] [thread 50945] [0.0] [cxt 0] Pipeline 'egress': start
[15:46:57.120] [bmv2] [D] [thread 50945] [0.0] [cxt 0] Pipeline 'egress': end
[15:46:57.120] [bmv2] [D] [thread 50945] [0.0] [cxt 0] Deparser 'deparser': start
[15:46:57.120] [bmv2] [T] [thread 50945] [0.0] [cxt 0] Skipping checksum 'cksum' update because condition not met
[15:46:57.120] [bmv2] [D] [thread 50945] [0.0] [cxt 0] Deparsing header 'ethernet'
[15:46:57.120] [bmv2] [D] [thread 50945] [0.0] [cxt 0] Deparsing header 'dht'
[15:46:57.120] [bmv2] [D] [thread 50945] [0.0] [cxt 0] Deparser 'deparser': end
[15:46:57.120] [bmv2] [D] [thread 50949] [0.0] [cxt 0] Transmitting packet of size 90 out of port 0
[15:46:59.167] [bmv2] [D] [thread 50944] [1.0] [cxt 0] Processing packet received on port 1
[15:46:59.168] [bmv2] [D] [thread 50944] [1.0] [cxt 0] Parser 'parser': start
[15:46:59.168] [bmv2] [D] [thread 50944] [1.0] [cxt 0] Parser 'parser' entering state 'start'
[15:46:59.168] [bmv2] [D] [thread 50944] [1.0] [cxt 0] Parser state 'start': key is 0001
[15:46:59.168] [bmv2] [T] [thread 50944] [1.0] [cxt 0] Bytes parsed: 0
[15:46:59.168] [bmv2] [D] [thread 50944] [1.0] [cxt 0] Parser 'parser' entering state 'parse_ethernet'
[15:46:59.168] [bmv2] [D] [thread 50944] [1.0] [cxt 0] Extracting header 'ethernet'
[15:46:59.168] [bmv2] [D] [thread 50944] [1.0] [cxt 0] Parser state 'parse_ethernet': key is 86dd
[15:46:59.168] [bmv2] [T] [thread 50944] [1.0] [cxt 0] Bytes parsed: 14
[15:46:59.168] [bmv2] [D] [thread 50944] [1.0] [cxt 0] Parser 'parser' entering state 'parse_dht'
[15:46:59.168] [bmv2] [D] [thread 50944] [1.0] [cxt 0] Extracting header 'dht'
[15:46:59.168] [bmv2] [D] [thread 50944] [1.0] [cxt 0] Parser state 'parse_dht' has no switch, going to default next state
[15:46:59.168] [bmv2] [T] [thread 50944] [1.0] [cxt 0] Bytes parsed: 17
[15:46:59.168] [bmv2] [T] [thread 50944] [1.0] [cxt 0] Skipping checksum 'cksum_0' verification because target field invalid
[15:46:59.168] [bmv2] [D] [thread 50944] [1.0] [cxt 0] Parser 'parser': end
[15:46:59.168] [bmv2] [D] [thread 50944] [1.0] [cxt 0] Pipeline 'ingress': start
[15:46:59.168] [bmv2] [T] [thread 50944] [1.0] [cxt 0] ../../P4_code/compare_dht_forward.p4(241) Condition "hdr.ipv4.isValid()" (node_2) is false
[15:46:59.168] [bmv2] [T] [thread 50944] [1.0] [cxt 0] ../../P4_code/compare_dht_forward.p4(244) Condition "hdr.dht.isValid()" (node_4) is true
[15:46:59.168] [bmv2] [T] [thread 50944] [1.0] [cxt 0] ../../P4_code/compare_dht_forward.p4(245) Condition "hdr.dht.message_type==0" (node_5) is false
[15:46:59.168] [bmv2] [T] [thread 50944] [1.0] [cxt 0] ../../P4_code/compare_dht_forward.p4(248) Condition "hdr.dht.message_type==1" (node_7) is true
[15:46:59.168] [bmv2] [T] [thread 50944] [1.0] [cxt 0] Applying table 'ThisIngress.no_hop_lookup'
[15:46:59.168] [bmv2] [D] [thread 50944] [1.0] [cxt 0] Looking up key:
* hdr.dht.group_id    : 00
* hdr.dht.id          : 20

[15:46:59.168] [bmv2] [D] [thread 50944] [1.0] [cxt 0] Table 'ThisIngress.no_hop_lookup': miss
[15:46:59.168] [bmv2] [D] [thread 50944] [1.0] [cxt 0] Action entry is NoAction - 
[15:46:59.168] [bmv2] [T] [thread 50944] [1.0] [cxt 0] Action NoAction
[15:46:59.168] [bmv2] [T] [thread 50944] [1.0] [cxt 0] ../../P4_code/compare_dht_forward.p4(251) Condition "hdr.dht.message_type==3 || hdr.dht.message_type==2" (node_9) is false
[15:46:59.168] [bmv2] [D] [thread 50944] [1.0] [cxt 0] Pipeline 'ingress': end
[15:46:59.168] [bmv2] [D] [thread 50944] [1.0] [cxt 0] Egress port is 0
[15:46:59.168] [bmv2] [D] [thread 50945] [1.0] [cxt 0] Pipeline 'egress': start
[15:46:59.168] [bmv2] [D] [thread 50945] [1.0] [cxt 0] Pipeline 'egress': end
[15:46:59.168] [bmv2] [D] [thread 50945] [1.0] [cxt 0] Deparser 'deparser': start
[15:46:59.168] [bmv2] [T] [thread 50945] [1.0] [cxt 0] Skipping checksum 'cksum' update because condition not met
[15:46:59.168] [bmv2] [D] [thread 50945] [1.0] [cxt 0] Deparsing header 'ethernet'
[15:46:59.168] [bmv2] [D] [thread 50945] [1.0] [cxt 0] Deparsing header 'dht'
[15:46:59.168] [bmv2] [D] [thread 50945] [1.0] [cxt 0] Deparser 'deparser': end
[15:46:59.168] [bmv2] [D] [thread 50949] [1.0] [cxt 0] Transmitting packet of size 70 out of port 0
[15:46:59.424] [bmv2] [D] [thread 50944] [2.0] [cxt 0] Processing packet received on port 1
[15:46:59.424] [bmv2] [D] [thread 50944] [2.0] [cxt 0] Parser 'parser': start
[15:46:59.424] [bmv2] [D] [thread 50944] [2.0] [cxt 0] Parser 'parser' entering state 'start'
[15:46:59.424] [bmv2] [D] [thread 50944] [2.0] [cxt 0] Parser state 'start': key is 0001
[15:46:59.424] [bmv2] [T] [thread 50944] [2.0] [cxt 0] Bytes parsed: 0
[15:46:59.424] [bmv2] [D] [thread 50944] [2.0] [cxt 0] Parser 'parser' entering state 'parse_ethernet'
[15:46:59.424] [bmv2] [D] [thread 50944] [2.0] [cxt 0] Extracting header 'ethernet'
[15:46:59.424] [bmv2] [D] [thread 50944] [2.0] [cxt 0] Parser state 'parse_ethernet': key is 86dd
[15:46:59.424] [bmv2] [T] [thread 50944] [2.0] [cxt 0] Bytes parsed: 14
[15:46:59.424] [bmv2] [D] [thread 50944] [2.0] [cxt 0] Parser 'parser' entering state 'parse_dht'
[15:46:59.424] [bmv2] [D] [thread 50944] [2.0] [cxt 0] Extracting header 'dht'
[15:46:59.424] [bmv2] [D] [thread 50944] [2.0] [cxt 0] Parser state 'parse_dht' has no switch, going to default next state
[15:46:59.424] [bmv2] [T] [thread 50944] [2.0] [cxt 0] Bytes parsed: 17
[15:46:59.424] [bmv2] [T] [thread 50944] [2.0] [cxt 0] Skipping checksum 'cksum_0' verification because target field invalid
[15:46:59.424] [bmv2] [D] [thread 50944] [2.0] [cxt 0] Parser 'parser': end
[15:46:59.424] [bmv2] [D] [thread 50944] [2.0] [cxt 0] Pipeline 'ingress': start
[15:46:59.424] [bmv2] [T] [thread 50944] [2.0] [cxt 0] ../../P4_code/compare_dht_forward.p4(241) Condition "hdr.ipv4.isValid()" (node_2) is false
[15:46:59.424] [bmv2] [T] [thread 50944] [2.0] [cxt 0] ../../P4_code/compare_dht_forward.p4(244) Condition "hdr.dht.isValid()" (node_4) is true
[15:46:59.424] [bmv2] [T] [thread 50944] [2.0] [cxt 0] ../../P4_code/compare_dht_forward.p4(245) Condition "hdr.dht.message_type==0" (node_5) is false
[15:46:59.424] [bmv2] [T] [thread 50944] [2.0] [cxt 0] ../../P4_code/compare_dht_forward.p4(248) Condition "hdr.dht.message_type==1" (node_7) is true
[15:46:59.424] [bmv2] [T] [thread 50944] [2.0] [cxt 0] Applying table 'ThisIngress.no_hop_lookup'
[15:46:59.424] [bmv2] [D] [thread 50944] [2.0] [cxt 0] Looking up key:
* hdr.dht.group_id    : 00
* hdr.dht.id          : 20

[15:46:59.424] [bmv2] [D] [thread 50944] [2.0] [cxt 0] Table 'ThisIngress.no_hop_lookup': miss
[15:46:59.424] [bmv2] [D] [thread 50944] [2.0] [cxt 0] Action entry is NoAction - 
[15:46:59.424] [bmv2] [T] [thread 50944] [2.0] [cxt 0] Action NoAction
[15:46:59.424] [bmv2] [T] [thread 50944] [2.0] [cxt 0] ../../P4_code/compare_dht_forward.p4(251) Condition "hdr.dht.message_type==3 || hdr.dht.message_type==2" (node_9) is false
[15:46:59.424] [bmv2] [D] [thread 50944] [2.0] [cxt 0] Pipeline 'ingress': end
[15:46:59.424] [bmv2] [D] [thread 50944] [2.0] [cxt 0] Egress port is 0
[15:46:59.424] [bmv2] [D] [thread 50944] [3.0] [cxt 0] Processing packet received on port 3
[15:46:59.424] [bmv2] [D] [thread 50944] [3.0] [cxt 0] Parser 'parser': start
[15:46:59.424] [bmv2] [D] [thread 50944] [3.0] [cxt 0] Parser 'parser' entering state 'start'
[15:46:59.424] [bmv2] [D] [thread 50944] [3.0] [cxt 0] Parser state 'start': key is 0003
[15:46:59.424] [bmv2] [T] [thread 50944] [3.0] [cxt 0] Bytes parsed: 0
[15:46:59.424] [bmv2] [D] [thread 50944] [3.0] [cxt 0] Parser 'parser' entering state 'parse_ethernet'
[15:46:59.424] [bmv2] [D] [thread 50944] [3.0] [cxt 0] Extracting header 'ethernet'
[15:46:59.424] [bmv2] [D] [thread 50944] [3.0] [cxt 0] Parser state 'parse_ethernet': key is 86dd
[15:46:59.424] [bmv2] [T] [thread 50944] [3.0] [cxt 0] Bytes parsed: 14
[15:46:59.424] [bmv2] [D] [thread 50944] [3.0] [cxt 0] Parser 'parser' entering state 'parse_dht'
[15:46:59.424] [bmv2] [D] [thread 50944] [3.0] [cxt 0] Extracting header 'dht'
[15:46:59.424] [bmv2] [D] [thread 50944] [3.0] [cxt 0] Parser state 'parse_dht' has no switch, going to default next state
[15:46:59.424] [bmv2] [T] [thread 50944] [3.0] [cxt 0] Bytes parsed: 17
[15:46:59.424] [bmv2] [T] [thread 50944] [3.0] [cxt 0] Skipping checksum 'cksum_0' verification because target field invalid
[15:46:59.424] [bmv2] [D] [thread 50944] [3.0] [cxt 0] Parser 'parser': end
[15:46:59.424] [bmv2] [D] [thread 50944] [3.0] [cxt 0] Pipeline 'ingress': start
[15:46:59.424] [bmv2] [T] [thread 50944] [3.0] [cxt 0] ../../P4_code/compare_dht_forward.p4(241) Condition "hdr.ipv4.isValid()" (node_2) is false
[15:46:59.424] [bmv2] [T] [thread 50944] [3.0] [cxt 0] ../../P4_code/compare_dht_forward.p4(244) Condition "hdr.dht.isValid()" (node_4) is true
[15:46:59.424] [bmv2] [T] [thread 50944] [3.0] [cxt 0] ../../P4_code/compare_dht_forward.p4(245) Condition "hdr.dht.message_type==0" (node_5) is false
[15:46:59.424] [bmv2] [T] [thread 50944] [3.0] [cxt 0] ../../P4_code/compare_dht_forward.p4(248) Condition "hdr.dht.message_type==1" (node_7) is true
[15:46:59.424] [bmv2] [T] [thread 50944] [3.0] [cxt 0] Applying table 'ThisIngress.no_hop_lookup'
[15:46:59.424] [bmv2] [D] [thread 50944] [3.0] [cxt 0] Looking up key:
* hdr.dht.group_id    : 00
* hdr.dht.id          : 20

[15:46:59.424] [bmv2] [D] [thread 50944] [3.0] [cxt 0] Table 'ThisIngress.no_hop_lookup': miss
[15:46:59.424] [bmv2] [D] [thread 50945] [2.0] [cxt 0] Pipeline 'egress': start
[15:46:59.424] [bmv2] [D] [thread 50945] [2.0] [cxt 0] Pipeline 'egress': end
[15:46:59.424] [bmv2] [D] [thread 50945] [2.0] [cxt 0] Deparser 'deparser': start
[15:46:59.424] [bmv2] [T] [thread 50945] [2.0] [cxt 0] Skipping checksum 'cksum' update because condition not met
[15:46:59.424] [bmv2] [D] [thread 50945] [2.0] [cxt 0] Deparsing header 'ethernet'
[15:46:59.424] [bmv2] [D] [thread 50945] [2.0] [cxt 0] Deparsing header 'dht'
[15:46:59.424] [bmv2] [D] [thread 50945] [2.0] [cxt 0] Deparser 'deparser': end
[15:46:59.424] [bmv2] [D] [thread 50949] [2.0] [cxt 0] Transmitting packet of size 70 out of port 0
[15:46:59.424] [bmv2] [D] [thread 50944] [3.0] [cxt 0] Action entry is NoAction - 
[15:46:59.424] [bmv2] [T] [thread 50944] [3.0] [cxt 0] Action NoAction
[15:46:59.424] [bmv2] [T] [thread 50944] [3.0] [cxt 0] ../../P4_code/compare_dht_forward.p4(251) Condition "hdr.dht.message_type==3 || hdr.dht.message_type==2" (node_9) is false
[15:46:59.424] [bmv2] [D] [thread 50944] [3.0] [cxt 0] Pipeline 'ingress': end
[15:46:59.424] [bmv2] [D] [thread 50944] [3.0] [cxt 0] Egress port is 0
[15:46:59.425] [bmv2] [D] [thread 50945] [3.0] [cxt 0] Pipeline 'egress': start
[15:46:59.425] [bmv2] [D] [thread 50945] [3.0] [cxt 0] Pipeline 'egress': end
[15:46:59.425] [bmv2] [D] [thread 50945] [3.0] [cxt 0] Deparser 'deparser': start
[15:46:59.425] [bmv2] [T] [thread 50945] [3.0] [cxt 0] Skipping checksum 'cksum' update because condition not met
[15:46:59.425] [bmv2] [D] [thread 50945] [3.0] [cxt 0] Deparsing header 'ethernet'
[15:46:59.425] [bmv2] [D] [thread 50945] [3.0] [cxt 0] Deparsing header 'dht'
[15:46:59.425] [bmv2] [D] [thread 50945] [3.0] [cxt 0] Deparser 'deparser': end
[15:46:59.425] [bmv2] [D] [thread 50949] [3.0] [cxt 0] Transmitting packet of size 70 out of port 0
[15:46:59.677] [bmv2] [D] [thread 50944] [4.0] [cxt 0] Processing packet received on port 3
[15:46:59.677] [bmv2] [D] [thread 50944] [4.0] [cxt 0] Parser 'parser': start
[15:46:59.677] [bmv2] [D] [thread 50944] [4.0] [cxt 0] Parser 'parser' entering state 'start'
[15:46:59.677] [bmv2] [D] [thread 50944] [4.0] [cxt 0] Parser state 'start': key is 0003
[15:46:59.677] [bmv2] [T] [thread 50944] [4.0] [cxt 0] Bytes parsed: 0
[15:46:59.677] [bmv2] [D] [thread 50944] [4.0] [cxt 0] Parser 'parser' entering state 'parse_ethernet'
[15:46:59.677] [bmv2] [D] [thread 50944] [4.0] [cxt 0] Extracting header 'ethernet'
[15:46:59.677] [bmv2] [D] [thread 50944] [4.0] [cxt 0] Parser state 'parse_ethernet': key is 86dd
[15:46:59.677] [bmv2] [T] [thread 50944] [4.0] [cxt 0] Bytes parsed: 14
[15:46:59.677] [bmv2] [D] [thread 50944] [4.0] [cxt 0] Parser 'parser' entering state 'parse_dht'
[15:46:59.677] [bmv2] [D] [thread 50944] [4.0] [cxt 0] Extracting header 'dht'
[15:46:59.677] [bmv2] [D] [thread 50944] [4.0] [cxt 0] Parser state 'parse_dht' has no switch, going to default next state
[15:46:59.677] [bmv2] [T] [thread 50944] [4.0] [cxt 0] Bytes parsed: 17
[15:46:59.677] [bmv2] [T] [thread 50944] [4.0] [cxt 0] Skipping checksum 'cksum_0' verification because target field invalid
[15:46:59.677] [bmv2] [D] [thread 50944] [4.0] [cxt 0] Parser 'parser': end
[15:46:59.677] [bmv2] [D] [thread 50944] [4.0] [cxt 0] Pipeline 'ingress': start
[15:46:59.677] [bmv2] [T] [thread 50944] [4.0] [cxt 0] ../../P4_code/compare_dht_forward.p4(241) Condition "hdr.ipv4.isValid()" (node_2) is false
[15:46:59.677] [bmv2] [T] [thread 50944] [4.0] [cxt 0] ../../P4_code/compare_dht_forward.p4(244) Condition "hdr.dht.isValid()" (node_4) is true
[15:46:59.677] [bmv2] [T] [thread 50944] [4.0] [cxt 0] ../../P4_code/compare_dht_forward.p4(245) Condition "hdr.dht.message_type==0" (node_5) is false
[15:46:59.677] [bmv2] [T] [thread 50944] [4.0] [cxt 0] ../../P4_code/compare_dht_forward.p4(248) Condition "hdr.dht.message_type==1" (node_7) is true
[15:46:59.677] [bmv2] [T] [thread 50944] [4.0] [cxt 0] Applying table 'ThisIngress.no_hop_lookup'
[15:46:59.677] [bmv2] [D] [thread 50944] [4.0] [cxt 0] Looking up key:
* hdr.dht.group_id    : 00
* hdr.dht.id          : 20

[15:46:59.677] [bmv2] [D] [thread 50944] [4.0] [cxt 0] Table 'ThisIngress.no_hop_lookup': miss
[15:46:59.677] [bmv2] [D] [thread 50944] [4.0] [cxt 0] Action entry is NoAction - 
[15:46:59.677] [bmv2] [T] [thread 50944] [4.0] [cxt 0] Action NoAction
[15:46:59.677] [bmv2] [T] [thread 50944] [4.0] [cxt 0] ../../P4_code/compare_dht_forward.p4(251) Condition "hdr.dht.message_type==3 || hdr.dht.message_type==2" (node_9) is false
[15:46:59.677] [bmv2] [D] [thread 50944] [4.0] [cxt 0] Pipeline 'ingress': end
[15:46:59.677] [bmv2] [D] [thread 50944] [4.0] [cxt 0] Egress port is 0
[15:46:59.678] [bmv2] [D] [thread 50945] [4.0] [cxt 0] Pipeline 'egress': start
[15:46:59.678] [bmv2] [D] [thread 50945] [4.0] [cxt 0] Pipeline 'egress': end
[15:46:59.678] [bmv2] [D] [thread 50945] [4.0] [cxt 0] Deparser 'deparser': start
[15:46:59.678] [bmv2] [T] [thread 50945] [4.0] [cxt 0] Skipping checksum 'cksum' update because condition not met
[15:46:59.678] [bmv2] [D] [thread 50945] [4.0] [cxt 0] Deparsing header 'ethernet'
[15:46:59.678] [bmv2] [D] [thread 50945] [4.0] [cxt 0] Deparsing header 'dht'
[15:46:59.678] [bmv2] [D] [thread 50945] [4.0] [cxt 0] Deparser 'deparser': end
[15:46:59.678] [bmv2] [D] [thread 50949] [4.0] [cxt 0] Transmitting packet of size 70 out of port 0
[15:46:59.934] [bmv2] [D] [thread 50944] [5.0] [cxt 0] Processing packet received on port 2
[15:46:59.934] [bmv2] [D] [thread 50944] [5.0] [cxt 0] Parser 'parser': start
[15:46:59.934] [bmv2] [D] [thread 50944] [5.0] [cxt 0] Parser 'parser' entering state 'start'
[15:46:59.934] [bmv2] [D] [thread 50944] [5.0] [cxt 0] Parser state 'start': key is 0002
[15:46:59.934] [bmv2] [T] [thread 50944] [5.0] [cxt 0] Bytes parsed: 0
[15:46:59.934] [bmv2] [D] [thread 50944] [5.0] [cxt 0] Parser 'parser' entering state 'parse_ethernet'
[15:46:59.935] [bmv2] [D] [thread 50944] [5.0] [cxt 0] Extracting header 'ethernet'
[15:46:59.935] [bmv2] [D] [thread 50944] [5.0] [cxt 0] Parser state 'parse_ethernet': key is 86dd
[15:46:59.935] [bmv2] [T] [thread 50944] [5.0] [cxt 0] Bytes parsed: 14
[15:46:59.935] [bmv2] [D] [thread 50944] [5.0] [cxt 0] Parser 'parser' entering state 'parse_dht'
[15:46:59.935] [bmv2] [D] [thread 50944] [5.0] [cxt 0] Extracting header 'dht'
[15:46:59.935] [bmv2] [D] [thread 50944] [5.0] [cxt 0] Parser state 'parse_dht' has no switch, going to default next state
[15:46:59.935] [bmv2] [T] [thread 50944] [5.0] [cxt 0] Bytes parsed: 17
[15:46:59.935] [bmv2] [T] [thread 50944] [5.0] [cxt 0] Skipping checksum 'cksum_0' verification because target field invalid
[15:46:59.935] [bmv2] [D] [thread 50944] [5.0] [cxt 0] Parser 'parser': end
[15:46:59.935] [bmv2] [D] [thread 50944] [5.0] [cxt 0] Pipeline 'ingress': start
[15:46:59.935] [bmv2] [T] [thread 50944] [5.0] [cxt 0] ../../P4_code/compare_dht_forward.p4(241) Condition "hdr.ipv4.isValid()" (node_2) is false
[15:46:59.935] [bmv2] [T] [thread 50944] [5.0] [cxt 0] ../../P4_code/compare_dht_forward.p4(244) Condition "hdr.dht.isValid()" (node_4) is true
[15:46:59.935] [bmv2] [T] [thread 50944] [5.0] [cxt 0] ../../P4_code/compare_dht_forward.p4(245) Condition "hdr.dht.message_type==0" (node_5) is false
[15:46:59.935] [bmv2] [T] [thread 50944] [5.0] [cxt 0] ../../P4_code/compare_dht_forward.p4(248) Condition "hdr.dht.message_type==1" (node_7) is true
[15:46:59.935] [bmv2] [T] [thread 50944] [5.0] [cxt 0] Applying table 'ThisIngress.no_hop_lookup'
[15:46:59.935] [bmv2] [D] [thread 50944] [5.0] [cxt 0] Looking up key:
* hdr.dht.group_id    : 00
* hdr.dht.id          : 20

[15:46:59.935] [bmv2] [D] [thread 50944] [5.0] [cxt 0] Table 'ThisIngress.no_hop_lookup': miss
[15:46:59.935] [bmv2] [D] [thread 50944] [5.0] [cxt 0] Action entry is NoAction - 
[15:46:59.935] [bmv2] [T] [thread 50944] [5.0] [cxt 0] Action NoAction
[15:46:59.935] [bmv2] [T] [thread 50944] [5.0] [cxt 0] ../../P4_code/compare_dht_forward.p4(251) Condition "hdr.dht.message_type==3 || hdr.dht.message_type==2" (node_9) is false
[15:46:59.935] [bmv2] [D] [thread 50944] [5.0] [cxt 0] Pipeline 'ingress': end
[15:46:59.935] [bmv2] [D] [thread 50944] [5.0] [cxt 0] Egress port is 0
[15:46:59.935] [bmv2] [D] [thread 50945] [5.0] [cxt 0] Pipeline 'egress': start
[15:46:59.935] [bmv2] [D] [thread 50945] [5.0] [cxt 0] Pipeline 'egress': end
[15:46:59.935] [bmv2] [D] [thread 50945] [5.0] [cxt 0] Deparser 'deparser': start
[15:46:59.935] [bmv2] [T] [thread 50945] [5.0] [cxt 0] Skipping checksum 'cksum' update because condition not met
[15:46:59.935] [bmv2] [D] [thread 50945] [5.0] [cxt 0] Deparsing header 'ethernet'
[15:46:59.935] [bmv2] [D] [thread 50945] [5.0] [cxt 0] Deparsing header 'dht'
[15:46:59.935] [bmv2] [D] [thread 50945] [5.0] [cxt 0] Deparser 'deparser': end
[15:46:59.935] [bmv2] [D] [thread 50949] [5.0] [cxt 0] Transmitting packet of size 70 out of port 0
[15:47:00.444] [bmv2] [D] [thread 50944] [6.0] [cxt 0] Processing packet received on port 2
[15:47:00.444] [bmv2] [D] [thread 50944] [6.0] [cxt 0] Parser 'parser': start
[15:47:00.444] [bmv2] [D] [thread 50944] [6.0] [cxt 0] Parser 'parser' entering state 'start'
[15:47:00.444] [bmv2] [D] [thread 50944] [6.0] [cxt 0] Parser state 'start': key is 0002
[15:47:00.444] [bmv2] [T] [thread 50944] [6.0] [cxt 0] Bytes parsed: 0
[15:47:00.444] [bmv2] [D] [thread 50944] [6.0] [cxt 0] Parser 'parser' entering state 'parse_ethernet'
[15:47:00.444] [bmv2] [D] [thread 50944] [6.0] [cxt 0] Extracting header 'ethernet'
[15:47:00.444] [bmv2] [D] [thread 50944] [6.0] [cxt 0] Parser state 'parse_ethernet': key is 86dd
[15:47:00.444] [bmv2] [T] [thread 50944] [6.0] [cxt 0] Bytes parsed: 14
[15:47:00.444] [bmv2] [D] [thread 50944] [6.0] [cxt 0] Parser 'parser' entering state 'parse_dht'
[15:47:00.444] [bmv2] [D] [thread 50944] [6.0] [cxt 0] Extracting header 'dht'
[15:47:00.444] [bmv2] [D] [thread 50944] [6.0] [cxt 0] Parser state 'parse_dht' has no switch, going to default next state
[15:47:00.444] [bmv2] [T] [thread 50944] [6.0] [cxt 0] Bytes parsed: 17
[15:47:00.444] [bmv2] [T] [thread 50944] [6.0] [cxt 0] Skipping checksum 'cksum_0' verification because target field invalid
[15:47:00.444] [bmv2] [D] [thread 50944] [6.0] [cxt 0] Parser 'parser': end
[15:47:00.444] [bmv2] [D] [thread 50944] [6.0] [cxt 0] Pipeline 'ingress': start
[15:47:00.444] [bmv2] [T] [thread 50944] [6.0] [cxt 0] ../../P4_code/compare_dht_forward.p4(241) Condition "hdr.ipv4.isValid()" (node_2) is false
[15:47:00.444] [bmv2] [T] [thread 50944] [6.0] [cxt 0] ../../P4_code/compare_dht_forward.p4(244) Condition "hdr.dht.isValid()" (node_4) is true
[15:47:00.444] [bmv2] [T] [thread 50944] [6.0] [cxt 0] ../../P4_code/compare_dht_forward.p4(245) Condition "hdr.dht.message_type==0" (node_5) is false
[15:47:00.444] [bmv2] [T] [thread 50944] [6.0] [cxt 0] ../../P4_code/compare_dht_forward.p4(248) Condition "hdr.dht.message_type==1" (node_7) is true
[15:47:00.444] [bmv2] [T] [thread 50944] [6.0] [cxt 0] Applying table 'ThisIngress.no_hop_lookup'
[15:47:00.444] [bmv2] [D] [thread 50944] [6.0] [cxt 0] Looking up key:
* hdr.dht.group_id    : 00
* hdr.dht.id          : 20

[15:47:00.444] [bmv2] [D] [thread 50944] [6.0] [cxt 0] Table 'ThisIngress.no_hop_lookup': miss
[15:47:00.444] [bmv2] [D] [thread 50944] [6.0] [cxt 0] Action entry is NoAction - 
[15:47:00.444] [bmv2] [T] [thread 50944] [6.0] [cxt 0] Action NoAction
[15:47:00.444] [bmv2] [T] [thread 50944] [6.0] [cxt 0] ../../P4_code/compare_dht_forward.p4(251) Condition "hdr.dht.message_type==3 || hdr.dht.message_type==2" (node_9) is false
[15:47:00.444] [bmv2] [D] [thread 50944] [6.0] [cxt 0] Pipeline 'ingress': end
[15:47:00.444] [bmv2] [D] [thread 50944] [6.0] [cxt 0] Egress port is 0
[15:47:00.444] [bmv2] [D] [thread 50945] [6.0] [cxt 0] Pipeline 'egress': start
[15:47:00.444] [bmv2] [D] [thread 50945] [6.0] [cxt 0] Pipeline 'egress': end
[15:47:00.444] [bmv2] [D] [thread 50945] [6.0] [cxt 0] Deparser 'deparser': start
[15:47:00.444] [bmv2] [T] [thread 50945] [6.0] [cxt 0] Skipping checksum 'cksum' update because condition not met
[15:47:00.444] [bmv2] [D] [thread 50945] [6.0] [cxt 0] Deparsing header 'ethernet'
[15:47:00.444] [bmv2] [D] [thread 50945] [6.0] [cxt 0] Deparsing header 'dht'
[15:47:00.444] [bmv2] [D] [thread 50945] [6.0] [cxt 0] Deparser 'deparser': end
[15:47:00.444] [bmv2] [D] [thread 50949] [6.0] [cxt 0] Transmitting packet of size 70 out of port 0
[15:47:01.259] [bmv2] [W] [thread 51081] [P4Runtime] p4::tmp::P4DeviceConfig is deprecated
[15:47:01.263] [bmv2] [D] [thread 51081] Set default default entry for table 'tbl_compare_dht_forward242': compare_dht_forward242 - 
[15:47:01.263] [bmv2] [D] [thread 51081] Set default default entry for table 'tbl_first_contact': ThisIngress.first_contact - 
[15:47:01.263] [bmv2] [D] [thread 51081] Set default default entry for table 'ThisIngress.no_hop_lookup': NoAction - 
[15:47:01.263] [bmv2] [D] [thread 51081] Set default default entry for table 'tbl_compare_dht_forward253': compare_dht_forward253 - 
[15:47:01.263] [bmv2] [D] [thread 51081] Set default default entry for table 'tbl_compare_dht_forward256': compare_dht_forward256 - 
[15:47:01.263] [bmv2] [D] [thread 51081] Set default default entry for table 'tbl_send_to_controller_simple': ThisIngress.send_to_controller_simple - 
[15:47:01.263] [bmv2] [D] [thread 51081] Set default default entry for table 'ThisIngress.ipv4_lpm': ThisIngress.my_drop - 
[15:47:01.265] [bmv2] [D] [thread 51081] simple_switch target has been notified of a config swap
[15:47:01.273] [bmv2] [D] [thread 51082] Entry 0 added to table 'ThisIngress.no_hop_lookup'
[15:47:01.273] [bmv2] [D] [thread 51082] Dumping entry 0
Match key:
* hdr.dht.group_id    : EXACT     01
* hdr.dht.id          : RANGE     0f -> 14
Priority: 2147483646
Action entry: ThisIngress.no_hop_forward - 2,

[15:47:01.276] [bmv2] [D] [thread 51081] Entry 1 added to table 'ThisIngress.no_hop_lookup'
[15:47:01.277] [bmv2] [D] [thread 51081] Dumping entry 1
Match key:
* hdr.dht.group_id    : EXACT     01
* hdr.dht.id          : RANGE     14 -> 1c
Priority: 2147483646
Action entry: ThisIngress.no_hop_forward - 3,

[15:47:01.280] [bmv2] [D] [thread 51082] Entry 2 added to table 'ThisIngress.no_hop_lookup'
[15:47:01.280] [bmv2] [D] [thread 51082] Dumping entry 2
Match key:
* hdr.dht.group_id    : EXACT     01
* hdr.dht.id          : RANGE     00 -> 21
Priority: 2147483646
Action entry: ThisIngress.no_hop_forward - 1,

[15:47:01.283] [bmv2] [D] [thread 51081] Entry 0 added to table 'ThisIngress.ipv4_lpm'
[15:47:01.283] [bmv2] [D] [thread 51081] Dumping entry 0
Match key:
* hdr.ipv4.dstAddr    : LPM       0a000202/32
Action entry: ThisIngress.ipv4_forward - 80000000100,1,

[15:47:01.291] [bmv2] [D] [thread 51082] Entry 1 added to table 'ThisIngress.ipv4_lpm'
[15:47:01.291] [bmv2] [D] [thread 51082] Dumping entry 1
Match key:
* hdr.ipv4.dstAddr    : LPM       0a000303/32
Action entry: ThisIngress.ipv4_forward - 80000000100,1,

[15:47:01.297] [bmv2] [D] [thread 51081] Entry 2 added to table 'ThisIngress.ipv4_lpm'
[15:47:01.297] [bmv2] [D] [thread 51081] Dumping entry 2
Match key:
* hdr.ipv4.dstAddr    : LPM       0a000404/32
Action entry: ThisIngress.ipv4_forward - 80000000100,1,

[15:47:01.299] [bmv2] [D] [thread 51082] Entry 3 added to table 'ThisIngress.ipv4_lpm'
[15:47:01.299] [bmv2] [D] [thread 51082] Dumping entry 3
Match key:
* hdr.ipv4.dstAddr    : LPM       0a000505/32
Action entry: ThisIngress.ipv4_forward - 80000000100,1,

[15:47:01.302] [bmv2] [D] [thread 51081] Entry 4 added to table 'ThisIngress.ipv4_lpm'
[15:47:01.302] [bmv2] [D] [thread 51081] Dumping entry 4
Match key:
* hdr.ipv4.dstAddr    : LPM       0a000606/32
Action entry: ThisIngress.ipv4_forward - 80000000177,2,

[15:47:01.304] [bmv2] [D] [thread 51082] Entry 5 added to table 'ThisIngress.ipv4_lpm'
[15:47:01.304] [bmv2] [D] [thread 51082] Dumping entry 5
Match key:
* hdr.ipv4.dstAddr    : LPM       0a000707/32
Action entry: ThisIngress.ipv4_forward - 80000000177,2,

[15:47:01.306] [bmv2] [D] [thread 51081] Entry 6 added to table 'ThisIngress.ipv4_lpm'
[15:47:01.306] [bmv2] [D] [thread 51081] Dumping entry 6
Match key:
* hdr.ipv4.dstAddr    : LPM       0a000808/32
Action entry: ThisIngress.ipv4_forward - 80000000188,3,

[15:47:01.310] [bmv2] [D] [thread 51082] Entry 7 added to table 'ThisIngress.ipv4_lpm'
[15:47:01.310] [bmv2] [D] [thread 51082] Dumping entry 7
Match key:
* hdr.ipv4.dstAddr    : LPM       0a000909/32
Action entry: ThisIngress.ipv4_forward - 80000000188,3,

[15:47:01.314] [bmv2] [D] [thread 51081] Entry 8 added to table 'ThisIngress.ipv4_lpm'
[15:47:01.314] [bmv2] [D] [thread 51081] Dumping entry 8
Match key:
* hdr.ipv4.dstAddr    : LPM       0a000101/32
Action entry: ThisIngress.ipv4_forward - 80000000100,1,

[15:47:06.845] [bmv2] [D] [thread 50944] [7.0] [cxt 0] Processing packet received on port 1
[15:47:06.845] [bmv2] [D] [thread 50944] [7.0] [cxt 0] Parser 'parser': start
[15:47:06.845] [bmv2] [D] [thread 50944] [7.0] [cxt 0] Parser 'parser' entering state 'start'
[15:47:06.845] [bmv2] [D] [thread 50944] [7.0] [cxt 0] Parser state 'start': key is 0001
[15:47:06.845] [bmv2] [T] [thread 50944] [7.0] [cxt 0] Bytes parsed: 0
[15:47:06.845] [bmv2] [D] [thread 50944] [7.0] [cxt 0] Parser 'parser' entering state 'parse_ethernet'
[15:47:06.845] [bmv2] [D] [thread 50944] [7.0] [cxt 0] Extracting header 'ethernet'
[15:47:06.845] [bmv2] [D] [thread 50944] [7.0] [cxt 0] Parser state 'parse_ethernet': key is 86dd
[15:47:06.845] [bmv2] [T] [thread 50944] [7.0] [cxt 0] Bytes parsed: 14
[15:47:06.845] [bmv2] [D] [thread 50944] [7.0] [cxt 0] Parser 'parser' entering state 'parse_dht'
[15:47:06.845] [bmv2] [D] [thread 50944] [7.0] [cxt 0] Extracting header 'dht'
[15:47:06.845] [bmv2] [D] [thread 50944] [7.0] [cxt 0] Parser state 'parse_dht' has no switch, going to default next state
[15:47:06.845] [bmv2] [T] [thread 50944] [7.0] [cxt 0] Bytes parsed: 17
[15:47:06.845] [bmv2] [T] [thread 50944] [7.0] [cxt 0] Skipping checksum 'cksum_0' verification because target field invalid
[15:47:06.845] [bmv2] [D] [thread 50944] [7.0] [cxt 0] Parser 'parser': end
[15:47:06.845] [bmv2] [D] [thread 50944] [7.0] [cxt 0] Pipeline 'ingress': start
[15:47:06.845] [bmv2] [T] [thread 50944] [7.0] [cxt 0] ../../P4_code/compare_dht_forward.p4(241) Condition "hdr.ipv4.isValid()" (node_2) is false
[15:47:06.845] [bmv2] [T] [thread 50944] [7.0] [cxt 0] ../../P4_code/compare_dht_forward.p4(244) Condition "hdr.dht.isValid()" (node_4) is true
[15:47:06.845] [bmv2] [T] [thread 50944] [7.0] [cxt 0] ../../P4_code/compare_dht_forward.p4(245) Condition "hdr.dht.message_type==0" (node_5) is false
[15:47:06.845] [bmv2] [T] [thread 50944] [7.0] [cxt 0] ../../P4_code/compare_dht_forward.p4(248) Condition "hdr.dht.message_type==1" (node_7) is true
[15:47:06.845] [bmv2] [T] [thread 50944] [7.0] [cxt 0] Applying table 'ThisIngress.no_hop_lookup'
[15:47:06.845] [bmv2] [D] [thread 50944] [7.0] [cxt 0] Looking up key:
* hdr.dht.group_id    : 00
* hdr.dht.id          : 20

[15:47:06.845] [bmv2] [D] [thread 50944] [7.0] [cxt 0] Table 'ThisIngress.no_hop_lookup': miss
[15:47:06.845] [bmv2] [D] [thread 50944] [7.0] [cxt 0] Action entry is NoAction - 
[15:47:06.845] [bmv2] [T] [thread 50944] [7.0] [cxt 0] Action NoAction
[15:47:06.845] [bmv2] [T] [thread 50944] [7.0] [cxt 0] ../../P4_code/compare_dht_forward.p4(251) Condition "hdr.dht.message_type==3 || hdr.dht.message_type==2" (node_9) is false
[15:47:06.845] [bmv2] [D] [thread 50944] [7.0] [cxt 0] Pipeline 'ingress': end
[15:47:06.845] [bmv2] [D] [thread 50944] [7.0] [cxt 0] Egress port is 0
[15:47:06.845] [bmv2] [D] [thread 50945] [7.0] [cxt 0] Pipeline 'egress': start
[15:47:06.845] [bmv2] [D] [thread 50945] [7.0] [cxt 0] Pipeline 'egress': end
[15:47:06.845] [bmv2] [D] [thread 50945] [7.0] [cxt 0] Deparser 'deparser': start
[15:47:06.845] [bmv2] [T] [thread 50945] [7.0] [cxt 0] Skipping checksum 'cksum' update because condition not met
[15:47:06.845] [bmv2] [D] [thread 50945] [7.0] [cxt 0] Deparsing header 'ethernet'
[15:47:06.845] [bmv2] [D] [thread 50945] [7.0] [cxt 0] Deparsing header 'dht'
[15:47:06.845] [bmv2] [D] [thread 50945] [7.0] [cxt 0] Deparser 'deparser': end
[15:47:06.846] [bmv2] [D] [thread 50949] [7.0] [cxt 0] Transmitting packet of size 70 out of port 0
[15:47:07.356] [bmv2] [D] [thread 50944] [8.0] [cxt 0] Processing packet received on port 3
[15:47:07.356] [bmv2] [D] [thread 50944] [8.0] [cxt 0] Parser 'parser': start
[15:47:07.356] [bmv2] [D] [thread 50944] [8.0] [cxt 0] Parser 'parser' entering state 'start'
[15:47:07.356] [bmv2] [D] [thread 50944] [8.0] [cxt 0] Parser state 'start': key is 0003
[15:47:07.356] [bmv2] [T] [thread 50944] [8.0] [cxt 0] Bytes parsed: 0
[15:47:07.356] [bmv2] [D] [thread 50944] [8.0] [cxt 0] Parser 'parser' entering state 'parse_ethernet'
[15:47:07.356] [bmv2] [D] [thread 50944] [8.0] [cxt 0] Extracting header 'ethernet'
[15:47:07.356] [bmv2] [D] [thread 50944] [8.0] [cxt 0] Parser state 'parse_ethernet': key is 86dd
[15:47:07.356] [bmv2] [T] [thread 50944] [8.0] [cxt 0] Bytes parsed: 14
[15:47:07.356] [bmv2] [D] [thread 50944] [8.0] [cxt 0] Parser 'parser' entering state 'parse_dht'
[15:47:07.356] [bmv2] [D] [thread 50944] [8.0] [cxt 0] Extracting header 'dht'
[15:47:07.356] [bmv2] [D] [thread 50944] [8.0] [cxt 0] Parser state 'parse_dht' has no switch, going to default next state
[15:47:07.356] [bmv2] [T] [thread 50944] [8.0] [cxt 0] Bytes parsed: 17
[15:47:07.356] [bmv2] [T] [thread 50944] [8.0] [cxt 0] Skipping checksum 'cksum_0' verification because target field invalid
[15:47:07.356] [bmv2] [D] [thread 50944] [8.0] [cxt 0] Parser 'parser': end
[15:47:07.356] [bmv2] [D] [thread 50944] [8.0] [cxt 0] Pipeline 'ingress': start
[15:47:07.356] [bmv2] [T] [thread 50944] [8.0] [cxt 0] ../../P4_code/compare_dht_forward.p4(241) Condition "hdr.ipv4.isValid()" (node_2) is false
[15:47:07.356] [bmv2] [T] [thread 50944] [8.0] [cxt 0] ../../P4_code/compare_dht_forward.p4(244) Condition "hdr.dht.isValid()" (node_4) is true
[15:47:07.356] [bmv2] [T] [thread 50944] [8.0] [cxt 0] ../../P4_code/compare_dht_forward.p4(245) Condition "hdr.dht.message_type==0" (node_5) is false
[15:47:07.356] [bmv2] [T] [thread 50944] [8.0] [cxt 0] ../../P4_code/compare_dht_forward.p4(248) Condition "hdr.dht.message_type==1" (node_7) is true
[15:47:07.356] [bmv2] [T] [thread 50944] [8.0] [cxt 0] Applying table 'ThisIngress.no_hop_lookup'
[15:47:07.356] [bmv2] [D] [thread 50944] [8.0] [cxt 0] Looking up key:
* hdr.dht.group_id    : 00
* hdr.dht.id          : 20

[15:47:07.356] [bmv2] [D] [thread 50944] [8.0] [cxt 0] Table 'ThisIngress.no_hop_lookup': miss
[15:47:07.356] [bmv2] [D] [thread 50944] [8.0] [cxt 0] Action entry is NoAction - 
[15:47:07.356] [bmv2] [T] [thread 50944] [8.0] [cxt 0] Action NoAction
[15:47:07.356] [bmv2] [T] [thread 50944] [8.0] [cxt 0] ../../P4_code/compare_dht_forward.p4(251) Condition "hdr.dht.message_type==3 || hdr.dht.message_type==2" (node_9) is false
[15:47:07.356] [bmv2] [D] [thread 50944] [8.0] [cxt 0] Pipeline 'ingress': end
[15:47:07.356] [bmv2] [D] [thread 50944] [8.0] [cxt 0] Egress port is 0
[15:47:07.356] [bmv2] [D] [thread 50945] [8.0] [cxt 0] Pipeline 'egress': start
[15:47:07.357] [bmv2] [D] [thread 50945] [8.0] [cxt 0] Pipeline 'egress': end
[15:47:07.357] [bmv2] [D] [thread 50945] [8.0] [cxt 0] Deparser 'deparser': start
[15:47:07.357] [bmv2] [T] [thread 50945] [8.0] [cxt 0] Skipping checksum 'cksum' update because condition not met
[15:47:07.357] [bmv2] [D] [thread 50945] [8.0] [cxt 0] Deparsing header 'ethernet'
[15:47:07.357] [bmv2] [D] [thread 50945] [8.0] [cxt 0] Deparsing header 'dht'
[15:47:07.357] [bmv2] [D] [thread 50945] [8.0] [cxt 0] Deparser 'deparser': end
[15:47:07.357] [bmv2] [D] [thread 50949] [8.0] [cxt 0] Transmitting packet of size 70 out of port 0
[15:47:07.612] [bmv2] [D] [thread 50944] [9.0] [cxt 0] Processing packet received on port 1
[15:47:07.613] [bmv2] [D] [thread 50944] [9.0] [cxt 0] Parser 'parser': start
[15:47:07.613] [bmv2] [D] [thread 50944] [9.0] [cxt 0] Parser 'parser' entering state 'start'
[15:47:07.613] [bmv2] [D] [thread 50944] [9.0] [cxt 0] Parser state 'start': key is 0001
[15:47:07.613] [bmv2] [T] [thread 50944] [9.0] [cxt 0] Bytes parsed: 0
[15:47:07.613] [bmv2] [D] [thread 50944] [9.0] [cxt 0] Parser 'parser' entering state 'parse_ethernet'
[15:47:07.613] [bmv2] [D] [thread 50944] [9.0] [cxt 0] Extracting header 'ethernet'
[15:47:07.613] [bmv2] [D] [thread 50944] [9.0] [cxt 0] Parser state 'parse_ethernet': key is 86dd
[15:47:07.613] [bmv2] [T] [thread 50944] [9.0] [cxt 0] Bytes parsed: 14
[15:47:07.613] [bmv2] [D] [thread 50944] [9.0] [cxt 0] Parser 'parser' entering state 'parse_dht'
[15:47:07.613] [bmv2] [D] [thread 50944] [9.0] [cxt 0] Extracting header 'dht'
[15:47:07.613] [bmv2] [D] [thread 50944] [9.0] [cxt 0] Parser state 'parse_dht' has no switch, going to default next state
[15:47:07.613] [bmv2] [T] [thread 50944] [9.0] [cxt 0] Bytes parsed: 17
[15:47:07.613] [bmv2] [T] [thread 50944] [9.0] [cxt 0] Skipping checksum 'cksum_0' verification because target field invalid
[15:47:07.613] [bmv2] [D] [thread 50944] [9.0] [cxt 0] Parser 'parser': end
[15:47:07.613] [bmv2] [D] [thread 50944] [9.0] [cxt 0] Pipeline 'ingress': start
[15:47:07.613] [bmv2] [T] [thread 50944] [9.0] [cxt 0] ../../P4_code/compare_dht_forward.p4(241) Condition "hdr.ipv4.isValid()" (node_2) is false
[15:47:07.613] [bmv2] [T] [thread 50944] [9.0] [cxt 0] ../../P4_code/compare_dht_forward.p4(244) Condition "hdr.dht.isValid()" (node_4) is true
[15:47:07.613] [bmv2] [T] [thread 50944] [9.0] [cxt 0] ../../P4_code/compare_dht_forward.p4(245) Condition "hdr.dht.message_type==0" (node_5) is false
[15:47:07.613] [bmv2] [T] [thread 50944] [9.0] [cxt 0] ../../P4_code/compare_dht_forward.p4(248) Condition "hdr.dht.message_type==1" (node_7) is true
[15:47:07.613] [bmv2] [T] [thread 50944] [9.0] [cxt 0] Applying table 'ThisIngress.no_hop_lookup'
[15:47:07.613] [bmv2] [D] [thread 50944] [9.0] [cxt 0] Looking up key:
* hdr.dht.group_id    : 00
* hdr.dht.id          : 20

[15:47:07.613] [bmv2] [D] [thread 50944] [9.0] [cxt 0] Table 'ThisIngress.no_hop_lookup': miss
[15:47:07.613] [bmv2] [D] [thread 50944] [9.0] [cxt 0] Action entry is NoAction - 
[15:47:07.613] [bmv2] [T] [thread 50944] [9.0] [cxt 0] Action NoAction
[15:47:07.613] [bmv2] [T] [thread 50944] [9.0] [cxt 0] ../../P4_code/compare_dht_forward.p4(251) Condition "hdr.dht.message_type==3 || hdr.dht.message_type==2" (node_9) is false
[15:47:07.613] [bmv2] [D] [thread 50944] [9.0] [cxt 0] Pipeline 'ingress': end
[15:47:07.613] [bmv2] [D] [thread 50944] [9.0] [cxt 0] Egress port is 0
[15:47:07.613] [bmv2] [D] [thread 50945] [9.0] [cxt 0] Pipeline 'egress': start
[15:47:07.613] [bmv2] [D] [thread 50945] [9.0] [cxt 0] Pipeline 'egress': end
[15:47:07.613] [bmv2] [D] [thread 50945] [9.0] [cxt 0] Deparser 'deparser': start
[15:47:07.613] [bmv2] [T] [thread 50945] [9.0] [cxt 0] Skipping checksum 'cksum' update because condition not met
[15:47:07.613] [bmv2] [D] [thread 50945] [9.0] [cxt 0] Deparsing header 'ethernet'
[15:47:07.613] [bmv2] [D] [thread 50945] [9.0] [cxt 0] Deparsing header 'dht'
[15:47:07.613] [bmv2] [D] [thread 50945] [9.0] [cxt 0] Deparser 'deparser': end
[15:47:07.613] [bmv2] [D] [thread 50949] [9.0] [cxt 0] Transmitting packet of size 70 out of port 0
[15:47:07.614] [bmv2] [D] [thread 50944] [10.0] [cxt 0] Processing packet received on port 2
[15:47:07.614] [bmv2] [D] [thread 50944] [10.0] [cxt 0] Parser 'parser': start
[15:47:07.614] [bmv2] [D] [thread 50944] [10.0] [cxt 0] Parser 'parser' entering state 'start'
[15:47:07.614] [bmv2] [D] [thread 50944] [10.0] [cxt 0] Parser state 'start': key is 0002
[15:47:07.614] [bmv2] [T] [thread 50944] [10.0] [cxt 0] Bytes parsed: 0
[15:47:07.614] [bmv2] [D] [thread 50944] [10.0] [cxt 0] Parser 'parser' entering state 'parse_ethernet'
[15:47:07.614] [bmv2] [D] [thread 50944] [10.0] [cxt 0] Extracting header 'ethernet'
[15:47:07.614] [bmv2] [D] [thread 50944] [10.0] [cxt 0] Parser state 'parse_ethernet': key is 86dd
[15:47:07.614] [bmv2] [T] [thread 50944] [10.0] [cxt 0] Bytes parsed: 14
[15:47:07.614] [bmv2] [D] [thread 50944] [10.0] [cxt 0] Parser 'parser' entering state 'parse_dht'
[15:47:07.614] [bmv2] [D] [thread 50944] [10.0] [cxt 0] Extracting header 'dht'
[15:47:07.614] [bmv2] [D] [thread 50944] [10.0] [cxt 0] Parser state 'parse_dht' has no switch, going to default next state
[15:47:07.614] [bmv2] [T] [thread 50944] [10.0] [cxt 0] Bytes parsed: 17
[15:47:07.614] [bmv2] [T] [thread 50944] [10.0] [cxt 0] Skipping checksum 'cksum_0' verification because target field invalid
[15:47:07.614] [bmv2] [D] [thread 50944] [10.0] [cxt 0] Parser 'parser': end
[15:47:07.614] [bmv2] [D] [thread 50944] [10.0] [cxt 0] Pipeline 'ingress': start
[15:47:07.614] [bmv2] [T] [thread 50944] [10.0] [cxt 0] ../../P4_code/compare_dht_forward.p4(241) Condition "hdr.ipv4.isValid()" (node_2) is false
[15:47:07.614] [bmv2] [T] [thread 50944] [10.0] [cxt 0] ../../P4_code/compare_dht_forward.p4(244) Condition "hdr.dht.isValid()" (node_4) is true
[15:47:07.614] [bmv2] [T] [thread 50944] [10.0] [cxt 0] ../../P4_code/compare_dht_forward.p4(245) Condition "hdr.dht.message_type==0" (node_5) is false
[15:47:07.614] [bmv2] [T] [thread 50944] [10.0] [cxt 0] ../../P4_code/compare_dht_forward.p4(248) Condition "hdr.dht.message_type==1" (node_7) is true
[15:47:07.614] [bmv2] [T] [thread 50944] [10.0] [cxt 0] Applying table 'ThisIngress.no_hop_lookup'
[15:47:07.614] [bmv2] [D] [thread 50944] [10.0] [cxt 0] Looking up key:
* hdr.dht.group_id    : 00
* hdr.dht.id          : 20

[15:47:07.614] [bmv2] [D] [thread 50944] [10.0] [cxt 0] Table 'ThisIngress.no_hop_lookup': miss
[15:47:07.614] [bmv2] [D] [thread 50944] [10.0] [cxt 0] Action entry is NoAction - 
[15:47:07.614] [bmv2] [T] [thread 50944] [10.0] [cxt 0] Action NoAction
[15:47:07.614] [bmv2] [T] [thread 50944] [10.0] [cxt 0] ../../P4_code/compare_dht_forward.p4(251) Condition "hdr.dht.message_type==3 || hdr.dht.message_type==2" (node_9) is false
[15:47:07.614] [bmv2] [D] [thread 50944] [10.0] [cxt 0] Pipeline 'ingress': end
[15:47:07.614] [bmv2] [D] [thread 50944] [10.0] [cxt 0] Egress port is 0
[15:47:07.614] [bmv2] [D] [thread 50945] [10.0] [cxt 0] Pipeline 'egress': start
[15:47:07.614] [bmv2] [D] [thread 50945] [10.0] [cxt 0] Pipeline 'egress': end
[15:47:07.614] [bmv2] [D] [thread 50945] [10.0] [cxt 0] Deparser 'deparser': start
[15:47:07.614] [bmv2] [T] [thread 50945] [10.0] [cxt 0] Skipping checksum 'cksum' update because condition not met
[15:47:07.614] [bmv2] [D] [thread 50945] [10.0] [cxt 0] Deparsing header 'ethernet'
[15:47:07.614] [bmv2] [D] [thread 50945] [10.0] [cxt 0] Deparsing header 'dht'
[15:47:07.614] [bmv2] [D] [thread 50945] [10.0] [cxt 0] Deparser 'deparser': end
[15:47:07.614] [bmv2] [D] [thread 50949] [10.0] [cxt 0] Transmitting packet of size 70 out of port 0
[15:47:08.380] [bmv2] [D] [thread 50944] [11.0] [cxt 0] Processing packet received on port 3
[15:47:08.380] [bmv2] [D] [thread 50944] [11.0] [cxt 0] Parser 'parser': start
[15:47:08.380] [bmv2] [D] [thread 50944] [11.0] [cxt 0] Parser 'parser' entering state 'start'
[15:47:08.380] [bmv2] [D] [thread 50944] [11.0] [cxt 0] Parser state 'start': key is 0003
[15:47:08.380] [bmv2] [T] [thread 50944] [11.0] [cxt 0] Bytes parsed: 0
[15:47:08.380] [bmv2] [D] [thread 50944] [11.0] [cxt 0] Parser 'parser' entering state 'parse_ethernet'
[15:47:08.380] [bmv2] [D] [thread 50944] [11.0] [cxt 0] Extracting header 'ethernet'
[15:47:08.380] [bmv2] [D] [thread 50944] [11.0] [cxt 0] Parser state 'parse_ethernet': key is 86dd
[15:47:08.380] [bmv2] [T] [thread 50944] [11.0] [cxt 0] Bytes parsed: 14
[15:47:08.380] [bmv2] [D] [thread 50944] [11.0] [cxt 0] Parser 'parser' entering state 'parse_dht'
[15:47:08.380] [bmv2] [D] [thread 50944] [11.0] [cxt 0] Extracting header 'dht'
[15:47:08.380] [bmv2] [D] [thread 50944] [11.0] [cxt 0] Parser state 'parse_dht' has no switch, going to default next state
[15:47:08.380] [bmv2] [T] [thread 50944] [11.0] [cxt 0] Bytes parsed: 17
[15:47:08.380] [bmv2] [T] [thread 50944] [11.0] [cxt 0] Skipping checksum 'cksum_0' verification because target field invalid
[15:47:08.380] [bmv2] [D] [thread 50944] [11.0] [cxt 0] Parser 'parser': end
[15:47:08.380] [bmv2] [D] [thread 50944] [11.0] [cxt 0] Pipeline 'ingress': start
[15:47:08.380] [bmv2] [T] [thread 50944] [11.0] [cxt 0] ../../P4_code/compare_dht_forward.p4(241) Condition "hdr.ipv4.isValid()" (node_2) is false
[15:47:08.380] [bmv2] [T] [thread 50944] [11.0] [cxt 0] ../../P4_code/compare_dht_forward.p4(244) Condition "hdr.dht.isValid()" (node_4) is true
[15:47:08.380] [bmv2] [T] [thread 50944] [11.0] [cxt 0] ../../P4_code/compare_dht_forward.p4(245) Condition "hdr.dht.message_type==0" (node_5) is false
[15:47:08.380] [bmv2] [T] [thread 50944] [11.0] [cxt 0] ../../P4_code/compare_dht_forward.p4(248) Condition "hdr.dht.message_type==1" (node_7) is true
[15:47:08.380] [bmv2] [T] [thread 50944] [11.0] [cxt 0] Applying table 'ThisIngress.no_hop_lookup'
[15:47:08.380] [bmv2] [D] [thread 50944] [11.0] [cxt 0] Looking up key:
* hdr.dht.group_id    : 00
* hdr.dht.id          : 20

[15:47:08.380] [bmv2] [D] [thread 50944] [11.0] [cxt 0] Table 'ThisIngress.no_hop_lookup': miss
[15:47:08.380] [bmv2] [D] [thread 50944] [11.0] [cxt 0] Action entry is NoAction - 
[15:47:08.380] [bmv2] [T] [thread 50944] [11.0] [cxt 0] Action NoAction
[15:47:08.380] [bmv2] [T] [thread 50944] [11.0] [cxt 0] ../../P4_code/compare_dht_forward.p4(251) Condition "hdr.dht.message_type==3 || hdr.dht.message_type==2" (node_9) is false
[15:47:08.380] [bmv2] [D] [thread 50944] [11.0] [cxt 0] Pipeline 'ingress': end
[15:47:08.380] [bmv2] [D] [thread 50944] [11.0] [cxt 0] Egress port is 0
[15:47:08.380] [bmv2] [D] [thread 50945] [11.0] [cxt 0] Pipeline 'egress': start
[15:47:08.380] [bmv2] [D] [thread 50945] [11.0] [cxt 0] Pipeline 'egress': end
[15:47:08.380] [bmv2] [D] [thread 50945] [11.0] [cxt 0] Deparser 'deparser': start
[15:47:08.380] [bmv2] [T] [thread 50945] [11.0] [cxt 0] Skipping checksum 'cksum' update because condition not met
[15:47:08.380] [bmv2] [D] [thread 50945] [11.0] [cxt 0] Deparsing header 'ethernet'
[15:47:08.380] [bmv2] [D] [thread 50945] [11.0] [cxt 0] Deparsing header 'dht'
[15:47:08.380] [bmv2] [D] [thread 50945] [11.0] [cxt 0] Deparser 'deparser': end
[15:47:08.381] [bmv2] [D] [thread 50949] [11.0] [cxt 0] Transmitting packet of size 70 out of port 0
[15:47:08.637] [bmv2] [D] [thread 50944] [12.0] [cxt 0] Processing packet received on port 2
[15:47:08.637] [bmv2] [D] [thread 50944] [12.0] [cxt 0] Parser 'parser': start
[15:47:08.637] [bmv2] [D] [thread 50944] [12.0] [cxt 0] Parser 'parser' entering state 'start'
[15:47:08.637] [bmv2] [D] [thread 50944] [12.0] [cxt 0] Parser state 'start': key is 0002
[15:47:08.637] [bmv2] [T] [thread 50944] [12.0] [cxt 0] Bytes parsed: 0
[15:47:08.637] [bmv2] [D] [thread 50944] [12.0] [cxt 0] Parser 'parser' entering state 'parse_ethernet'
[15:47:08.637] [bmv2] [D] [thread 50944] [12.0] [cxt 0] Extracting header 'ethernet'
[15:47:08.637] [bmv2] [D] [thread 50944] [12.0] [cxt 0] Parser state 'parse_ethernet': key is 86dd
[15:47:08.637] [bmv2] [T] [thread 50944] [12.0] [cxt 0] Bytes parsed: 14
[15:47:08.637] [bmv2] [D] [thread 50944] [12.0] [cxt 0] Parser 'parser' entering state 'parse_dht'
[15:47:08.637] [bmv2] [D] [thread 50944] [12.0] [cxt 0] Extracting header 'dht'
[15:47:08.637] [bmv2] [D] [thread 50944] [12.0] [cxt 0] Parser state 'parse_dht' has no switch, going to default next state
[15:47:08.637] [bmv2] [T] [thread 50944] [12.0] [cxt 0] Bytes parsed: 17
[15:47:08.637] [bmv2] [T] [thread 50944] [12.0] [cxt 0] Skipping checksum 'cksum_0' verification because target field invalid
[15:47:08.637] [bmv2] [D] [thread 50944] [12.0] [cxt 0] Parser 'parser': end
[15:47:08.637] [bmv2] [D] [thread 50944] [12.0] [cxt 0] Pipeline 'ingress': start
[15:47:08.637] [bmv2] [T] [thread 50944] [12.0] [cxt 0] ../../P4_code/compare_dht_forward.p4(241) Condition "hdr.ipv4.isValid()" (node_2) is false
[15:47:08.637] [bmv2] [T] [thread 50944] [12.0] [cxt 0] ../../P4_code/compare_dht_forward.p4(244) Condition "hdr.dht.isValid()" (node_4) is true
[15:47:08.637] [bmv2] [T] [thread 50944] [12.0] [cxt 0] ../../P4_code/compare_dht_forward.p4(245) Condition "hdr.dht.message_type==0" (node_5) is false
[15:47:08.637] [bmv2] [T] [thread 50944] [12.0] [cxt 0] ../../P4_code/compare_dht_forward.p4(248) Condition "hdr.dht.message_type==1" (node_7) is true
[15:47:08.637] [bmv2] [T] [thread 50944] [12.0] [cxt 0] Applying table 'ThisIngress.no_hop_lookup'
[15:47:08.637] [bmv2] [D] [thread 50944] [12.0] [cxt 0] Looking up key:
* hdr.dht.group_id    : 00
* hdr.dht.id          : 20

[15:47:08.637] [bmv2] [D] [thread 50944] [12.0] [cxt 0] Table 'ThisIngress.no_hop_lookup': miss
[15:47:08.637] [bmv2] [D] [thread 50944] [12.0] [cxt 0] Action entry is NoAction - 
[15:47:08.637] [bmv2] [T] [thread 50944] [12.0] [cxt 0] Action NoAction
[15:47:08.637] [bmv2] [T] [thread 50944] [12.0] [cxt 0] ../../P4_code/compare_dht_forward.p4(251) Condition "hdr.dht.message_type==3 || hdr.dht.message_type==2" (node_9) is false
[15:47:08.637] [bmv2] [D] [thread 50944] [12.0] [cxt 0] Pipeline 'ingress': end
[15:47:08.637] [bmv2] [D] [thread 50944] [12.0] [cxt 0] Egress port is 0
[15:47:08.637] [bmv2] [D] [thread 50945] [12.0] [cxt 0] Pipeline 'egress': start
[15:47:08.637] [bmv2] [D] [thread 50945] [12.0] [cxt 0] Pipeline 'egress': end
[15:47:08.637] [bmv2] [D] [thread 50945] [12.0] [cxt 0] Deparser 'deparser': start
[15:47:08.637] [bmv2] [T] [thread 50945] [12.0] [cxt 0] Skipping checksum 'cksum' update because condition not met
[15:47:08.637] [bmv2] [D] [thread 50945] [12.0] [cxt 0] Deparsing header 'ethernet'
[15:47:08.637] [bmv2] [D] [thread 50945] [12.0] [cxt 0] Deparsing header 'dht'
[15:47:08.637] [bmv2] [D] [thread 50945] [12.0] [cxt 0] Deparser 'deparser': end
[15:47:08.637] [bmv2] [D] [thread 50949] [12.0] [cxt 0] Transmitting packet of size 70 out of port 0
open: No such file or directory
open: No such file or directory
open: No such file or directory
open: No such file or directory
open: No such file or directory
open: No such file or directory
open: No such file or directory
open: No such file or directory
