Calling target program-options parser
[15:46:57.546] [bmv2] [D] [thread 50951] Set default default entry for table 'tbl_compare_dht_forward242': compare_dht_forward242 - 
[15:46:57.546] [bmv2] [D] [thread 50951] Set default default entry for table 'tbl_first_contact': ThisIngress.first_contact - 
[15:46:57.546] [bmv2] [D] [thread 50951] Set default default entry for table 'ThisIngress.no_hop_lookup': NoAction - 
[15:46:57.546] [bmv2] [D] [thread 50951] Set default default entry for table 'tbl_compare_dht_forward253': compare_dht_forward253 - 
[15:46:57.546] [bmv2] [D] [thread 50951] Set default default entry for table 'tbl_compare_dht_forward256': compare_dht_forward256 - 
[15:46:57.546] [bmv2] [D] [thread 50951] Set default default entry for table 'tbl_send_to_controller_simple': ThisIngress.send_to_controller_simple - 
[15:46:57.546] [bmv2] [D] [thread 50951] Set default default entry for table 'ThisIngress.ipv4_lpm': ThisIngress.my_drop - 
Adding interface s_f-eth1 as port 1
[15:46:57.547] [bmv2] [D] [thread 50951] Adding interface s_f-eth1 as port 1
Adding interface s_f-eth2 as port 2
[15:46:57.584] [bmv2] [D] [thread 50951] Adding interface s_f-eth2 as port 2
Adding interface s_f-eth3 as port 3
[15:46:57.620] [bmv2] [D] [thread 50951] Adding interface s_f-eth3 as port 3
Adding interface s_f-eth4 as port 4
[15:46:57.656] [bmv2] [D] [thread 50951] Adding interface s_f-eth4 as port 4
Server listening on 0.0.0.0:50056
[15:46:57.693] [bmv2] [I] [thread 50951] Starting Thrift server on port 9095
[15:46:57.693] [bmv2] [I] [thread 50951] Thrift server was started
[15:46:58.652] [bmv2] [D] [thread 50961] [0.0] [cxt 0] Processing packet received on port 3
[15:46:58.652] [bmv2] [D] [thread 50961] [0.0] [cxt 0] Parser 'parser': start
[15:46:58.652] [bmv2] [D] [thread 50961] [0.0] [cxt 0] Parser 'parser' entering state 'start'
[15:46:58.653] [bmv2] [D] [thread 50961] [0.0] [cxt 0] Parser state 'start': key is 0003
[15:46:58.653] [bmv2] [T] [thread 50961] [0.0] [cxt 0] Bytes parsed: 0
[15:46:58.653] [bmv2] [D] [thread 50961] [0.0] [cxt 0] Parser 'parser' entering state 'parse_ethernet'
[15:46:58.653] [bmv2] [D] [thread 50961] [0.0] [cxt 0] Extracting header 'ethernet'
[15:46:58.653] [bmv2] [D] [thread 50961] [0.0] [cxt 0] Parser state 'parse_ethernet': key is 86dd
[15:46:58.653] [bmv2] [T] [thread 50961] [0.0] [cxt 0] Bytes parsed: 14
[15:46:58.653] [bmv2] [D] [thread 50961] [0.0] [cxt 0] Parser 'parser' entering state 'parse_dht'
[15:46:58.653] [bmv2] [D] [thread 50961] [0.0] [cxt 0] Extracting header 'dht'
[15:46:58.653] [bmv2] [D] [thread 50961] [0.0] [cxt 0] Parser state 'parse_dht' has no switch, going to default next state
[15:46:58.653] [bmv2] [T] [thread 50961] [0.0] [cxt 0] Bytes parsed: 17
[15:46:58.653] [bmv2] [T] [thread 50961] [0.0] [cxt 0] Skipping checksum 'cksum_0' verification because target field invalid
[15:46:58.653] [bmv2] [D] [thread 50961] [0.0] [cxt 0] Parser 'parser': end
[15:46:58.653] [bmv2] [D] [thread 50961] [0.0] [cxt 0] Pipeline 'ingress': start
[15:46:58.653] [bmv2] [T] [thread 50961] [0.0] [cxt 0] ../../P4_code/compare_dht_forward.p4(241) Condition "hdr.ipv4.isValid()" (node_2) is false
[15:46:58.653] [bmv2] [T] [thread 50961] [0.0] [cxt 0] ../../P4_code/compare_dht_forward.p4(244) Condition "hdr.dht.isValid()" (node_4) is true
[15:46:58.653] [bmv2] [T] [thread 50961] [0.0] [cxt 0] ../../P4_code/compare_dht_forward.p4(245) Condition "hdr.dht.message_type==0" (node_5) is false
[15:46:58.653] [bmv2] [T] [thread 50961] [0.0] [cxt 0] ../../P4_code/compare_dht_forward.p4(248) Condition "hdr.dht.message_type==1" (node_7) is true
[15:46:58.653] [bmv2] [T] [thread 50961] [0.0] [cxt 0] Applying table 'ThisIngress.no_hop_lookup'
[15:46:58.653] [bmv2] [D] [thread 50961] [0.0] [cxt 0] Looking up key:
* hdr.dht.group_id    : 00
* hdr.dht.id          : 20

[15:46:58.653] [bmv2] [D] [thread 50961] [0.0] [cxt 0] Table 'ThisIngress.no_hop_lookup': miss
[15:46:58.653] [bmv2] [D] [thread 50961] [0.0] [cxt 0] Action entry is NoAction - 
[15:46:58.653] [bmv2] [T] [thread 50961] [0.0] [cxt 0] Action NoAction
[15:46:58.653] [bmv2] [T] [thread 50961] [0.0] [cxt 0] ../../P4_code/compare_dht_forward.p4(251) Condition "hdr.dht.message_type==3 || hdr.dht.message_type==2" (node_9) is false
[15:46:58.653] [bmv2] [D] [thread 50961] [0.0] [cxt 0] Pipeline 'ingress': end
[15:46:58.653] [bmv2] [D] [thread 50961] [0.0] [cxt 0] Egress port is 0
[15:46:58.653] [bmv2] [D] [thread 50962] [0.0] [cxt 0] Pipeline 'egress': start
[15:46:58.653] [bmv2] [D] [thread 50962] [0.0] [cxt 0] Pipeline 'egress': end
[15:46:58.653] [bmv2] [D] [thread 50962] [0.0] [cxt 0] Deparser 'deparser': start
[15:46:58.653] [bmv2] [T] [thread 50962] [0.0] [cxt 0] Skipping checksum 'cksum' update because condition not met
[15:46:58.653] [bmv2] [D] [thread 50962] [0.0] [cxt 0] Deparsing header 'ethernet'
[15:46:58.653] [bmv2] [D] [thread 50962] [0.0] [cxt 0] Deparsing header 'dht'
[15:46:58.653] [bmv2] [D] [thread 50962] [0.0] [cxt 0] Deparser 'deparser': end
[15:46:58.653] [bmv2] [D] [thread 50966] [0.0] [cxt 0] Transmitting packet of size 70 out of port 0
[15:46:58.908] [bmv2] [D] [thread 50961] [1.0] [cxt 0] Processing packet received on port 4
[15:46:58.908] [bmv2] [D] [thread 50961] [1.0] [cxt 0] Parser 'parser': start
[15:46:58.908] [bmv2] [D] [thread 50961] [1.0] [cxt 0] Parser 'parser' entering state 'start'
[15:46:58.908] [bmv2] [D] [thread 50961] [1.0] [cxt 0] Parser state 'start': key is 0004
[15:46:58.908] [bmv2] [T] [thread 50961] [1.0] [cxt 0] Bytes parsed: 0
[15:46:58.908] [bmv2] [D] [thread 50961] [1.0] [cxt 0] Parser 'parser' entering state 'parse_ethernet'
[15:46:58.908] [bmv2] [D] [thread 50961] [1.0] [cxt 0] Extracting header 'ethernet'
[15:46:58.908] [bmv2] [D] [thread 50961] [1.0] [cxt 0] Parser state 'parse_ethernet': key is 86dd
[15:46:58.908] [bmv2] [T] [thread 50961] [1.0] [cxt 0] Bytes parsed: 14
[15:46:58.908] [bmv2] [D] [thread 50961] [1.0] [cxt 0] Parser 'parser' entering state 'parse_dht'
[15:46:58.908] [bmv2] [D] [thread 50961] [1.0] [cxt 0] Extracting header 'dht'
[15:46:58.908] [bmv2] [D] [thread 50961] [1.0] [cxt 0] Parser state 'parse_dht' has no switch, going to default next state
[15:46:58.908] [bmv2] [T] [thread 50961] [1.0] [cxt 0] Bytes parsed: 17
[15:46:58.908] [bmv2] [T] [thread 50961] [1.0] [cxt 0] Skipping checksum 'cksum_0' verification because target field invalid
[15:46:58.908] [bmv2] [D] [thread 50961] [1.0] [cxt 0] Parser 'parser': end
[15:46:58.908] [bmv2] [D] [thread 50961] [1.0] [cxt 0] Pipeline 'ingress': start
[15:46:58.909] [bmv2] [T] [thread 50961] [1.0] [cxt 0] ../../P4_code/compare_dht_forward.p4(241) Condition "hdr.ipv4.isValid()" (node_2) is false
[15:46:58.909] [bmv2] [T] [thread 50961] [1.0] [cxt 0] ../../P4_code/compare_dht_forward.p4(244) Condition "hdr.dht.isValid()" (node_4) is true
[15:46:58.909] [bmv2] [T] [thread 50961] [1.0] [cxt 0] ../../P4_code/compare_dht_forward.p4(245) Condition "hdr.dht.message_type==0" (node_5) is false
[15:46:58.909] [bmv2] [T] [thread 50961] [1.0] [cxt 0] ../../P4_code/compare_dht_forward.p4(248) Condition "hdr.dht.message_type==1" (node_7) is true
[15:46:58.909] [bmv2] [T] [thread 50961] [1.0] [cxt 0] Applying table 'ThisIngress.no_hop_lookup'
[15:46:58.909] [bmv2] [D] [thread 50961] [1.0] [cxt 0] Looking up key:
* hdr.dht.group_id    : 00
* hdr.dht.id          : 20

[15:46:58.909] [bmv2] [D] [thread 50961] [1.0] [cxt 0] Table 'ThisIngress.no_hop_lookup': miss
[15:46:58.909] [bmv2] [D] [thread 50961] [1.0] [cxt 0] Action entry is NoAction - 
[15:46:58.909] [bmv2] [T] [thread 50961] [1.0] [cxt 0] Action NoAction
[15:46:58.909] [bmv2] [T] [thread 50961] [1.0] [cxt 0] ../../P4_code/compare_dht_forward.p4(251) Condition "hdr.dht.message_type==3 || hdr.dht.message_type==2" (node_9) is false
[15:46:58.909] [bmv2] [D] [thread 50961] [1.0] [cxt 0] Pipeline 'ingress': end
[15:46:58.909] [bmv2] [D] [thread 50961] [1.0] [cxt 0] Egress port is 0
[15:46:58.909] [bmv2] [D] [thread 50962] [1.0] [cxt 0] Pipeline 'egress': start
[15:46:58.909] [bmv2] [D] [thread 50962] [1.0] [cxt 0] Pipeline 'egress': end
[15:46:58.909] [bmv2] [D] [thread 50962] [1.0] [cxt 0] Deparser 'deparser': start
[15:46:58.909] [bmv2] [T] [thread 50962] [1.0] [cxt 0] Skipping checksum 'cksum' update because condition not met
[15:46:58.909] [bmv2] [D] [thread 50962] [1.0] [cxt 0] Deparsing header 'ethernet'
[15:46:58.909] [bmv2] [D] [thread 50962] [1.0] [cxt 0] Deparsing header 'dht'
[15:46:58.909] [bmv2] [D] [thread 50962] [1.0] [cxt 0] Deparser 'deparser': end
[15:46:58.909] [bmv2] [D] [thread 50966] [1.0] [cxt 0] Transmitting packet of size 70 out of port 0
[15:46:59.166] [bmv2] [D] [thread 50961] [2.0] [cxt 0] Processing packet received on port 2
[15:46:59.166] [bmv2] [D] [thread 50961] [2.0] [cxt 0] Parser 'parser': start
[15:46:59.166] [bmv2] [D] [thread 50961] [2.0] [cxt 0] Parser 'parser' entering state 'start'
[15:46:59.166] [bmv2] [D] [thread 50961] [2.0] [cxt 0] Parser state 'start': key is 0002
[15:46:59.166] [bmv2] [T] [thread 50961] [2.0] [cxt 0] Bytes parsed: 0
[15:46:59.166] [bmv2] [D] [thread 50961] [2.0] [cxt 0] Parser 'parser' entering state 'parse_ethernet'
[15:46:59.166] [bmv2] [D] [thread 50961] [2.0] [cxt 0] Extracting header 'ethernet'
[15:46:59.166] [bmv2] [D] [thread 50961] [2.0] [cxt 0] Parser state 'parse_ethernet': key is 86dd
[15:46:59.166] [bmv2] [T] [thread 50961] [2.0] [cxt 0] Bytes parsed: 14
[15:46:59.166] [bmv2] [D] [thread 50961] [2.0] [cxt 0] Parser 'parser' entering state 'parse_dht'
[15:46:59.166] [bmv2] [D] [thread 50961] [2.0] [cxt 0] Extracting header 'dht'
[15:46:59.166] [bmv2] [D] [thread 50961] [2.0] [cxt 0] Parser state 'parse_dht' has no switch, going to default next state
[15:46:59.166] [bmv2] [T] [thread 50961] [2.0] [cxt 0] Bytes parsed: 17
[15:46:59.166] [bmv2] [T] [thread 50961] [2.0] [cxt 0] Skipping checksum 'cksum_0' verification because target field invalid
[15:46:59.166] [bmv2] [D] [thread 50961] [2.0] [cxt 0] Parser 'parser': end
[15:46:59.166] [bmv2] [D] [thread 50961] [2.0] [cxt 0] Pipeline 'ingress': start
[15:46:59.166] [bmv2] [T] [thread 50961] [2.0] [cxt 0] ../../P4_code/compare_dht_forward.p4(241) Condition "hdr.ipv4.isValid()" (node_2) is false
[15:46:59.166] [bmv2] [T] [thread 50961] [2.0] [cxt 0] ../../P4_code/compare_dht_forward.p4(244) Condition "hdr.dht.isValid()" (node_4) is true
[15:46:59.166] [bmv2] [T] [thread 50961] [2.0] [cxt 0] ../../P4_code/compare_dht_forward.p4(245) Condition "hdr.dht.message_type==0" (node_5) is false
[15:46:59.166] [bmv2] [T] [thread 50961] [2.0] [cxt 0] ../../P4_code/compare_dht_forward.p4(248) Condition "hdr.dht.message_type==1" (node_7) is true
[15:46:59.166] [bmv2] [T] [thread 50961] [2.0] [cxt 0] Applying table 'ThisIngress.no_hop_lookup'
[15:46:59.166] [bmv2] [D] [thread 50961] [2.0] [cxt 0] Looking up key:
* hdr.dht.group_id    : 00
* hdr.dht.id          : 20

[15:46:59.166] [bmv2] [D] [thread 50961] [2.0] [cxt 0] Table 'ThisIngress.no_hop_lookup': miss
[15:46:59.166] [bmv2] [D] [thread 50961] [2.0] [cxt 0] Action entry is NoAction - 
[15:46:59.166] [bmv2] [T] [thread 50961] [2.0] [cxt 0] Action NoAction
[15:46:59.166] [bmv2] [T] [thread 50961] [2.0] [cxt 0] ../../P4_code/compare_dht_forward.p4(251) Condition "hdr.dht.message_type==3 || hdr.dht.message_type==2" (node_9) is false
[15:46:59.166] [bmv2] [D] [thread 50961] [2.0] [cxt 0] Pipeline 'ingress': end
[15:46:59.166] [bmv2] [D] [thread 50961] [2.0] [cxt 0] Egress port is 0
[15:46:59.166] [bmv2] [D] [thread 50962] [2.0] [cxt 0] Pipeline 'egress': start
[15:46:59.166] [bmv2] [D] [thread 50962] [2.0] [cxt 0] Pipeline 'egress': end
[15:46:59.166] [bmv2] [D] [thread 50962] [2.0] [cxt 0] Deparser 'deparser': start
[15:46:59.166] [bmv2] [T] [thread 50962] [2.0] [cxt 0] Skipping checksum 'cksum' update because condition not met
[15:46:59.166] [bmv2] [D] [thread 50962] [2.0] [cxt 0] Deparsing header 'ethernet'
[15:46:59.166] [bmv2] [D] [thread 50962] [2.0] [cxt 0] Deparsing header 'dht'
[15:46:59.166] [bmv2] [D] [thread 50962] [2.0] [cxt 0] Deparser 'deparser': end
[15:46:59.166] [bmv2] [D] [thread 50966] [2.0] [cxt 0] Transmitting packet of size 70 out of port 0
[15:46:59.422] [bmv2] [D] [thread 50961] [3.0] [cxt 0] Processing packet received on port 1
[15:46:59.423] [bmv2] [D] [thread 50961] [3.0] [cxt 0] Parser 'parser': start
[15:46:59.423] [bmv2] [D] [thread 50961] [3.0] [cxt 0] Parser 'parser' entering state 'start'
[15:46:59.423] [bmv2] [D] [thread 50961] [3.0] [cxt 0] Parser state 'start': key is 0001
[15:46:59.423] [bmv2] [T] [thread 50961] [3.0] [cxt 0] Bytes parsed: 0
[15:46:59.423] [bmv2] [D] [thread 50961] [3.0] [cxt 0] Parser 'parser' entering state 'parse_ethernet'
[15:46:59.423] [bmv2] [D] [thread 50961] [3.0] [cxt 0] Extracting header 'ethernet'
[15:46:59.423] [bmv2] [D] [thread 50961] [3.0] [cxt 0] Parser state 'parse_ethernet': key is 86dd
[15:46:59.423] [bmv2] [T] [thread 50961] [3.0] [cxt 0] Bytes parsed: 14
[15:46:59.423] [bmv2] [D] [thread 50961] [3.0] [cxt 0] Parser 'parser' entering state 'parse_dht'
[15:46:59.423] [bmv2] [D] [thread 50961] [3.0] [cxt 0] Extracting header 'dht'
[15:46:59.423] [bmv2] [D] [thread 50961] [3.0] [cxt 0] Parser state 'parse_dht' has no switch, going to default next state
[15:46:59.423] [bmv2] [T] [thread 50961] [3.0] [cxt 0] Bytes parsed: 17
[15:46:59.423] [bmv2] [T] [thread 50961] [3.0] [cxt 0] Skipping checksum 'cksum_0' verification because target field invalid
[15:46:59.423] [bmv2] [D] [thread 50961] [3.0] [cxt 0] Parser 'parser': end
[15:46:59.423] [bmv2] [D] [thread 50961] [3.0] [cxt 0] Pipeline 'ingress': start
[15:46:59.423] [bmv2] [T] [thread 50961] [3.0] [cxt 0] ../../P4_code/compare_dht_forward.p4(241) Condition "hdr.ipv4.isValid()" (node_2) is false
[15:46:59.423] [bmv2] [T] [thread 50961] [3.0] [cxt 0] ../../P4_code/compare_dht_forward.p4(244) Condition "hdr.dht.isValid()" (node_4) is true
[15:46:59.423] [bmv2] [T] [thread 50961] [3.0] [cxt 0] ../../P4_code/compare_dht_forward.p4(245) Condition "hdr.dht.message_type==0" (node_5) is false
[15:46:59.423] [bmv2] [T] [thread 50961] [3.0] [cxt 0] ../../P4_code/compare_dht_forward.p4(248) Condition "hdr.dht.message_type==1" (node_7) is true
[15:46:59.423] [bmv2] [T] [thread 50961] [3.0] [cxt 0] Applying table 'ThisIngress.no_hop_lookup'
[15:46:59.423] [bmv2] [D] [thread 50961] [3.0] [cxt 0] Looking up key:
* hdr.dht.group_id    : 00
* hdr.dht.id          : 20

[15:46:59.423] [bmv2] [D] [thread 50961] [3.0] [cxt 0] Table 'ThisIngress.no_hop_lookup': miss
[15:46:59.423] [bmv2] [D] [thread 50961] [3.0] [cxt 0] Action entry is NoAction - 
[15:46:59.423] [bmv2] [T] [thread 50961] [3.0] [cxt 0] Action NoAction
[15:46:59.423] [bmv2] [T] [thread 50961] [3.0] [cxt 0] ../../P4_code/compare_dht_forward.p4(251) Condition "hdr.dht.message_type==3 || hdr.dht.message_type==2" (node_9) is false
[15:46:59.423] [bmv2] [D] [thread 50961] [3.0] [cxt 0] Pipeline 'ingress': end
[15:46:59.423] [bmv2] [D] [thread 50961] [3.0] [cxt 0] Egress port is 0
[15:46:59.423] [bmv2] [D] [thread 50961] [4.0] [cxt 0] Processing packet received on port 1
[15:46:59.423] [bmv2] [D] [thread 50961] [4.0] [cxt 0] Parser 'parser': start
[15:46:59.423] [bmv2] [D] [thread 50961] [4.0] [cxt 0] Parser 'parser' entering state 'start'
[15:46:59.423] [bmv2] [D] [thread 50961] [4.0] [cxt 0] Parser state 'start': key is 0001
[15:46:59.423] [bmv2] [T] [thread 50961] [4.0] [cxt 0] Bytes parsed: 0
[15:46:59.423] [bmv2] [D] [thread 50961] [4.0] [cxt 0] Parser 'parser' entering state 'parse_ethernet'
[15:46:59.423] [bmv2] [D] [thread 50961] [4.0] [cxt 0] Extracting header 'ethernet'
[15:46:59.423] [bmv2] [D] [thread 50961] [4.0] [cxt 0] Parser state 'parse_ethernet': key is 86dd
[15:46:59.423] [bmv2] [D] [thread 50962] [3.0] [cxt 0] Pipeline 'egress': start
[15:46:59.423] [bmv2] [D] [thread 50962] [3.0] [cxt 0] Pipeline 'egress': end
[15:46:59.423] [bmv2] [D] [thread 50962] [3.0] [cxt 0] Deparser 'deparser': start
[15:46:59.423] [bmv2] [T] [thread 50962] [3.0] [cxt 0] Skipping checksum 'cksum' update because condition not met
[15:46:59.423] [bmv2] [D] [thread 50962] [3.0] [cxt 0] Deparsing header 'ethernet'
[15:46:59.423] [bmv2] [D] [thread 50962] [3.0] [cxt 0] Deparsing header 'dht'
[15:46:59.423] [bmv2] [D] [thread 50962] [3.0] [cxt 0] Deparser 'deparser': end
[15:46:59.423] [bmv2] [D] [thread 50966] [3.0] [cxt 0] Transmitting packet of size 70 out of port 0
[15:46:59.423] [bmv2] [T] [thread 50961] [4.0] [cxt 0] Bytes parsed: 14
[15:46:59.424] [bmv2] [D] [thread 50961] [4.0] [cxt 0] Parser 'parser' entering state 'parse_dht'
[15:46:59.424] [bmv2] [D] [thread 50961] [4.0] [cxt 0] Extracting header 'dht'
[15:46:59.424] [bmv2] [D] [thread 50961] [4.0] [cxt 0] Parser state 'parse_dht' has no switch, going to default next state
[15:46:59.424] [bmv2] [T] [thread 50961] [4.0] [cxt 0] Bytes parsed: 17
[15:46:59.424] [bmv2] [T] [thread 50961] [4.0] [cxt 0] Skipping checksum 'cksum_0' verification because target field invalid
[15:46:59.424] [bmv2] [D] [thread 50961] [4.0] [cxt 0] Parser 'parser': end
[15:46:59.424] [bmv2] [D] [thread 50961] [4.0] [cxt 0] Pipeline 'ingress': start
[15:46:59.424] [bmv2] [T] [thread 50961] [4.0] [cxt 0] ../../P4_code/compare_dht_forward.p4(241) Condition "hdr.ipv4.isValid()" (node_2) is false
[15:46:59.424] [bmv2] [T] [thread 50961] [4.0] [cxt 0] ../../P4_code/compare_dht_forward.p4(244) Condition "hdr.dht.isValid()" (node_4) is true
[15:46:59.424] [bmv2] [T] [thread 50961] [4.0] [cxt 0] ../../P4_code/compare_dht_forward.p4(245) Condition "hdr.dht.message_type==0" (node_5) is false
[15:46:59.424] [bmv2] [T] [thread 50961] [4.0] [cxt 0] ../../P4_code/compare_dht_forward.p4(248) Condition "hdr.dht.message_type==1" (node_7) is true
[15:46:59.424] [bmv2] [T] [thread 50961] [4.0] [cxt 0] Applying table 'ThisIngress.no_hop_lookup'
[15:46:59.424] [bmv2] [D] [thread 50961] [4.0] [cxt 0] Looking up key:
* hdr.dht.group_id    : 00
* hdr.dht.id          : 20

[15:46:59.424] [bmv2] [D] [thread 50961] [4.0] [cxt 0] Table 'ThisIngress.no_hop_lookup': miss
[15:46:59.424] [bmv2] [D] [thread 50961] [4.0] [cxt 0] Action entry is NoAction - 
[15:46:59.424] [bmv2] [T] [thread 50961] [4.0] [cxt 0] Action NoAction
[15:46:59.424] [bmv2] [T] [thread 50961] [4.0] [cxt 0] ../../P4_code/compare_dht_forward.p4(251) Condition "hdr.dht.message_type==3 || hdr.dht.message_type==2" (node_9) is false
[15:46:59.424] [bmv2] [D] [thread 50961] [4.0] [cxt 0] Pipeline 'ingress': end
[15:46:59.424] [bmv2] [D] [thread 50961] [4.0] [cxt 0] Egress port is 0
[15:46:59.424] [bmv2] [D] [thread 50962] [4.0] [cxt 0] Pipeline 'egress': start
[15:46:59.424] [bmv2] [D] [thread 50962] [4.0] [cxt 0] Pipeline 'egress': end
[15:46:59.424] [bmv2] [D] [thread 50962] [4.0] [cxt 0] Deparser 'deparser': start
[15:46:59.424] [bmv2] [T] [thread 50962] [4.0] [cxt 0] Skipping checksum 'cksum' update because condition not met
[15:46:59.424] [bmv2] [D] [thread 50962] [4.0] [cxt 0] Deparsing header 'ethernet'
[15:46:59.424] [bmv2] [D] [thread 50962] [4.0] [cxt 0] Deparsing header 'dht'
[15:46:59.424] [bmv2] [D] [thread 50962] [4.0] [cxt 0] Deparser 'deparser': end
[15:46:59.424] [bmv2] [D] [thread 50966] [4.0] [cxt 0] Transmitting packet of size 70 out of port 0
[15:46:59.677] [bmv2] [D] [thread 50961] [5.0] [cxt 0] Processing packet received on port 2
[15:46:59.677] [bmv2] [D] [thread 50961] [5.0] [cxt 0] Parser 'parser': start
[15:46:59.677] [bmv2] [D] [thread 50961] [5.0] [cxt 0] Parser 'parser' entering state 'start'
[15:46:59.677] [bmv2] [D] [thread 50961] [5.0] [cxt 0] Parser state 'start': key is 0002
[15:46:59.677] [bmv2] [T] [thread 50961] [5.0] [cxt 0] Bytes parsed: 0
[15:46:59.677] [bmv2] [D] [thread 50961] [5.0] [cxt 0] Parser 'parser' entering state 'parse_ethernet'
[15:46:59.677] [bmv2] [D] [thread 50961] [5.0] [cxt 0] Extracting header 'ethernet'
[15:46:59.677] [bmv2] [D] [thread 50961] [5.0] [cxt 0] Parser state 'parse_ethernet': key is 86dd
[15:46:59.677] [bmv2] [T] [thread 50961] [5.0] [cxt 0] Bytes parsed: 14
[15:46:59.677] [bmv2] [D] [thread 50961] [5.0] [cxt 0] Parser 'parser' entering state 'parse_dht'
[15:46:59.677] [bmv2] [D] [thread 50961] [5.0] [cxt 0] Extracting header 'dht'
[15:46:59.677] [bmv2] [D] [thread 50961] [5.0] [cxt 0] Parser state 'parse_dht' has no switch, going to default next state
[15:46:59.677] [bmv2] [T] [thread 50961] [5.0] [cxt 0] Bytes parsed: 17
[15:46:59.677] [bmv2] [T] [thread 50961] [5.0] [cxt 0] Skipping checksum 'cksum_0' verification because target field invalid
[15:46:59.677] [bmv2] [D] [thread 50961] [5.0] [cxt 0] Parser 'parser': end
[15:46:59.677] [bmv2] [D] [thread 50961] [5.0] [cxt 0] Pipeline 'ingress': start
[15:46:59.677] [bmv2] [T] [thread 50961] [5.0] [cxt 0] ../../P4_code/compare_dht_forward.p4(241) Condition "hdr.ipv4.isValid()" (node_2) is false
[15:46:59.677] [bmv2] [T] [thread 50961] [5.0] [cxt 0] ../../P4_code/compare_dht_forward.p4(244) Condition "hdr.dht.isValid()" (node_4) is true
[15:46:59.677] [bmv2] [T] [thread 50961] [5.0] [cxt 0] ../../P4_code/compare_dht_forward.p4(245) Condition "hdr.dht.message_type==0" (node_5) is false
[15:46:59.677] [bmv2] [T] [thread 50961] [5.0] [cxt 0] ../../P4_code/compare_dht_forward.p4(248) Condition "hdr.dht.message_type==1" (node_7) is true
[15:46:59.677] [bmv2] [T] [thread 50961] [5.0] [cxt 0] Applying table 'ThisIngress.no_hop_lookup'
[15:46:59.677] [bmv2] [D] [thread 50961] [5.0] [cxt 0] Looking up key:
* hdr.dht.group_id    : 00
* hdr.dht.id          : 20

[15:46:59.677] [bmv2] [D] [thread 50961] [5.0] [cxt 0] Table 'ThisIngress.no_hop_lookup': miss
[15:46:59.677] [bmv2] [D] [thread 50961] [5.0] [cxt 0] Action entry is NoAction - 
[15:46:59.677] [bmv2] [T] [thread 50961] [5.0] [cxt 0] Action NoAction
[15:46:59.677] [bmv2] [T] [thread 50961] [5.0] [cxt 0] ../../P4_code/compare_dht_forward.p4(251) Condition "hdr.dht.message_type==3 || hdr.dht.message_type==2" (node_9) is false
[15:46:59.677] [bmv2] [D] [thread 50961] [5.0] [cxt 0] Pipeline 'ingress': end
[15:46:59.677] [bmv2] [D] [thread 50961] [5.0] [cxt 0] Egress port is 0
[15:46:59.677] [bmv2] [D] [thread 50962] [5.0] [cxt 0] Pipeline 'egress': start
[15:46:59.677] [bmv2] [D] [thread 50962] [5.0] [cxt 0] Pipeline 'egress': end
[15:46:59.677] [bmv2] [D] [thread 50962] [5.0] [cxt 0] Deparser 'deparser': start
[15:46:59.677] [bmv2] [T] [thread 50962] [5.0] [cxt 0] Skipping checksum 'cksum' update because condition not met
[15:46:59.677] [bmv2] [D] [thread 50962] [5.0] [cxt 0] Deparsing header 'ethernet'
[15:46:59.677] [bmv2] [D] [thread 50962] [5.0] [cxt 0] Deparsing header 'dht'
[15:46:59.677] [bmv2] [D] [thread 50962] [5.0] [cxt 0] Deparser 'deparser': end
[15:46:59.677] [bmv2] [D] [thread 50966] [5.0] [cxt 0] Transmitting packet of size 70 out of port 0
[15:47:01.367] [bmv2] [W] [thread 51089] [P4Runtime] p4::tmp::P4DeviceConfig is deprecated
[15:47:01.380] [bmv2] [D] [thread 51089] Set default default entry for table 'tbl_compare_dht_forward242': compare_dht_forward242 - 
[15:47:01.380] [bmv2] [D] [thread 51089] Set default default entry for table 'tbl_first_contact': ThisIngress.first_contact - 
[15:47:01.380] [bmv2] [D] [thread 51089] Set default default entry for table 'ThisIngress.no_hop_lookup': NoAction - 
[15:47:01.380] [bmv2] [D] [thread 51089] Set default default entry for table 'tbl_compare_dht_forward253': compare_dht_forward253 - 
[15:47:01.380] [bmv2] [D] [thread 51089] Set default default entry for table 'tbl_compare_dht_forward256': compare_dht_forward256 - 
[15:47:01.380] [bmv2] [D] [thread 51089] Set default default entry for table 'tbl_send_to_controller_simple': ThisIngress.send_to_controller_simple - 
[15:47:01.380] [bmv2] [D] [thread 51089] Set default default entry for table 'ThisIngress.ipv4_lpm': ThisIngress.my_drop - 
[15:47:01.384] [bmv2] [D] [thread 51089] simple_switch target has been notified of a config swap
[15:47:01.389] [bmv2] [D] [thread 51091] Entry 0 added to table 'ThisIngress.no_hop_lookup'
[15:47:01.389] [bmv2] [D] [thread 51091] Dumping entry 0
Match key:
* hdr.dht.group_id    : EXACT     01
* hdr.dht.id          : RANGE     1c -> 20
Priority: 2147483646
Action entry: ThisIngress.no_hop_forward - 3,

[15:47:01.392] [bmv2] [D] [thread 51089] Entry 1 added to table 'ThisIngress.no_hop_lookup'
[15:47:01.392] [bmv2] [D] [thread 51089] Dumping entry 1
Match key:
* hdr.dht.group_id    : EXACT     01
* hdr.dht.id          : RANGE     00 -> 01
Priority: 2147483646
Action entry: ThisIngress.no_hop_forward - 3,

[15:47:01.397] [bmv2] [D] [thread 51091] Entry 2 added to table 'ThisIngress.no_hop_lookup'
[15:47:01.397] [bmv2] [D] [thread 51091] Dumping entry 2
Match key:
* hdr.dht.group_id    : EXACT     01
* hdr.dht.id          : RANGE     01 -> 05
Priority: 2147483646
Action entry: ThisIngress.no_hop_forward - 4,

[15:47:01.403] [bmv2] [D] [thread 51089] Entry 3 added to table 'ThisIngress.no_hop_lookup'
[15:47:01.403] [bmv2] [D] [thread 51089] Dumping entry 3
Match key:
* hdr.dht.group_id    : EXACT     01
* hdr.dht.id          : RANGE     00 -> 21
Priority: 2147483646
Action entry: ThisIngress.no_hop_forward - 2,

[15:47:01.404] [bmv2] [D] [thread 51089] Entry 0 added to table 'ThisIngress.ipv4_lpm'
[15:47:01.404] [bmv2] [D] [thread 51089] Dumping entry 0
Match key:
* hdr.ipv4.dstAddr    : LPM       0a000202/32
Action entry: ThisIngress.ipv4_forward - 80000000222,3,

[15:47:01.408] [bmv2] [D] [thread 51089] Entry 1 added to table 'ThisIngress.ipv4_lpm'
[15:47:01.408] [bmv2] [D] [thread 51089] Dumping entry 1
Match key:
* hdr.ipv4.dstAddr    : LPM       0a000303/32
Action entry: ThisIngress.ipv4_forward - 80000000333,4,

[15:47:01.412] [bmv2] [D] [thread 51091] Entry 2 added to table 'ThisIngress.ipv4_lpm'
[15:47:01.412] [bmv2] [D] [thread 51091] Dumping entry 2
Match key:
* hdr.ipv4.dstAddr    : LPM       0a000404/32
Action entry: ThisIngress.ipv4_forward - 80000000111,1,

[15:47:01.419] [bmv2] [D] [thread 51089] Entry 3 added to table 'ThisIngress.ipv4_lpm'
[15:47:01.419] [bmv2] [D] [thread 51089] Dumping entry 3
Match key:
* hdr.ipv4.dstAddr    : LPM       0a000505/32
Action entry: ThisIngress.ipv4_forward - 80000000111,1,

[15:47:01.424] [bmv2] [D] [thread 51091] Entry 4 added to table 'ThisIngress.ipv4_lpm'
[15:47:01.424] [bmv2] [D] [thread 51091] Dumping entry 4
Match key:
* hdr.ipv4.dstAddr    : LPM       0a000606/32
Action entry: ThisIngress.ipv4_forward - 80000000111,1,

[15:47:01.427] [bmv2] [D] [thread 51089] Entry 5 added to table 'ThisIngress.ipv4_lpm'
[15:47:01.427] [bmv2] [D] [thread 51089] Dumping entry 5
Match key:
* hdr.ipv4.dstAddr    : LPM       0a000707/32
Action entry: ThisIngress.ipv4_forward - 80000000111,1,

[15:47:01.430] [bmv2] [D] [thread 51091] Entry 6 added to table 'ThisIngress.ipv4_lpm'
[15:47:01.430] [bmv2] [D] [thread 51091] Dumping entry 6
Match key:
* hdr.ipv4.dstAddr    : LPM       0a000808/32
Action entry: ThisIngress.ipv4_forward - 80000000111,1,

[15:47:01.433] [bmv2] [D] [thread 51089] Entry 7 added to table 'ThisIngress.ipv4_lpm'
[15:47:01.433] [bmv2] [D] [thread 51089] Dumping entry 7
Match key:
* hdr.ipv4.dstAddr    : LPM       0a000909/32
Action entry: ThisIngress.ipv4_forward - 80000000111,1,

[15:47:01.437] [bmv2] [D] [thread 51089] Entry 8 added to table 'ThisIngress.ipv4_lpm'
[15:47:01.437] [bmv2] [D] [thread 51089] Dumping entry 8
Match key:
* hdr.ipv4.dstAddr    : LPM       0a000101/32
Action entry: ThisIngress.ipv4_forward - 80000000111,1,

[15:47:05.074] [bmv2] [D] [thread 50961] [6.0] [cxt 0] Processing packet received on port 3
[15:47:05.074] [bmv2] [D] [thread 50961] [6.0] [cxt 0] Parser 'parser': start
[15:47:05.074] [bmv2] [D] [thread 50961] [6.0] [cxt 0] Parser 'parser' entering state 'start'
[15:47:05.074] [bmv2] [D] [thread 50961] [6.0] [cxt 0] Parser state 'start': key is 0003
[15:47:05.074] [bmv2] [T] [thread 50961] [6.0] [cxt 0] Bytes parsed: 0
[15:47:05.074] [bmv2] [D] [thread 50961] [6.0] [cxt 0] Parser 'parser' entering state 'parse_ethernet'
[15:47:05.074] [bmv2] [D] [thread 50961] [6.0] [cxt 0] Extracting header 'ethernet'
[15:47:05.074] [bmv2] [D] [thread 50961] [6.0] [cxt 0] Parser state 'parse_ethernet': key is 0800
[15:47:05.074] [bmv2] [T] [thread 50961] [6.0] [cxt 0] Bytes parsed: 14
[15:47:05.074] [bmv2] [D] [thread 50961] [6.0] [cxt 0] Parser 'parser' entering state 'parse_ipv4'
[15:47:05.074] [bmv2] [D] [thread 50961] [6.0] [cxt 0] Extracting header 'ipv4'
[15:47:05.074] [bmv2] [D] [thread 50961] [6.0] [cxt 0] Parser state 'parse_ipv4' has no switch, going to default next state
[15:47:05.074] [bmv2] [T] [thread 50961] [6.0] [cxt 0] Bytes parsed: 34
[15:47:05.074] [bmv2] [D] [thread 50961] [6.0] [cxt 0] Parser 'parser' entering state 'parse_dht'
[15:47:05.074] [bmv2] [D] [thread 50961] [6.0] [cxt 0] Extracting header 'dht'
[15:47:05.074] [bmv2] [D] [thread 50961] [6.0] [cxt 0] Parser state 'parse_dht' has no switch, going to default next state
[15:47:05.074] [bmv2] [T] [thread 50961] [6.0] [cxt 0] Bytes parsed: 37
[15:47:05.074] [bmv2] [D] [thread 50961] [6.0] [cxt 0] Checksum 'cksum_0': computed 0x639a - actual 0x639a
[15:47:05.074] [bmv2] [D] [thread 50961] [6.0] [cxt 0] Verified checksum 'cksum_0': passed
[15:47:05.074] [bmv2] [D] [thread 50961] [6.0] [cxt 0] Parser 'parser': end
[15:47:05.074] [bmv2] [D] [thread 50961] [6.0] [cxt 0] Pipeline 'ingress': start
[15:47:05.074] [bmv2] [T] [thread 50961] [6.0] [cxt 0] ../../P4_code/compare_dht_forward.p4(241) Condition "hdr.ipv4.isValid()" (node_2) is true
[15:47:05.074] [bmv2] [T] [thread 50961] [6.0] [cxt 0] Applying table 'tbl_compare_dht_forward242'
[15:47:05.074] [bmv2] [D] [thread 50961] [6.0] [cxt 0] Looking up key:

[15:47:05.074] [bmv2] [D] [thread 50961] [6.0] [cxt 0] Table 'tbl_compare_dht_forward242': miss
[15:47:05.074] [bmv2] [D] [thread 50961] [6.0] [cxt 0] Action entry is compare_dht_forward242 - 
[15:47:05.074] [bmv2] [T] [thread 50961] [6.0] [cxt 0] Action compare_dht_forward242
[15:47:05.074] [bmv2] [T] [thread 50961] [6.0] [cxt 0] ../../P4_code/compare_dht_forward.p4(242) Primitive hdr.ipv4.ttl = hdr.ipv4.ttl - 1
[15:47:05.074] [bmv2] [T] [thread 50961] [6.0] [cxt 0] ../../P4_code/compare_dht_forward.p4(244) Condition "hdr.dht.isValid()" (node_4) is true
[15:47:05.074] [bmv2] [T] [thread 50961] [6.0] [cxt 0] ../../P4_code/compare_dht_forward.p4(245) Condition "hdr.dht.message_type==0" (node_5) is true
[15:47:05.074] [bmv2] [T] [thread 50961] [6.0] [cxt 0] Applying table 'tbl_first_contact'
[15:47:05.074] [bmv2] [D] [thread 50961] [6.0] [cxt 0] Looking up key:

[15:47:05.074] [bmv2] [D] [thread 50961] [6.0] [cxt 0] Table 'tbl_first_contact': miss
[15:47:05.074] [bmv2] [D] [thread 50961] [6.0] [cxt 0] Action entry is ThisIngress.first_contact - 
[15:47:05.074] [bmv2] [T] [thread 50961] [6.0] [cxt 0] Action ThisIngress.first_contact
[15:47:05.074] [bmv2] [T] [thread 50961] [6.0] [cxt 0] ../../P4_code/compare_dht_forward.p4(213) Primitive hash (hdr.dht.id, ...
[15:47:05.075] [bmv2] [T] [thread 50961] [6.0] [cxt 0] hash(base=0, max=32) = 20
[15:47:05.075] [bmv2] [T] [thread 50961] [6.0] [cxt 0] ../../P4_code/compare_dht_forward.p4(220) Primitive hdr.dht.message_type=1
[15:47:05.075] [bmv2] [T] [thread 50961] [6.0] [cxt 0] ../../P4_code/compare_dht_forward.p4(248) Condition "hdr.dht.message_type==1" (node_7) is true
[15:47:05.075] [bmv2] [T] [thread 50961] [6.0] [cxt 0] Applying table 'ThisIngress.no_hop_lookup'
[15:47:05.075] [bmv2] [D] [thread 50961] [6.0] [cxt 0] Looking up key:
* hdr.dht.group_id    : 00
* hdr.dht.id          : 14

[15:47:05.075] [bmv2] [D] [thread 50961] [6.0] [cxt 0] Table 'ThisIngress.no_hop_lookup': miss
[15:47:05.075] [bmv2] [D] [thread 50961] [6.0] [cxt 0] Action entry is NoAction - 
[15:47:05.075] [bmv2] [T] [thread 50961] [6.0] [cxt 0] Action NoAction
[15:47:05.075] [bmv2] [T] [thread 50961] [6.0] [cxt 0] ../../P4_code/compare_dht_forward.p4(251) Condition "hdr.dht.message_type==3 || hdr.dht.message_type==2" (node_9) is false
[15:47:05.075] [bmv2] [D] [thread 50961] [6.0] [cxt 0] Pipeline 'ingress': end
[15:47:05.075] [bmv2] [D] [thread 50961] [6.0] [cxt 0] Egress port is 0
[15:47:05.075] [bmv2] [D] [thread 50962] [6.0] [cxt 0] Pipeline 'egress': start
[15:47:05.075] [bmv2] [D] [thread 50962] [6.0] [cxt 0] Pipeline 'egress': end
[15:47:05.075] [bmv2] [D] [thread 50962] [6.0] [cxt 0] Deparser 'deparser': start
[15:47:05.075] [bmv2] [D] [thread 50962] [6.0] [cxt 0] Updating checksum 'cksum'
[15:47:05.075] [bmv2] [D] [thread 50962] [6.0] [cxt 0] Deparsing header 'ethernet'
[15:47:05.075] [bmv2] [D] [thread 50962] [6.0] [cxt 0] Deparsing header 'ipv4'
[15:47:05.075] [bmv2] [D] [thread 50962] [6.0] [cxt 0] Deparsing header 'dht'
[15:47:05.075] [bmv2] [D] [thread 50962] [6.0] [cxt 0] Deparser 'deparser': end
[15:47:05.075] [bmv2] [D] [thread 50966] [6.0] [cxt 0] Transmitting packet of size 98 out of port 0
[15:47:06.076] [bmv2] [D] [thread 50961] [7.0] [cxt 0] Processing packet received on port 4
[15:47:06.076] [bmv2] [D] [thread 50961] [7.0] [cxt 0] Parser 'parser': start
[15:47:06.076] [bmv2] [D] [thread 50961] [7.0] [cxt 0] Parser 'parser' entering state 'start'
[15:47:06.076] [bmv2] [D] [thread 50961] [7.0] [cxt 0] Parser state 'start': key is 0004
[15:47:06.076] [bmv2] [T] [thread 50961] [7.0] [cxt 0] Bytes parsed: 0
[15:47:06.076] [bmv2] [D] [thread 50961] [7.0] [cxt 0] Parser 'parser' entering state 'parse_ethernet'
[15:47:06.077] [bmv2] [D] [thread 50961] [7.0] [cxt 0] Extracting header 'ethernet'
[15:47:06.077] [bmv2] [D] [thread 50961] [7.0] [cxt 0] Parser state 'parse_ethernet': key is 86dd
[15:47:06.077] [bmv2] [T] [thread 50961] [7.0] [cxt 0] Bytes parsed: 14
[15:47:06.077] [bmv2] [D] [thread 50961] [7.0] [cxt 0] Parser 'parser' entering state 'parse_dht'
[15:47:06.077] [bmv2] [D] [thread 50961] [7.0] [cxt 0] Extracting header 'dht'
[15:47:06.077] [bmv2] [D] [thread 50961] [7.0] [cxt 0] Parser state 'parse_dht' has no switch, going to default next state
[15:47:06.077] [bmv2] [T] [thread 50961] [7.0] [cxt 0] Bytes parsed: 17
[15:47:06.077] [bmv2] [T] [thread 50961] [7.0] [cxt 0] Skipping checksum 'cksum_0' verification because target field invalid
[15:47:06.077] [bmv2] [D] [thread 50961] [7.0] [cxt 0] Parser 'parser': end
[15:47:06.077] [bmv2] [D] [thread 50961] [7.0] [cxt 0] Pipeline 'ingress': start
[15:47:06.077] [bmv2] [T] [thread 50961] [7.0] [cxt 0] ../../P4_code/compare_dht_forward.p4(241) Condition "hdr.ipv4.isValid()" (node_2) is false
[15:47:06.077] [bmv2] [T] [thread 50961] [7.0] [cxt 0] ../../P4_code/compare_dht_forward.p4(244) Condition "hdr.dht.isValid()" (node_4) is true
[15:47:06.077] [bmv2] [T] [thread 50961] [7.0] [cxt 0] ../../P4_code/compare_dht_forward.p4(245) Condition "hdr.dht.message_type==0" (node_5) is false
[15:47:06.077] [bmv2] [T] [thread 50961] [7.0] [cxt 0] ../../P4_code/compare_dht_forward.p4(248) Condition "hdr.dht.message_type==1" (node_7) is true
[15:47:06.077] [bmv2] [T] [thread 50961] [7.0] [cxt 0] Applying table 'ThisIngress.no_hop_lookup'
[15:47:06.077] [bmv2] [D] [thread 50961] [7.0] [cxt 0] Looking up key:
* hdr.dht.group_id    : 00
* hdr.dht.id          : 20

[15:47:06.077] [bmv2] [D] [thread 50961] [7.0] [cxt 0] Table 'ThisIngress.no_hop_lookup': miss
[15:47:06.077] [bmv2] [D] [thread 50961] [7.0] [cxt 0] Action entry is NoAction - 
[15:47:06.077] [bmv2] [T] [thread 50961] [7.0] [cxt 0] Action NoAction
[15:47:06.077] [bmv2] [T] [thread 50961] [7.0] [cxt 0] ../../P4_code/compare_dht_forward.p4(251) Condition "hdr.dht.message_type==3 || hdr.dht.message_type==2" (node_9) is false
[15:47:06.077] [bmv2] [D] [thread 50961] [7.0] [cxt 0] Pipeline 'ingress': end
[15:47:06.077] [bmv2] [D] [thread 50961] [7.0] [cxt 0] Egress port is 0
[15:47:06.077] [bmv2] [D] [thread 50962] [7.0] [cxt 0] Pipeline 'egress': start
[15:47:06.077] [bmv2] [D] [thread 50962] [7.0] [cxt 0] Pipeline 'egress': end
[15:47:06.077] [bmv2] [D] [thread 50962] [7.0] [cxt 0] Deparser 'deparser': start
[15:47:06.077] [bmv2] [T] [thread 50962] [7.0] [cxt 0] Skipping checksum 'cksum' update because condition not met
[15:47:06.077] [bmv2] [D] [thread 50962] [7.0] [cxt 0] Deparsing header 'ethernet'
[15:47:06.077] [bmv2] [D] [thread 50962] [7.0] [cxt 0] Deparsing header 'dht'
[15:47:06.077] [bmv2] [D] [thread 50962] [7.0] [cxt 0] Deparser 'deparser': end
[15:47:06.078] [bmv2] [D] [thread 50966] [7.0] [cxt 0] Transmitting packet of size 70 out of port 0
[15:47:07.357] [bmv2] [D] [thread 50961] [8.0] [cxt 0] Processing packet received on port 2
[15:47:07.357] [bmv2] [D] [thread 50961] [8.0] [cxt 0] Parser 'parser': start
[15:47:07.357] [bmv2] [D] [thread 50961] [8.0] [cxt 0] Parser 'parser' entering state 'start'
[15:47:07.357] [bmv2] [D] [thread 50961] [8.0] [cxt 0] Parser state 'start': key is 0002
[15:47:07.357] [bmv2] [T] [thread 50961] [8.0] [cxt 0] Bytes parsed: 0
[15:47:07.357] [bmv2] [D] [thread 50961] [8.0] [cxt 0] Parser 'parser' entering state 'parse_ethernet'
[15:47:07.357] [bmv2] [D] [thread 50961] [8.0] [cxt 0] Extracting header 'ethernet'
[15:47:07.357] [bmv2] [D] [thread 50961] [8.0] [cxt 0] Parser state 'parse_ethernet': key is 86dd
[15:47:07.357] [bmv2] [T] [thread 50961] [8.0] [cxt 0] Bytes parsed: 14
[15:47:07.357] [bmv2] [D] [thread 50961] [8.0] [cxt 0] Parser 'parser' entering state 'parse_dht'
[15:47:07.357] [bmv2] [D] [thread 50961] [8.0] [cxt 0] Extracting header 'dht'
[15:47:07.357] [bmv2] [D] [thread 50961] [8.0] [cxt 0] Parser state 'parse_dht' has no switch, going to default next state
[15:47:07.357] [bmv2] [T] [thread 50961] [8.0] [cxt 0] Bytes parsed: 17
[15:47:07.357] [bmv2] [T] [thread 50961] [8.0] [cxt 0] Skipping checksum 'cksum_0' verification because target field invalid
[15:47:07.357] [bmv2] [D] [thread 50961] [8.0] [cxt 0] Parser 'parser': end
[15:47:07.357] [bmv2] [D] [thread 50961] [8.0] [cxt 0] Pipeline 'ingress': start
[15:47:07.357] [bmv2] [T] [thread 50961] [8.0] [cxt 0] ../../P4_code/compare_dht_forward.p4(241) Condition "hdr.ipv4.isValid()" (node_2) is false
[15:47:07.357] [bmv2] [T] [thread 50961] [8.0] [cxt 0] ../../P4_code/compare_dht_forward.p4(244) Condition "hdr.dht.isValid()" (node_4) is true
[15:47:07.357] [bmv2] [T] [thread 50961] [8.0] [cxt 0] ../../P4_code/compare_dht_forward.p4(245) Condition "hdr.dht.message_type==0" (node_5) is false
[15:47:07.357] [bmv2] [T] [thread 50961] [8.0] [cxt 0] ../../P4_code/compare_dht_forward.p4(248) Condition "hdr.dht.message_type==1" (node_7) is true
[15:47:07.357] [bmv2] [T] [thread 50961] [8.0] [cxt 0] Applying table 'ThisIngress.no_hop_lookup'
[15:47:07.357] [bmv2] [D] [thread 50961] [8.0] [cxt 0] Looking up key:
* hdr.dht.group_id    : 00
* hdr.dht.id          : 20

[15:47:07.357] [bmv2] [D] [thread 50961] [8.0] [cxt 0] Table 'ThisIngress.no_hop_lookup': miss
[15:47:07.357] [bmv2] [D] [thread 50961] [8.0] [cxt 0] Action entry is NoAction - 
[15:47:07.357] [bmv2] [T] [thread 50961] [8.0] [cxt 0] Action NoAction
[15:47:07.357] [bmv2] [T] [thread 50961] [8.0] [cxt 0] ../../P4_code/compare_dht_forward.p4(251) Condition "hdr.dht.message_type==3 || hdr.dht.message_type==2" (node_9) is false
[15:47:07.357] [bmv2] [D] [thread 50961] [8.0] [cxt 0] Pipeline 'ingress': end
[15:47:07.357] [bmv2] [D] [thread 50961] [8.0] [cxt 0] Egress port is 0
[15:47:07.357] [bmv2] [D] [thread 50962] [8.0] [cxt 0] Pipeline 'egress': start
[15:47:07.357] [bmv2] [D] [thread 50962] [8.0] [cxt 0] Pipeline 'egress': end
[15:47:07.357] [bmv2] [D] [thread 50962] [8.0] [cxt 0] Deparser 'deparser': start
[15:47:07.357] [bmv2] [T] [thread 50962] [8.0] [cxt 0] Skipping checksum 'cksum' update because condition not met
[15:47:07.357] [bmv2] [D] [thread 50962] [8.0] [cxt 0] Deparsing header 'ethernet'
[15:47:07.357] [bmv2] [D] [thread 50962] [8.0] [cxt 0] Deparsing header 'dht'
[15:47:07.357] [bmv2] [D] [thread 50962] [8.0] [cxt 0] Deparser 'deparser': end
[15:47:07.357] [bmv2] [D] [thread 50966] [8.0] [cxt 0] Transmitting packet of size 70 out of port 0
[15:47:07.617] [bmv2] [D] [thread 50961] [9.0] [cxt 0] Processing packet received on port 1
[15:47:07.617] [bmv2] [D] [thread 50961] [9.0] [cxt 0] Parser 'parser': start
[15:47:07.617] [bmv2] [D] [thread 50961] [9.0] [cxt 0] Parser 'parser' entering state 'start'
[15:47:07.617] [bmv2] [D] [thread 50961] [9.0] [cxt 0] Parser state 'start': key is 0001
[15:47:07.617] [bmv2] [T] [thread 50961] [9.0] [cxt 0] Bytes parsed: 0
[15:47:07.617] [bmv2] [D] [thread 50961] [9.0] [cxt 0] Parser 'parser' entering state 'parse_ethernet'
[15:47:07.617] [bmv2] [D] [thread 50961] [9.0] [cxt 0] Extracting header 'ethernet'
[15:47:07.617] [bmv2] [D] [thread 50961] [9.0] [cxt 0] Parser state 'parse_ethernet': key is 86dd
[15:47:07.617] [bmv2] [T] [thread 50961] [9.0] [cxt 0] Bytes parsed: 14
[15:47:07.617] [bmv2] [D] [thread 50961] [9.0] [cxt 0] Parser 'parser' entering state 'parse_dht'
[15:47:07.617] [bmv2] [D] [thread 50961] [9.0] [cxt 0] Extracting header 'dht'
[15:47:07.617] [bmv2] [D] [thread 50961] [9.0] [cxt 0] Parser state 'parse_dht' has no switch, going to default next state
[15:47:07.617] [bmv2] [T] [thread 50961] [9.0] [cxt 0] Bytes parsed: 17
[15:47:07.617] [bmv2] [T] [thread 50961] [9.0] [cxt 0] Skipping checksum 'cksum_0' verification because target field invalid
[15:47:07.617] [bmv2] [D] [thread 50961] [9.0] [cxt 0] Parser 'parser': end
[15:47:07.617] [bmv2] [D] [thread 50961] [9.0] [cxt 0] Pipeline 'ingress': start
[15:47:07.617] [bmv2] [T] [thread 50961] [9.0] [cxt 0] ../../P4_code/compare_dht_forward.p4(241) Condition "hdr.ipv4.isValid()" (node_2) is false
[15:47:07.617] [bmv2] [T] [thread 50961] [9.0] [cxt 0] ../../P4_code/compare_dht_forward.p4(244) Condition "hdr.dht.isValid()" (node_4) is true
[15:47:07.617] [bmv2] [T] [thread 50961] [9.0] [cxt 0] ../../P4_code/compare_dht_forward.p4(245) Condition "hdr.dht.message_type==0" (node_5) is false
[15:47:07.617] [bmv2] [T] [thread 50961] [9.0] [cxt 0] ../../P4_code/compare_dht_forward.p4(248) Condition "hdr.dht.message_type==1" (node_7) is true
[15:47:07.617] [bmv2] [T] [thread 50961] [9.0] [cxt 0] Applying table 'ThisIngress.no_hop_lookup'
[15:47:07.617] [bmv2] [D] [thread 50961] [9.0] [cxt 0] Looking up key:
* hdr.dht.group_id    : 00
* hdr.dht.id          : 20

[15:47:07.617] [bmv2] [D] [thread 50961] [9.0] [cxt 0] Table 'ThisIngress.no_hop_lookup': miss
[15:47:07.617] [bmv2] [D] [thread 50961] [9.0] [cxt 0] Action entry is NoAction - 
[15:47:07.617] [bmv2] [T] [thread 50961] [9.0] [cxt 0] Action NoAction
[15:47:07.617] [bmv2] [T] [thread 50961] [9.0] [cxt 0] ../../P4_code/compare_dht_forward.p4(251) Condition "hdr.dht.message_type==3 || hdr.dht.message_type==2" (node_9) is false
[15:47:07.617] [bmv2] [D] [thread 50961] [9.0] [cxt 0] Pipeline 'ingress': end
[15:47:07.617] [bmv2] [D] [thread 50961] [9.0] [cxt 0] Egress port is 0
[15:47:07.617] [bmv2] [D] [thread 50961] [10.0] [cxt 0] Processing packet received on port 3
[15:47:07.617] [bmv2] [D] [thread 50961] [10.0] [cxt 0] Parser 'parser': start
[15:47:07.617] [bmv2] [D] [thread 50961] [10.0] [cxt 0] Parser 'parser' entering state 'start'
[15:47:07.617] [bmv2] [D] [thread 50961] [10.0] [cxt 0] Parser state 'start': key is 0003
[15:47:07.617] [bmv2] [T] [thread 50961] [10.0] [cxt 0] Bytes parsed: 0
[15:47:07.617] [bmv2] [D] [thread 50961] [10.0] [cxt 0] Parser 'parser' entering state 'parse_ethernet'
[15:47:07.617] [bmv2] [D] [thread 50961] [10.0] [cxt 0] Extracting header 'ethernet'
[15:47:07.617] [bmv2] [D] [thread 50961] [10.0] [cxt 0] Parser state 'parse_ethernet': key is 86dd
[15:47:07.617] [bmv2] [T] [thread 50961] [10.0] [cxt 0] Bytes parsed: 14
[15:47:07.617] [bmv2] [D] [thread 50961] [10.0] [cxt 0] Parser 'parser' entering state 'parse_dht'
[15:47:07.617] [bmv2] [D] [thread 50961] [10.0] [cxt 0] Extracting header 'dht'
[15:47:07.617] [bmv2] [D] [thread 50961] [10.0] [cxt 0] Parser state 'parse_dht' has no switch, going to default next state
[15:47:07.617] [bmv2] [T] [thread 50961] [10.0] [cxt 0] Bytes parsed: 17
[15:47:07.617] [bmv2] [T] [thread 50961] [10.0] [cxt 0] Skipping checksum 'cksum_0' verification because target field invalid
[15:47:07.617] [bmv2] [D] [thread 50961] [10.0] [cxt 0] Parser 'parser': end
[15:47:07.617] [bmv2] [D] [thread 50961] [10.0] [cxt 0] Pipeline 'ingress': start
[15:47:07.617] [bmv2] [T] [thread 50961] [10.0] [cxt 0] ../../P4_code/compare_dht_forward.p4(241) Condition "hdr.ipv4.isValid()" (node_2) is false
[15:47:07.617] [bmv2] [D] [thread 50962] [9.0] [cxt 0] Pipeline 'egress': start
[15:47:07.617] [bmv2] [D] [thread 50962] [9.0] [cxt 0] Pipeline 'egress': end
[15:47:07.617] [bmv2] [D] [thread 50962] [9.0] [cxt 0] Deparser 'deparser': start
[15:47:07.617] [bmv2] [T] [thread 50962] [9.0] [cxt 0] Skipping checksum 'cksum' update because condition not met
[15:47:07.617] [bmv2] [D] [thread 50962] [9.0] [cxt 0] Deparsing header 'ethernet'
[15:47:07.617] [bmv2] [D] [thread 50962] [9.0] [cxt 0] Deparsing header 'dht'
[15:47:07.617] [bmv2] [D] [thread 50962] [9.0] [cxt 0] Deparser 'deparser': end
[15:47:07.617] [bmv2] [D] [thread 50966] [9.0] [cxt 0] Transmitting packet of size 70 out of port 0
[15:47:07.617] [bmv2] [T] [thread 50961] [10.0] [cxt 0] ../../P4_code/compare_dht_forward.p4(244) Condition "hdr.dht.isValid()" (node_4) is true
[15:47:07.618] [bmv2] [T] [thread 50961] [10.0] [cxt 0] ../../P4_code/compare_dht_forward.p4(245) Condition "hdr.dht.message_type==0" (node_5) is false
[15:47:07.618] [bmv2] [T] [thread 50961] [10.0] [cxt 0] ../../P4_code/compare_dht_forward.p4(248) Condition "hdr.dht.message_type==1" (node_7) is true
[15:47:07.618] [bmv2] [T] [thread 50961] [10.0] [cxt 0] Applying table 'ThisIngress.no_hop_lookup'
[15:47:07.618] [bmv2] [D] [thread 50961] [10.0] [cxt 0] Looking up key:
* hdr.dht.group_id    : 00
* hdr.dht.id          : 20

[15:47:07.618] [bmv2] [D] [thread 50961] [10.0] [cxt 0] Table 'ThisIngress.no_hop_lookup': miss
[15:47:07.618] [bmv2] [D] [thread 50961] [10.0] [cxt 0] Action entry is NoAction - 
[15:47:07.618] [bmv2] [T] [thread 50961] [10.0] [cxt 0] Action NoAction
[15:47:07.618] [bmv2] [T] [thread 50961] [10.0] [cxt 0] ../../P4_code/compare_dht_forward.p4(251) Condition "hdr.dht.message_type==3 || hdr.dht.message_type==2" (node_9) is false
[15:47:07.618] [bmv2] [D] [thread 50961] [10.0] [cxt 0] Pipeline 'ingress': end
[15:47:07.618] [bmv2] [D] [thread 50961] [10.0] [cxt 0] Egress port is 0
[15:47:07.618] [bmv2] [D] [thread 50962] [10.0] [cxt 0] Pipeline 'egress': start
[15:47:07.618] [bmv2] [D] [thread 50962] [10.0] [cxt 0] Pipeline 'egress': end
[15:47:07.618] [bmv2] [D] [thread 50962] [10.0] [cxt 0] Deparser 'deparser': start
[15:47:07.618] [bmv2] [T] [thread 50962] [10.0] [cxt 0] Skipping checksum 'cksum' update because condition not met
[15:47:07.618] [bmv2] [D] [thread 50962] [10.0] [cxt 0] Deparsing header 'ethernet'
[15:47:07.618] [bmv2] [D] [thread 50962] [10.0] [cxt 0] Deparsing header 'dht'
[15:47:07.618] [bmv2] [D] [thread 50962] [10.0] [cxt 0] Deparser 'deparser': end
[15:47:07.618] [bmv2] [D] [thread 50966] [10.0] [cxt 0] Transmitting packet of size 70 out of port 0
[15:47:07.868] [bmv2] [D] [thread 50961] [11.0] [cxt 0] Processing packet received on port 2
[15:47:07.868] [bmv2] [D] [thread 50961] [11.0] [cxt 0] Parser 'parser': start
[15:47:07.868] [bmv2] [D] [thread 50961] [11.0] [cxt 0] Parser 'parser' entering state 'start'
[15:47:07.868] [bmv2] [D] [thread 50961] [11.0] [cxt 0] Parser state 'start': key is 0002
[15:47:07.868] [bmv2] [T] [thread 50961] [11.0] [cxt 0] Bytes parsed: 0
[15:47:07.868] [bmv2] [D] [thread 50961] [11.0] [cxt 0] Parser 'parser' entering state 'parse_ethernet'
[15:47:07.868] [bmv2] [D] [thread 50961] [11.0] [cxt 0] Extracting header 'ethernet'
[15:47:07.868] [bmv2] [D] [thread 50961] [11.0] [cxt 0] Parser state 'parse_ethernet': key is 86dd
[15:47:07.868] [bmv2] [T] [thread 50961] [11.0] [cxt 0] Bytes parsed: 14
[15:47:07.868] [bmv2] [D] [thread 50961] [11.0] [cxt 0] Parser 'parser' entering state 'parse_dht'
[15:47:07.868] [bmv2] [D] [thread 50961] [11.0] [cxt 0] Extracting header 'dht'
[15:47:07.868] [bmv2] [D] [thread 50961] [11.0] [cxt 0] Parser state 'parse_dht' has no switch, going to default next state
[15:47:07.868] [bmv2] [T] [thread 50961] [11.0] [cxt 0] Bytes parsed: 17
[15:47:07.868] [bmv2] [T] [thread 50961] [11.0] [cxt 0] Skipping checksum 'cksum_0' verification because target field invalid
[15:47:07.868] [bmv2] [D] [thread 50961] [11.0] [cxt 0] Parser 'parser': end
[15:47:07.868] [bmv2] [D] [thread 50961] [11.0] [cxt 0] Pipeline 'ingress': start
[15:47:07.868] [bmv2] [T] [thread 50961] [11.0] [cxt 0] ../../P4_code/compare_dht_forward.p4(241) Condition "hdr.ipv4.isValid()" (node_2) is false
[15:47:07.868] [bmv2] [T] [thread 50961] [11.0] [cxt 0] ../../P4_code/compare_dht_forward.p4(244) Condition "hdr.dht.isValid()" (node_4) is true
[15:47:07.868] [bmv2] [T] [thread 50961] [11.0] [cxt 0] ../../P4_code/compare_dht_forward.p4(245) Condition "hdr.dht.message_type==0" (node_5) is false
[15:47:07.868] [bmv2] [T] [thread 50961] [11.0] [cxt 0] ../../P4_code/compare_dht_forward.p4(248) Condition "hdr.dht.message_type==1" (node_7) is true
[15:47:07.868] [bmv2] [T] [thread 50961] [11.0] [cxt 0] Applying table 'ThisIngress.no_hop_lookup'
[15:47:07.868] [bmv2] [D] [thread 50961] [11.0] [cxt 0] Looking up key:
* hdr.dht.group_id    : 00
* hdr.dht.id          : 20

[15:47:07.868] [bmv2] [D] [thread 50961] [11.0] [cxt 0] Table 'ThisIngress.no_hop_lookup': miss
[15:47:07.869] [bmv2] [D] [thread 50961] [11.0] [cxt 0] Action entry is NoAction - 
[15:47:07.869] [bmv2] [T] [thread 50961] [11.0] [cxt 0] Action NoAction
[15:47:07.869] [bmv2] [T] [thread 50961] [11.0] [cxt 0] ../../P4_code/compare_dht_forward.p4(251) Condition "hdr.dht.message_type==3 || hdr.dht.message_type==2" (node_9) is false
[15:47:07.869] [bmv2] [D] [thread 50961] [11.0] [cxt 0] Pipeline 'ingress': end
[15:47:07.869] [bmv2] [D] [thread 50961] [11.0] [cxt 0] Egress port is 0
[15:47:07.869] [bmv2] [D] [thread 50962] [11.0] [cxt 0] Pipeline 'egress': start
[15:47:07.869] [bmv2] [D] [thread 50962] [11.0] [cxt 0] Pipeline 'egress': end
[15:47:07.869] [bmv2] [D] [thread 50962] [11.0] [cxt 0] Deparser 'deparser': start
[15:47:07.869] [bmv2] [T] [thread 50962] [11.0] [cxt 0] Skipping checksum 'cksum' update because condition not met
[15:47:07.869] [bmv2] [D] [thread 50962] [11.0] [cxt 0] Deparsing header 'ethernet'
[15:47:07.869] [bmv2] [D] [thread 50962] [11.0] [cxt 0] Deparsing header 'dht'
[15:47:07.869] [bmv2] [D] [thread 50962] [11.0] [cxt 0] Deparser 'deparser': end
[15:47:07.869] [bmv2] [D] [thread 50966] [11.0] [cxt 0] Transmitting packet of size 70 out of port 0
[15:47:08.637] [bmv2] [D] [thread 50961] [12.0] [cxt 0] Processing packet received on port 1
[15:47:08.637] [bmv2] [D] [thread 50961] [12.0] [cxt 0] Parser 'parser': start
[15:47:08.637] [bmv2] [D] [thread 50961] [12.0] [cxt 0] Parser 'parser' entering state 'start'
[15:47:08.637] [bmv2] [D] [thread 50961] [12.0] [cxt 0] Parser state 'start': key is 0001
[15:47:08.637] [bmv2] [T] [thread 50961] [12.0] [cxt 0] Bytes parsed: 0
[15:47:08.637] [bmv2] [D] [thread 50961] [12.0] [cxt 0] Parser 'parser' entering state 'parse_ethernet'
[15:47:08.637] [bmv2] [D] [thread 50961] [12.0] [cxt 0] Extracting header 'ethernet'
[15:47:08.637] [bmv2] [D] [thread 50961] [12.0] [cxt 0] Parser state 'parse_ethernet': key is 86dd
[15:47:08.637] [bmv2] [T] [thread 50961] [12.0] [cxt 0] Bytes parsed: 14
[15:47:08.637] [bmv2] [D] [thread 50961] [12.0] [cxt 0] Parser 'parser' entering state 'parse_dht'
[15:47:08.637] [bmv2] [D] [thread 50961] [12.0] [cxt 0] Extracting header 'dht'
[15:47:08.637] [bmv2] [D] [thread 50961] [12.0] [cxt 0] Parser state 'parse_dht' has no switch, going to default next state
[15:47:08.637] [bmv2] [T] [thread 50961] [12.0] [cxt 0] Bytes parsed: 17
[15:47:08.637] [bmv2] [T] [thread 50961] [12.0] [cxt 0] Skipping checksum 'cksum_0' verification because target field invalid
[15:47:08.637] [bmv2] [D] [thread 50961] [12.0] [cxt 0] Parser 'parser': end
[15:47:08.637] [bmv2] [D] [thread 50961] [12.0] [cxt 0] Pipeline 'ingress': start
[15:47:08.637] [bmv2] [T] [thread 50961] [12.0] [cxt 0] ../../P4_code/compare_dht_forward.p4(241) Condition "hdr.ipv4.isValid()" (node_2) is false
[15:47:08.637] [bmv2] [T] [thread 50961] [12.0] [cxt 0] ../../P4_code/compare_dht_forward.p4(244) Condition "hdr.dht.isValid()" (node_4) is true
[15:47:08.637] [bmv2] [T] [thread 50961] [12.0] [cxt 0] ../../P4_code/compare_dht_forward.p4(245) Condition "hdr.dht.message_type==0" (node_5) is false
[15:47:08.637] [bmv2] [T] [thread 50961] [12.0] [cxt 0] ../../P4_code/compare_dht_forward.p4(248) Condition "hdr.dht.message_type==1" (node_7) is true
[15:47:08.637] [bmv2] [T] [thread 50961] [12.0] [cxt 0] Applying table 'ThisIngress.no_hop_lookup'
[15:47:08.637] [bmv2] [D] [thread 50961] [12.0] [cxt 0] Looking up key:
* hdr.dht.group_id    : 00
* hdr.dht.id          : 20

[15:47:08.637] [bmv2] [D] [thread 50961] [12.0] [cxt 0] Table 'ThisIngress.no_hop_lookup': miss
[15:47:08.637] [bmv2] [D] [thread 50961] [12.0] [cxt 0] Action entry is NoAction - 
[15:47:08.637] [bmv2] [T] [thread 50961] [12.0] [cxt 0] Action NoAction
[15:47:08.637] [bmv2] [T] [thread 50961] [12.0] [cxt 0] ../../P4_code/compare_dht_forward.p4(251) Condition "hdr.dht.message_type==3 || hdr.dht.message_type==2" (node_9) is false
[15:47:08.637] [bmv2] [D] [thread 50961] [12.0] [cxt 0] Pipeline 'ingress': end
[15:47:08.637] [bmv2] [D] [thread 50961] [12.0] [cxt 0] Egress port is 0
[15:47:08.638] [bmv2] [D] [thread 50962] [12.0] [cxt 0] Pipeline 'egress': start
[15:47:08.638] [bmv2] [D] [thread 50962] [12.0] [cxt 0] Pipeline 'egress': end
[15:47:08.638] [bmv2] [D] [thread 50962] [12.0] [cxt 0] Deparser 'deparser': start
[15:47:08.638] [bmv2] [T] [thread 50962] [12.0] [cxt 0] Skipping checksum 'cksum' update because condition not met
[15:47:08.638] [bmv2] [D] [thread 50962] [12.0] [cxt 0] Deparsing header 'ethernet'
[15:47:08.638] [bmv2] [D] [thread 50962] [12.0] [cxt 0] Deparsing header 'dht'
[15:47:08.638] [bmv2] [D] [thread 50962] [12.0] [cxt 0] Deparser 'deparser': end
[15:47:08.638] [bmv2] [D] [thread 50966] [12.0] [cxt 0] Transmitting packet of size 70 out of port 0
open: No such file or directory
open: No such file or directory
open: No such file or directory
open: No such file or directory
open: No such file or directory
open: No such file or directory
open: No such file or directory
open: No such file or directory
open: No such file or directory
open: No such file or directory
open: No such file or directory
open: No such file or directory
open: No such file or directory
open: No such file or directory
open: No such file or directory
open: No such file or directory
open: No such file or directory
open: No such file or directory
open: No such file or directory
open: No such file or directory
open: No such file or directory
open: No such file or directory
