Calling target program-options parser
[15:46:58.085] [bmv2] [D] [thread 50968] Set default default entry for table 'tbl_compare_dht_forward242': compare_dht_forward242 - 
[15:46:58.085] [bmv2] [D] [thread 50968] Set default default entry for table 'tbl_first_contact': ThisIngress.first_contact - 
[15:46:58.085] [bmv2] [D] [thread 50968] Set default default entry for table 'ThisIngress.no_hop_lookup': NoAction - 
[15:46:58.085] [bmv2] [D] [thread 50968] Set default default entry for table 'tbl_compare_dht_forward253': compare_dht_forward253 - 
[15:46:58.085] [bmv2] [D] [thread 50968] Set default default entry for table 'tbl_compare_dht_forward256': compare_dht_forward256 - 
[15:46:58.085] [bmv2] [D] [thread 50968] Set default default entry for table 'tbl_send_to_controller_simple': ThisIngress.send_to_controller_simple - 
[15:46:58.085] [bmv2] [D] [thread 50968] Set default default entry for table 'ThisIngress.ipv4_lpm': ThisIngress.my_drop - 
Adding interface s_g-eth1 as port 1
[15:46:58.086] [bmv2] [D] [thread 50968] Adding interface s_g-eth1 as port 1
Adding interface s_g-eth2 as port 2
[15:46:58.124] [bmv2] [D] [thread 50968] Adding interface s_g-eth2 as port 2
Adding interface s_g-eth3 as port 3
[15:46:58.156] [bmv2] [D] [thread 50968] Adding interface s_g-eth3 as port 3
Adding interface s_g-eth4 as port 4
[15:46:58.192] [bmv2] [D] [thread 50968] Adding interface s_g-eth4 as port 4
Server listening on 0.0.0.0:50057
[15:46:58.233] [bmv2] [I] [thread 50968] Starting Thrift server on port 9096
[15:46:58.234] [bmv2] [I] [thread 50968] Thrift server was started
[15:46:58.652] [bmv2] [D] [thread 50978] [0.0] [cxt 0] Processing packet received on port 4
[15:46:58.652] [bmv2] [D] [thread 50978] [0.0] [cxt 0] Parser 'parser': start
[15:46:58.652] [bmv2] [D] [thread 50978] [0.0] [cxt 0] Parser 'parser' entering state 'start'
[15:46:58.653] [bmv2] [D] [thread 50978] [0.0] [cxt 0] Parser state 'start': key is 0004
[15:46:58.653] [bmv2] [T] [thread 50978] [0.0] [cxt 0] Bytes parsed: 0
[15:46:58.653] [bmv2] [D] [thread 50978] [0.0] [cxt 0] Parser 'parser' entering state 'parse_ethernet'
[15:46:58.653] [bmv2] [D] [thread 50978] [0.0] [cxt 0] Extracting header 'ethernet'
[15:46:58.653] [bmv2] [D] [thread 50978] [0.0] [cxt 0] Parser state 'parse_ethernet': key is 86dd
[15:46:58.653] [bmv2] [T] [thread 50978] [0.0] [cxt 0] Bytes parsed: 14
[15:46:58.653] [bmv2] [D] [thread 50978] [0.0] [cxt 0] Parser 'parser' entering state 'parse_dht'
[15:46:58.653] [bmv2] [D] [thread 50978] [0.0] [cxt 0] Extracting header 'dht'
[15:46:58.653] [bmv2] [D] [thread 50978] [0.0] [cxt 0] Parser state 'parse_dht' has no switch, going to default next state
[15:46:58.653] [bmv2] [T] [thread 50978] [0.0] [cxt 0] Bytes parsed: 17
[15:46:58.653] [bmv2] [T] [thread 50978] [0.0] [cxt 0] Skipping checksum 'cksum_0' verification because target field invalid
[15:46:58.653] [bmv2] [D] [thread 50978] [0.0] [cxt 0] Parser 'parser': end
[15:46:58.653] [bmv2] [D] [thread 50978] [0.0] [cxt 0] Pipeline 'ingress': start
[15:46:58.653] [bmv2] [T] [thread 50978] [0.0] [cxt 0] ../../P4_code/compare_dht_forward.p4(241) Condition "hdr.ipv4.isValid()" (node_2) is false
[15:46:58.653] [bmv2] [T] [thread 50978] [0.0] [cxt 0] ../../P4_code/compare_dht_forward.p4(244) Condition "hdr.dht.isValid()" (node_4) is true
[15:46:58.653] [bmv2] [T] [thread 50978] [0.0] [cxt 0] ../../P4_code/compare_dht_forward.p4(245) Condition "hdr.dht.message_type==0" (node_5) is false
[15:46:58.653] [bmv2] [T] [thread 50978] [0.0] [cxt 0] ../../P4_code/compare_dht_forward.p4(248) Condition "hdr.dht.message_type==1" (node_7) is true
[15:46:58.653] [bmv2] [T] [thread 50978] [0.0] [cxt 0] Applying table 'ThisIngress.no_hop_lookup'
[15:46:58.653] [bmv2] [D] [thread 50978] [0.0] [cxt 0] Looking up key:
* hdr.dht.group_id    : 00
* hdr.dht.id          : 20

[15:46:58.653] [bmv2] [D] [thread 50978] [0.0] [cxt 0] Table 'ThisIngress.no_hop_lookup': miss
[15:46:58.653] [bmv2] [D] [thread 50978] [0.0] [cxt 0] Action entry is NoAction - 
[15:46:58.653] [bmv2] [T] [thread 50978] [0.0] [cxt 0] Action NoAction
[15:46:58.653] [bmv2] [T] [thread 50978] [0.0] [cxt 0] ../../P4_code/compare_dht_forward.p4(251) Condition "hdr.dht.message_type==3 || hdr.dht.message_type==2" (node_9) is false
[15:46:58.653] [bmv2] [D] [thread 50978] [0.0] [cxt 0] Pipeline 'ingress': end
[15:46:58.653] [bmv2] [D] [thread 50978] [0.0] [cxt 0] Egress port is 0
[15:46:58.653] [bmv2] [D] [thread 50979] [0.0] [cxt 0] Pipeline 'egress': start
[15:46:58.653] [bmv2] [D] [thread 50979] [0.0] [cxt 0] Pipeline 'egress': end
[15:46:58.653] [bmv2] [D] [thread 50979] [0.0] [cxt 0] Deparser 'deparser': start
[15:46:58.653] [bmv2] [T] [thread 50979] [0.0] [cxt 0] Skipping checksum 'cksum' update because condition not met
[15:46:58.653] [bmv2] [D] [thread 50979] [0.0] [cxt 0] Deparsing header 'ethernet'
[15:46:58.653] [bmv2] [D] [thread 50979] [0.0] [cxt 0] Deparsing header 'dht'
[15:46:58.653] [bmv2] [D] [thread 50979] [0.0] [cxt 0] Deparser 'deparser': end
[15:46:58.653] [bmv2] [D] [thread 50983] [0.0] [cxt 0] Transmitting packet of size 70 out of port 0
[15:46:59.165] [bmv2] [D] [thread 50978] [1.0] [cxt 0] Processing packet received on port 3
[15:46:59.165] [bmv2] [D] [thread 50978] [1.0] [cxt 0] Parser 'parser': start
[15:46:59.165] [bmv2] [D] [thread 50978] [1.0] [cxt 0] Parser 'parser' entering state 'start'
[15:46:59.165] [bmv2] [D] [thread 50978] [1.0] [cxt 0] Parser state 'start': key is 0003
[15:46:59.165] [bmv2] [T] [thread 50978] [1.0] [cxt 0] Bytes parsed: 0
[15:46:59.165] [bmv2] [D] [thread 50978] [1.0] [cxt 0] Parser 'parser' entering state 'parse_ethernet'
[15:46:59.165] [bmv2] [D] [thread 50978] [1.0] [cxt 0] Extracting header 'ethernet'
[15:46:59.165] [bmv2] [D] [thread 50978] [1.0] [cxt 0] Parser state 'parse_ethernet': key is 86dd
[15:46:59.165] [bmv2] [T] [thread 50978] [1.0] [cxt 0] Bytes parsed: 14
[15:46:59.165] [bmv2] [D] [thread 50978] [1.0] [cxt 0] Parser 'parser' entering state 'parse_dht'
[15:46:59.165] [bmv2] [D] [thread 50978] [1.0] [cxt 0] Extracting header 'dht'
[15:46:59.165] [bmv2] [D] [thread 50978] [1.0] [cxt 0] Parser state 'parse_dht' has no switch, going to default next state
[15:46:59.165] [bmv2] [T] [thread 50978] [1.0] [cxt 0] Bytes parsed: 17
[15:46:59.165] [bmv2] [T] [thread 50978] [1.0] [cxt 0] Skipping checksum 'cksum_0' verification because target field invalid
[15:46:59.165] [bmv2] [D] [thread 50978] [1.0] [cxt 0] Parser 'parser': end
[15:46:59.165] [bmv2] [D] [thread 50978] [1.0] [cxt 0] Pipeline 'ingress': start
[15:46:59.165] [bmv2] [T] [thread 50978] [1.0] [cxt 0] ../../P4_code/compare_dht_forward.p4(241) Condition "hdr.ipv4.isValid()" (node_2) is false
[15:46:59.165] [bmv2] [T] [thread 50978] [1.0] [cxt 0] ../../P4_code/compare_dht_forward.p4(244) Condition "hdr.dht.isValid()" (node_4) is true
[15:46:59.165] [bmv2] [T] [thread 50978] [1.0] [cxt 0] ../../P4_code/compare_dht_forward.p4(245) Condition "hdr.dht.message_type==0" (node_5) is false
[15:46:59.165] [bmv2] [T] [thread 50978] [1.0] [cxt 0] ../../P4_code/compare_dht_forward.p4(248) Condition "hdr.dht.message_type==1" (node_7) is true
[15:46:59.165] [bmv2] [T] [thread 50978] [1.0] [cxt 0] Applying table 'ThisIngress.no_hop_lookup'
[15:46:59.165] [bmv2] [D] [thread 50978] [1.0] [cxt 0] Looking up key:
* hdr.dht.group_id    : 00
* hdr.dht.id          : 20

[15:46:59.165] [bmv2] [D] [thread 50978] [1.0] [cxt 0] Table 'ThisIngress.no_hop_lookup': miss
[15:46:59.165] [bmv2] [D] [thread 50978] [1.0] [cxt 0] Action entry is NoAction - 
[15:46:59.165] [bmv2] [T] [thread 50978] [1.0] [cxt 0] Action NoAction
[15:46:59.165] [bmv2] [T] [thread 50978] [1.0] [cxt 0] ../../P4_code/compare_dht_forward.p4(251) Condition "hdr.dht.message_type==3 || hdr.dht.message_type==2" (node_9) is false
[15:46:59.165] [bmv2] [D] [thread 50978] [1.0] [cxt 0] Pipeline 'ingress': end
[15:46:59.165] [bmv2] [D] [thread 50978] [1.0] [cxt 0] Egress port is 0
[15:46:59.165] [bmv2] [D] [thread 50979] [1.0] [cxt 0] Pipeline 'egress': start
[15:46:59.165] [bmv2] [D] [thread 50979] [1.0] [cxt 0] Pipeline 'egress': end
[15:46:59.165] [bmv2] [D] [thread 50979] [1.0] [cxt 0] Deparser 'deparser': start
[15:46:59.165] [bmv2] [T] [thread 50979] [1.0] [cxt 0] Skipping checksum 'cksum' update because condition not met
[15:46:59.165] [bmv2] [D] [thread 50979] [1.0] [cxt 0] Deparsing header 'ethernet'
[15:46:59.165] [bmv2] [D] [thread 50979] [1.0] [cxt 0] Deparsing header 'dht'
[15:46:59.165] [bmv2] [D] [thread 50979] [1.0] [cxt 0] Deparser 'deparser': end
[15:46:59.167] [bmv2] [D] [thread 50983] [1.0] [cxt 0] Transmitting packet of size 70 out of port 0
[15:46:59.421] [bmv2] [D] [thread 50978] [2.0] [cxt 0] Processing packet received on port 1
[15:46:59.421] [bmv2] [D] [thread 50978] [2.0] [cxt 0] Parser 'parser': start
[15:46:59.421] [bmv2] [D] [thread 50978] [2.0] [cxt 0] Parser 'parser' entering state 'start'
[15:46:59.421] [bmv2] [D] [thread 50978] [2.0] [cxt 0] Parser state 'start': key is 0001
[15:46:59.421] [bmv2] [T] [thread 50978] [2.0] [cxt 0] Bytes parsed: 0
[15:46:59.421] [bmv2] [D] [thread 50978] [2.0] [cxt 0] Parser 'parser' entering state 'parse_ethernet'
[15:46:59.421] [bmv2] [D] [thread 50978] [2.0] [cxt 0] Extracting header 'ethernet'
[15:46:59.421] [bmv2] [D] [thread 50978] [2.0] [cxt 0] Parser state 'parse_ethernet': key is 86dd
[15:46:59.421] [bmv2] [T] [thread 50978] [2.0] [cxt 0] Bytes parsed: 14
[15:46:59.421] [bmv2] [D] [thread 50978] [2.0] [cxt 0] Parser 'parser' entering state 'parse_dht'
[15:46:59.421] [bmv2] [D] [thread 50978] [2.0] [cxt 0] Extracting header 'dht'
[15:46:59.421] [bmv2] [D] [thread 50978] [2.0] [cxt 0] Parser state 'parse_dht' has no switch, going to default next state
[15:46:59.421] [bmv2] [T] [thread 50978] [2.0] [cxt 0] Bytes parsed: 17
[15:46:59.421] [bmv2] [T] [thread 50978] [2.0] [cxt 0] Skipping checksum 'cksum_0' verification because target field invalid
[15:46:59.421] [bmv2] [D] [thread 50978] [2.0] [cxt 0] Parser 'parser': end
[15:46:59.421] [bmv2] [D] [thread 50978] [2.0] [cxt 0] Pipeline 'ingress': start
[15:46:59.421] [bmv2] [T] [thread 50978] [2.0] [cxt 0] ../../P4_code/compare_dht_forward.p4(241) Condition "hdr.ipv4.isValid()" (node_2) is false
[15:46:59.421] [bmv2] [T] [thread 50978] [2.0] [cxt 0] ../../P4_code/compare_dht_forward.p4(244) Condition "hdr.dht.isValid()" (node_4) is true
[15:46:59.421] [bmv2] [T] [thread 50978] [2.0] [cxt 0] ../../P4_code/compare_dht_forward.p4(245) Condition "hdr.dht.message_type==0" (node_5) is false
[15:46:59.421] [bmv2] [T] [thread 50978] [2.0] [cxt 0] ../../P4_code/compare_dht_forward.p4(248) Condition "hdr.dht.message_type==1" (node_7) is true
[15:46:59.421] [bmv2] [T] [thread 50978] [2.0] [cxt 0] Applying table 'ThisIngress.no_hop_lookup'
[15:46:59.421] [bmv2] [D] [thread 50978] [2.0] [cxt 0] Looking up key:
* hdr.dht.group_id    : 00
* hdr.dht.id          : 20

[15:46:59.421] [bmv2] [D] [thread 50978] [2.0] [cxt 0] Table 'ThisIngress.no_hop_lookup': miss
[15:46:59.421] [bmv2] [D] [thread 50978] [2.0] [cxt 0] Action entry is NoAction - 
[15:46:59.421] [bmv2] [T] [thread 50978] [2.0] [cxt 0] Action NoAction
[15:46:59.421] [bmv2] [T] [thread 50978] [2.0] [cxt 0] ../../P4_code/compare_dht_forward.p4(251) Condition "hdr.dht.message_type==3 || hdr.dht.message_type==2" (node_9) is false
[15:46:59.421] [bmv2] [D] [thread 50978] [2.0] [cxt 0] Pipeline 'ingress': end
[15:46:59.421] [bmv2] [D] [thread 50978] [2.0] [cxt 0] Egress port is 0
[15:46:59.421] [bmv2] [D] [thread 50979] [2.0] [cxt 0] Pipeline 'egress': start
[15:46:59.421] [bmv2] [D] [thread 50979] [2.0] [cxt 0] Pipeline 'egress': end
[15:46:59.421] [bmv2] [D] [thread 50979] [2.0] [cxt 0] Deparser 'deparser': start
[15:46:59.421] [bmv2] [T] [thread 50979] [2.0] [cxt 0] Skipping checksum 'cksum' update because condition not met
[15:46:59.421] [bmv2] [D] [thread 50979] [2.0] [cxt 0] Deparsing header 'ethernet'
[15:46:59.421] [bmv2] [D] [thread 50979] [2.0] [cxt 0] Deparsing header 'dht'
[15:46:59.421] [bmv2] [D] [thread 50979] [2.0] [cxt 0] Deparser 'deparser': end
[15:46:59.424] [bmv2] [D] [thread 50983] [2.0] [cxt 0] Transmitting packet of size 70 out of port 0
[15:46:59.424] [bmv2] [D] [thread 50978] [3.0] [cxt 0] Processing packet received on port 2
[15:46:59.424] [bmv2] [D] [thread 50978] [3.0] [cxt 0] Parser 'parser': start
[15:46:59.424] [bmv2] [D] [thread 50978] [3.0] [cxt 0] Parser 'parser' entering state 'start'
[15:46:59.424] [bmv2] [D] [thread 50978] [3.0] [cxt 0] Parser state 'start': key is 0002
[15:46:59.424] [bmv2] [T] [thread 50978] [3.0] [cxt 0] Bytes parsed: 0
[15:46:59.424] [bmv2] [D] [thread 50978] [3.0] [cxt 0] Parser 'parser' entering state 'parse_ethernet'
[15:46:59.424] [bmv2] [D] [thread 50978] [3.0] [cxt 0] Extracting header 'ethernet'
[15:46:59.424] [bmv2] [D] [thread 50978] [3.0] [cxt 0] Parser state 'parse_ethernet': key is 86dd
[15:46:59.424] [bmv2] [T] [thread 50978] [3.0] [cxt 0] Bytes parsed: 14
[15:46:59.424] [bmv2] [D] [thread 50978] [3.0] [cxt 0] Parser 'parser' entering state 'parse_dht'
[15:46:59.424] [bmv2] [D] [thread 50978] [3.0] [cxt 0] Extracting header 'dht'
[15:46:59.424] [bmv2] [D] [thread 50978] [3.0] [cxt 0] Parser state 'parse_dht' has no switch, going to default next state
[15:46:59.424] [bmv2] [T] [thread 50978] [3.0] [cxt 0] Bytes parsed: 17
[15:46:59.424] [bmv2] [T] [thread 50978] [3.0] [cxt 0] Skipping checksum 'cksum_0' verification because target field invalid
[15:46:59.424] [bmv2] [D] [thread 50978] [3.0] [cxt 0] Parser 'parser': end
[15:46:59.424] [bmv2] [D] [thread 50978] [3.0] [cxt 0] Pipeline 'ingress': start
[15:46:59.424] [bmv2] [T] [thread 50978] [3.0] [cxt 0] ../../P4_code/compare_dht_forward.p4(241) Condition "hdr.ipv4.isValid()" (node_2) is false
[15:46:59.424] [bmv2] [T] [thread 50978] [3.0] [cxt 0] ../../P4_code/compare_dht_forward.p4(244) Condition "hdr.dht.isValid()" (node_4) is true
[15:46:59.424] [bmv2] [T] [thread 50978] [3.0] [cxt 0] ../../P4_code/compare_dht_forward.p4(245) Condition "hdr.dht.message_type==0" (node_5) is false
[15:46:59.424] [bmv2] [T] [thread 50978] [3.0] [cxt 0] ../../P4_code/compare_dht_forward.p4(248) Condition "hdr.dht.message_type==1" (node_7) is true
[15:46:59.424] [bmv2] [T] [thread 50978] [3.0] [cxt 0] Applying table 'ThisIngress.no_hop_lookup'
[15:46:59.424] [bmv2] [D] [thread 50978] [3.0] [cxt 0] Looking up key:
* hdr.dht.group_id    : 00
* hdr.dht.id          : 20

[15:46:59.424] [bmv2] [D] [thread 50978] [3.0] [cxt 0] Table 'ThisIngress.no_hop_lookup': miss
[15:46:59.424] [bmv2] [D] [thread 50978] [3.0] [cxt 0] Action entry is NoAction - 
[15:46:59.424] [bmv2] [T] [thread 50978] [3.0] [cxt 0] Action NoAction
[15:46:59.424] [bmv2] [T] [thread 50978] [3.0] [cxt 0] ../../P4_code/compare_dht_forward.p4(251) Condition "hdr.dht.message_type==3 || hdr.dht.message_type==2" (node_9) is false
[15:46:59.424] [bmv2] [D] [thread 50978] [3.0] [cxt 0] Pipeline 'ingress': end
[15:46:59.424] [bmv2] [D] [thread 50978] [3.0] [cxt 0] Egress port is 0
[15:46:59.424] [bmv2] [D] [thread 50979] [3.0] [cxt 0] Pipeline 'egress': start
[15:46:59.424] [bmv2] [D] [thread 50979] [3.0] [cxt 0] Pipeline 'egress': end
[15:46:59.424] [bmv2] [D] [thread 50979] [3.0] [cxt 0] Deparser 'deparser': start
[15:46:59.424] [bmv2] [T] [thread 50979] [3.0] [cxt 0] Skipping checksum 'cksum' update because condition not met
[15:46:59.424] [bmv2] [D] [thread 50979] [3.0] [cxt 0] Deparsing header 'ethernet'
[15:46:59.424] [bmv2] [D] [thread 50979] [3.0] [cxt 0] Deparsing header 'dht'
[15:46:59.424] [bmv2] [D] [thread 50979] [3.0] [cxt 0] Deparser 'deparser': end
[15:46:59.424] [bmv2] [D] [thread 50983] [3.0] [cxt 0] Transmitting packet of size 70 out of port 0
[15:46:59.934] [bmv2] [D] [thread 50978] [4.0] [cxt 0] Processing packet received on port 1
[15:46:59.934] [bmv2] [D] [thread 50978] [4.0] [cxt 0] Parser 'parser': start
[15:46:59.934] [bmv2] [D] [thread 50978] [4.0] [cxt 0] Parser 'parser' entering state 'start'
[15:46:59.934] [bmv2] [D] [thread 50978] [4.0] [cxt 0] Parser state 'start': key is 0001
[15:46:59.934] [bmv2] [T] [thread 50978] [4.0] [cxt 0] Bytes parsed: 0
[15:46:59.934] [bmv2] [D] [thread 50978] [4.0] [cxt 0] Parser 'parser' entering state 'parse_ethernet'
[15:46:59.934] [bmv2] [D] [thread 50978] [4.0] [cxt 0] Extracting header 'ethernet'
[15:46:59.934] [bmv2] [D] [thread 50978] [4.0] [cxt 0] Parser state 'parse_ethernet': key is 86dd
[15:46:59.934] [bmv2] [T] [thread 50978] [4.0] [cxt 0] Bytes parsed: 14
[15:46:59.934] [bmv2] [D] [thread 50978] [4.0] [cxt 0] Parser 'parser' entering state 'parse_dht'
[15:46:59.934] [bmv2] [D] [thread 50978] [4.0] [cxt 0] Extracting header 'dht'
[15:46:59.934] [bmv2] [D] [thread 50978] [4.0] [cxt 0] Parser state 'parse_dht' has no switch, going to default next state
[15:46:59.934] [bmv2] [T] [thread 50978] [4.0] [cxt 0] Bytes parsed: 17
[15:46:59.934] [bmv2] [T] [thread 50978] [4.0] [cxt 0] Skipping checksum 'cksum_0' verification because target field invalid
[15:46:59.934] [bmv2] [D] [thread 50978] [4.0] [cxt 0] Parser 'parser': end
[15:46:59.934] [bmv2] [D] [thread 50978] [4.0] [cxt 0] Pipeline 'ingress': start
[15:46:59.934] [bmv2] [T] [thread 50978] [4.0] [cxt 0] ../../P4_code/compare_dht_forward.p4(241) Condition "hdr.ipv4.isValid()" (node_2) is false
[15:46:59.934] [bmv2] [T] [thread 50978] [4.0] [cxt 0] ../../P4_code/compare_dht_forward.p4(244) Condition "hdr.dht.isValid()" (node_4) is true
[15:46:59.934] [bmv2] [T] [thread 50978] [4.0] [cxt 0] ../../P4_code/compare_dht_forward.p4(245) Condition "hdr.dht.message_type==0" (node_5) is false
[15:46:59.934] [bmv2] [T] [thread 50978] [4.0] [cxt 0] ../../P4_code/compare_dht_forward.p4(248) Condition "hdr.dht.message_type==1" (node_7) is true
[15:46:59.934] [bmv2] [T] [thread 50978] [4.0] [cxt 0] Applying table 'ThisIngress.no_hop_lookup'
[15:46:59.934] [bmv2] [D] [thread 50978] [4.0] [cxt 0] Looking up key:
* hdr.dht.group_id    : 00
* hdr.dht.id          : 20

[15:46:59.934] [bmv2] [D] [thread 50978] [4.0] [cxt 0] Table 'ThisIngress.no_hop_lookup': miss
[15:46:59.934] [bmv2] [D] [thread 50978] [4.0] [cxt 0] Action entry is NoAction - 
[15:46:59.934] [bmv2] [T] [thread 50978] [4.0] [cxt 0] Action NoAction
[15:46:59.934] [bmv2] [T] [thread 50978] [4.0] [cxt 0] ../../P4_code/compare_dht_forward.p4(251) Condition "hdr.dht.message_type==3 || hdr.dht.message_type==2" (node_9) is false
[15:46:59.934] [bmv2] [D] [thread 50978] [4.0] [cxt 0] Pipeline 'ingress': end
[15:46:59.934] [bmv2] [D] [thread 50978] [4.0] [cxt 0] Egress port is 0
[15:46:59.934] [bmv2] [D] [thread 50979] [4.0] [cxt 0] Pipeline 'egress': start
[15:46:59.934] [bmv2] [D] [thread 50979] [4.0] [cxt 0] Pipeline 'egress': end
[15:46:59.934] [bmv2] [D] [thread 50979] [4.0] [cxt 0] Deparser 'deparser': start
[15:46:59.934] [bmv2] [T] [thread 50979] [4.0] [cxt 0] Skipping checksum 'cksum' update because condition not met
[15:46:59.934] [bmv2] [D] [thread 50979] [4.0] [cxt 0] Deparsing header 'ethernet'
[15:46:59.935] [bmv2] [D] [thread 50979] [4.0] [cxt 0] Deparsing header 'dht'
[15:46:59.935] [bmv2] [D] [thread 50979] [4.0] [cxt 0] Deparser 'deparser': end
[15:46:59.935] [bmv2] [D] [thread 50983] [4.0] [cxt 0] Transmitting packet of size 70 out of port 0
[15:46:59.935] [bmv2] [D] [thread 50978] [5.0] [cxt 0] Processing packet received on port 2
[15:46:59.935] [bmv2] [D] [thread 50978] [5.0] [cxt 0] Parser 'parser': start
[15:46:59.935] [bmv2] [D] [thread 50978] [5.0] [cxt 0] Parser 'parser' entering state 'start'
[15:46:59.935] [bmv2] [D] [thread 50978] [5.0] [cxt 0] Parser state 'start': key is 0002
[15:46:59.935] [bmv2] [T] [thread 50978] [5.0] [cxt 0] Bytes parsed: 0
[15:46:59.935] [bmv2] [D] [thread 50978] [5.0] [cxt 0] Parser 'parser' entering state 'parse_ethernet'
[15:46:59.935] [bmv2] [D] [thread 50978] [5.0] [cxt 0] Extracting header 'ethernet'
[15:46:59.935] [bmv2] [D] [thread 50978] [5.0] [cxt 0] Parser state 'parse_ethernet': key is 86dd
[15:46:59.935] [bmv2] [T] [thread 50978] [5.0] [cxt 0] Bytes parsed: 14
[15:46:59.935] [bmv2] [D] [thread 50978] [5.0] [cxt 0] Parser 'parser' entering state 'parse_dht'
[15:46:59.935] [bmv2] [D] [thread 50978] [5.0] [cxt 0] Extracting header 'dht'
[15:46:59.935] [bmv2] [D] [thread 50978] [5.0] [cxt 0] Parser state 'parse_dht' has no switch, going to default next state
[15:46:59.935] [bmv2] [T] [thread 50978] [5.0] [cxt 0] Bytes parsed: 17
[15:46:59.935] [bmv2] [T] [thread 50978] [5.0] [cxt 0] Skipping checksum 'cksum_0' verification because target field invalid
[15:46:59.935] [bmv2] [D] [thread 50978] [5.0] [cxt 0] Parser 'parser': end
[15:46:59.935] [bmv2] [D] [thread 50978] [5.0] [cxt 0] Pipeline 'ingress': start
[15:46:59.935] [bmv2] [T] [thread 50978] [5.0] [cxt 0] ../../P4_code/compare_dht_forward.p4(241) Condition "hdr.ipv4.isValid()" (node_2) is false
[15:46:59.935] [bmv2] [T] [thread 50978] [5.0] [cxt 0] ../../P4_code/compare_dht_forward.p4(244) Condition "hdr.dht.isValid()" (node_4) is true
[15:46:59.935] [bmv2] [T] [thread 50978] [5.0] [cxt 0] ../../P4_code/compare_dht_forward.p4(245) Condition "hdr.dht.message_type==0" (node_5) is false
[15:46:59.935] [bmv2] [T] [thread 50978] [5.0] [cxt 0] ../../P4_code/compare_dht_forward.p4(248) Condition "hdr.dht.message_type==1" (node_7) is true
[15:46:59.935] [bmv2] [T] [thread 50978] [5.0] [cxt 0] Applying table 'ThisIngress.no_hop_lookup'
[15:46:59.935] [bmv2] [D] [thread 50978] [5.0] [cxt 0] Looking up key:
* hdr.dht.group_id    : 00
* hdr.dht.id          : 20

[15:46:59.935] [bmv2] [D] [thread 50978] [5.0] [cxt 0] Table 'ThisIngress.no_hop_lookup': miss
[15:46:59.935] [bmv2] [D] [thread 50978] [5.0] [cxt 0] Action entry is NoAction - 
[15:46:59.935] [bmv2] [T] [thread 50978] [5.0] [cxt 0] Action NoAction
[15:46:59.935] [bmv2] [T] [thread 50978] [5.0] [cxt 0] ../../P4_code/compare_dht_forward.p4(251) Condition "hdr.dht.message_type==3 || hdr.dht.message_type==2" (node_9) is false
[15:46:59.935] [bmv2] [D] [thread 50978] [5.0] [cxt 0] Pipeline 'ingress': end
[15:46:59.935] [bmv2] [D] [thread 50978] [5.0] [cxt 0] Egress port is 0
[15:46:59.935] [bmv2] [D] [thread 50979] [5.0] [cxt 0] Pipeline 'egress': start
[15:46:59.935] [bmv2] [D] [thread 50979] [5.0] [cxt 0] Pipeline 'egress': end
[15:46:59.935] [bmv2] [D] [thread 50979] [5.0] [cxt 0] Deparser 'deparser': start
[15:46:59.935] [bmv2] [T] [thread 50979] [5.0] [cxt 0] Skipping checksum 'cksum' update because condition not met
[15:46:59.935] [bmv2] [D] [thread 50979] [5.0] [cxt 0] Deparsing header 'ethernet'
[15:46:59.935] [bmv2] [D] [thread 50979] [5.0] [cxt 0] Deparsing header 'dht'
[15:46:59.935] [bmv2] [D] [thread 50979] [5.0] [cxt 0] Deparser 'deparser': end
[15:46:59.935] [bmv2] [D] [thread 50983] [5.0] [cxt 0] Transmitting packet of size 70 out of port 0
[15:47:01.527] [bmv2] [W] [thread 51099] [P4Runtime] p4::tmp::P4DeviceConfig is deprecated
[15:47:01.539] [bmv2] [D] [thread 51099] Set default default entry for table 'tbl_compare_dht_forward242': compare_dht_forward242 - 
[15:47:01.539] [bmv2] [D] [thread 51099] Set default default entry for table 'tbl_first_contact': ThisIngress.first_contact - 
[15:47:01.539] [bmv2] [D] [thread 51099] Set default default entry for table 'ThisIngress.no_hop_lookup': NoAction - 
[15:47:01.539] [bmv2] [D] [thread 51099] Set default default entry for table 'tbl_compare_dht_forward253': compare_dht_forward253 - 
[15:47:01.540] [bmv2] [D] [thread 51099] Set default default entry for table 'tbl_compare_dht_forward256': compare_dht_forward256 - 
[15:47:01.540] [bmv2] [D] [thread 51099] Set default default entry for table 'tbl_send_to_controller_simple': ThisIngress.send_to_controller_simple - 
[15:47:01.549] [bmv2] [D] [thread 51099] Set default default entry for table 'ThisIngress.ipv4_lpm': ThisIngress.my_drop - 
[15:47:01.554] [bmv2] [D] [thread 51099] simple_switch target has been notified of a config swap
[15:47:01.569] [bmv2] [D] [thread 51100] Entry 0 added to table 'ThisIngress.no_hop_lookup'
[15:47:01.569] [bmv2] [D] [thread 51100] Dumping entry 0
Match key:
* hdr.dht.group_id    : EXACT     01
* hdr.dht.id          : RANGE     05 -> 0a
Priority: 2147483646
Action entry: ThisIngress.no_hop_forward - 3,

[15:47:01.575] [bmv2] [D] [thread 51100] Entry 1 added to table 'ThisIngress.no_hop_lookup'
[15:47:01.575] [bmv2] [D] [thread 51100] Dumping entry 1
Match key:
* hdr.dht.group_id    : EXACT     01
* hdr.dht.id          : RANGE     0a -> 0f
Priority: 2147483646
Action entry: ThisIngress.no_hop_forward - 4,

[15:47:01.580] [bmv2] [D] [thread 51099] Entry 2 added to table 'ThisIngress.no_hop_lookup'
[15:47:01.580] [bmv2] [D] [thread 51099] Dumping entry 2
Match key:
* hdr.dht.group_id    : EXACT     01
* hdr.dht.id          : RANGE     00 -> 21
Priority: 2147483646
Action entry: ThisIngress.no_hop_forward - 2,

[15:47:01.586] [bmv2] [D] [thread 51100] Entry 0 added to table 'ThisIngress.ipv4_lpm'
[15:47:01.586] [bmv2] [D] [thread 51100] Dumping entry 0
Match key:
* hdr.ipv4.dstAddr    : LPM       0a000202/32
Action entry: ThisIngress.ipv4_forward - 80000000111,1,

[15:47:01.589] [bmv2] [D] [thread 51099] Entry 1 added to table 'ThisIngress.ipv4_lpm'
[15:47:01.589] [bmv2] [D] [thread 51099] Dumping entry 1
Match key:
* hdr.ipv4.dstAddr    : LPM       0a000303/32
Action entry: ThisIngress.ipv4_forward - 80000000111,1,

[15:47:01.591] [bmv2] [D] [thread 51100] Entry 2 added to table 'ThisIngress.ipv4_lpm'
[15:47:01.591] [bmv2] [D] [thread 51100] Dumping entry 2
Match key:
* hdr.ipv4.dstAddr    : LPM       0a000404/32
Action entry: ThisIngress.ipv4_forward - 80000000444,3,

[15:47:01.594] [bmv2] [D] [thread 51099] Entry 3 added to table 'ThisIngress.ipv4_lpm'
[15:47:01.594] [bmv2] [D] [thread 51099] Dumping entry 3
Match key:
* hdr.ipv4.dstAddr    : LPM       0a000505/32
Action entry: ThisIngress.ipv4_forward - 80000000555,4,

[15:47:01.596] [bmv2] [D] [thread 51100] Entry 4 added to table 'ThisIngress.ipv4_lpm'
[15:47:01.596] [bmv2] [D] [thread 51100] Dumping entry 4
Match key:
* hdr.ipv4.dstAddr    : LPM       0a000606/32
Action entry: ThisIngress.ipv4_forward - 80000000111,1,

[15:47:01.598] [bmv2] [D] [thread 51099] Entry 5 added to table 'ThisIngress.ipv4_lpm'
[15:47:01.598] [bmv2] [D] [thread 51099] Dumping entry 5
Match key:
* hdr.ipv4.dstAddr    : LPM       0a000707/32
Action entry: ThisIngress.ipv4_forward - 80000000111,1,

[15:47:01.600] [bmv2] [D] [thread 51100] Entry 6 added to table 'ThisIngress.ipv4_lpm'
[15:47:01.600] [bmv2] [D] [thread 51100] Dumping entry 6
Match key:
* hdr.ipv4.dstAddr    : LPM       0a000808/32
Action entry: ThisIngress.ipv4_forward - 80000000111,1,

[15:47:01.603] [bmv2] [D] [thread 51099] Entry 7 added to table 'ThisIngress.ipv4_lpm'
[15:47:01.603] [bmv2] [D] [thread 51099] Dumping entry 7
Match key:
* hdr.ipv4.dstAddr    : LPM       0a000909/32
Action entry: ThisIngress.ipv4_forward - 80000000111,1,

[15:47:01.608] [bmv2] [D] [thread 51099] Entry 8 added to table 'ThisIngress.ipv4_lpm'
[15:47:01.609] [bmv2] [D] [thread 51099] Dumping entry 8
Match key:
* hdr.ipv4.dstAddr    : LPM       0a000101/32
Action entry: ThisIngress.ipv4_forward - 80000000111,1,

[15:47:06.332] [bmv2] [D] [thread 50978] [6.0] [cxt 0] Processing packet received on port 4
[15:47:06.333] [bmv2] [D] [thread 50978] [6.0] [cxt 0] Parser 'parser': start
[15:47:06.333] [bmv2] [D] [thread 50978] [6.0] [cxt 0] Parser 'parser' entering state 'start'
[15:47:06.333] [bmv2] [D] [thread 50978] [6.0] [cxt 0] Parser state 'start': key is 0004
[15:47:06.333] [bmv2] [T] [thread 50978] [6.0] [cxt 0] Bytes parsed: 0
[15:47:06.333] [bmv2] [D] [thread 50978] [6.0] [cxt 0] Parser 'parser' entering state 'parse_ethernet'
[15:47:06.333] [bmv2] [D] [thread 50978] [6.0] [cxt 0] Extracting header 'ethernet'
[15:47:06.333] [bmv2] [D] [thread 50978] [6.0] [cxt 0] Parser state 'parse_ethernet': key is 86dd
[15:47:06.333] [bmv2] [T] [thread 50978] [6.0] [cxt 0] Bytes parsed: 14
[15:47:06.333] [bmv2] [D] [thread 50978] [6.0] [cxt 0] Parser 'parser' entering state 'parse_dht'
[15:47:06.333] [bmv2] [D] [thread 50978] [6.0] [cxt 0] Extracting header 'dht'
[15:47:06.333] [bmv2] [D] [thread 50978] [6.0] [cxt 0] Parser state 'parse_dht' has no switch, going to default next state
[15:47:06.333] [bmv2] [T] [thread 50978] [6.0] [cxt 0] Bytes parsed: 17
[15:47:06.333] [bmv2] [T] [thread 50978] [6.0] [cxt 0] Skipping checksum 'cksum_0' verification because target field invalid
[15:47:06.333] [bmv2] [D] [thread 50978] [6.0] [cxt 0] Parser 'parser': end
[15:47:06.333] [bmv2] [D] [thread 50978] [6.0] [cxt 0] Pipeline 'ingress': start
[15:47:06.333] [bmv2] [T] [thread 50978] [6.0] [cxt 0] ../../P4_code/compare_dht_forward.p4(241) Condition "hdr.ipv4.isValid()" (node_2) is false
[15:47:06.333] [bmv2] [T] [thread 50978] [6.0] [cxt 0] ../../P4_code/compare_dht_forward.p4(244) Condition "hdr.dht.isValid()" (node_4) is true
[15:47:06.333] [bmv2] [T] [thread 50978] [6.0] [cxt 0] ../../P4_code/compare_dht_forward.p4(245) Condition "hdr.dht.message_type==0" (node_5) is false
[15:47:06.333] [bmv2] [T] [thread 50978] [6.0] [cxt 0] ../../P4_code/compare_dht_forward.p4(248) Condition "hdr.dht.message_type==1" (node_7) is true
[15:47:06.333] [bmv2] [T] [thread 50978] [6.0] [cxt 0] Applying table 'ThisIngress.no_hop_lookup'
[15:47:06.333] [bmv2] [D] [thread 50978] [6.0] [cxt 0] Looking up key:
* hdr.dht.group_id    : 00
* hdr.dht.id          : 20

[15:47:06.333] [bmv2] [D] [thread 50978] [6.0] [cxt 0] Table 'ThisIngress.no_hop_lookup': miss
[15:47:06.333] [bmv2] [D] [thread 50978] [6.0] [cxt 0] Action entry is NoAction - 
[15:47:06.333] [bmv2] [T] [thread 50978] [6.0] [cxt 0] Action NoAction
[15:47:06.333] [bmv2] [T] [thread 50978] [6.0] [cxt 0] ../../P4_code/compare_dht_forward.p4(251) Condition "hdr.dht.message_type==3 || hdr.dht.message_type==2" (node_9) is false
[15:47:06.333] [bmv2] [D] [thread 50978] [6.0] [cxt 0] Pipeline 'ingress': end
[15:47:06.333] [bmv2] [D] [thread 50978] [6.0] [cxt 0] Egress port is 0
[15:47:06.333] [bmv2] [D] [thread 50979] [6.0] [cxt 0] Pipeline 'egress': start
[15:47:06.333] [bmv2] [D] [thread 50979] [6.0] [cxt 0] Pipeline 'egress': end
[15:47:06.333] [bmv2] [D] [thread 50979] [6.0] [cxt 0] Deparser 'deparser': start
[15:47:06.333] [bmv2] [T] [thread 50979] [6.0] [cxt 0] Skipping checksum 'cksum' update because condition not met
[15:47:06.333] [bmv2] [D] [thread 50979] [6.0] [cxt 0] Deparsing header 'ethernet'
[15:47:06.333] [bmv2] [D] [thread 50979] [6.0] [cxt 0] Deparsing header 'dht'
[15:47:06.333] [bmv2] [D] [thread 50979] [6.0] [cxt 0] Deparser 'deparser': end
[15:47:06.333] [bmv2] [D] [thread 50983] [6.0] [cxt 0] Transmitting packet of size 70 out of port 0
[15:47:07.614] [bmv2] [D] [thread 50978] [7.0] [cxt 0] Processing packet received on port 2
[15:47:07.614] [bmv2] [D] [thread 50978] [7.0] [cxt 0] Parser 'parser': start
[15:47:07.614] [bmv2] [D] [thread 50978] [7.0] [cxt 0] Parser 'parser' entering state 'start'
[15:47:07.614] [bmv2] [D] [thread 50978] [7.0] [cxt 0] Parser state 'start': key is 0002
[15:47:07.614] [bmv2] [T] [thread 50978] [7.0] [cxt 0] Bytes parsed: 0
[15:47:07.614] [bmv2] [D] [thread 50978] [7.0] [cxt 0] Parser 'parser' entering state 'parse_ethernet'
[15:47:07.614] [bmv2] [D] [thread 50978] [7.0] [cxt 0] Extracting header 'ethernet'
[15:47:07.614] [bmv2] [D] [thread 50978] [7.0] [cxt 0] Parser state 'parse_ethernet': key is 86dd
[15:47:07.614] [bmv2] [T] [thread 50978] [7.0] [cxt 0] Bytes parsed: 14
[15:47:07.614] [bmv2] [D] [thread 50978] [7.0] [cxt 0] Parser 'parser' entering state 'parse_dht'
[15:47:07.614] [bmv2] [D] [thread 50978] [7.0] [cxt 0] Extracting header 'dht'
[15:47:07.614] [bmv2] [D] [thread 50978] [7.0] [cxt 0] Parser state 'parse_dht' has no switch, going to default next state
[15:47:07.614] [bmv2] [T] [thread 50978] [7.0] [cxt 0] Bytes parsed: 17
[15:47:07.614] [bmv2] [T] [thread 50978] [7.0] [cxt 0] Skipping checksum 'cksum_0' verification because target field invalid
[15:47:07.614] [bmv2] [D] [thread 50978] [7.0] [cxt 0] Parser 'parser': end
[15:47:07.614] [bmv2] [D] [thread 50978] [7.0] [cxt 0] Pipeline 'ingress': start
[15:47:07.614] [bmv2] [T] [thread 50978] [7.0] [cxt 0] ../../P4_code/compare_dht_forward.p4(241) Condition "hdr.ipv4.isValid()" (node_2) is false
[15:47:07.614] [bmv2] [T] [thread 50978] [7.0] [cxt 0] ../../P4_code/compare_dht_forward.p4(244) Condition "hdr.dht.isValid()" (node_4) is true
[15:47:07.614] [bmv2] [T] [thread 50978] [7.0] [cxt 0] ../../P4_code/compare_dht_forward.p4(245) Condition "hdr.dht.message_type==0" (node_5) is false
[15:47:07.614] [bmv2] [T] [thread 50978] [7.0] [cxt 0] ../../P4_code/compare_dht_forward.p4(248) Condition "hdr.dht.message_type==1" (node_7) is true
[15:47:07.614] [bmv2] [T] [thread 50978] [7.0] [cxt 0] Applying table 'ThisIngress.no_hop_lookup'
[15:47:07.614] [bmv2] [D] [thread 50978] [7.0] [cxt 0] Looking up key:
* hdr.dht.group_id    : 00
* hdr.dht.id          : 20

[15:47:07.614] [bmv2] [D] [thread 50978] [7.0] [cxt 0] Table 'ThisIngress.no_hop_lookup': miss
[15:47:07.614] [bmv2] [D] [thread 50978] [7.0] [cxt 0] Action entry is NoAction - 
[15:47:07.614] [bmv2] [T] [thread 50978] [7.0] [cxt 0] Action NoAction
[15:47:07.614] [bmv2] [T] [thread 50978] [7.0] [cxt 0] ../../P4_code/compare_dht_forward.p4(251) Condition "hdr.dht.message_type==3 || hdr.dht.message_type==2" (node_9) is false
[15:47:07.614] [bmv2] [D] [thread 50978] [7.0] [cxt 0] Pipeline 'ingress': end
[15:47:07.614] [bmv2] [D] [thread 50978] [7.0] [cxt 0] Egress port is 0
[15:47:07.614] [bmv2] [D] [thread 50979] [7.0] [cxt 0] Pipeline 'egress': start
[15:47:07.614] [bmv2] [D] [thread 50979] [7.0] [cxt 0] Pipeline 'egress': end
[15:47:07.614] [bmv2] [D] [thread 50979] [7.0] [cxt 0] Deparser 'deparser': start
[15:47:07.614] [bmv2] [T] [thread 50979] [7.0] [cxt 0] Skipping checksum 'cksum' update because condition not met
[15:47:07.614] [bmv2] [D] [thread 50979] [7.0] [cxt 0] Deparsing header 'ethernet'
[15:47:07.614] [bmv2] [D] [thread 50979] [7.0] [cxt 0] Deparsing header 'dht'
[15:47:07.614] [bmv2] [D] [thread 50979] [7.0] [cxt 0] Deparser 'deparser': end
[15:47:07.614] [bmv2] [D] [thread 50983] [7.0] [cxt 0] Transmitting packet of size 70 out of port 0
[15:47:07.869] [bmv2] [D] [thread 50978] [8.0] [cxt 0] Processing packet received on port 2
[15:47:07.869] [bmv2] [D] [thread 50978] [8.0] [cxt 0] Parser 'parser': start
[15:47:07.869] [bmv2] [D] [thread 50978] [8.0] [cxt 0] Parser 'parser' entering state 'start'
[15:47:07.869] [bmv2] [D] [thread 50978] [8.0] [cxt 0] Parser state 'start': key is 0002
[15:47:07.869] [bmv2] [T] [thread 50978] [8.0] [cxt 0] Bytes parsed: 0
[15:47:07.869] [bmv2] [D] [thread 50978] [8.0] [cxt 0] Parser 'parser' entering state 'parse_ethernet'
[15:47:07.869] [bmv2] [D] [thread 50978] [8.0] [cxt 0] Extracting header 'ethernet'
[15:47:07.869] [bmv2] [D] [thread 50978] [8.0] [cxt 0] Parser state 'parse_ethernet': key is 86dd
[15:47:07.869] [bmv2] [T] [thread 50978] [8.0] [cxt 0] Bytes parsed: 14
[15:47:07.869] [bmv2] [D] [thread 50978] [8.0] [cxt 0] Parser 'parser' entering state 'parse_dht'
[15:47:07.869] [bmv2] [D] [thread 50978] [8.0] [cxt 0] Extracting header 'dht'
[15:47:07.869] [bmv2] [D] [thread 50978] [8.0] [cxt 0] Parser state 'parse_dht' has no switch, going to default next state
[15:47:07.869] [bmv2] [T] [thread 50978] [8.0] [cxt 0] Bytes parsed: 17
[15:47:07.869] [bmv2] [T] [thread 50978] [8.0] [cxt 0] Skipping checksum 'cksum_0' verification because target field invalid
[15:47:07.869] [bmv2] [D] [thread 50978] [8.0] [cxt 0] Parser 'parser': end
[15:47:07.869] [bmv2] [D] [thread 50978] [8.0] [cxt 0] Pipeline 'ingress': start
[15:47:07.869] [bmv2] [T] [thread 50978] [8.0] [cxt 0] ../../P4_code/compare_dht_forward.p4(241) Condition "hdr.ipv4.isValid()" (node_2) is false
[15:47:07.869] [bmv2] [T] [thread 50978] [8.0] [cxt 0] ../../P4_code/compare_dht_forward.p4(244) Condition "hdr.dht.isValid()" (node_4) is true
[15:47:07.869] [bmv2] [T] [thread 50978] [8.0] [cxt 0] ../../P4_code/compare_dht_forward.p4(245) Condition "hdr.dht.message_type==0" (node_5) is false
[15:47:07.869] [bmv2] [T] [thread 50978] [8.0] [cxt 0] ../../P4_code/compare_dht_forward.p4(248) Condition "hdr.dht.message_type==1" (node_7) is true
[15:47:07.869] [bmv2] [T] [thread 50978] [8.0] [cxt 0] Applying table 'ThisIngress.no_hop_lookup'
[15:47:07.869] [bmv2] [D] [thread 50978] [8.0] [cxt 0] Looking up key:
* hdr.dht.group_id    : 00
* hdr.dht.id          : 20

[15:47:07.869] [bmv2] [D] [thread 50978] [8.0] [cxt 0] Table 'ThisIngress.no_hop_lookup': miss
[15:47:07.869] [bmv2] [D] [thread 50978] [8.0] [cxt 0] Action entry is NoAction - 
[15:47:07.869] [bmv2] [T] [thread 50978] [8.0] [cxt 0] Action NoAction
[15:47:07.869] [bmv2] [T] [thread 50978] [8.0] [cxt 0] ../../P4_code/compare_dht_forward.p4(251) Condition "hdr.dht.message_type==3 || hdr.dht.message_type==2" (node_9) is false
[15:47:07.869] [bmv2] [D] [thread 50978] [8.0] [cxt 0] Pipeline 'ingress': end
[15:47:07.869] [bmv2] [D] [thread 50978] [8.0] [cxt 0] Egress port is 0
[15:47:07.869] [bmv2] [D] [thread 50979] [8.0] [cxt 0] Pipeline 'egress': start
[15:47:07.869] [bmv2] [D] [thread 50979] [8.0] [cxt 0] Pipeline 'egress': end
[15:47:07.869] [bmv2] [D] [thread 50979] [8.0] [cxt 0] Deparser 'deparser': start
[15:47:07.869] [bmv2] [T] [thread 50979] [8.0] [cxt 0] Skipping checksum 'cksum' update because condition not met
[15:47:07.869] [bmv2] [D] [thread 50979] [8.0] [cxt 0] Deparsing header 'ethernet'
[15:47:07.869] [bmv2] [D] [thread 50979] [8.0] [cxt 0] Deparsing header 'dht'
[15:47:07.869] [bmv2] [D] [thread 50979] [8.0] [cxt 0] Deparser 'deparser': end
[15:47:07.869] [bmv2] [D] [thread 50983] [8.0] [cxt 0] Transmitting packet of size 70 out of port 0
[15:47:07.872] [bmv2] [D] [thread 50978] [9.0] [cxt 0] Processing packet received on port 1
[15:47:07.872] [bmv2] [D] [thread 50978] [9.0] [cxt 0] Parser 'parser': start
[15:47:07.872] [bmv2] [D] [thread 50978] [9.0] [cxt 0] Parser 'parser' entering state 'start'
[15:47:07.872] [bmv2] [D] [thread 50978] [9.0] [cxt 0] Parser state 'start': key is 0001
[15:47:07.872] [bmv2] [T] [thread 50978] [9.0] [cxt 0] Bytes parsed: 0
[15:47:07.872] [bmv2] [D] [thread 50978] [9.0] [cxt 0] Parser 'parser' entering state 'parse_ethernet'
[15:47:07.872] [bmv2] [D] [thread 50978] [9.0] [cxt 0] Extracting header 'ethernet'
[15:47:07.872] [bmv2] [D] [thread 50978] [9.0] [cxt 0] Parser state 'parse_ethernet': key is 86dd
[15:47:07.872] [bmv2] [T] [thread 50978] [9.0] [cxt 0] Bytes parsed: 14
[15:47:07.872] [bmv2] [D] [thread 50978] [9.0] [cxt 0] Parser 'parser' entering state 'parse_dht'
[15:47:07.872] [bmv2] [D] [thread 50978] [9.0] [cxt 0] Extracting header 'dht'
[15:47:07.872] [bmv2] [D] [thread 50978] [9.0] [cxt 0] Parser state 'parse_dht' has no switch, going to default next state
[15:47:07.872] [bmv2] [T] [thread 50978] [9.0] [cxt 0] Bytes parsed: 17
[15:47:07.872] [bmv2] [T] [thread 50978] [9.0] [cxt 0] Skipping checksum 'cksum_0' verification because target field invalid
[15:47:07.872] [bmv2] [D] [thread 50978] [9.0] [cxt 0] Parser 'parser': end
[15:47:07.872] [bmv2] [D] [thread 50978] [9.0] [cxt 0] Pipeline 'ingress': start
[15:47:07.872] [bmv2] [T] [thread 50978] [9.0] [cxt 0] ../../P4_code/compare_dht_forward.p4(241) Condition "hdr.ipv4.isValid()" (node_2) is false
[15:47:07.872] [bmv2] [T] [thread 50978] [9.0] [cxt 0] ../../P4_code/compare_dht_forward.p4(244) Condition "hdr.dht.isValid()" (node_4) is true
[15:47:07.872] [bmv2] [T] [thread 50978] [9.0] [cxt 0] ../../P4_code/compare_dht_forward.p4(245) Condition "hdr.dht.message_type==0" (node_5) is false
[15:47:07.872] [bmv2] [T] [thread 50978] [9.0] [cxt 0] ../../P4_code/compare_dht_forward.p4(248) Condition "hdr.dht.message_type==1" (node_7) is true
[15:47:07.872] [bmv2] [T] [thread 50978] [9.0] [cxt 0] Applying table 'ThisIngress.no_hop_lookup'
[15:47:07.872] [bmv2] [D] [thread 50978] [9.0] [cxt 0] Looking up key:
* hdr.dht.group_id    : 00
* hdr.dht.id          : 20

[15:47:07.872] [bmv2] [D] [thread 50978] [9.0] [cxt 0] Table 'ThisIngress.no_hop_lookup': miss
[15:47:07.872] [bmv2] [D] [thread 50978] [9.0] [cxt 0] Action entry is NoAction - 
[15:47:07.872] [bmv2] [T] [thread 50978] [9.0] [cxt 0] Action NoAction
[15:47:07.872] [bmv2] [T] [thread 50978] [9.0] [cxt 0] ../../P4_code/compare_dht_forward.p4(251) Condition "hdr.dht.message_type==3 || hdr.dht.message_type==2" (node_9) is false
[15:47:07.872] [bmv2] [D] [thread 50978] [9.0] [cxt 0] Pipeline 'ingress': end
[15:47:07.872] [bmv2] [D] [thread 50978] [9.0] [cxt 0] Egress port is 0
[15:47:07.872] [bmv2] [D] [thread 50978] [10.0] [cxt 0] Processing packet received on port 1
[15:47:07.872] [bmv2] [D] [thread 50978] [10.0] [cxt 0] Parser 'parser': start
[15:47:07.872] [bmv2] [D] [thread 50978] [10.0] [cxt 0] Parser 'parser' entering state 'start'
[15:47:07.872] [bmv2] [D] [thread 50978] [10.0] [cxt 0] Parser state 'start': key is 0001
[15:47:07.872] [bmv2] [T] [thread 50978] [10.0] [cxt 0] Bytes parsed: 0
[15:47:07.872] [bmv2] [D] [thread 50978] [10.0] [cxt 0] Parser 'parser' entering state 'parse_ethernet'
[15:47:07.872] [bmv2] [D] [thread 50978] [10.0] [cxt 0] Extracting header 'ethernet'
[15:47:07.872] [bmv2] [D] [thread 50978] [10.0] [cxt 0] Parser state 'parse_ethernet': key is 86dd
[15:47:07.872] [bmv2] [T] [thread 50978] [10.0] [cxt 0] Bytes parsed: 14
[15:47:07.872] [bmv2] [D] [thread 50978] [10.0] [cxt 0] Parser 'parser' entering state 'parse_dht'
[15:47:07.872] [bmv2] [D] [thread 50978] [10.0] [cxt 0] Extracting header 'dht'
[15:47:07.872] [bmv2] [D] [thread 50978] [10.0] [cxt 0] Parser state 'parse_dht' has no switch, going to default next state
[15:47:07.872] [bmv2] [T] [thread 50978] [10.0] [cxt 0] Bytes parsed: 17
[15:47:07.872] [bmv2] [T] [thread 50978] [10.0] [cxt 0] Skipping checksum 'cksum_0' verification because target field invalid
[15:47:07.873] [bmv2] [D] [thread 50978] [10.0] [cxt 0] Parser 'parser': end
[15:47:07.873] [bmv2] [D] [thread 50978] [10.0] [cxt 0] Pipeline 'ingress': start
[15:47:07.873] [bmv2] [T] [thread 50978] [10.0] [cxt 0] ../../P4_code/compare_dht_forward.p4(241) Condition "hdr.ipv4.isValid()" (node_2) is false
[15:47:07.873] [bmv2] [T] [thread 50978] [10.0] [cxt 0] ../../P4_code/compare_dht_forward.p4(244) Condition "hdr.dht.isValid()" (node_4) is true
[15:47:07.873] [bmv2] [T] [thread 50978] [10.0] [cxt 0] ../../P4_code/compare_dht_forward.p4(245) Condition "hdr.dht.message_type==0" (node_5) is false
[15:47:07.873] [bmv2] [T] [thread 50978] [10.0] [cxt 0] ../../P4_code/compare_dht_forward.p4(248) Condition "hdr.dht.message_type==1" (node_7) is true
[15:47:07.873] [bmv2] [T] [thread 50978] [10.0] [cxt 0] Applying table 'ThisIngress.no_hop_lookup'
[15:47:07.873] [bmv2] [D] [thread 50978] [10.0] [cxt 0] Looking up key:
* hdr.dht.group_id    : 00
* hdr.dht.id          : 20

[15:47:07.873] [bmv2] [D] [thread 50978] [10.0] [cxt 0] Table 'ThisIngress.no_hop_lookup': miss
[15:47:07.873] [bmv2] [D] [thread 50978] [10.0] [cxt 0] Action entry is NoAction - 
[15:47:07.873] [bmv2] [T] [thread 50978] [10.0] [cxt 0] Action NoAction
[15:47:07.873] [bmv2] [T] [thread 50978] [10.0] [cxt 0] ../../P4_code/compare_dht_forward.p4(251) Condition "hdr.dht.message_type==3 || hdr.dht.message_type==2" (node_9) is false
[15:47:07.873] [bmv2] [D] [thread 50978] [10.0] [cxt 0] Pipeline 'ingress': end
[15:47:07.873] [bmv2] [D] [thread 50978] [10.0] [cxt 0] Egress port is 0
[15:47:07.873] [bmv2] [D] [thread 50979] [9.0] [cxt 0] Pipeline 'egress': start
[15:47:07.873] [bmv2] [D] [thread 50979] [9.0] [cxt 0] Pipeline 'egress': end
[15:47:07.873] [bmv2] [D] [thread 50979] [9.0] [cxt 0] Deparser 'deparser': start
[15:47:07.873] [bmv2] [T] [thread 50979] [9.0] [cxt 0] Skipping checksum 'cksum' update because condition not met
[15:47:07.873] [bmv2] [D] [thread 50979] [9.0] [cxt 0] Deparsing header 'ethernet'
[15:47:07.873] [bmv2] [D] [thread 50979] [9.0] [cxt 0] Deparsing header 'dht'
[15:47:07.873] [bmv2] [D] [thread 50979] [9.0] [cxt 0] Deparser 'deparser': end
[15:47:07.873] [bmv2] [D] [thread 50979] [10.0] [cxt 0] Pipeline 'egress': start
[15:47:07.873] [bmv2] [D] [thread 50979] [10.0] [cxt 0] Pipeline 'egress': end
[15:47:07.873] [bmv2] [D] [thread 50979] [10.0] [cxt 0] Deparser 'deparser': start
[15:47:07.873] [bmv2] [T] [thread 50979] [10.0] [cxt 0] Skipping checksum 'cksum' update because condition not met
[15:47:07.873] [bmv2] [D] [thread 50979] [10.0] [cxt 0] Deparsing header 'ethernet'
[15:47:07.873] [bmv2] [D] [thread 50979] [10.0] [cxt 0] Deparsing header 'dht'
[15:47:07.873] [bmv2] [D] [thread 50979] [10.0] [cxt 0] Deparser 'deparser': end
[15:47:07.873] [bmv2] [D] [thread 50983] [9.0] [cxt 0] Transmitting packet of size 70 out of port 0
[15:47:07.873] [bmv2] [D] [thread 50983] [10.0] [cxt 0] Transmitting packet of size 70 out of port 0
[15:47:08.125] [bmv2] [D] [thread 50978] [11.0] [cxt 0] Processing packet received on port 3
[15:47:08.125] [bmv2] [D] [thread 50978] [11.0] [cxt 0] Parser 'parser': start
[15:47:08.125] [bmv2] [D] [thread 50978] [11.0] [cxt 0] Parser 'parser' entering state 'start'
[15:47:08.125] [bmv2] [D] [thread 50978] [11.0] [cxt 0] Parser state 'start': key is 0003
[15:47:08.125] [bmv2] [T] [thread 50978] [11.0] [cxt 0] Bytes parsed: 0
[15:47:08.125] [bmv2] [D] [thread 50978] [11.0] [cxt 0] Parser 'parser' entering state 'parse_ethernet'
[15:47:08.125] [bmv2] [D] [thread 50978] [11.0] [cxt 0] Extracting header 'ethernet'
[15:47:08.125] [bmv2] [D] [thread 50978] [11.0] [cxt 0] Parser state 'parse_ethernet': key is 86dd
[15:47:08.125] [bmv2] [T] [thread 50978] [11.0] [cxt 0] Bytes parsed: 14
[15:47:08.125] [bmv2] [D] [thread 50978] [11.0] [cxt 0] Parser 'parser' entering state 'parse_dht'
[15:47:08.125] [bmv2] [D] [thread 50978] [11.0] [cxt 0] Extracting header 'dht'
[15:47:08.125] [bmv2] [D] [thread 50978] [11.0] [cxt 0] Parser state 'parse_dht' has no switch, going to default next state
[15:47:08.125] [bmv2] [T] [thread 50978] [11.0] [cxt 0] Bytes parsed: 17
[15:47:08.125] [bmv2] [T] [thread 50978] [11.0] [cxt 0] Skipping checksum 'cksum_0' verification because target field invalid
[15:47:08.125] [bmv2] [D] [thread 50978] [11.0] [cxt 0] Parser 'parser': end
[15:47:08.125] [bmv2] [D] [thread 50978] [11.0] [cxt 0] Pipeline 'ingress': start
[15:47:08.125] [bmv2] [T] [thread 50978] [11.0] [cxt 0] ../../P4_code/compare_dht_forward.p4(241) Condition "hdr.ipv4.isValid()" (node_2) is false
[15:47:08.125] [bmv2] [T] [thread 50978] [11.0] [cxt 0] ../../P4_code/compare_dht_forward.p4(244) Condition "hdr.dht.isValid()" (node_4) is true
[15:47:08.125] [bmv2] [T] [thread 50978] [11.0] [cxt 0] ../../P4_code/compare_dht_forward.p4(245) Condition "hdr.dht.message_type==0" (node_5) is false
[15:47:08.125] [bmv2] [T] [thread 50978] [11.0] [cxt 0] ../../P4_code/compare_dht_forward.p4(248) Condition "hdr.dht.message_type==1" (node_7) is true
[15:47:08.125] [bmv2] [T] [thread 50978] [11.0] [cxt 0] Applying table 'ThisIngress.no_hop_lookup'
[15:47:08.125] [bmv2] [D] [thread 50978] [11.0] [cxt 0] Looking up key:
* hdr.dht.group_id    : 00
* hdr.dht.id          : 20

[15:47:08.125] [bmv2] [D] [thread 50978] [11.0] [cxt 0] Table 'ThisIngress.no_hop_lookup': miss
[15:47:08.125] [bmv2] [D] [thread 50978] [11.0] [cxt 0] Action entry is NoAction - 
[15:47:08.125] [bmv2] [T] [thread 50978] [11.0] [cxt 0] Action NoAction
[15:47:08.125] [bmv2] [T] [thread 50978] [11.0] [cxt 0] ../../P4_code/compare_dht_forward.p4(251) Condition "hdr.dht.message_type==3 || hdr.dht.message_type==2" (node_9) is false
[15:47:08.125] [bmv2] [D] [thread 50978] [11.0] [cxt 0] Pipeline 'ingress': end
[15:47:08.125] [bmv2] [D] [thread 50978] [11.0] [cxt 0] Egress port is 0
[15:47:08.125] [bmv2] [D] [thread 50979] [11.0] [cxt 0] Pipeline 'egress': start
[15:47:08.125] [bmv2] [D] [thread 50979] [11.0] [cxt 0] Pipeline 'egress': end
[15:47:08.125] [bmv2] [D] [thread 50979] [11.0] [cxt 0] Deparser 'deparser': start
[15:47:08.125] [bmv2] [T] [thread 50979] [11.0] [cxt 0] Skipping checksum 'cksum' update because condition not met
[15:47:08.125] [bmv2] [D] [thread 50979] [11.0] [cxt 0] Deparsing header 'ethernet'
[15:47:08.125] [bmv2] [D] [thread 50979] [11.0] [cxt 0] Deparsing header 'dht'
[15:47:08.125] [bmv2] [D] [thread 50979] [11.0] [cxt 0] Deparser 'deparser': end
[15:47:08.125] [bmv2] [D] [thread 50983] [11.0] [cxt 0] Transmitting packet of size 70 out of port 0
open: No such file or directory
open: No such file or directory
open: No such file or directory
open: No such file or directory
open: No such file or directory
open: No such file or directory
open: No such file or directory
open: No such file or directory
open: No such file or directory
open: No such file or directory
open: No such file or directory
open: No such file or directory
open: No such file or directory
open: No such file or directory
open: No such file or directory
open: No such file or directory
open: No such file or directory
open: No such file or directory
open: No such file or directory
open: No such file or directory
open: No such file or directory
open: No such file or directory
open: No such file or directory
