Calling target program-options parser
[16:43:14.493] [bmv2] [D] [thread 49138] Set default default entry for table 'ThisIngress.ipv4_lpm': ThisIngress.my_drop - 
[16:43:14.494] [bmv2] [D] [thread 49138] Set default default entry for table 'tbl_first_contact': ThisIngress.first_contact - 
[16:43:14.494] [bmv2] [D] [thread 49138] Set default default entry for table 'tbl_send_to_controller_simple': ThisIngress.send_to_controller_simple - 
[16:43:14.494] [bmv2] [D] [thread 49138] Set default default entry for table 'ThisIngress.no_hop_lookup': NoAction - 
[16:43:14.494] [bmv2] [D] [thread 49138] Set default default entry for table 'tbl_compare_dht_forward258': compare_dht_forward258 - 
[16:43:14.494] [bmv2] [D] [thread 49138] Set default default entry for table 'tbl_compare_dht_forward261': compare_dht_forward261 - 
[16:43:14.494] [bmv2] [D] [thread 49138] Set default default entry for table 'tbl_send_to_controller_simple_0': ThisIngress.send_to_controller_simple - 
Adding interface s_h-eth1 as port 1
[16:43:14.495] [bmv2] [D] [thread 49138] Adding interface s_h-eth1 as port 1
Adding interface s_h-eth2 as port 2
[16:43:14.531] [bmv2] [D] [thread 49138] Adding interface s_h-eth2 as port 2
Adding interface s_h-eth3 as port 3
[16:43:14.585] [bmv2] [D] [thread 49138] Adding interface s_h-eth3 as port 3
Adding interface s_h-eth4 as port 4
[16:43:14.619] [bmv2] [D] [thread 49138] Adding interface s_h-eth4 as port 4
Server listening on 0.0.0.0:50058
[16:43:14.667] [bmv2] [I] [thread 49138] Starting Thrift server on port 9097
[16:43:14.668] [bmv2] [I] [thread 49138] Thrift server was started
[16:43:14.949] [bmv2] [D] [thread 49148] [0.0] [cxt 0] Processing packet received on port 1
[16:43:14.949] [bmv2] [D] [thread 49148] [0.0] [cxt 0] Parser 'parser': start
[16:43:14.949] [bmv2] [D] [thread 49148] [0.0] [cxt 0] Parser 'parser' entering state 'start'
[16:43:14.949] [bmv2] [D] [thread 49148] [0.0] [cxt 0] Parser state 'start': key is 0001
[16:43:14.949] [bmv2] [T] [thread 49148] [0.0] [cxt 0] Bytes parsed: 0
[16:43:14.949] [bmv2] [D] [thread 49148] [0.0] [cxt 0] Parser 'parser' entering state 'parse_ethernet'
[16:43:14.949] [bmv2] [D] [thread 49148] [0.0] [cxt 0] Extracting header 'ethernet'
[16:43:14.949] [bmv2] [D] [thread 49148] [0.0] [cxt 0] Parser state 'parse_ethernet': key is 86dd
[16:43:14.949] [bmv2] [T] [thread 49148] [0.0] [cxt 0] Bytes parsed: 14
[16:43:14.949] [bmv2] [D] [thread 49148] [0.0] [cxt 0] Parser 'parser' entering state 'parse_ipv4'
[16:43:14.949] [bmv2] [D] [thread 49148] [0.0] [cxt 0] Extracting header 'ipv4'
[16:43:14.949] [bmv2] [D] [thread 49148] [0.0] [cxt 0] Parser state 'parse_ipv4': key is 80
[16:43:14.949] [bmv2] [T] [thread 49148] [0.0] [cxt 0] Bytes parsed: 34
[16:43:14.949] [bmv2] [T] [thread 49148] [0.0] [cxt 0] Skipping checksum 'cksum_0' verification because condition not met
[16:43:14.949] [bmv2] [D] [thread 49148] [0.0] [cxt 0] Parser 'parser': end
[16:43:14.949] [bmv2] [D] [thread 49148] [0.0] [cxt 0] Pipeline 'ingress': start
[16:43:14.949] [bmv2] [T] [thread 49148] [0.0] [cxt 0] ../../P4_code/compare_dht_forward.p4(243) Condition "hdr.ipv4.isValid()" (node_2) is true
[16:43:14.949] [bmv2] [T] [thread 49148] [0.0] [cxt 0] Applying table 'ThisIngress.ipv4_lpm'
[16:43:14.949] [bmv2] [D] [thread 49148] [0.0] [cxt 0] Looking up key:
* hdr.ipv4.dstAddr    : 04c81cff

[16:43:14.949] [bmv2] [D] [thread 49148] [0.0] [cxt 0] Table 'ThisIngress.ipv4_lpm': miss
[16:43:14.949] [bmv2] [D] [thread 49148] [0.0] [cxt 0] Action entry is ThisIngress.my_drop - 
[16:43:14.949] [bmv2] [T] [thread 49148] [0.0] [cxt 0] Action ThisIngress.my_drop
[16:43:14.950] [bmv2] [T] [thread 49148] [0.0] [cxt 0] ../../P4_code/compare_dht_forward.p4(172) Primitive mark_to_drop(standard_metadata)
[16:43:14.950] [bmv2] [T] [thread 49148] [0.0] [cxt 0] ../../P4_code/compare_dht_forward.p4(247) Condition "hdr.dht.isValid()" (node_4) is false
[16:43:14.950] [bmv2] [D] [thread 49148] [0.0] [cxt 0] Pipeline 'ingress': end
[16:43:14.950] [bmv2] [D] [thread 49148] [0.0] [cxt 0] Egress port is 511
[16:43:14.950] [bmv2] [D] [thread 49148] [0.0] [cxt 0] Dropping packet at the end of ingress
[16:43:14.950] [bmv2] [D] [thread 49148] [1.0] [cxt 0] Processing packet received on port 4
[16:43:14.950] [bmv2] [D] [thread 49148] [1.0] [cxt 0] Parser 'parser': start
[16:43:14.950] [bmv2] [D] [thread 49148] [1.0] [cxt 0] Parser 'parser' entering state 'start'
[16:43:14.950] [bmv2] [D] [thread 49148] [1.0] [cxt 0] Parser state 'start': key is 0004
[16:43:14.950] [bmv2] [T] [thread 49148] [1.0] [cxt 0] Bytes parsed: 0
[16:43:14.950] [bmv2] [D] [thread 49148] [1.0] [cxt 0] Parser 'parser' entering state 'parse_ethernet'
[16:43:14.950] [bmv2] [D] [thread 49148] [1.0] [cxt 0] Extracting header 'ethernet'
[16:43:14.950] [bmv2] [D] [thread 49148] [1.0] [cxt 0] Parser state 'parse_ethernet': key is 86dd
[16:43:14.950] [bmv2] [T] [thread 49148] [1.0] [cxt 0] Bytes parsed: 14
[16:43:14.950] [bmv2] [D] [thread 49148] [1.0] [cxt 0] Parser 'parser' entering state 'parse_ipv4'
[16:43:14.950] [bmv2] [D] [thread 49148] [1.0] [cxt 0] Extracting header 'ipv4'
[16:43:14.950] [bmv2] [D] [thread 49148] [1.0] [cxt 0] Parser state 'parse_ipv4': key is 80
[16:43:14.950] [bmv2] [T] [thread 49148] [1.0] [cxt 0] Bytes parsed: 34
[16:43:14.950] [bmv2] [T] [thread 49148] [1.0] [cxt 0] Skipping checksum 'cksum_0' verification because condition not met
[16:43:14.950] [bmv2] [D] [thread 49148] [1.0] [cxt 0] Parser 'parser': end
[16:43:14.950] [bmv2] [D] [thread 49148] [1.0] [cxt 0] Pipeline 'ingress': start
[16:43:14.950] [bmv2] [T] [thread 49148] [1.0] [cxt 0] ../../P4_code/compare_dht_forward.p4(243) Condition "hdr.ipv4.isValid()" (node_2) is true
[16:43:14.950] [bmv2] [T] [thread 49148] [1.0] [cxt 0] Applying table 'ThisIngress.ipv4_lpm'
[16:43:14.950] [bmv2] [D] [thread 49148] [1.0] [cxt 0] Looking up key:
* hdr.ipv4.dstAddr    : 687c6cff

[16:43:14.950] [bmv2] [D] [thread 49148] [1.0] [cxt 0] Table 'ThisIngress.ipv4_lpm': miss
[16:43:14.950] [bmv2] [D] [thread 49148] [1.0] [cxt 0] Action entry is ThisIngress.my_drop - 
[16:43:14.950] [bmv2] [T] [thread 49148] [1.0] [cxt 0] Action ThisIngress.my_drop
[16:43:14.950] [bmv2] [T] [thread 49148] [1.0] [cxt 0] ../../P4_code/compare_dht_forward.p4(172) Primitive mark_to_drop(standard_metadata)
[16:43:14.950] [bmv2] [T] [thread 49148] [1.0] [cxt 0] ../../P4_code/compare_dht_forward.p4(247) Condition "hdr.dht.isValid()" (node_4) is false
[16:43:14.950] [bmv2] [D] [thread 49148] [1.0] [cxt 0] Pipeline 'ingress': end
[16:43:14.950] [bmv2] [D] [thread 49148] [1.0] [cxt 0] Egress port is 511
[16:43:14.950] [bmv2] [D] [thread 49148] [1.0] [cxt 0] Dropping packet at the end of ingress
[16:43:15.206] [bmv2] [D] [thread 49148] [2.0] [cxt 0] Processing packet received on port 1
[16:43:15.206] [bmv2] [D] [thread 49148] [2.0] [cxt 0] Parser 'parser': start
[16:43:15.206] [bmv2] [D] [thread 49148] [2.0] [cxt 0] Parser 'parser' entering state 'start'
[16:43:15.206] [bmv2] [D] [thread 49148] [2.0] [cxt 0] Parser state 'start': key is 0001
[16:43:15.206] [bmv2] [T] [thread 49148] [2.0] [cxt 0] Bytes parsed: 0
[16:43:15.206] [bmv2] [D] [thread 49148] [2.0] [cxt 0] Parser 'parser' entering state 'parse_ethernet'
[16:43:15.206] [bmv2] [D] [thread 49148] [2.0] [cxt 0] Extracting header 'ethernet'
[16:43:15.206] [bmv2] [D] [thread 49148] [2.0] [cxt 0] Parser state 'parse_ethernet': key is 86dd
[16:43:15.206] [bmv2] [T] [thread 49148] [2.0] [cxt 0] Bytes parsed: 14
[16:43:15.206] [bmv2] [D] [thread 49148] [2.0] [cxt 0] Parser 'parser' entering state 'parse_ipv4'
[16:43:15.206] [bmv2] [D] [thread 49148] [2.0] [cxt 0] Extracting header 'ipv4'
[16:43:15.206] [bmv2] [D] [thread 49148] [2.0] [cxt 0] Parser state 'parse_ipv4': key is 80
[16:43:15.206] [bmv2] [T] [thread 49148] [2.0] [cxt 0] Bytes parsed: 34
[16:43:15.206] [bmv2] [T] [thread 49148] [2.0] [cxt 0] Skipping checksum 'cksum_0' verification because condition not met
[16:43:15.206] [bmv2] [D] [thread 49148] [2.0] [cxt 0] Parser 'parser': end
[16:43:15.206] [bmv2] [D] [thread 49148] [2.0] [cxt 0] Pipeline 'ingress': start
[16:43:15.206] [bmv2] [T] [thread 49148] [2.0] [cxt 0] ../../P4_code/compare_dht_forward.p4(243) Condition "hdr.ipv4.isValid()" (node_2) is true
[16:43:15.206] [bmv2] [T] [thread 49148] [2.0] [cxt 0] Applying table 'ThisIngress.ipv4_lpm'
[16:43:15.206] [bmv2] [D] [thread 49148] [2.0] [cxt 0] Looking up key:
* hdr.ipv4.dstAddr    : e05c21ff

[16:43:15.206] [bmv2] [D] [thread 49148] [2.0] [cxt 0] Table 'ThisIngress.ipv4_lpm': miss
[16:43:15.206] [bmv2] [D] [thread 49148] [2.0] [cxt 0] Action entry is ThisIngress.my_drop - 
[16:43:15.206] [bmv2] [T] [thread 49148] [2.0] [cxt 0] Action ThisIngress.my_drop
[16:43:15.206] [bmv2] [T] [thread 49148] [2.0] [cxt 0] ../../P4_code/compare_dht_forward.p4(172) Primitive mark_to_drop(standard_metadata)
[16:43:15.206] [bmv2] [T] [thread 49148] [2.0] [cxt 0] ../../P4_code/compare_dht_forward.p4(247) Condition "hdr.dht.isValid()" (node_4) is false
[16:43:15.206] [bmv2] [D] [thread 49148] [2.0] [cxt 0] Pipeline 'ingress': end
[16:43:15.206] [bmv2] [D] [thread 49148] [2.0] [cxt 0] Egress port is 511
[16:43:15.206] [bmv2] [D] [thread 49148] [2.0] [cxt 0] Dropping packet at the end of ingress
[16:43:15.206] [bmv2] [D] [thread 49148] [3.0] [cxt 0] Processing packet received on port 2
[16:43:15.206] [bmv2] [D] [thread 49148] [3.0] [cxt 0] Parser 'parser': start
[16:43:15.206] [bmv2] [D] [thread 49148] [3.0] [cxt 0] Parser 'parser' entering state 'start'
[16:43:15.206] [bmv2] [D] [thread 49148] [3.0] [cxt 0] Parser state 'start': key is 0002
[16:43:15.206] [bmv2] [T] [thread 49148] [3.0] [cxt 0] Bytes parsed: 0
[16:43:15.206] [bmv2] [D] [thread 49148] [3.0] [cxt 0] Parser 'parser' entering state 'parse_ethernet'
[16:43:15.206] [bmv2] [D] [thread 49148] [3.0] [cxt 0] Extracting header 'ethernet'
[16:43:15.206] [bmv2] [D] [thread 49148] [3.0] [cxt 0] Parser state 'parse_ethernet': key is 86dd
[16:43:15.206] [bmv2] [T] [thread 49148] [3.0] [cxt 0] Bytes parsed: 14
[16:43:15.206] [bmv2] [D] [thread 49148] [3.0] [cxt 0] Parser 'parser' entering state 'parse_ipv4'
[16:43:15.206] [bmv2] [D] [thread 49148] [3.0] [cxt 0] Extracting header 'ipv4'
[16:43:15.206] [bmv2] [D] [thread 49148] [3.0] [cxt 0] Parser state 'parse_ipv4': key is 80
[16:43:15.206] [bmv2] [T] [thread 49148] [3.0] [cxt 0] Bytes parsed: 34
[16:43:15.206] [bmv2] [T] [thread 49148] [3.0] [cxt 0] Skipping checksum 'cksum_0' verification because condition not met
[16:43:15.206] [bmv2] [D] [thread 49148] [3.0] [cxt 0] Parser 'parser': end
[16:43:15.206] [bmv2] [D] [thread 49148] [3.0] [cxt 0] Pipeline 'ingress': start
[16:43:15.206] [bmv2] [T] [thread 49148] [3.0] [cxt 0] ../../P4_code/compare_dht_forward.p4(243) Condition "hdr.ipv4.isValid()" (node_2) is true
[16:43:15.206] [bmv2] [T] [thread 49148] [3.0] [cxt 0] Applying table 'ThisIngress.ipv4_lpm'
[16:43:15.206] [bmv2] [D] [thread 49148] [3.0] [cxt 0] Looking up key:
* hdr.ipv4.dstAddr    : 04035bff

[16:43:15.206] [bmv2] [D] [thread 49148] [3.0] [cxt 0] Table 'ThisIngress.ipv4_lpm': miss
[16:43:15.206] [bmv2] [D] [thread 49148] [3.0] [cxt 0] Action entry is ThisIngress.my_drop - 
[16:43:15.206] [bmv2] [T] [thread 49148] [3.0] [cxt 0] Action ThisIngress.my_drop
[16:43:15.206] [bmv2] [T] [thread 49148] [3.0] [cxt 0] ../../P4_code/compare_dht_forward.p4(172) Primitive mark_to_drop(standard_metadata)
[16:43:15.206] [bmv2] [T] [thread 49148] [3.0] [cxt 0] ../../P4_code/compare_dht_forward.p4(247) Condition "hdr.dht.isValid()" (node_4) is false
[16:43:15.206] [bmv2] [D] [thread 49148] [3.0] [cxt 0] Pipeline 'ingress': end
[16:43:15.206] [bmv2] [D] [thread 49148] [3.0] [cxt 0] Egress port is 511
[16:43:15.206] [bmv2] [D] [thread 49148] [3.0] [cxt 0] Dropping packet at the end of ingress
[16:43:15.206] [bmv2] [D] [thread 49148] [4.0] [cxt 0] Processing packet received on port 2
[16:43:15.206] [bmv2] [D] [thread 49148] [4.0] [cxt 0] Parser 'parser': start
[16:43:15.206] [bmv2] [D] [thread 49148] [4.0] [cxt 0] Parser 'parser' entering state 'start'
[16:43:15.206] [bmv2] [D] [thread 49148] [4.0] [cxt 0] Parser state 'start': key is 0002
[16:43:15.206] [bmv2] [T] [thread 49148] [4.0] [cxt 0] Bytes parsed: 0
[16:43:15.206] [bmv2] [D] [thread 49148] [4.0] [cxt 0] Parser 'parser' entering state 'parse_ethernet'
[16:43:15.206] [bmv2] [D] [thread 49148] [4.0] [cxt 0] Extracting header 'ethernet'
[16:43:15.206] [bmv2] [D] [thread 49148] [4.0] [cxt 0] Parser state 'parse_ethernet': key is 86dd
[16:43:15.206] [bmv2] [T] [thread 49148] [4.0] [cxt 0] Bytes parsed: 14
[16:43:15.206] [bmv2] [D] [thread 49148] [4.0] [cxt 0] Parser 'parser' entering state 'parse_ipv4'
[16:43:15.206] [bmv2] [D] [thread 49148] [4.0] [cxt 0] Extracting header 'ipv4'
[16:43:15.206] [bmv2] [D] [thread 49148] [4.0] [cxt 0] Parser state 'parse_ipv4': key is 80
[16:43:15.206] [bmv2] [T] [thread 49148] [4.0] [cxt 0] Bytes parsed: 34
[16:43:15.206] [bmv2] [T] [thread 49148] [4.0] [cxt 0] Skipping checksum 'cksum_0' verification because condition not met
[16:43:15.206] [bmv2] [D] [thread 49148] [4.0] [cxt 0] Parser 'parser': end
[16:43:15.206] [bmv2] [D] [thread 49148] [4.0] [cxt 0] Pipeline 'ingress': start
[16:43:15.206] [bmv2] [T] [thread 49148] [4.0] [cxt 0] ../../P4_code/compare_dht_forward.p4(243) Condition "hdr.ipv4.isValid()" (node_2) is true
[16:43:15.206] [bmv2] [T] [thread 49148] [4.0] [cxt 0] Applying table 'ThisIngress.ipv4_lpm'
[16:43:15.206] [bmv2] [D] [thread 49148] [4.0] [cxt 0] Looking up key:
* hdr.ipv4.dstAddr    : c8f8f8ff

[16:43:15.206] [bmv2] [D] [thread 49148] [4.0] [cxt 0] Table 'ThisIngress.ipv4_lpm': miss
[16:43:15.206] [bmv2] [D] [thread 49148] [4.0] [cxt 0] Action entry is ThisIngress.my_drop - 
[16:43:15.206] [bmv2] [T] [thread 49148] [4.0] [cxt 0] Action ThisIngress.my_drop
[16:43:15.206] [bmv2] [T] [thread 49148] [4.0] [cxt 0] ../../P4_code/compare_dht_forward.p4(172) Primitive mark_to_drop(standard_metadata)
[16:43:15.206] [bmv2] [T] [thread 49148] [4.0] [cxt 0] ../../P4_code/compare_dht_forward.p4(247) Condition "hdr.dht.isValid()" (node_4) is false
[16:43:15.206] [bmv2] [D] [thread 49148] [4.0] [cxt 0] Pipeline 'ingress': end
[16:43:15.206] [bmv2] [D] [thread 49148] [4.0] [cxt 0] Egress port is 511
[16:43:15.206] [bmv2] [D] [thread 49148] [4.0] [cxt 0] Dropping packet at the end of ingress
[16:43:17.419] [bmv2] [W] [thread 49256] [P4Runtime] p4::tmp::P4DeviceConfig is deprecated
[16:43:17.423] [bmv2] [D] [thread 49256] Set default default entry for table 'ThisIngress.ipv4_lpm': ThisIngress.my_drop - 
[16:43:17.430] [bmv2] [D] [thread 49256] Set default default entry for table 'tbl_first_contact': ThisIngress.first_contact - 
[16:43:17.430] [bmv2] [D] [thread 49256] Set default default entry for table 'tbl_send_to_controller_simple': ThisIngress.send_to_controller_simple - 
[16:43:17.430] [bmv2] [D] [thread 49256] Set default default entry for table 'ThisIngress.no_hop_lookup': NoAction - 
[16:43:17.430] [bmv2] [D] [thread 49256] Set default default entry for table 'tbl_compare_dht_forward258': compare_dht_forward258 - 
[16:43:17.430] [bmv2] [D] [thread 49256] Set default default entry for table 'tbl_compare_dht_forward261': compare_dht_forward261 - 
[16:43:17.430] [bmv2] [D] [thread 49256] Set default default entry for table 'tbl_send_to_controller_simple_0': ThisIngress.send_to_controller_simple - 
[16:43:17.439] [bmv2] [D] [thread 49256] simple_switch target has been notified of a config swap
[16:43:17.454] [bmv2] [D] [thread 49257] Entry 0 added to table 'ThisIngress.no_hop_lookup'
[16:43:17.454] [bmv2] [D] [thread 49257] Dumping entry 0
Match key:
* hdr.dht.group_id    : EXACT     01
* hdr.dht.id          : RANGE     0f -> 12
Priority: 2147483646
Action entry: ThisIngress.no_hop_forward - 3,

[16:43:17.457] [bmv2] [D] [thread 49256] Entry 1 added to table 'ThisIngress.no_hop_lookup'
[16:43:17.457] [bmv2] [D] [thread 49256] Dumping entry 1
Match key:
* hdr.dht.group_id    : EXACT     01
* hdr.dht.id          : RANGE     12 -> 14
Priority: 2147483646
Action entry: ThisIngress.no_hop_forward - 4,

[16:43:17.459] [bmv2] [D] [thread 49257] Entry 2 added to table 'ThisIngress.no_hop_lookup'
[16:43:17.459] [bmv2] [D] [thread 49257] Dumping entry 2
Match key:
* hdr.dht.group_id    : EXACT     01
* hdr.dht.id          : RANGE     00 -> 21
Priority: 2147483646
Action entry: ThisIngress.no_hop_forward - 2,

[16:43:17.461] [bmv2] [D] [thread 49256] Entry 0 added to table 'ThisIngress.ipv4_lpm'
[16:43:17.461] [bmv2] [D] [thread 49256] Dumping entry 0
Match key:
* hdr.ipv4.dstAddr    : LPM       0a000202/32
Action entry: ThisIngress.ipv4_forward - 80000000133,1,

[16:43:17.463] [bmv2] [D] [thread 49257] Entry 1 added to table 'ThisIngress.ipv4_lpm'
[16:43:17.463] [bmv2] [D] [thread 49257] Dumping entry 1
Match key:
* hdr.ipv4.dstAddr    : LPM       0a000303/32
Action entry: ThisIngress.ipv4_forward - 80000000133,1,

[16:43:17.466] [bmv2] [D] [thread 49256] Entry 2 added to table 'ThisIngress.ipv4_lpm'
[16:43:17.466] [bmv2] [D] [thread 49256] Dumping entry 2
Match key:
* hdr.ipv4.dstAddr    : LPM       0a000404/32
Action entry: ThisIngress.ipv4_forward - 80000000133,1,

[16:43:17.469] [bmv2] [D] [thread 49257] Entry 3 added to table 'ThisIngress.ipv4_lpm'
[16:43:17.469] [bmv2] [D] [thread 49257] Dumping entry 3
Match key:
* hdr.ipv4.dstAddr    : LPM       0a000505/32
Action entry: ThisIngress.ipv4_forward - 80000000133,1,

[16:43:17.471] [bmv2] [D] [thread 49256] Entry 4 added to table 'ThisIngress.ipv4_lpm'
[16:43:17.471] [bmv2] [D] [thread 49256] Dumping entry 4
Match key:
* hdr.ipv4.dstAddr    : LPM       0a000606/32
Action entry: ThisIngress.ipv4_forward - 80000000666,3,

[16:43:17.474] [bmv2] [D] [thread 49257] Entry 5 added to table 'ThisIngress.ipv4_lpm'
[16:43:17.474] [bmv2] [D] [thread 49257] Dumping entry 5
Match key:
* hdr.ipv4.dstAddr    : LPM       0a000707/32
Action entry: ThisIngress.ipv4_forward - 80000000777,4,

[16:43:17.479] [bmv2] [D] [thread 49256] Entry 6 added to table 'ThisIngress.ipv4_lpm'
[16:43:17.479] [bmv2] [D] [thread 49256] Dumping entry 6
Match key:
* hdr.ipv4.dstAddr    : LPM       0a000808/32
Action entry: ThisIngress.ipv4_forward - 80000000133,1,

[16:43:17.483] [bmv2] [D] [thread 49257] Entry 7 added to table 'ThisIngress.ipv4_lpm'
[16:43:17.484] [bmv2] [D] [thread 49257] Dumping entry 7
Match key:
* hdr.ipv4.dstAddr    : LPM       0a000909/32
Action entry: ThisIngress.ipv4_forward - 80000000133,1,

[16:43:17.486] [bmv2] [D] [thread 49256] Entry 8 added to table 'ThisIngress.ipv4_lpm'
[16:43:17.486] [bmv2] [D] [thread 49256] Dumping entry 8
Match key:
* hdr.ipv4.dstAddr    : LPM       0a000101/32
Action entry: ThisIngress.ipv4_forward - 80000000133,1,

[16:43:21.607] [bmv2] [D] [thread 49148] [5.0] [cxt 0] Processing packet received on port 3
[16:43:21.607] [bmv2] [D] [thread 49148] [5.0] [cxt 0] Parser 'parser': start
[16:43:21.607] [bmv2] [D] [thread 49148] [5.0] [cxt 0] Parser 'parser' entering state 'start'
[16:43:21.607] [bmv2] [D] [thread 49148] [5.0] [cxt 0] Parser state 'start': key is 0003
[16:43:21.607] [bmv2] [T] [thread 49148] [5.0] [cxt 0] Bytes parsed: 0
[16:43:21.607] [bmv2] [D] [thread 49148] [5.0] [cxt 0] Parser 'parser' entering state 'parse_ethernet'
[16:43:21.607] [bmv2] [D] [thread 49148] [5.0] [cxt 0] Extracting header 'ethernet'
[16:43:21.607] [bmv2] [D] [thread 49148] [5.0] [cxt 0] Parser state 'parse_ethernet': key is 86dd
[16:43:21.607] [bmv2] [T] [thread 49148] [5.0] [cxt 0] Bytes parsed: 14
[16:43:21.607] [bmv2] [D] [thread 49148] [5.0] [cxt 0] Parser 'parser' entering state 'parse_ipv4'
[16:43:21.607] [bmv2] [D] [thread 49148] [5.0] [cxt 0] Extracting header 'ipv4'
[16:43:21.607] [bmv2] [D] [thread 49148] [5.0] [cxt 0] Parser state 'parse_ipv4': key is 80
[16:43:21.607] [bmv2] [T] [thread 49148] [5.0] [cxt 0] Bytes parsed: 34
[16:43:21.607] [bmv2] [T] [thread 49148] [5.0] [cxt 0] Skipping checksum 'cksum_0' verification because condition not met
[16:43:21.607] [bmv2] [D] [thread 49148] [5.0] [cxt 0] Parser 'parser': end
[16:43:21.607] [bmv2] [D] [thread 49148] [5.0] [cxt 0] Pipeline 'ingress': start
[16:43:21.607] [bmv2] [T] [thread 49148] [5.0] [cxt 0] ../../P4_code/compare_dht_forward.p4(243) Condition "hdr.ipv4.isValid()" (node_2) is true
[16:43:21.607] [bmv2] [T] [thread 49148] [5.0] [cxt 0] Applying table 'ThisIngress.ipv4_lpm'
[16:43:21.607] [bmv2] [D] [thread 49148] [5.0] [cxt 0] Looking up key:
* hdr.ipv4.dstAddr    : 1486b4ff

[16:43:21.607] [bmv2] [D] [thread 49148] [5.0] [cxt 0] Table 'ThisIngress.ipv4_lpm': miss
[16:43:21.607] [bmv2] [D] [thread 49148] [5.0] [cxt 0] Action entry is ThisIngress.my_drop - 
[16:43:21.607] [bmv2] [T] [thread 49148] [5.0] [cxt 0] Action ThisIngress.my_drop
[16:43:21.607] [bmv2] [T] [thread 49148] [5.0] [cxt 0] ../../P4_code/compare_dht_forward.p4(172) Primitive mark_to_drop(standard_metadata)
[16:43:21.607] [bmv2] [T] [thread 49148] [5.0] [cxt 0] ../../P4_code/compare_dht_forward.p4(247) Condition "hdr.dht.isValid()" (node_4) is false
[16:43:21.607] [bmv2] [D] [thread 49148] [5.0] [cxt 0] Pipeline 'ingress': end
[16:43:21.607] [bmv2] [D] [thread 49148] [5.0] [cxt 0] Egress port is 511
[16:43:21.607] [bmv2] [D] [thread 49148] [5.0] [cxt 0] Dropping packet at the end of ingress
[16:43:22.883] [bmv2] [D] [thread 49148] [6.0] [cxt 0] Processing packet received on port 1
[16:43:22.883] [bmv2] [D] [thread 49148] [6.0] [cxt 0] Parser 'parser': start
[16:43:22.883] [bmv2] [D] [thread 49148] [6.0] [cxt 0] Parser 'parser' entering state 'start'
[16:43:22.883] [bmv2] [D] [thread 49148] [6.0] [cxt 0] Parser state 'start': key is 0001
[16:43:22.883] [bmv2] [T] [thread 49148] [6.0] [cxt 0] Bytes parsed: 0
[16:43:22.883] [bmv2] [D] [thread 49148] [6.0] [cxt 0] Parser 'parser' entering state 'parse_ethernet'
[16:43:22.883] [bmv2] [D] [thread 49148] [6.0] [cxt 0] Extracting header 'ethernet'
[16:43:22.883] [bmv2] [D] [thread 49148] [6.0] [cxt 0] Parser state 'parse_ethernet': key is 86dd
[16:43:22.883] [bmv2] [T] [thread 49148] [6.0] [cxt 0] Bytes parsed: 14
[16:43:22.883] [bmv2] [D] [thread 49148] [6.0] [cxt 0] Parser 'parser' entering state 'parse_ipv4'
[16:43:22.883] [bmv2] [D] [thread 49148] [6.0] [cxt 0] Extracting header 'ipv4'
[16:43:22.883] [bmv2] [D] [thread 49148] [6.0] [cxt 0] Parser state 'parse_ipv4': key is 80
[16:43:22.883] [bmv2] [T] [thread 49148] [6.0] [cxt 0] Bytes parsed: 34
[16:43:22.883] [bmv2] [T] [thread 49148] [6.0] [cxt 0] Skipping checksum 'cksum_0' verification because condition not met
[16:43:22.883] [bmv2] [D] [thread 49148] [6.0] [cxt 0] Parser 'parser': end
[16:43:22.883] [bmv2] [D] [thread 49148] [6.0] [cxt 0] Pipeline 'ingress': start
[16:43:22.883] [bmv2] [T] [thread 49148] [6.0] [cxt 0] ../../P4_code/compare_dht_forward.p4(243) Condition "hdr.ipv4.isValid()" (node_2) is true
[16:43:22.883] [bmv2] [T] [thread 49148] [6.0] [cxt 0] Applying table 'ThisIngress.ipv4_lpm'
[16:43:22.883] [bmv2] [D] [thread 49148] [6.0] [cxt 0] Looking up key:
* hdr.ipv4.dstAddr    : 04c81cff

[16:43:22.883] [bmv2] [D] [thread 49148] [6.0] [cxt 0] Table 'ThisIngress.ipv4_lpm': miss
[16:43:22.883] [bmv2] [D] [thread 49148] [6.0] [cxt 0] Action entry is ThisIngress.my_drop - 
[16:43:22.883] [bmv2] [T] [thread 49148] [6.0] [cxt 0] Action ThisIngress.my_drop
[16:43:22.883] [bmv2] [T] [thread 49148] [6.0] [cxt 0] ../../P4_code/compare_dht_forward.p4(172) Primitive mark_to_drop(standard_metadata)
[16:43:22.883] [bmv2] [T] [thread 49148] [6.0] [cxt 0] ../../P4_code/compare_dht_forward.p4(247) Condition "hdr.dht.isValid()" (node_4) is false
[16:43:22.883] [bmv2] [D] [thread 49148] [6.0] [cxt 0] Pipeline 'ingress': end
[16:43:22.883] [bmv2] [D] [thread 49148] [6.0] [cxt 0] Egress port is 511
[16:43:22.883] [bmv2] [D] [thread 49148] [6.0] [cxt 0] Dropping packet at the end of ingress
[16:43:23.142] [bmv2] [D] [thread 49148] [7.0] [cxt 0] Processing packet received on port 1
[16:43:23.142] [bmv2] [D] [thread 49148] [7.0] [cxt 0] Parser 'parser': start
[16:43:23.142] [bmv2] [D] [thread 49148] [7.0] [cxt 0] Parser 'parser' entering state 'start'
[16:43:23.142] [bmv2] [D] [thread 49148] [7.0] [cxt 0] Parser state 'start': key is 0001
[16:43:23.142] [bmv2] [T] [thread 49148] [7.0] [cxt 0] Bytes parsed: 0
[16:43:23.142] [bmv2] [D] [thread 49148] [7.0] [cxt 0] Parser 'parser' entering state 'parse_ethernet'
[16:43:23.142] [bmv2] [D] [thread 49148] [7.0] [cxt 0] Extracting header 'ethernet'
[16:43:23.142] [bmv2] [D] [thread 49148] [7.0] [cxt 0] Parser state 'parse_ethernet': key is 86dd
[16:43:23.142] [bmv2] [T] [thread 49148] [7.0] [cxt 0] Bytes parsed: 14
[16:43:23.142] [bmv2] [D] [thread 49148] [7.0] [cxt 0] Parser 'parser' entering state 'parse_ipv4'
[16:43:23.142] [bmv2] [D] [thread 49148] [7.0] [cxt 0] Extracting header 'ipv4'
[16:43:23.142] [bmv2] [D] [thread 49148] [7.0] [cxt 0] Parser state 'parse_ipv4': key is 80
[16:43:23.142] [bmv2] [T] [thread 49148] [7.0] [cxt 0] Bytes parsed: 34
[16:43:23.142] [bmv2] [T] [thread 49148] [7.0] [cxt 0] Skipping checksum 'cksum_0' verification because condition not met
[16:43:23.142] [bmv2] [D] [thread 49148] [7.0] [cxt 0] Parser 'parser': end
[16:43:23.142] [bmv2] [D] [thread 49148] [7.0] [cxt 0] Pipeline 'ingress': start
[16:43:23.142] [bmv2] [T] [thread 49148] [7.0] [cxt 0] ../../P4_code/compare_dht_forward.p4(243) Condition "hdr.ipv4.isValid()" (node_2) is true
[16:43:23.142] [bmv2] [T] [thread 49148] [7.0] [cxt 0] Applying table 'ThisIngress.ipv4_lpm'
[16:43:23.142] [bmv2] [D] [thread 49148] [7.0] [cxt 0] Looking up key:
* hdr.ipv4.dstAddr    : e05c21ff

[16:43:23.142] [bmv2] [D] [thread 49148] [7.0] [cxt 0] Table 'ThisIngress.ipv4_lpm': miss
[16:43:23.142] [bmv2] [D] [thread 49148] [7.0] [cxt 0] Action entry is ThisIngress.my_drop - 
[16:43:23.142] [bmv2] [T] [thread 49148] [7.0] [cxt 0] Action ThisIngress.my_drop
[16:43:23.142] [bmv2] [T] [thread 49148] [7.0] [cxt 0] ../../P4_code/compare_dht_forward.p4(172) Primitive mark_to_drop(standard_metadata)
[16:43:23.142] [bmv2] [T] [thread 49148] [7.0] [cxt 0] ../../P4_code/compare_dht_forward.p4(247) Condition "hdr.dht.isValid()" (node_4) is false
[16:43:23.142] [bmv2] [D] [thread 49148] [7.0] [cxt 0] Pipeline 'ingress': end
[16:43:23.142] [bmv2] [D] [thread 49148] [7.0] [cxt 0] Egress port is 511
[16:43:23.142] [bmv2] [D] [thread 49148] [7.0] [cxt 0] Dropping packet at the end of ingress
[16:43:23.397] [bmv2] [D] [thread 49148] [8.0] [cxt 0] Processing packet received on port 2
[16:43:23.397] [bmv2] [D] [thread 49148] [8.0] [cxt 0] Parser 'parser': start
[16:43:23.397] [bmv2] [D] [thread 49148] [8.0] [cxt 0] Parser 'parser' entering state 'start'
[16:43:23.397] [bmv2] [D] [thread 49148] [8.0] [cxt 0] Parser state 'start': key is 0002
[16:43:23.397] [bmv2] [T] [thread 49148] [8.0] [cxt 0] Bytes parsed: 0
[16:43:23.397] [bmv2] [D] [thread 49148] [8.0] [cxt 0] Parser 'parser' entering state 'parse_ethernet'
[16:43:23.397] [bmv2] [D] [thread 49148] [8.0] [cxt 0] Extracting header 'ethernet'
[16:43:23.397] [bmv2] [D] [thread 49148] [8.0] [cxt 0] Parser state 'parse_ethernet': key is 86dd
[16:43:23.397] [bmv2] [T] [thread 49148] [8.0] [cxt 0] Bytes parsed: 14
[16:43:23.397] [bmv2] [D] [thread 49148] [8.0] [cxt 0] Parser 'parser' entering state 'parse_ipv4'
[16:43:23.397] [bmv2] [D] [thread 49148] [8.0] [cxt 0] Extracting header 'ipv4'
[16:43:23.397] [bmv2] [D] [thread 49148] [8.0] [cxt 0] Parser state 'parse_ipv4': key is 80
[16:43:23.397] [bmv2] [T] [thread 49148] [8.0] [cxt 0] Bytes parsed: 34
[16:43:23.397] [bmv2] [T] [thread 49148] [8.0] [cxt 0] Skipping checksum 'cksum_0' verification because condition not met
[16:43:23.397] [bmv2] [D] [thread 49148] [8.0] [cxt 0] Parser 'parser': end
[16:43:23.397] [bmv2] [D] [thread 49148] [8.0] [cxt 0] Pipeline 'ingress': start
[16:43:23.397] [bmv2] [T] [thread 49148] [8.0] [cxt 0] ../../P4_code/compare_dht_forward.p4(243) Condition "hdr.ipv4.isValid()" (node_2) is true
[16:43:23.397] [bmv2] [T] [thread 49148] [8.0] [cxt 0] Applying table 'ThisIngress.ipv4_lpm'
[16:43:23.397] [bmv2] [D] [thread 49148] [8.0] [cxt 0] Looking up key:
* hdr.ipv4.dstAddr    : 04035bff

[16:43:23.397] [bmv2] [D] [thread 49148] [8.0] [cxt 0] Table 'ThisIngress.ipv4_lpm': miss
[16:43:23.397] [bmv2] [D] [thread 49148] [8.0] [cxt 0] Action entry is ThisIngress.my_drop - 
[16:43:23.397] [bmv2] [T] [thread 49148] [8.0] [cxt 0] Action ThisIngress.my_drop
[16:43:23.397] [bmv2] [T] [thread 49148] [8.0] [cxt 0] ../../P4_code/compare_dht_forward.p4(172) Primitive mark_to_drop(standard_metadata)
[16:43:23.397] [bmv2] [T] [thread 49148] [8.0] [cxt 0] ../../P4_code/compare_dht_forward.p4(247) Condition "hdr.dht.isValid()" (node_4) is false
[16:43:23.397] [bmv2] [D] [thread 49148] [8.0] [cxt 0] Pipeline 'ingress': end
[16:43:23.397] [bmv2] [D] [thread 49148] [8.0] [cxt 0] Egress port is 511
[16:43:23.397] [bmv2] [D] [thread 49148] [8.0] [cxt 0] Dropping packet at the end of ingress
[16:43:23.651] [bmv2] [D] [thread 49148] [9.0] [cxt 0] Processing packet received on port 2
[16:43:23.651] [bmv2] [D] [thread 49148] [9.0] [cxt 0] Parser 'parser': start
[16:43:23.651] [bmv2] [D] [thread 49148] [9.0] [cxt 0] Parser 'parser' entering state 'start'
[16:43:23.651] [bmv2] [D] [thread 49148] [9.0] [cxt 0] Parser state 'start': key is 0002
[16:43:23.651] [bmv2] [T] [thread 49148] [9.0] [cxt 0] Bytes parsed: 0
[16:43:23.651] [bmv2] [D] [thread 49148] [9.0] [cxt 0] Parser 'parser' entering state 'parse_ethernet'
[16:43:23.651] [bmv2] [D] [thread 49148] [9.0] [cxt 0] Extracting header 'ethernet'
[16:43:23.651] [bmv2] [D] [thread 49148] [9.0] [cxt 0] Parser state 'parse_ethernet': key is 86dd
[16:43:23.651] [bmv2] [T] [thread 49148] [9.0] [cxt 0] Bytes parsed: 14
[16:43:23.651] [bmv2] [D] [thread 49148] [9.0] [cxt 0] Parser 'parser' entering state 'parse_ipv4'
[16:43:23.651] [bmv2] [D] [thread 49148] [9.0] [cxt 0] Extracting header 'ipv4'
[16:43:23.651] [bmv2] [D] [thread 49148] [9.0] [cxt 0] Parser state 'parse_ipv4': key is 80
[16:43:23.651] [bmv2] [T] [thread 49148] [9.0] [cxt 0] Bytes parsed: 34
[16:43:23.651] [bmv2] [T] [thread 49148] [9.0] [cxt 0] Skipping checksum 'cksum_0' verification because condition not met
[16:43:23.651] [bmv2] [D] [thread 49148] [9.0] [cxt 0] Parser 'parser': end
[16:43:23.651] [bmv2] [D] [thread 49148] [9.0] [cxt 0] Pipeline 'ingress': start
[16:43:23.651] [bmv2] [T] [thread 49148] [9.0] [cxt 0] ../../P4_code/compare_dht_forward.p4(243) Condition "hdr.ipv4.isValid()" (node_2) is true
[16:43:23.651] [bmv2] [T] [thread 49148] [9.0] [cxt 0] Applying table 'ThisIngress.ipv4_lpm'
[16:43:23.651] [bmv2] [D] [thread 49148] [9.0] [cxt 0] Looking up key:
* hdr.ipv4.dstAddr    : c8f8f8ff

[16:43:23.651] [bmv2] [D] [thread 49148] [9.0] [cxt 0] Table 'ThisIngress.ipv4_lpm': miss
[16:43:23.651] [bmv2] [D] [thread 49148] [9.0] [cxt 0] Action entry is ThisIngress.my_drop - 
[16:43:23.651] [bmv2] [T] [thread 49148] [9.0] [cxt 0] Action ThisIngress.my_drop
[16:43:23.651] [bmv2] [T] [thread 49148] [9.0] [cxt 0] ../../P4_code/compare_dht_forward.p4(172) Primitive mark_to_drop(standard_metadata)
[16:43:23.651] [bmv2] [T] [thread 49148] [9.0] [cxt 0] ../../P4_code/compare_dht_forward.p4(247) Condition "hdr.dht.isValid()" (node_4) is false
[16:43:23.651] [bmv2] [D] [thread 49148] [9.0] [cxt 0] Pipeline 'ingress': end
[16:43:23.651] [bmv2] [D] [thread 49148] [9.0] [cxt 0] Egress port is 511
[16:43:23.651] [bmv2] [D] [thread 49148] [9.0] [cxt 0] Dropping packet at the end of ingress
[16:43:23.906] [bmv2] [D] [thread 49148] [10.0] [cxt 0] Processing packet received on port 4
[16:43:23.906] [bmv2] [D] [thread 49148] [10.0] [cxt 0] Parser 'parser': start
[16:43:23.906] [bmv2] [D] [thread 49148] [10.0] [cxt 0] Parser 'parser' entering state 'start'
[16:43:23.907] [bmv2] [D] [thread 49148] [10.0] [cxt 0] Parser state 'start': key is 0004
[16:43:23.907] [bmv2] [T] [thread 49148] [10.0] [cxt 0] Bytes parsed: 0
[16:43:23.907] [bmv2] [D] [thread 49148] [10.0] [cxt 0] Parser 'parser' entering state 'parse_ethernet'
[16:43:23.907] [bmv2] [D] [thread 49148] [10.0] [cxt 0] Extracting header 'ethernet'
[16:43:23.907] [bmv2] [D] [thread 49148] [10.0] [cxt 0] Parser state 'parse_ethernet': key is 86dd
[16:43:23.907] [bmv2] [T] [thread 49148] [10.0] [cxt 0] Bytes parsed: 14
[16:43:23.907] [bmv2] [D] [thread 49148] [10.0] [cxt 0] Parser 'parser' entering state 'parse_ipv4'
[16:43:23.907] [bmv2] [D] [thread 49148] [10.0] [cxt 0] Extracting header 'ipv4'
[16:43:23.907] [bmv2] [D] [thread 49148] [10.0] [cxt 0] Parser state 'parse_ipv4': key is 80
[16:43:23.907] [bmv2] [T] [thread 49148] [10.0] [cxt 0] Bytes parsed: 34
[16:43:23.907] [bmv2] [T] [thread 49148] [10.0] [cxt 0] Skipping checksum 'cksum_0' verification because condition not met
[16:43:23.907] [bmv2] [D] [thread 49148] [10.0] [cxt 0] Parser 'parser': end
[16:43:23.907] [bmv2] [D] [thread 49148] [10.0] [cxt 0] Pipeline 'ingress': start
[16:43:23.907] [bmv2] [T] [thread 49148] [10.0] [cxt 0] ../../P4_code/compare_dht_forward.p4(243) Condition "hdr.ipv4.isValid()" (node_2) is true
[16:43:23.907] [bmv2] [T] [thread 49148] [10.0] [cxt 0] Applying table 'ThisIngress.ipv4_lpm'
[16:43:23.907] [bmv2] [D] [thread 49148] [10.0] [cxt 0] Looking up key:
* hdr.ipv4.dstAddr    : 687c6cff

[16:43:23.907] [bmv2] [D] [thread 49148] [10.0] [cxt 0] Table 'ThisIngress.ipv4_lpm': miss
[16:43:23.907] [bmv2] [D] [thread 49148] [10.0] [cxt 0] Action entry is ThisIngress.my_drop - 
[16:43:23.907] [bmv2] [T] [thread 49148] [10.0] [cxt 0] Action ThisIngress.my_drop
[16:43:23.907] [bmv2] [T] [thread 49148] [10.0] [cxt 0] ../../P4_code/compare_dht_forward.p4(172) Primitive mark_to_drop(standard_metadata)
[16:43:23.907] [bmv2] [T] [thread 49148] [10.0] [cxt 0] ../../P4_code/compare_dht_forward.p4(247) Condition "hdr.dht.isValid()" (node_4) is false
[16:43:23.907] [bmv2] [D] [thread 49148] [10.0] [cxt 0] Pipeline 'ingress': end
[16:43:23.907] [bmv2] [D] [thread 49148] [10.0] [cxt 0] Egress port is 511
[16:43:23.907] [bmv2] [D] [thread 49148] [10.0] [cxt 0] Dropping packet at the end of ingress
[16:43:35.426] [bmv2] [D] [thread 49148] [11.0] [cxt 0] Processing packet received on port 3
[16:43:35.427] [bmv2] [D] [thread 49148] [11.0] [cxt 0] Parser 'parser': start
[16:43:35.427] [bmv2] [D] [thread 49148] [11.0] [cxt 0] Parser 'parser' entering state 'start'
[16:43:35.427] [bmv2] [D] [thread 49148] [11.0] [cxt 0] Parser state 'start': key is 0003
[16:43:35.427] [bmv2] [T] [thread 49148] [11.0] [cxt 0] Bytes parsed: 0
[16:43:35.427] [bmv2] [D] [thread 49148] [11.0] [cxt 0] Parser 'parser' entering state 'parse_ethernet'
[16:43:35.427] [bmv2] [D] [thread 49148] [11.0] [cxt 0] Extracting header 'ethernet'
[16:43:35.427] [bmv2] [D] [thread 49148] [11.0] [cxt 0] Parser state 'parse_ethernet': key is 86dd
[16:43:35.427] [bmv2] [T] [thread 49148] [11.0] [cxt 0] Bytes parsed: 14
[16:43:35.427] [bmv2] [D] [thread 49148] [11.0] [cxt 0] Parser 'parser' entering state 'parse_ipv4'
[16:43:35.427] [bmv2] [D] [thread 49148] [11.0] [cxt 0] Extracting header 'ipv4'
[16:43:35.427] [bmv2] [D] [thread 49148] [11.0] [cxt 0] Parser state 'parse_ipv4': key is 80
[16:43:35.427] [bmv2] [T] [thread 49148] [11.0] [cxt 0] Bytes parsed: 34
[16:43:35.427] [bmv2] [T] [thread 49148] [11.0] [cxt 0] Skipping checksum 'cksum_0' verification because condition not met
[16:43:35.427] [bmv2] [D] [thread 49148] [11.0] [cxt 0] Parser 'parser': end
[16:43:35.427] [bmv2] [D] [thread 49148] [11.0] [cxt 0] Pipeline 'ingress': start
[16:43:35.427] [bmv2] [T] [thread 49148] [11.0] [cxt 0] ../../P4_code/compare_dht_forward.p4(243) Condition "hdr.ipv4.isValid()" (node_2) is true
[16:43:35.427] [bmv2] [T] [thread 49148] [11.0] [cxt 0] Applying table 'ThisIngress.ipv4_lpm'
[16:43:35.427] [bmv2] [D] [thread 49148] [11.0] [cxt 0] Looking up key:
* hdr.ipv4.dstAddr    : 1486b4ff

[16:43:35.427] [bmv2] [D] [thread 49148] [11.0] [cxt 0] Table 'ThisIngress.ipv4_lpm': miss
[16:43:35.427] [bmv2] [D] [thread 49148] [11.0] [cxt 0] Action entry is ThisIngress.my_drop - 
[16:43:35.427] [bmv2] [T] [thread 49148] [11.0] [cxt 0] Action ThisIngress.my_drop
[16:43:35.427] [bmv2] [T] [thread 49148] [11.0] [cxt 0] ../../P4_code/compare_dht_forward.p4(172) Primitive mark_to_drop(standard_metadata)
[16:43:35.427] [bmv2] [T] [thread 49148] [11.0] [cxt 0] ../../P4_code/compare_dht_forward.p4(247) Condition "hdr.dht.isValid()" (node_4) is false
[16:43:35.427] [bmv2] [D] [thread 49148] [11.0] [cxt 0] Pipeline 'ingress': end
[16:43:35.427] [bmv2] [D] [thread 49148] [11.0] [cxt 0] Egress port is 511
[16:43:35.427] [bmv2] [D] [thread 49148] [11.0] [cxt 0] Dropping packet at the end of ingress
[16:43:39.295] [bmv2] [D] [thread 49148] [12.0] [cxt 0] Processing packet received on port 1
[16:43:39.297] [bmv2] [D] [thread 49148] [12.0] [cxt 0] Parser 'parser': start
[16:43:39.297] [bmv2] [D] [thread 49148] [12.0] [cxt 0] Parser 'parser' entering state 'start'
[16:43:39.297] [bmv2] [D] [thread 49148] [12.0] [cxt 0] Parser state 'start': key is 0001
[16:43:39.297] [bmv2] [T] [thread 49148] [12.0] [cxt 0] Bytes parsed: 0
[16:43:39.297] [bmv2] [D] [thread 49148] [12.0] [cxt 0] Parser 'parser' entering state 'parse_ethernet'
[16:43:39.297] [bmv2] [D] [thread 49148] [12.0] [cxt 0] Extracting header 'ethernet'
[16:43:39.297] [bmv2] [D] [thread 49148] [12.0] [cxt 0] Parser state 'parse_ethernet': key is 86dd
[16:43:39.297] [bmv2] [T] [thread 49148] [12.0] [cxt 0] Bytes parsed: 14
[16:43:39.297] [bmv2] [D] [thread 49148] [12.0] [cxt 0] Parser 'parser' entering state 'parse_ipv4'
[16:43:39.297] [bmv2] [D] [thread 49148] [12.0] [cxt 0] Extracting header 'ipv4'
[16:43:39.297] [bmv2] [D] [thread 49148] [12.0] [cxt 0] Parser state 'parse_ipv4': key is 80
[16:43:39.297] [bmv2] [T] [thread 49148] [12.0] [cxt 0] Bytes parsed: 34
[16:43:39.297] [bmv2] [T] [thread 49148] [12.0] [cxt 0] Skipping checksum 'cksum_0' verification because condition not met
[16:43:39.297] [bmv2] [D] [thread 49148] [12.0] [cxt 0] Parser 'parser': end
[16:43:39.297] [bmv2] [D] [thread 49148] [12.0] [cxt 0] Pipeline 'ingress': start
[16:43:39.297] [bmv2] [T] [thread 49148] [12.0] [cxt 0] ../../P4_code/compare_dht_forward.p4(243) Condition "hdr.ipv4.isValid()" (node_2) is true
[16:43:39.297] [bmv2] [T] [thread 49148] [12.0] [cxt 0] Applying table 'ThisIngress.ipv4_lpm'
[16:43:39.297] [bmv2] [D] [thread 49148] [12.0] [cxt 0] Looking up key:
* hdr.ipv4.dstAddr    : 04c81cff

[16:43:39.297] [bmv2] [D] [thread 49148] [12.0] [cxt 0] Table 'ThisIngress.ipv4_lpm': miss
[16:43:39.297] [bmv2] [D] [thread 49148] [12.0] [cxt 0] Action entry is ThisIngress.my_drop - 
[16:43:39.297] [bmv2] [T] [thread 49148] [12.0] [cxt 0] Action ThisIngress.my_drop
[16:43:39.297] [bmv2] [T] [thread 49148] [12.0] [cxt 0] ../../P4_code/compare_dht_forward.p4(172) Primitive mark_to_drop(standard_metadata)
[16:43:39.297] [bmv2] [T] [thread 49148] [12.0] [cxt 0] ../../P4_code/compare_dht_forward.p4(247) Condition "hdr.dht.isValid()" (node_4) is false
[16:43:39.297] [bmv2] [D] [thread 49148] [12.0] [cxt 0] Pipeline 'ingress': end
[16:43:39.297] [bmv2] [D] [thread 49148] [12.0] [cxt 0] Egress port is 511
[16:43:39.297] [bmv2] [D] [thread 49148] [12.0] [cxt 0] Dropping packet at the end of ingress
[16:43:39.298] [bmv2] [D] [thread 49148] [13.0] [cxt 0] Processing packet received on port 1
[16:43:39.298] [bmv2] [D] [thread 49148] [13.0] [cxt 0] Parser 'parser': start
[16:43:39.298] [bmv2] [D] [thread 49148] [13.0] [cxt 0] Parser 'parser' entering state 'start'
[16:43:39.298] [bmv2] [D] [thread 49148] [13.0] [cxt 0] Parser state 'start': key is 0001
[16:43:39.298] [bmv2] [T] [thread 49148] [13.0] [cxt 0] Bytes parsed: 0
[16:43:39.298] [bmv2] [D] [thread 49148] [13.0] [cxt 0] Parser 'parser' entering state 'parse_ethernet'
[16:43:39.298] [bmv2] [D] [thread 49148] [13.0] [cxt 0] Extracting header 'ethernet'
[16:43:39.298] [bmv2] [D] [thread 49148] [13.0] [cxt 0] Parser state 'parse_ethernet': key is 86dd
[16:43:39.298] [bmv2] [T] [thread 49148] [13.0] [cxt 0] Bytes parsed: 14
[16:43:39.298] [bmv2] [D] [thread 49148] [13.0] [cxt 0] Parser 'parser' entering state 'parse_ipv4'
[16:43:39.298] [bmv2] [D] [thread 49148] [13.0] [cxt 0] Extracting header 'ipv4'
[16:43:39.298] [bmv2] [D] [thread 49148] [13.0] [cxt 0] Parser state 'parse_ipv4': key is 80
[16:43:39.298] [bmv2] [T] [thread 49148] [13.0] [cxt 0] Bytes parsed: 34
[16:43:39.298] [bmv2] [T] [thread 49148] [13.0] [cxt 0] Skipping checksum 'cksum_0' verification because condition not met
[16:43:39.298] [bmv2] [D] [thread 49148] [13.0] [cxt 0] Parser 'parser': end
[16:43:39.298] [bmv2] [D] [thread 49148] [13.0] [cxt 0] Pipeline 'ingress': start
[16:43:39.298] [bmv2] [T] [thread 49148] [13.0] [cxt 0] ../../P4_code/compare_dht_forward.p4(243) Condition "hdr.ipv4.isValid()" (node_2) is true
[16:43:39.298] [bmv2] [T] [thread 49148] [13.0] [cxt 0] Applying table 'ThisIngress.ipv4_lpm'
[16:43:39.298] [bmv2] [D] [thread 49148] [13.0] [cxt 0] Looking up key:
* hdr.ipv4.dstAddr    : e05c21ff

[16:43:39.298] [bmv2] [D] [thread 49148] [13.0] [cxt 0] Table 'ThisIngress.ipv4_lpm': miss
[16:43:39.298] [bmv2] [D] [thread 49148] [13.0] [cxt 0] Action entry is ThisIngress.my_drop - 
[16:43:39.298] [bmv2] [T] [thread 49148] [13.0] [cxt 0] Action ThisIngress.my_drop
[16:43:39.298] [bmv2] [T] [thread 49148] [13.0] [cxt 0] ../../P4_code/compare_dht_forward.p4(172) Primitive mark_to_drop(standard_metadata)
[16:43:39.298] [bmv2] [T] [thread 49148] [13.0] [cxt 0] ../../P4_code/compare_dht_forward.p4(247) Condition "hdr.dht.isValid()" (node_4) is false
[16:43:39.298] [bmv2] [D] [thread 49148] [13.0] [cxt 0] Pipeline 'ingress': end
[16:43:39.298] [bmv2] [D] [thread 49148] [13.0] [cxt 0] Egress port is 511
[16:43:39.298] [bmv2] [D] [thread 49148] [13.0] [cxt 0] Dropping packet at the end of ingress
[16:43:39.525] [bmv2] [D] [thread 49148] [14.0] [cxt 0] Processing packet received on port 2
[16:43:39.525] [bmv2] [D] [thread 49148] [14.0] [cxt 0] Parser 'parser': start
[16:43:39.525] [bmv2] [D] [thread 49148] [14.0] [cxt 0] Parser 'parser' entering state 'start'
[16:43:39.525] [bmv2] [D] [thread 49148] [14.0] [cxt 0] Parser state 'start': key is 0002
[16:43:39.525] [bmv2] [T] [thread 49148] [14.0] [cxt 0] Bytes parsed: 0
[16:43:39.525] [bmv2] [D] [thread 49148] [14.0] [cxt 0] Parser 'parser' entering state 'parse_ethernet'
[16:43:39.525] [bmv2] [D] [thread 49148] [14.0] [cxt 0] Extracting header 'ethernet'
[16:43:39.525] [bmv2] [D] [thread 49148] [14.0] [cxt 0] Parser state 'parse_ethernet': key is 86dd
[16:43:39.525] [bmv2] [T] [thread 49148] [14.0] [cxt 0] Bytes parsed: 14
[16:43:39.525] [bmv2] [D] [thread 49148] [14.0] [cxt 0] Parser 'parser' entering state 'parse_ipv4'
[16:43:39.525] [bmv2] [D] [thread 49148] [14.0] [cxt 0] Extracting header 'ipv4'
[16:43:39.525] [bmv2] [D] [thread 49148] [14.0] [cxt 0] Parser state 'parse_ipv4': key is 80
[16:43:39.525] [bmv2] [T] [thread 49148] [14.0] [cxt 0] Bytes parsed: 34
[16:43:39.525] [bmv2] [T] [thread 49148] [14.0] [cxt 0] Skipping checksum 'cksum_0' verification because condition not met
[16:43:39.525] [bmv2] [D] [thread 49148] [14.0] [cxt 0] Parser 'parser': end
[16:43:39.525] [bmv2] [D] [thread 49148] [14.0] [cxt 0] Pipeline 'ingress': start
[16:43:39.525] [bmv2] [T] [thread 49148] [14.0] [cxt 0] ../../P4_code/compare_dht_forward.p4(243) Condition "hdr.ipv4.isValid()" (node_2) is true
[16:43:39.525] [bmv2] [T] [thread 49148] [14.0] [cxt 0] Applying table 'ThisIngress.ipv4_lpm'
[16:43:39.525] [bmv2] [D] [thread 49148] [14.0] [cxt 0] Looking up key:
* hdr.ipv4.dstAddr    : 04035bff

[16:43:39.525] [bmv2] [D] [thread 49148] [14.0] [cxt 0] Table 'ThisIngress.ipv4_lpm': miss
[16:43:39.525] [bmv2] [D] [thread 49148] [14.0] [cxt 0] Action entry is ThisIngress.my_drop - 
[16:43:39.525] [bmv2] [T] [thread 49148] [14.0] [cxt 0] Action ThisIngress.my_drop
[16:43:39.525] [bmv2] [T] [thread 49148] [14.0] [cxt 0] ../../P4_code/compare_dht_forward.p4(172) Primitive mark_to_drop(standard_metadata)
[16:43:39.525] [bmv2] [T] [thread 49148] [14.0] [cxt 0] ../../P4_code/compare_dht_forward.p4(247) Condition "hdr.dht.isValid()" (node_4) is false
[16:43:39.525] [bmv2] [D] [thread 49148] [14.0] [cxt 0] Pipeline 'ingress': end
[16:43:39.525] [bmv2] [D] [thread 49148] [14.0] [cxt 0] Egress port is 511
[16:43:39.525] [bmv2] [D] [thread 49148] [14.0] [cxt 0] Dropping packet at the end of ingress
[16:43:39.525] [bmv2] [D] [thread 49148] [15.0] [cxt 0] Processing packet received on port 2
[16:43:39.525] [bmv2] [D] [thread 49148] [15.0] [cxt 0] Parser 'parser': start
[16:43:39.525] [bmv2] [D] [thread 49148] [15.0] [cxt 0] Parser 'parser' entering state 'start'
[16:43:39.525] [bmv2] [D] [thread 49148] [15.0] [cxt 0] Parser state 'start': key is 0002
[16:43:39.525] [bmv2] [T] [thread 49148] [15.0] [cxt 0] Bytes parsed: 0
[16:43:39.525] [bmv2] [D] [thread 49148] [15.0] [cxt 0] Parser 'parser' entering state 'parse_ethernet'
[16:43:39.525] [bmv2] [D] [thread 49148] [15.0] [cxt 0] Extracting header 'ethernet'
[16:43:39.525] [bmv2] [D] [thread 49148] [15.0] [cxt 0] Parser state 'parse_ethernet': key is 86dd
[16:43:39.525] [bmv2] [T] [thread 49148] [15.0] [cxt 0] Bytes parsed: 14
[16:43:39.525] [bmv2] [D] [thread 49148] [15.0] [cxt 0] Parser 'parser' entering state 'parse_ipv4'
[16:43:39.525] [bmv2] [D] [thread 49148] [15.0] [cxt 0] Extracting header 'ipv4'
[16:43:39.526] [bmv2] [D] [thread 49148] [15.0] [cxt 0] Parser state 'parse_ipv4': key is 80
[16:43:39.526] [bmv2] [T] [thread 49148] [15.0] [cxt 0] Bytes parsed: 34
[16:43:39.526] [bmv2] [T] [thread 49148] [15.0] [cxt 0] Skipping checksum 'cksum_0' verification because condition not met
[16:43:39.526] [bmv2] [D] [thread 49148] [15.0] [cxt 0] Parser 'parser': end
[16:43:39.526] [bmv2] [D] [thread 49148] [15.0] [cxt 0] Pipeline 'ingress': start
[16:43:39.526] [bmv2] [T] [thread 49148] [15.0] [cxt 0] ../../P4_code/compare_dht_forward.p4(243) Condition "hdr.ipv4.isValid()" (node_2) is true
[16:43:39.526] [bmv2] [T] [thread 49148] [15.0] [cxt 0] Applying table 'ThisIngress.ipv4_lpm'
[16:43:39.526] [bmv2] [D] [thread 49148] [15.0] [cxt 0] Looking up key:
* hdr.ipv4.dstAddr    : c8f8f8ff

[16:43:39.526] [bmv2] [D] [thread 49148] [15.0] [cxt 0] Table 'ThisIngress.ipv4_lpm': miss
[16:43:39.526] [bmv2] [D] [thread 49148] [15.0] [cxt 0] Action entry is ThisIngress.my_drop - 
[16:43:39.526] [bmv2] [T] [thread 49148] [15.0] [cxt 0] Action ThisIngress.my_drop
[16:43:39.526] [bmv2] [T] [thread 49148] [15.0] [cxt 0] ../../P4_code/compare_dht_forward.p4(172) Primitive mark_to_drop(standard_metadata)
[16:43:39.526] [bmv2] [T] [thread 49148] [15.0] [cxt 0] ../../P4_code/compare_dht_forward.p4(247) Condition "hdr.dht.isValid()" (node_4) is false
[16:43:39.526] [bmv2] [D] [thread 49148] [15.0] [cxt 0] Pipeline 'ingress': end
[16:43:39.526] [bmv2] [D] [thread 49148] [15.0] [cxt 0] Egress port is 511
[16:43:39.526] [bmv2] [D] [thread 49148] [15.0] [cxt 0] Dropping packet at the end of ingress
[16:43:43.366] [bmv2] [D] [thread 49148] [16.0] [cxt 0] Processing packet received on port 4
[16:43:43.366] [bmv2] [D] [thread 49148] [16.0] [cxt 0] Parser 'parser': start
[16:43:43.366] [bmv2] [D] [thread 49148] [16.0] [cxt 0] Parser 'parser' entering state 'start'
[16:43:43.366] [bmv2] [D] [thread 49148] [16.0] [cxt 0] Parser state 'start': key is 0004
[16:43:43.366] [bmv2] [T] [thread 49148] [16.0] [cxt 0] Bytes parsed: 0
[16:43:43.366] [bmv2] [D] [thread 49148] [16.0] [cxt 0] Parser 'parser' entering state 'parse_ethernet'
[16:43:43.366] [bmv2] [D] [thread 49148] [16.0] [cxt 0] Extracting header 'ethernet'
[16:43:43.366] [bmv2] [D] [thread 49148] [16.0] [cxt 0] Parser state 'parse_ethernet': key is 86dd
[16:43:43.366] [bmv2] [T] [thread 49148] [16.0] [cxt 0] Bytes parsed: 14
[16:43:43.366] [bmv2] [D] [thread 49148] [16.0] [cxt 0] Parser 'parser' entering state 'parse_ipv4'
[16:43:43.366] [bmv2] [D] [thread 49148] [16.0] [cxt 0] Extracting header 'ipv4'
[16:43:43.366] [bmv2] [D] [thread 49148] [16.0] [cxt 0] Parser state 'parse_ipv4': key is 80
[16:43:43.366] [bmv2] [T] [thread 49148] [16.0] [cxt 0] Bytes parsed: 34
[16:43:43.367] [bmv2] [T] [thread 49148] [16.0] [cxt 0] Skipping checksum 'cksum_0' verification because condition not met
[16:43:43.367] [bmv2] [D] [thread 49148] [16.0] [cxt 0] Parser 'parser': end
[16:43:43.367] [bmv2] [D] [thread 49148] [16.0] [cxt 0] Pipeline 'ingress': start
[16:43:43.367] [bmv2] [T] [thread 49148] [16.0] [cxt 0] ../../P4_code/compare_dht_forward.p4(243) Condition "hdr.ipv4.isValid()" (node_2) is true
[16:43:43.367] [bmv2] [T] [thread 49148] [16.0] [cxt 0] Applying table 'ThisIngress.ipv4_lpm'
[16:43:43.367] [bmv2] [D] [thread 49148] [16.0] [cxt 0] Looking up key:
* hdr.ipv4.dstAddr    : 687c6cff

[16:43:43.367] [bmv2] [D] [thread 49148] [16.0] [cxt 0] Table 'ThisIngress.ipv4_lpm': miss
[16:43:43.367] [bmv2] [D] [thread 49148] [16.0] [cxt 0] Action entry is ThisIngress.my_drop - 
[16:43:43.367] [bmv2] [T] [thread 49148] [16.0] [cxt 0] Action ThisIngress.my_drop
[16:43:43.367] [bmv2] [T] [thread 49148] [16.0] [cxt 0] ../../P4_code/compare_dht_forward.p4(172) Primitive mark_to_drop(standard_metadata)
[16:43:43.367] [bmv2] [T] [thread 49148] [16.0] [cxt 0] ../../P4_code/compare_dht_forward.p4(247) Condition "hdr.dht.isValid()" (node_4) is false
[16:43:43.367] [bmv2] [D] [thread 49148] [16.0] [cxt 0] Pipeline 'ingress': end
[16:43:43.367] [bmv2] [D] [thread 49148] [16.0] [cxt 0] Egress port is 511
[16:43:43.367] [bmv2] [D] [thread 49148] [16.0] [cxt 0] Dropping packet at the end of ingress
[16:44:03.842] [bmv2] [D] [thread 49148] [17.0] [cxt 0] Processing packet received on port 3
[16:44:03.842] [bmv2] [D] [thread 49148] [17.0] [cxt 0] Parser 'parser': start
[16:44:03.842] [bmv2] [D] [thread 49148] [17.0] [cxt 0] Parser 'parser' entering state 'start'
[16:44:03.843] [bmv2] [D] [thread 49148] [17.0] [cxt 0] Parser state 'start': key is 0003
[16:44:03.843] [bmv2] [T] [thread 49148] [17.0] [cxt 0] Bytes parsed: 0
[16:44:03.843] [bmv2] [D] [thread 49148] [17.0] [cxt 0] Parser 'parser' entering state 'parse_ethernet'
[16:44:03.843] [bmv2] [D] [thread 49148] [17.0] [cxt 0] Extracting header 'ethernet'
[16:44:03.843] [bmv2] [D] [thread 49148] [17.0] [cxt 0] Parser state 'parse_ethernet': key is 86dd
[16:44:03.843] [bmv2] [T] [thread 49148] [17.0] [cxt 0] Bytes parsed: 14
[16:44:03.843] [bmv2] [D] [thread 49148] [17.0] [cxt 0] Parser 'parser' entering state 'parse_ipv4'
[16:44:03.843] [bmv2] [D] [thread 49148] [17.0] [cxt 0] Extracting header 'ipv4'
[16:44:03.843] [bmv2] [D] [thread 49148] [17.0] [cxt 0] Parser state 'parse_ipv4': key is 80
[16:44:03.843] [bmv2] [T] [thread 49148] [17.0] [cxt 0] Bytes parsed: 34
[16:44:03.843] [bmv2] [T] [thread 49148] [17.0] [cxt 0] Skipping checksum 'cksum_0' verification because condition not met
[16:44:03.843] [bmv2] [D] [thread 49148] [17.0] [cxt 0] Parser 'parser': end
[16:44:03.843] [bmv2] [D] [thread 49148] [17.0] [cxt 0] Pipeline 'ingress': start
[16:44:03.843] [bmv2] [T] [thread 49148] [17.0] [cxt 0] ../../P4_code/compare_dht_forward.p4(243) Condition "hdr.ipv4.isValid()" (node_2) is true
[16:44:03.843] [bmv2] [T] [thread 49148] [17.0] [cxt 0] Applying table 'ThisIngress.ipv4_lpm'
[16:44:03.843] [bmv2] [D] [thread 49148] [17.0] [cxt 0] Looking up key:
* hdr.ipv4.dstAddr    : 1486b4ff

[16:44:03.843] [bmv2] [D] [thread 49148] [17.0] [cxt 0] Table 'ThisIngress.ipv4_lpm': miss
[16:44:03.843] [bmv2] [D] [thread 49148] [17.0] [cxt 0] Action entry is ThisIngress.my_drop - 
[16:44:03.843] [bmv2] [T] [thread 49148] [17.0] [cxt 0] Action ThisIngress.my_drop
[16:44:03.843] [bmv2] [T] [thread 49148] [17.0] [cxt 0] ../../P4_code/compare_dht_forward.p4(172) Primitive mark_to_drop(standard_metadata)
[16:44:03.843] [bmv2] [T] [thread 49148] [17.0] [cxt 0] ../../P4_code/compare_dht_forward.p4(247) Condition "hdr.dht.isValid()" (node_4) is false
[16:44:03.843] [bmv2] [D] [thread 49148] [17.0] [cxt 0] Pipeline 'ingress': end
[16:44:03.843] [bmv2] [D] [thread 49148] [17.0] [cxt 0] Egress port is 511
[16:44:03.843] [bmv2] [D] [thread 49148] [17.0] [cxt 0] Dropping packet at the end of ingress
[16:44:12.035] [bmv2] [D] [thread 49148] [18.0] [cxt 0] Processing packet received on port 1
[16:44:12.035] [bmv2] [D] [thread 49148] [18.0] [cxt 0] Parser 'parser': start
[16:44:12.035] [bmv2] [D] [thread 49148] [18.0] [cxt 0] Parser 'parser' entering state 'start'
[16:44:12.035] [bmv2] [D] [thread 49148] [18.0] [cxt 0] Parser state 'start': key is 0001
[16:44:12.035] [bmv2] [T] [thread 49148] [18.0] [cxt 0] Bytes parsed: 0
[16:44:12.035] [bmv2] [D] [thread 49148] [18.0] [cxt 0] Parser 'parser' entering state 'parse_ethernet'
[16:44:12.035] [bmv2] [D] [thread 49148] [18.0] [cxt 0] Extracting header 'ethernet'
[16:44:12.035] [bmv2] [D] [thread 49148] [18.0] [cxt 0] Parser state 'parse_ethernet': key is 86dd
[16:44:12.035] [bmv2] [T] [thread 49148] [18.0] [cxt 0] Bytes parsed: 14
[16:44:12.035] [bmv2] [D] [thread 49148] [18.0] [cxt 0] Parser 'parser' entering state 'parse_ipv4'
[16:44:12.035] [bmv2] [D] [thread 49148] [18.0] [cxt 0] Extracting header 'ipv4'
[16:44:12.035] [bmv2] [D] [thread 49148] [18.0] [cxt 0] Parser state 'parse_ipv4': key is 80
[16:44:12.036] [bmv2] [T] [thread 49148] [18.0] [cxt 0] Bytes parsed: 34
[16:44:12.036] [bmv2] [T] [thread 49148] [18.0] [cxt 0] Skipping checksum 'cksum_0' verification because condition not met
[16:44:12.036] [bmv2] [D] [thread 49148] [18.0] [cxt 0] Parser 'parser': end
[16:44:12.036] [bmv2] [D] [thread 49148] [18.0] [cxt 0] Pipeline 'ingress': start
[16:44:12.036] [bmv2] [T] [thread 49148] [18.0] [cxt 0] ../../P4_code/compare_dht_forward.p4(243) Condition "hdr.ipv4.isValid()" (node_2) is true
[16:44:12.036] [bmv2] [T] [thread 49148] [18.0] [cxt 0] Applying table 'ThisIngress.ipv4_lpm'
[16:44:12.036] [bmv2] [D] [thread 49148] [18.0] [cxt 0] Looking up key:
* hdr.ipv4.dstAddr    : e05c21ff

[16:44:12.036] [bmv2] [D] [thread 49148] [18.0] [cxt 0] Table 'ThisIngress.ipv4_lpm': miss
[16:44:12.036] [bmv2] [D] [thread 49148] [18.0] [cxt 0] Action entry is ThisIngress.my_drop - 
[16:44:12.036] [bmv2] [T] [thread 49148] [18.0] [cxt 0] Action ThisIngress.my_drop
[16:44:12.036] [bmv2] [T] [thread 49148] [18.0] [cxt 0] ../../P4_code/compare_dht_forward.p4(172) Primitive mark_to_drop(standard_metadata)
[16:44:12.036] [bmv2] [T] [thread 49148] [18.0] [cxt 0] ../../P4_code/compare_dht_forward.p4(247) Condition "hdr.dht.isValid()" (node_4) is false
[16:44:12.036] [bmv2] [D] [thread 49148] [18.0] [cxt 0] Pipeline 'ingress': end
[16:44:12.036] [bmv2] [D] [thread 49148] [18.0] [cxt 0] Egress port is 511
[16:44:12.036] [bmv2] [D] [thread 49148] [18.0] [cxt 0] Dropping packet at the end of ingress
[16:44:12.036] [bmv2] [D] [thread 49148] [19.0] [cxt 0] Processing packet received on port 2
[16:44:12.036] [bmv2] [D] [thread 49148] [19.0] [cxt 0] Parser 'parser': start
[16:44:12.036] [bmv2] [D] [thread 49148] [19.0] [cxt 0] Parser 'parser' entering state 'start'
[16:44:12.036] [bmv2] [D] [thread 49148] [19.0] [cxt 0] Parser state 'start': key is 0002
[16:44:12.036] [bmv2] [T] [thread 49148] [19.0] [cxt 0] Bytes parsed: 0
[16:44:12.036] [bmv2] [D] [thread 49148] [19.0] [cxt 0] Parser 'parser' entering state 'parse_ethernet'
[16:44:12.036] [bmv2] [D] [thread 49148] [19.0] [cxt 0] Extracting header 'ethernet'
[16:44:12.036] [bmv2] [D] [thread 49148] [19.0] [cxt 0] Parser state 'parse_ethernet': key is 86dd
[16:44:12.036] [bmv2] [T] [thread 49148] [19.0] [cxt 0] Bytes parsed: 14
[16:44:12.036] [bmv2] [D] [thread 49148] [19.0] [cxt 0] Parser 'parser' entering state 'parse_ipv4'
[16:44:12.036] [bmv2] [D] [thread 49148] [19.0] [cxt 0] Extracting header 'ipv4'
[16:44:12.036] [bmv2] [D] [thread 49148] [19.0] [cxt 0] Parser state 'parse_ipv4': key is 80
[16:44:12.036] [bmv2] [T] [thread 49148] [19.0] [cxt 0] Bytes parsed: 34
[16:44:12.036] [bmv2] [T] [thread 49148] [19.0] [cxt 0] Skipping checksum 'cksum_0' verification because condition not met
[16:44:12.036] [bmv2] [D] [thread 49148] [19.0] [cxt 0] Parser 'parser': end
[16:44:12.036] [bmv2] [D] [thread 49148] [19.0] [cxt 0] Pipeline 'ingress': start
[16:44:12.036] [bmv2] [T] [thread 49148] [19.0] [cxt 0] ../../P4_code/compare_dht_forward.p4(243) Condition "hdr.ipv4.isValid()" (node_2) is true
[16:44:12.036] [bmv2] [T] [thread 49148] [19.0] [cxt 0] Applying table 'ThisIngress.ipv4_lpm'
[16:44:12.036] [bmv2] [D] [thread 49148] [19.0] [cxt 0] Looking up key:
* hdr.ipv4.dstAddr    : c8f8f8ff

[16:44:12.036] [bmv2] [D] [thread 49148] [19.0] [cxt 0] Table 'ThisIngress.ipv4_lpm': miss
[16:44:12.036] [bmv2] [D] [thread 49148] [19.0] [cxt 0] Action entry is ThisIngress.my_drop - 
[16:44:12.036] [bmv2] [T] [thread 49148] [19.0] [cxt 0] Action ThisIngress.my_drop
[16:44:12.036] [bmv2] [T] [thread 49148] [19.0] [cxt 0] ../../P4_code/compare_dht_forward.p4(172) Primitive mark_to_drop(standard_metadata)
[16:44:12.036] [bmv2] [T] [thread 49148] [19.0] [cxt 0] ../../P4_code/compare_dht_forward.p4(247) Condition "hdr.dht.isValid()" (node_4) is false
[16:44:12.036] [bmv2] [D] [thread 49148] [19.0] [cxt 0] Pipeline 'ingress': end
[16:44:12.036] [bmv2] [D] [thread 49148] [19.0] [cxt 0] Egress port is 511
[16:44:12.036] [bmv2] [D] [thread 49148] [19.0] [cxt 0] Dropping packet at the end of ingress
[16:44:14.084] [bmv2] [D] [thread 49148] [20.0] [cxt 0] Processing packet received on port 1
[16:44:14.084] [bmv2] [D] [thread 49148] [20.0] [cxt 0] Parser 'parser': start
[16:44:14.084] [bmv2] [D] [thread 49148] [20.0] [cxt 0] Parser 'parser' entering state 'start'
[16:44:14.084] [bmv2] [D] [thread 49148] [20.0] [cxt 0] Parser state 'start': key is 0001
[16:44:14.084] [bmv2] [T] [thread 49148] [20.0] [cxt 0] Bytes parsed: 0
[16:44:14.084] [bmv2] [D] [thread 49148] [20.0] [cxt 0] Parser 'parser' entering state 'parse_ethernet'
[16:44:14.084] [bmv2] [D] [thread 49148] [20.0] [cxt 0] Extracting header 'ethernet'
[16:44:14.084] [bmv2] [D] [thread 49148] [20.0] [cxt 0] Parser state 'parse_ethernet': key is 86dd
[16:44:14.084] [bmv2] [T] [thread 49148] [20.0] [cxt 0] Bytes parsed: 14
[16:44:14.084] [bmv2] [D] [thread 49148] [20.0] [cxt 0] Parser 'parser' entering state 'parse_ipv4'
[16:44:14.084] [bmv2] [D] [thread 49148] [20.0] [cxt 0] Extracting header 'ipv4'
[16:44:14.084] [bmv2] [D] [thread 49148] [20.0] [cxt 0] Parser state 'parse_ipv4': key is 80
[16:44:14.084] [bmv2] [T] [thread 49148] [20.0] [cxt 0] Bytes parsed: 34
[16:44:14.084] [bmv2] [T] [thread 49148] [20.0] [cxt 0] Skipping checksum 'cksum_0' verification because condition not met
[16:44:14.084] [bmv2] [D] [thread 49148] [20.0] [cxt 0] Parser 'parser': end
[16:44:14.084] [bmv2] [D] [thread 49148] [20.0] [cxt 0] Pipeline 'ingress': start
[16:44:14.084] [bmv2] [T] [thread 49148] [20.0] [cxt 0] ../../P4_code/compare_dht_forward.p4(243) Condition "hdr.ipv4.isValid()" (node_2) is true
[16:44:14.084] [bmv2] [T] [thread 49148] [20.0] [cxt 0] Applying table 'ThisIngress.ipv4_lpm'
[16:44:14.084] [bmv2] [D] [thread 49148] [20.0] [cxt 0] Looking up key:
* hdr.ipv4.dstAddr    : 04c81cff

[16:44:14.084] [bmv2] [D] [thread 49148] [20.0] [cxt 0] Table 'ThisIngress.ipv4_lpm': miss
[16:44:14.084] [bmv2] [D] [thread 49148] [20.0] [cxt 0] Action entry is ThisIngress.my_drop - 
[16:44:14.084] [bmv2] [T] [thread 49148] [20.0] [cxt 0] Action ThisIngress.my_drop
[16:44:14.084] [bmv2] [T] [thread 49148] [20.0] [cxt 0] ../../P4_code/compare_dht_forward.p4(172) Primitive mark_to_drop(standard_metadata)
[16:44:14.084] [bmv2] [T] [thread 49148] [20.0] [cxt 0] ../../P4_code/compare_dht_forward.p4(247) Condition "hdr.dht.isValid()" (node_4) is false
[16:44:14.084] [bmv2] [D] [thread 49148] [20.0] [cxt 0] Pipeline 'ingress': end
[16:44:14.084] [bmv2] [D] [thread 49148] [20.0] [cxt 0] Egress port is 511
[16:44:14.084] [bmv2] [D] [thread 49148] [20.0] [cxt 0] Dropping packet at the end of ingress
[16:44:14.084] [bmv2] [D] [thread 49148] [21.0] [cxt 0] Processing packet received on port 2
[16:44:14.084] [bmv2] [D] [thread 49148] [21.0] [cxt 0] Parser 'parser': start
[16:44:14.084] [bmv2] [D] [thread 49148] [21.0] [cxt 0] Parser 'parser' entering state 'start'
[16:44:14.084] [bmv2] [D] [thread 49148] [21.0] [cxt 0] Parser state 'start': key is 0002
[16:44:14.084] [bmv2] [T] [thread 49148] [21.0] [cxt 0] Bytes parsed: 0
[16:44:14.084] [bmv2] [D] [thread 49148] [21.0] [cxt 0] Parser 'parser' entering state 'parse_ethernet'
[16:44:14.084] [bmv2] [D] [thread 49148] [21.0] [cxt 0] Extracting header 'ethernet'
[16:44:14.084] [bmv2] [D] [thread 49148] [21.0] [cxt 0] Parser state 'parse_ethernet': key is 86dd
[16:44:14.084] [bmv2] [T] [thread 49148] [21.0] [cxt 0] Bytes parsed: 14
[16:44:14.084] [bmv2] [D] [thread 49148] [21.0] [cxt 0] Parser 'parser' entering state 'parse_ipv4'
[16:44:14.084] [bmv2] [D] [thread 49148] [21.0] [cxt 0] Extracting header 'ipv4'
[16:44:14.084] [bmv2] [D] [thread 49148] [21.0] [cxt 0] Parser state 'parse_ipv4': key is 80
[16:44:14.084] [bmv2] [T] [thread 49148] [21.0] [cxt 0] Bytes parsed: 34
[16:44:14.084] [bmv2] [T] [thread 49148] [21.0] [cxt 0] Skipping checksum 'cksum_0' verification because condition not met
[16:44:14.084] [bmv2] [D] [thread 49148] [21.0] [cxt 0] Parser 'parser': end
[16:44:14.084] [bmv2] [D] [thread 49148] [21.0] [cxt 0] Pipeline 'ingress': start
[16:44:14.084] [bmv2] [T] [thread 49148] [21.0] [cxt 0] ../../P4_code/compare_dht_forward.p4(243) Condition "hdr.ipv4.isValid()" (node_2) is true
[16:44:14.084] [bmv2] [T] [thread 49148] [21.0] [cxt 0] Applying table 'ThisIngress.ipv4_lpm'
[16:44:14.084] [bmv2] [D] [thread 49148] [21.0] [cxt 0] Looking up key:
* hdr.ipv4.dstAddr    : 04035bff

[16:44:14.084] [bmv2] [D] [thread 49148] [21.0] [cxt 0] Table 'ThisIngress.ipv4_lpm': miss
[16:44:14.084] [bmv2] [D] [thread 49148] [21.0] [cxt 0] Action entry is ThisIngress.my_drop - 
[16:44:14.084] [bmv2] [T] [thread 49148] [21.0] [cxt 0] Action ThisIngress.my_drop
[16:44:14.084] [bmv2] [T] [thread 49148] [21.0] [cxt 0] ../../P4_code/compare_dht_forward.p4(172) Primitive mark_to_drop(standard_metadata)
[16:44:14.084] [bmv2] [T] [thread 49148] [21.0] [cxt 0] ../../P4_code/compare_dht_forward.p4(247) Condition "hdr.dht.isValid()" (node_4) is false
[16:44:14.084] [bmv2] [D] [thread 49148] [21.0] [cxt 0] Pipeline 'ingress': end
[16:44:14.084] [bmv2] [D] [thread 49148] [21.0] [cxt 0] Egress port is 511
[16:44:14.084] [bmv2] [D] [thread 49148] [21.0] [cxt 0] Dropping packet at the end of ingress
[16:44:22.275] [bmv2] [D] [thread 49148] [22.0] [cxt 0] Processing packet received on port 4
[16:44:22.275] [bmv2] [D] [thread 49148] [22.0] [cxt 0] Parser 'parser': start
[16:44:22.275] [bmv2] [D] [thread 49148] [22.0] [cxt 0] Parser 'parser' entering state 'start'
[16:44:22.275] [bmv2] [D] [thread 49148] [22.0] [cxt 0] Parser state 'start': key is 0004
[16:44:22.275] [bmv2] [T] [thread 49148] [22.0] [cxt 0] Bytes parsed: 0
[16:44:22.275] [bmv2] [D] [thread 49148] [22.0] [cxt 0] Parser 'parser' entering state 'parse_ethernet'
[16:44:22.275] [bmv2] [D] [thread 49148] [22.0] [cxt 0] Extracting header 'ethernet'
[16:44:22.275] [bmv2] [D] [thread 49148] [22.0] [cxt 0] Parser state 'parse_ethernet': key is 86dd
[16:44:22.275] [bmv2] [T] [thread 49148] [22.0] [cxt 0] Bytes parsed: 14
[16:44:22.275] [bmv2] [D] [thread 49148] [22.0] [cxt 0] Parser 'parser' entering state 'parse_ipv4'
[16:44:22.275] [bmv2] [D] [thread 49148] [22.0] [cxt 0] Extracting header 'ipv4'
[16:44:22.275] [bmv2] [D] [thread 49148] [22.0] [cxt 0] Parser state 'parse_ipv4': key is 80
[16:44:22.275] [bmv2] [T] [thread 49148] [22.0] [cxt 0] Bytes parsed: 34
[16:44:22.275] [bmv2] [T] [thread 49148] [22.0] [cxt 0] Skipping checksum 'cksum_0' verification because condition not met
[16:44:22.275] [bmv2] [D] [thread 49148] [22.0] [cxt 0] Parser 'parser': end
[16:44:22.275] [bmv2] [D] [thread 49148] [22.0] [cxt 0] Pipeline 'ingress': start
[16:44:22.275] [bmv2] [T] [thread 49148] [22.0] [cxt 0] ../../P4_code/compare_dht_forward.p4(243) Condition "hdr.ipv4.isValid()" (node_2) is true
[16:44:22.275] [bmv2] [T] [thread 49148] [22.0] [cxt 0] Applying table 'ThisIngress.ipv4_lpm'
[16:44:22.275] [bmv2] [D] [thread 49148] [22.0] [cxt 0] Looking up key:
* hdr.ipv4.dstAddr    : 687c6cff

[16:44:22.275] [bmv2] [D] [thread 49148] [22.0] [cxt 0] Table 'ThisIngress.ipv4_lpm': miss
[16:44:22.275] [bmv2] [D] [thread 49148] [22.0] [cxt 0] Action entry is ThisIngress.my_drop - 
[16:44:22.275] [bmv2] [T] [thread 49148] [22.0] [cxt 0] Action ThisIngress.my_drop
[16:44:22.275] [bmv2] [T] [thread 49148] [22.0] [cxt 0] ../../P4_code/compare_dht_forward.p4(172) Primitive mark_to_drop(standard_metadata)
[16:44:22.275] [bmv2] [T] [thread 49148] [22.0] [cxt 0] ../../P4_code/compare_dht_forward.p4(247) Condition "hdr.dht.isValid()" (node_4) is false
[16:44:22.275] [bmv2] [D] [thread 49148] [22.0] [cxt 0] Pipeline 'ingress': end
[16:44:22.275] [bmv2] [D] [thread 49148] [22.0] [cxt 0] Egress port is 511
[16:44:22.275] [bmv2] [D] [thread 49148] [22.0] [cxt 0] Dropping packet at the end of ingress
open: No such file or directory
open: No such file or directory
open: No such file or directory
open: No such file or directory
open: No such file or directory
open: No such file or directory
open: No such file or directory
open: No such file or directory
open: No such file or directory
open: No such file or directory
open: No such file or directory
open: No such file or directory
open: No such file or directory
open: No such file or directory
open: No such file or directory
open: No such file or directory
open: No such file or directory
open: No such file or directory
open: No such file or directory
open: No such file or directory
open: No such file or directory
open: No such file or directory
open: No such file or directory
open: No such file or directory
open: No such file or directory
open: No such file or directory
open: No such file or directory
open: No such file or directory
