Calling target program-options parser
[16:43:15.043] [bmv2] [D] [thread 49155] Set default default entry for table 'ThisIngress.ipv4_lpm': ThisIngress.my_drop - 
[16:43:15.044] [bmv2] [D] [thread 49155] Set default default entry for table 'tbl_first_contact': ThisIngress.first_contact - 
[16:43:15.044] [bmv2] [D] [thread 49155] Set default default entry for table 'tbl_send_to_controller_simple': ThisIngress.send_to_controller_simple - 
[16:43:15.044] [bmv2] [D] [thread 49155] Set default default entry for table 'ThisIngress.no_hop_lookup': NoAction - 
[16:43:15.044] [bmv2] [D] [thread 49155] Set default default entry for table 'tbl_compare_dht_forward258': compare_dht_forward258 - 
[16:43:15.044] [bmv2] [D] [thread 49155] Set default default entry for table 'tbl_compare_dht_forward261': compare_dht_forward261 - 
[16:43:15.044] [bmv2] [D] [thread 49155] Set default default entry for table 'tbl_send_to_controller_simple_0': ThisIngress.send_to_controller_simple - 
Adding interface s_i-eth1 as port 1
[16:43:15.044] [bmv2] [D] [thread 49155] Adding interface s_i-eth1 as port 1
Adding interface s_i-eth2 as port 2
[16:43:15.074] [bmv2] [D] [thread 49155] Adding interface s_i-eth2 as port 2
Adding interface s_i-eth3 as port 3
[16:43:15.108] [bmv2] [D] [thread 49155] Adding interface s_i-eth3 as port 3
Adding interface s_i-eth4 as port 4
[16:43:15.143] [bmv2] [D] [thread 49155] Adding interface s_i-eth4 as port 4
Server listening on 0.0.0.0:50059
[16:43:15.181] [bmv2] [I] [thread 49155] Starting Thrift server on port 9098
[16:43:15.181] [bmv2] [I] [thread 49155] Thrift server was started
[16:43:15.207] [bmv2] [D] [thread 49165] [0.0] [cxt 0] Processing packet received on port 1
[16:43:15.207] [bmv2] [D] [thread 49165] [0.0] [cxt 0] Parser 'parser': start
[16:43:15.207] [bmv2] [D] [thread 49165] [0.0] [cxt 0] Parser 'parser' entering state 'start'
[16:43:15.207] [bmv2] [D] [thread 49165] [0.0] [cxt 0] Parser state 'start': key is 0001
[16:43:15.207] [bmv2] [T] [thread 49165] [0.0] [cxt 0] Bytes parsed: 0
[16:43:15.207] [bmv2] [D] [thread 49165] [0.0] [cxt 0] Parser 'parser' entering state 'parse_ethernet'
[16:43:15.207] [bmv2] [D] [thread 49165] [0.0] [cxt 0] Extracting header 'ethernet'
[16:43:15.207] [bmv2] [D] [thread 49165] [0.0] [cxt 0] Parser state 'parse_ethernet': key is 86dd
[16:43:15.207] [bmv2] [T] [thread 49165] [0.0] [cxt 0] Bytes parsed: 14
[16:43:15.207] [bmv2] [D] [thread 49165] [0.0] [cxt 0] Parser 'parser' entering state 'parse_ipv4'
[16:43:15.207] [bmv2] [D] [thread 49165] [0.0] [cxt 0] Extracting header 'ipv4'
[16:43:15.207] [bmv2] [D] [thread 49165] [0.0] [cxt 0] Parser state 'parse_ipv4': key is 80
[16:43:15.207] [bmv2] [T] [thread 49165] [0.0] [cxt 0] Bytes parsed: 34
[16:43:15.207] [bmv2] [T] [thread 49165] [0.0] [cxt 0] Skipping checksum 'cksum_0' verification because condition not met
[16:43:15.207] [bmv2] [D] [thread 49165] [0.0] [cxt 0] Parser 'parser': end
[16:43:15.207] [bmv2] [D] [thread 49165] [0.0] [cxt 0] Pipeline 'ingress': start
[16:43:15.207] [bmv2] [T] [thread 49165] [0.0] [cxt 0] ../../P4_code/compare_dht_forward.p4(243) Condition "hdr.ipv4.isValid()" (node_2) is true
[16:43:15.207] [bmv2] [T] [thread 49165] [0.0] [cxt 0] Applying table 'ThisIngress.ipv4_lpm'
[16:43:15.207] [bmv2] [D] [thread 49165] [0.0] [cxt 0] Looking up key:
* hdr.ipv4.dstAddr    : 7c1a5eff

[16:43:15.207] [bmv2] [D] [thread 49165] [0.0] [cxt 0] Table 'ThisIngress.ipv4_lpm': miss
[16:43:15.207] [bmv2] [D] [thread 49165] [0.0] [cxt 0] Action entry is ThisIngress.my_drop - 
[16:43:15.207] [bmv2] [T] [thread 49165] [0.0] [cxt 0] Action ThisIngress.my_drop
[16:43:15.207] [bmv2] [T] [thread 49165] [0.0] [cxt 0] ../../P4_code/compare_dht_forward.p4(172) Primitive mark_to_drop(standard_metadata)
[16:43:15.207] [bmv2] [T] [thread 49165] [0.0] [cxt 0] ../../P4_code/compare_dht_forward.p4(247) Condition "hdr.dht.isValid()" (node_4) is false
[16:43:15.207] [bmv2] [D] [thread 49165] [0.0] [cxt 0] Pipeline 'ingress': end
[16:43:15.207] [bmv2] [D] [thread 49165] [0.0] [cxt 0] Egress port is 511
[16:43:15.207] [bmv2] [D] [thread 49165] [0.0] [cxt 0] Dropping packet at the end of ingress
[16:43:15.207] [bmv2] [D] [thread 49165] [1.0] [cxt 0] Processing packet received on port 2
[16:43:15.207] [bmv2] [D] [thread 49165] [1.0] [cxt 0] Parser 'parser': start
[16:43:15.207] [bmv2] [D] [thread 49165] [1.0] [cxt 0] Parser 'parser' entering state 'start'
[16:43:15.207] [bmv2] [D] [thread 49165] [1.0] [cxt 0] Parser state 'start': key is 0002
[16:43:15.207] [bmv2] [T] [thread 49165] [1.0] [cxt 0] Bytes parsed: 0
[16:43:15.207] [bmv2] [D] [thread 49165] [1.0] [cxt 0] Parser 'parser' entering state 'parse_ethernet'
[16:43:15.207] [bmv2] [D] [thread 49165] [1.0] [cxt 0] Extracting header 'ethernet'
[16:43:15.207] [bmv2] [D] [thread 49165] [1.0] [cxt 0] Parser state 'parse_ethernet': key is 86dd
[16:43:15.207] [bmv2] [T] [thread 49165] [1.0] [cxt 0] Bytes parsed: 14
[16:43:15.207] [bmv2] [D] [thread 49165] [1.0] [cxt 0] Parser 'parser' entering state 'parse_ipv4'
[16:43:15.207] [bmv2] [D] [thread 49165] [1.0] [cxt 0] Extracting header 'ipv4'
[16:43:15.207] [bmv2] [D] [thread 49165] [1.0] [cxt 0] Parser state 'parse_ipv4': key is 80
[16:43:15.207] [bmv2] [T] [thread 49165] [1.0] [cxt 0] Bytes parsed: 34
[16:43:15.207] [bmv2] [T] [thread 49165] [1.0] [cxt 0] Skipping checksum 'cksum_0' verification because condition not met
[16:43:15.207] [bmv2] [D] [thread 49165] [1.0] [cxt 0] Parser 'parser': end
[16:43:15.207] [bmv2] [D] [thread 49165] [1.0] [cxt 0] Pipeline 'ingress': start
[16:43:15.207] [bmv2] [T] [thread 49165] [1.0] [cxt 0] ../../P4_code/compare_dht_forward.p4(243) Condition "hdr.ipv4.isValid()" (node_2) is true
[16:43:15.207] [bmv2] [T] [thread 49165] [1.0] [cxt 0] Applying table 'ThisIngress.ipv4_lpm'
[16:43:15.207] [bmv2] [D] [thread 49165] [1.0] [cxt 0] Looking up key:
* hdr.ipv4.dstAddr    : c07d39ff

[16:43:15.207] [bmv2] [D] [thread 49165] [1.0] [cxt 0] Table 'ThisIngress.ipv4_lpm': miss
[16:43:15.207] [bmv2] [D] [thread 49165] [1.0] [cxt 0] Action entry is ThisIngress.my_drop - 
[16:43:15.207] [bmv2] [T] [thread 49165] [1.0] [cxt 0] Action ThisIngress.my_drop
[16:43:15.207] [bmv2] [T] [thread 49165] [1.0] [cxt 0] ../../P4_code/compare_dht_forward.p4(172) Primitive mark_to_drop(standard_metadata)
[16:43:15.207] [bmv2] [T] [thread 49165] [1.0] [cxt 0] ../../P4_code/compare_dht_forward.p4(247) Condition "hdr.dht.isValid()" (node_4) is false
[16:43:15.207] [bmv2] [D] [thread 49165] [1.0] [cxt 0] Pipeline 'ingress': end
[16:43:15.207] [bmv2] [D] [thread 49165] [1.0] [cxt 0] Egress port is 511
[16:43:15.207] [bmv2] [D] [thread 49165] [1.0] [cxt 0] Dropping packet at the end of ingress
[16:43:15.207] [bmv2] [D] [thread 49165] [2.0] [cxt 0] Processing packet received on port 1
[16:43:15.207] [bmv2] [D] [thread 49165] [2.0] [cxt 0] Parser 'parser': start
[16:43:15.207] [bmv2] [D] [thread 49165] [2.0] [cxt 0] Parser 'parser' entering state 'start'
[16:43:15.207] [bmv2] [D] [thread 49165] [2.0] [cxt 0] Parser state 'start': key is 0001
[16:43:15.207] [bmv2] [T] [thread 49165] [2.0] [cxt 0] Bytes parsed: 0
[16:43:15.207] [bmv2] [D] [thread 49165] [2.0] [cxt 0] Parser 'parser' entering state 'parse_ethernet'
[16:43:15.207] [bmv2] [D] [thread 49165] [2.0] [cxt 0] Extracting header 'ethernet'
[16:43:15.207] [bmv2] [D] [thread 49165] [2.0] [cxt 0] Parser state 'parse_ethernet': key is 86dd
[16:43:15.207] [bmv2] [T] [thread 49165] [2.0] [cxt 0] Bytes parsed: 14
[16:43:15.207] [bmv2] [D] [thread 49165] [2.0] [cxt 0] Parser 'parser' entering state 'parse_ipv4'
[16:43:15.207] [bmv2] [D] [thread 49165] [2.0] [cxt 0] Extracting header 'ipv4'
[16:43:15.207] [bmv2] [D] [thread 49165] [2.0] [cxt 0] Parser state 'parse_ipv4': key is 80
[16:43:15.207] [bmv2] [T] [thread 49165] [2.0] [cxt 0] Bytes parsed: 34
[16:43:15.207] [bmv2] [T] [thread 49165] [2.0] [cxt 0] Skipping checksum 'cksum_0' verification because condition not met
[16:43:15.207] [bmv2] [D] [thread 49165] [2.0] [cxt 0] Parser 'parser': end
[16:43:15.207] [bmv2] [D] [thread 49165] [2.0] [cxt 0] Pipeline 'ingress': start
[16:43:15.207] [bmv2] [T] [thread 49165] [2.0] [cxt 0] ../../P4_code/compare_dht_forward.p4(243) Condition "hdr.ipv4.isValid()" (node_2) is true
[16:43:15.207] [bmv2] [T] [thread 49165] [2.0] [cxt 0] Applying table 'ThisIngress.ipv4_lpm'
[16:43:15.207] [bmv2] [D] [thread 49165] [2.0] [cxt 0] Looking up key:
* hdr.ipv4.dstAddr    : f840b5ff

[16:43:15.207] [bmv2] [D] [thread 49165] [2.0] [cxt 0] Table 'ThisIngress.ipv4_lpm': miss
[16:43:15.207] [bmv2] [D] [thread 49165] [2.0] [cxt 0] Action entry is ThisIngress.my_drop - 
[16:43:15.207] [bmv2] [T] [thread 49165] [2.0] [cxt 0] Action ThisIngress.my_drop
[16:43:15.207] [bmv2] [T] [thread 49165] [2.0] [cxt 0] ../../P4_code/compare_dht_forward.p4(172) Primitive mark_to_drop(standard_metadata)
[16:43:15.207] [bmv2] [T] [thread 49165] [2.0] [cxt 0] ../../P4_code/compare_dht_forward.p4(247) Condition "hdr.dht.isValid()" (node_4) is false
[16:43:15.207] [bmv2] [D] [thread 49165] [2.0] [cxt 0] Pipeline 'ingress': end
[16:43:15.207] [bmv2] [D] [thread 49165] [2.0] [cxt 0] Egress port is 511
[16:43:15.207] [bmv2] [D] [thread 49165] [2.0] [cxt 0] Dropping packet at the end of ingress
[16:43:15.718] [bmv2] [D] [thread 49165] [3.0] [cxt 0] Processing packet received on port 2
[16:43:15.718] [bmv2] [D] [thread 49165] [3.0] [cxt 0] Parser 'parser': start
[16:43:15.718] [bmv2] [D] [thread 49165] [3.0] [cxt 0] Parser 'parser' entering state 'start'
[16:43:15.718] [bmv2] [D] [thread 49165] [3.0] [cxt 0] Parser state 'start': key is 0002
[16:43:15.718] [bmv2] [T] [thread 49165] [3.0] [cxt 0] Bytes parsed: 0
[16:43:15.718] [bmv2] [D] [thread 49165] [3.0] [cxt 0] Parser 'parser' entering state 'parse_ethernet'
[16:43:15.718] [bmv2] [D] [thread 49165] [3.0] [cxt 0] Extracting header 'ethernet'
[16:43:15.718] [bmv2] [D] [thread 49165] [3.0] [cxt 0] Parser state 'parse_ethernet': key is 86dd
[16:43:15.718] [bmv2] [T] [thread 49165] [3.0] [cxt 0] Bytes parsed: 14
[16:43:15.718] [bmv2] [D] [thread 49165] [3.0] [cxt 0] Parser 'parser' entering state 'parse_ipv4'
[16:43:15.718] [bmv2] [D] [thread 49165] [3.0] [cxt 0] Extracting header 'ipv4'
[16:43:15.718] [bmv2] [D] [thread 49165] [3.0] [cxt 0] Parser state 'parse_ipv4': key is 80
[16:43:15.718] [bmv2] [T] [thread 49165] [3.0] [cxt 0] Bytes parsed: 34
[16:43:15.718] [bmv2] [T] [thread 49165] [3.0] [cxt 0] Skipping checksum 'cksum_0' verification because condition not met
[16:43:15.718] [bmv2] [D] [thread 49165] [3.0] [cxt 0] Parser 'parser': end
[16:43:15.718] [bmv2] [D] [thread 49165] [3.0] [cxt 0] Pipeline 'ingress': start
[16:43:15.718] [bmv2] [T] [thread 49165] [3.0] [cxt 0] ../../P4_code/compare_dht_forward.p4(243) Condition "hdr.ipv4.isValid()" (node_2) is true
[16:43:15.718] [bmv2] [T] [thread 49165] [3.0] [cxt 0] Applying table 'ThisIngress.ipv4_lpm'
[16:43:15.718] [bmv2] [D] [thread 49165] [3.0] [cxt 0] Looking up key:
* hdr.ipv4.dstAddr    : 0c7972ff

[16:43:15.718] [bmv2] [D] [thread 49165] [3.0] [cxt 0] Table 'ThisIngress.ipv4_lpm': miss
[16:43:15.718] [bmv2] [D] [thread 49165] [3.0] [cxt 0] Action entry is ThisIngress.my_drop - 
[16:43:15.718] [bmv2] [T] [thread 49165] [3.0] [cxt 0] Action ThisIngress.my_drop
[16:43:15.718] [bmv2] [T] [thread 49165] [3.0] [cxt 0] ../../P4_code/compare_dht_forward.p4(172) Primitive mark_to_drop(standard_metadata)
[16:43:15.718] [bmv2] [T] [thread 49165] [3.0] [cxt 0] ../../P4_code/compare_dht_forward.p4(247) Condition "hdr.dht.isValid()" (node_4) is false
[16:43:15.718] [bmv2] [D] [thread 49165] [3.0] [cxt 0] Pipeline 'ingress': end
[16:43:15.718] [bmv2] [D] [thread 49165] [3.0] [cxt 0] Egress port is 511
[16:43:15.718] [bmv2] [D] [thread 49165] [3.0] [cxt 0] Dropping packet at the end of ingress
[16:43:17.549] [bmv2] [W] [thread 49265] [P4Runtime] p4::tmp::P4DeviceConfig is deprecated
[16:43:17.552] [bmv2] [D] [thread 49265] Set default default entry for table 'ThisIngress.ipv4_lpm': ThisIngress.my_drop - 
[16:43:17.552] [bmv2] [D] [thread 49265] Set default default entry for table 'tbl_first_contact': ThisIngress.first_contact - 
[16:43:17.552] [bmv2] [D] [thread 49265] Set default default entry for table 'tbl_send_to_controller_simple': ThisIngress.send_to_controller_simple - 
[16:43:17.552] [bmv2] [D] [thread 49265] Set default default entry for table 'ThisIngress.no_hop_lookup': NoAction - 
[16:43:17.552] [bmv2] [D] [thread 49265] Set default default entry for table 'tbl_compare_dht_forward258': compare_dht_forward258 - 
[16:43:17.552] [bmv2] [D] [thread 49265] Set default default entry for table 'tbl_compare_dht_forward261': compare_dht_forward261 - 
[16:43:17.552] [bmv2] [D] [thread 49265] Set default default entry for table 'tbl_send_to_controller_simple_0': ThisIngress.send_to_controller_simple - 
[16:43:17.555] [bmv2] [D] [thread 49265] simple_switch target has been notified of a config swap
[16:43:17.559] [bmv2] [D] [thread 49266] Entry 0 added to table 'ThisIngress.no_hop_lookup'
[16:43:17.559] [bmv2] [D] [thread 49266] Dumping entry 0
Match key:
* hdr.dht.group_id    : EXACT     01
* hdr.dht.id          : RANGE     14 -> 17
Priority: 2147483646
Action entry: ThisIngress.no_hop_forward - 3,

[16:43:17.564] [bmv2] [D] [thread 49265] Entry 1 added to table 'ThisIngress.no_hop_lookup'
[16:43:17.564] [bmv2] [D] [thread 49265] Dumping entry 1
Match key:
* hdr.dht.group_id    : EXACT     01
* hdr.dht.id          : RANGE     17 -> 1c
Priority: 2147483646
Action entry: ThisIngress.no_hop_forward - 4,

[16:43:17.567] [bmv2] [D] [thread 49266] Entry 2 added to table 'ThisIngress.no_hop_lookup'
[16:43:17.568] [bmv2] [D] [thread 49266] Dumping entry 2
Match key:
* hdr.dht.group_id    : EXACT     01
* hdr.dht.id          : RANGE     00 -> 21
Priority: 2147483646
Action entry: ThisIngress.no_hop_forward - 2,

[16:43:17.571] [bmv2] [D] [thread 49265] Entry 0 added to table 'ThisIngress.ipv4_lpm'
[16:43:17.571] [bmv2] [D] [thread 49265] Dumping entry 0
Match key:
* hdr.ipv4.dstAddr    : LPM       0a000202/32
Action entry: ThisIngress.ipv4_forward - 80000000133,1,

[16:43:17.574] [bmv2] [D] [thread 49266] Entry 1 added to table 'ThisIngress.ipv4_lpm'
[16:43:17.574] [bmv2] [D] [thread 49266] Dumping entry 1
Match key:
* hdr.ipv4.dstAddr    : LPM       0a000303/32
Action entry: ThisIngress.ipv4_forward - 80000000133,1,

[16:43:17.579] [bmv2] [D] [thread 49265] Entry 2 added to table 'ThisIngress.ipv4_lpm'
[16:43:17.579] [bmv2] [D] [thread 49265] Dumping entry 2
Match key:
* hdr.ipv4.dstAddr    : LPM       0a000404/32
Action entry: ThisIngress.ipv4_forward - 80000000133,1,

[16:43:17.582] [bmv2] [D] [thread 49266] Entry 3 added to table 'ThisIngress.ipv4_lpm'
[16:43:17.582] [bmv2] [D] [thread 49266] Dumping entry 3
Match key:
* hdr.ipv4.dstAddr    : LPM       0a000505/32
Action entry: ThisIngress.ipv4_forward - 80000000133,1,

[16:43:17.589] [bmv2] [D] [thread 49265] Entry 4 added to table 'ThisIngress.ipv4_lpm'
[16:43:17.589] [bmv2] [D] [thread 49265] Dumping entry 4
Match key:
* hdr.ipv4.dstAddr    : LPM       0a000606/32
Action entry: ThisIngress.ipv4_forward - 80000000133,1,

[16:43:17.598] [bmv2] [D] [thread 49266] Entry 5 added to table 'ThisIngress.ipv4_lpm'
[16:43:17.598] [bmv2] [D] [thread 49266] Dumping entry 5
Match key:
* hdr.ipv4.dstAddr    : LPM       0a000707/32
Action entry: ThisIngress.ipv4_forward - 80000000133,1,

[16:43:17.603] [bmv2] [D] [thread 49265] Entry 6 added to table 'ThisIngress.ipv4_lpm'
[16:43:17.603] [bmv2] [D] [thread 49265] Dumping entry 6
Match key:
* hdr.ipv4.dstAddr    : LPM       0a000808/32
Action entry: ThisIngress.ipv4_forward - 80000000888,3,

[16:43:17.607] [bmv2] [D] [thread 49266] Entry 7 added to table 'ThisIngress.ipv4_lpm'
[16:43:17.607] [bmv2] [D] [thread 49266] Dumping entry 7
Match key:
* hdr.ipv4.dstAddr    : LPM       0a000909/32
Action entry: ThisIngress.ipv4_forward - 80000000999,4,

[16:43:17.617] [bmv2] [D] [thread 49265] Entry 8 added to table 'ThisIngress.ipv4_lpm'
[16:43:17.617] [bmv2] [D] [thread 49265] Dumping entry 8
Match key:
* hdr.ipv4.dstAddr    : LPM       0a000101/32
Action entry: ThisIngress.ipv4_forward - 80000000133,1,

[16:43:22.630] [bmv2] [D] [thread 49165] [4.0] [cxt 0] Processing packet received on port 3
[16:43:22.630] [bmv2] [D] [thread 49165] [4.0] [cxt 0] Parser 'parser': start
[16:43:22.630] [bmv2] [D] [thread 49165] [4.0] [cxt 0] Parser 'parser' entering state 'start'
[16:43:22.631] [bmv2] [D] [thread 49165] [4.0] [cxt 0] Parser state 'start': key is 0003
[16:43:22.631] [bmv2] [T] [thread 49165] [4.0] [cxt 0] Bytes parsed: 0
[16:43:22.631] [bmv2] [D] [thread 49165] [4.0] [cxt 0] Parser 'parser' entering state 'parse_ethernet'
[16:43:22.631] [bmv2] [D] [thread 49165] [4.0] [cxt 0] Extracting header 'ethernet'
[16:43:22.631] [bmv2] [D] [thread 49165] [4.0] [cxt 0] Parser state 'parse_ethernet': key is 86dd
[16:43:22.631] [bmv2] [T] [thread 49165] [4.0] [cxt 0] Bytes parsed: 14
[16:43:22.631] [bmv2] [D] [thread 49165] [4.0] [cxt 0] Parser 'parser' entering state 'parse_ipv4'
[16:43:22.631] [bmv2] [D] [thread 49165] [4.0] [cxt 0] Extracting header 'ipv4'
[16:43:22.631] [bmv2] [D] [thread 49165] [4.0] [cxt 0] Parser state 'parse_ipv4': key is 80
[16:43:22.631] [bmv2] [T] [thread 49165] [4.0] [cxt 0] Bytes parsed: 34
[16:43:22.631] [bmv2] [T] [thread 49165] [4.0] [cxt 0] Skipping checksum 'cksum_0' verification because condition not met
[16:43:22.631] [bmv2] [D] [thread 49165] [4.0] [cxt 0] Parser 'parser': end
[16:43:22.631] [bmv2] [D] [thread 49165] [4.0] [cxt 0] Pipeline 'ingress': start
[16:43:22.631] [bmv2] [T] [thread 49165] [4.0] [cxt 0] ../../P4_code/compare_dht_forward.p4(243) Condition "hdr.ipv4.isValid()" (node_2) is true
[16:43:22.631] [bmv2] [T] [thread 49165] [4.0] [cxt 0] Applying table 'ThisIngress.ipv4_lpm'
[16:43:22.631] [bmv2] [D] [thread 49165] [4.0] [cxt 0] Looking up key:
* hdr.ipv4.dstAddr    : a8e079ff

[16:43:22.631] [bmv2] [D] [thread 49165] [4.0] [cxt 0] Table 'ThisIngress.ipv4_lpm': miss
[16:43:22.631] [bmv2] [D] [thread 49165] [4.0] [cxt 0] Action entry is ThisIngress.my_drop - 
[16:43:22.631] [bmv2] [T] [thread 49165] [4.0] [cxt 0] Action ThisIngress.my_drop
[16:43:22.631] [bmv2] [T] [thread 49165] [4.0] [cxt 0] ../../P4_code/compare_dht_forward.p4(172) Primitive mark_to_drop(standard_metadata)
[16:43:22.631] [bmv2] [T] [thread 49165] [4.0] [cxt 0] ../../P4_code/compare_dht_forward.p4(247) Condition "hdr.dht.isValid()" (node_4) is false
[16:43:22.631] [bmv2] [D] [thread 49165] [4.0] [cxt 0] Pipeline 'ingress': end
[16:43:22.631] [bmv2] [D] [thread 49165] [4.0] [cxt 0] Egress port is 511
[16:43:22.631] [bmv2] [D] [thread 49165] [4.0] [cxt 0] Dropping packet at the end of ingress
[16:43:22.887] [bmv2] [D] [thread 49165] [5.0] [cxt 0] Processing packet received on port 2
[16:43:22.887] [bmv2] [D] [thread 49165] [5.0] [cxt 0] Parser 'parser': start
[16:43:22.887] [bmv2] [D] [thread 49165] [5.0] [cxt 0] Parser 'parser' entering state 'start'
[16:43:22.887] [bmv2] [D] [thread 49165] [5.0] [cxt 0] Parser state 'start': key is 0002
[16:43:22.887] [bmv2] [T] [thread 49165] [5.0] [cxt 0] Bytes parsed: 0
[16:43:22.887] [bmv2] [D] [thread 49165] [5.0] [cxt 0] Parser 'parser' entering state 'parse_ethernet'
[16:43:22.887] [bmv2] [D] [thread 49165] [5.0] [cxt 0] Extracting header 'ethernet'
[16:43:22.887] [bmv2] [D] [thread 49165] [5.0] [cxt 0] Parser state 'parse_ethernet': key is 86dd
[16:43:22.887] [bmv2] [T] [thread 49165] [5.0] [cxt 0] Bytes parsed: 14
[16:43:22.887] [bmv2] [D] [thread 49165] [5.0] [cxt 0] Parser 'parser' entering state 'parse_ipv4'
[16:43:22.887] [bmv2] [D] [thread 49165] [5.0] [cxt 0] Extracting header 'ipv4'
[16:43:22.887] [bmv2] [D] [thread 49165] [5.0] [cxt 0] Parser state 'parse_ipv4': key is 80
[16:43:22.887] [bmv2] [T] [thread 49165] [5.0] [cxt 0] Bytes parsed: 34
[16:43:22.887] [bmv2] [T] [thread 49165] [5.0] [cxt 0] Skipping checksum 'cksum_0' verification because condition not met
[16:43:22.887] [bmv2] [D] [thread 49165] [5.0] [cxt 0] Parser 'parser': end
[16:43:22.887] [bmv2] [D] [thread 49165] [5.0] [cxt 0] Pipeline 'ingress': start
[16:43:22.888] [bmv2] [T] [thread 49165] [5.0] [cxt 0] ../../P4_code/compare_dht_forward.p4(243) Condition "hdr.ipv4.isValid()" (node_2) is true
[16:43:22.888] [bmv2] [T] [thread 49165] [5.0] [cxt 0] Applying table 'ThisIngress.ipv4_lpm'
[16:43:22.888] [bmv2] [D] [thread 49165] [5.0] [cxt 0] Looking up key:
* hdr.ipv4.dstAddr    : c07d39ff

[16:43:22.888] [bmv2] [D] [thread 49165] [5.0] [cxt 0] Table 'ThisIngress.ipv4_lpm': miss
[16:43:22.888] [bmv2] [D] [thread 49165] [5.0] [cxt 0] Action entry is ThisIngress.my_drop - 
[16:43:22.888] [bmv2] [T] [thread 49165] [5.0] [cxt 0] Action ThisIngress.my_drop
[16:43:22.888] [bmv2] [T] [thread 49165] [5.0] [cxt 0] ../../P4_code/compare_dht_forward.p4(172) Primitive mark_to_drop(standard_metadata)
[16:43:22.888] [bmv2] [T] [thread 49165] [5.0] [cxt 0] ../../P4_code/compare_dht_forward.p4(247) Condition "hdr.dht.isValid()" (node_4) is false
[16:43:22.888] [bmv2] [D] [thread 49165] [5.0] [cxt 0] Pipeline 'ingress': end
[16:43:22.888] [bmv2] [D] [thread 49165] [5.0] [cxt 0] Egress port is 511
[16:43:22.888] [bmv2] [D] [thread 49165] [5.0] [cxt 0] Dropping packet at the end of ingress
[16:43:22.888] [bmv2] [D] [thread 49165] [6.0] [cxt 0] Processing packet received on port 4
[16:43:22.888] [bmv2] [D] [thread 49165] [6.0] [cxt 0] Parser 'parser': start
[16:43:22.888] [bmv2] [D] [thread 49165] [6.0] [cxt 0] Parser 'parser' entering state 'start'
[16:43:22.888] [bmv2] [D] [thread 49165] [6.0] [cxt 0] Parser state 'start': key is 0004
[16:43:22.888] [bmv2] [T] [thread 49165] [6.0] [cxt 0] Bytes parsed: 0
[16:43:22.888] [bmv2] [D] [thread 49165] [6.0] [cxt 0] Parser 'parser' entering state 'parse_ethernet'
[16:43:22.888] [bmv2] [D] [thread 49165] [6.0] [cxt 0] Extracting header 'ethernet'
[16:43:22.888] [bmv2] [D] [thread 49165] [6.0] [cxt 0] Parser state 'parse_ethernet': key is 86dd
[16:43:22.888] [bmv2] [T] [thread 49165] [6.0] [cxt 0] Bytes parsed: 14
[16:43:22.888] [bmv2] [D] [thread 49165] [6.0] [cxt 0] Parser 'parser' entering state 'parse_ipv4'
[16:43:22.888] [bmv2] [D] [thread 49165] [6.0] [cxt 0] Extracting header 'ipv4'
[16:43:22.888] [bmv2] [D] [thread 49165] [6.0] [cxt 0] Parser state 'parse_ipv4': key is 80
[16:43:22.888] [bmv2] [T] [thread 49165] [6.0] [cxt 0] Bytes parsed: 34
[16:43:22.888] [bmv2] [T] [thread 49165] [6.0] [cxt 0] Skipping checksum 'cksum_0' verification because condition not met
[16:43:22.888] [bmv2] [D] [thread 49165] [6.0] [cxt 0] Parser 'parser': end
[16:43:22.888] [bmv2] [D] [thread 49165] [6.0] [cxt 0] Pipeline 'ingress': start
[16:43:22.888] [bmv2] [T] [thread 49165] [6.0] [cxt 0] ../../P4_code/compare_dht_forward.p4(243) Condition "hdr.ipv4.isValid()" (node_2) is true
[16:43:22.888] [bmv2] [T] [thread 49165] [6.0] [cxt 0] Applying table 'ThisIngress.ipv4_lpm'
[16:43:22.888] [bmv2] [D] [thread 49165] [6.0] [cxt 0] Looking up key:
* hdr.ipv4.dstAddr    : 5cfaf0ff

[16:43:22.888] [bmv2] [D] [thread 49165] [6.0] [cxt 0] Table 'ThisIngress.ipv4_lpm': miss
[16:43:22.888] [bmv2] [D] [thread 49165] [6.0] [cxt 0] Action entry is ThisIngress.my_drop - 
[16:43:22.888] [bmv2] [T] [thread 49165] [6.0] [cxt 0] Action ThisIngress.my_drop
[16:43:22.888] [bmv2] [T] [thread 49165] [6.0] [cxt 0] ../../P4_code/compare_dht_forward.p4(172) Primitive mark_to_drop(standard_metadata)
[16:43:22.888] [bmv2] [T] [thread 49165] [6.0] [cxt 0] ../../P4_code/compare_dht_forward.p4(247) Condition "hdr.dht.isValid()" (node_4) is false
[16:43:22.888] [bmv2] [D] [thread 49165] [6.0] [cxt 0] Pipeline 'ingress': end
[16:43:22.888] [bmv2] [D] [thread 49165] [6.0] [cxt 0] Egress port is 511
[16:43:22.888] [bmv2] [D] [thread 49165] [6.0] [cxt 0] Dropping packet at the end of ingress
[16:43:23.142] [bmv2] [D] [thread 49165] [7.0] [cxt 0] Processing packet received on port 1
[16:43:23.142] [bmv2] [D] [thread 49165] [7.0] [cxt 0] Parser 'parser': start
[16:43:23.142] [bmv2] [D] [thread 49165] [7.0] [cxt 0] Parser 'parser' entering state 'start'
[16:43:23.142] [bmv2] [D] [thread 49165] [7.0] [cxt 0] Parser state 'start': key is 0001
[16:43:23.142] [bmv2] [T] [thread 49165] [7.0] [cxt 0] Bytes parsed: 0
[16:43:23.142] [bmv2] [D] [thread 49165] [7.0] [cxt 0] Parser 'parser' entering state 'parse_ethernet'
[16:43:23.142] [bmv2] [D] [thread 49165] [7.0] [cxt 0] Extracting header 'ethernet'
[16:43:23.142] [bmv2] [D] [thread 49165] [7.0] [cxt 0] Parser state 'parse_ethernet': key is 86dd
[16:43:23.142] [bmv2] [T] [thread 49165] [7.0] [cxt 0] Bytes parsed: 14
[16:43:23.142] [bmv2] [D] [thread 49165] [7.0] [cxt 0] Parser 'parser' entering state 'parse_ipv4'
[16:43:23.142] [bmv2] [D] [thread 49165] [7.0] [cxt 0] Extracting header 'ipv4'
[16:43:23.142] [bmv2] [D] [thread 49165] [7.0] [cxt 0] Parser state 'parse_ipv4': key is 80
[16:43:23.142] [bmv2] [T] [thread 49165] [7.0] [cxt 0] Bytes parsed: 34
[16:43:23.142] [bmv2] [T] [thread 49165] [7.0] [cxt 0] Skipping checksum 'cksum_0' verification because condition not met
[16:43:23.142] [bmv2] [D] [thread 49165] [7.0] [cxt 0] Parser 'parser': end
[16:43:23.142] [bmv2] [D] [thread 49165] [7.0] [cxt 0] Pipeline 'ingress': start
[16:43:23.142] [bmv2] [T] [thread 49165] [7.0] [cxt 0] ../../P4_code/compare_dht_forward.p4(243) Condition "hdr.ipv4.isValid()" (node_2) is true
[16:43:23.142] [bmv2] [T] [thread 49165] [7.0] [cxt 0] Applying table 'ThisIngress.ipv4_lpm'
[16:43:23.142] [bmv2] [D] [thread 49165] [7.0] [cxt 0] Looking up key:
* hdr.ipv4.dstAddr    : 7c1a5eff

[16:43:23.142] [bmv2] [D] [thread 49165] [7.0] [cxt 0] Table 'ThisIngress.ipv4_lpm': miss
[16:43:23.142] [bmv2] [D] [thread 49165] [7.0] [cxt 0] Action entry is ThisIngress.my_drop - 
[16:43:23.142] [bmv2] [T] [thread 49165] [7.0] [cxt 0] Action ThisIngress.my_drop
[16:43:23.142] [bmv2] [T] [thread 49165] [7.0] [cxt 0] ../../P4_code/compare_dht_forward.p4(172) Primitive mark_to_drop(standard_metadata)
[16:43:23.142] [bmv2] [T] [thread 49165] [7.0] [cxt 0] ../../P4_code/compare_dht_forward.p4(247) Condition "hdr.dht.isValid()" (node_4) is false
[16:43:23.142] [bmv2] [D] [thread 49165] [7.0] [cxt 0] Pipeline 'ingress': end
[16:43:23.142] [bmv2] [D] [thread 49165] [7.0] [cxt 0] Egress port is 511
[16:43:23.142] [bmv2] [D] [thread 49165] [7.0] [cxt 0] Dropping packet at the end of ingress
[16:43:23.142] [bmv2] [D] [thread 49165] [8.0] [cxt 0] Processing packet received on port 1
[16:43:23.142] [bmv2] [D] [thread 49165] [8.0] [cxt 0] Parser 'parser': start
[16:43:23.142] [bmv2] [D] [thread 49165] [8.0] [cxt 0] Parser 'parser' entering state 'start'
[16:43:23.142] [bmv2] [D] [thread 49165] [8.0] [cxt 0] Parser state 'start': key is 0001
[16:43:23.142] [bmv2] [T] [thread 49165] [8.0] [cxt 0] Bytes parsed: 0
[16:43:23.142] [bmv2] [D] [thread 49165] [8.0] [cxt 0] Parser 'parser' entering state 'parse_ethernet'
[16:43:23.142] [bmv2] [D] [thread 49165] [8.0] [cxt 0] Extracting header 'ethernet'
[16:43:23.142] [bmv2] [D] [thread 49165] [8.0] [cxt 0] Parser state 'parse_ethernet': key is 86dd
[16:43:23.142] [bmv2] [T] [thread 49165] [8.0] [cxt 0] Bytes parsed: 14
[16:43:23.142] [bmv2] [D] [thread 49165] [8.0] [cxt 0] Parser 'parser' entering state 'parse_ipv4'
[16:43:23.142] [bmv2] [D] [thread 49165] [8.0] [cxt 0] Extracting header 'ipv4'
[16:43:23.142] [bmv2] [D] [thread 49165] [8.0] [cxt 0] Parser state 'parse_ipv4': key is 80
[16:43:23.142] [bmv2] [T] [thread 49165] [8.0] [cxt 0] Bytes parsed: 34
[16:43:23.142] [bmv2] [T] [thread 49165] [8.0] [cxt 0] Skipping checksum 'cksum_0' verification because condition not met
[16:43:23.142] [bmv2] [D] [thread 49165] [8.0] [cxt 0] Parser 'parser': end
[16:43:23.142] [bmv2] [D] [thread 49165] [8.0] [cxt 0] Pipeline 'ingress': start
[16:43:23.142] [bmv2] [T] [thread 49165] [8.0] [cxt 0] ../../P4_code/compare_dht_forward.p4(243) Condition "hdr.ipv4.isValid()" (node_2) is true
[16:43:23.142] [bmv2] [T] [thread 49165] [8.0] [cxt 0] Applying table 'ThisIngress.ipv4_lpm'
[16:43:23.142] [bmv2] [D] [thread 49165] [8.0] [cxt 0] Looking up key:
* hdr.ipv4.dstAddr    : f840b5ff

[16:43:23.142] [bmv2] [D] [thread 49165] [8.0] [cxt 0] Table 'ThisIngress.ipv4_lpm': miss
[16:43:23.142] [bmv2] [D] [thread 49165] [8.0] [cxt 0] Action entry is ThisIngress.my_drop - 
[16:43:23.142] [bmv2] [T] [thread 49165] [8.0] [cxt 0] Action ThisIngress.my_drop
[16:43:23.142] [bmv2] [T] [thread 49165] [8.0] [cxt 0] ../../P4_code/compare_dht_forward.p4(172) Primitive mark_to_drop(standard_metadata)
[16:43:23.142] [bmv2] [T] [thread 49165] [8.0] [cxt 0] ../../P4_code/compare_dht_forward.p4(247) Condition "hdr.dht.isValid()" (node_4) is false
[16:43:23.142] [bmv2] [D] [thread 49165] [8.0] [cxt 0] Pipeline 'ingress': end
[16:43:23.142] [bmv2] [D] [thread 49165] [8.0] [cxt 0] Egress port is 511
[16:43:23.142] [bmv2] [D] [thread 49165] [8.0] [cxt 0] Dropping packet at the end of ingress
[16:43:24.419] [bmv2] [D] [thread 49165] [9.0] [cxt 0] Processing packet received on port 2
[16:43:24.419] [bmv2] [D] [thread 49165] [9.0] [cxt 0] Parser 'parser': start
[16:43:24.419] [bmv2] [D] [thread 49165] [9.0] [cxt 0] Parser 'parser' entering state 'start'
[16:43:24.419] [bmv2] [D] [thread 49165] [9.0] [cxt 0] Parser state 'start': key is 0002
[16:43:24.419] [bmv2] [T] [thread 49165] [9.0] [cxt 0] Bytes parsed: 0
[16:43:24.419] [bmv2] [D] [thread 49165] [9.0] [cxt 0] Parser 'parser' entering state 'parse_ethernet'
[16:43:24.419] [bmv2] [D] [thread 49165] [9.0] [cxt 0] Extracting header 'ethernet'
[16:43:24.419] [bmv2] [D] [thread 49165] [9.0] [cxt 0] Parser state 'parse_ethernet': key is 86dd
[16:43:24.419] [bmv2] [T] [thread 49165] [9.0] [cxt 0] Bytes parsed: 14
[16:43:24.419] [bmv2] [D] [thread 49165] [9.0] [cxt 0] Parser 'parser' entering state 'parse_ipv4'
[16:43:24.419] [bmv2] [D] [thread 49165] [9.0] [cxt 0] Extracting header 'ipv4'
[16:43:24.419] [bmv2] [D] [thread 49165] [9.0] [cxt 0] Parser state 'parse_ipv4': key is 80
[16:43:24.419] [bmv2] [T] [thread 49165] [9.0] [cxt 0] Bytes parsed: 34
[16:43:24.419] [bmv2] [T] [thread 49165] [9.0] [cxt 0] Skipping checksum 'cksum_0' verification because condition not met
[16:43:24.419] [bmv2] [D] [thread 49165] [9.0] [cxt 0] Parser 'parser': end
[16:43:24.420] [bmv2] [D] [thread 49165] [9.0] [cxt 0] Pipeline 'ingress': start
[16:43:24.420] [bmv2] [T] [thread 49165] [9.0] [cxt 0] ../../P4_code/compare_dht_forward.p4(243) Condition "hdr.ipv4.isValid()" (node_2) is true
[16:43:24.420] [bmv2] [T] [thread 49165] [9.0] [cxt 0] Applying table 'ThisIngress.ipv4_lpm'
[16:43:24.420] [bmv2] [D] [thread 49165] [9.0] [cxt 0] Looking up key:
* hdr.ipv4.dstAddr    : 0c7972ff

[16:43:24.420] [bmv2] [D] [thread 49165] [9.0] [cxt 0] Table 'ThisIngress.ipv4_lpm': miss
[16:43:24.420] [bmv2] [D] [thread 49165] [9.0] [cxt 0] Action entry is ThisIngress.my_drop - 
[16:43:24.420] [bmv2] [T] [thread 49165] [9.0] [cxt 0] Action ThisIngress.my_drop
[16:43:24.420] [bmv2] [T] [thread 49165] [9.0] [cxt 0] ../../P4_code/compare_dht_forward.p4(172) Primitive mark_to_drop(standard_metadata)
[16:43:24.420] [bmv2] [T] [thread 49165] [9.0] [cxt 0] ../../P4_code/compare_dht_forward.p4(247) Condition "hdr.dht.isValid()" (node_4) is false
[16:43:24.420] [bmv2] [D] [thread 49165] [9.0] [cxt 0] Pipeline 'ingress': end
[16:43:24.420] [bmv2] [D] [thread 49165] [9.0] [cxt 0] Egress port is 511
[16:43:24.420] [bmv2] [D] [thread 49165] [9.0] [cxt 0] Dropping packet at the end of ingress
[16:43:37.986] [bmv2] [D] [thread 49165] [10.0] [cxt 0] Processing packet received on port 3
[16:43:37.986] [bmv2] [D] [thread 49165] [10.0] [cxt 0] Parser 'parser': start
[16:43:37.986] [bmv2] [D] [thread 49165] [10.0] [cxt 0] Parser 'parser' entering state 'start'
[16:43:37.987] [bmv2] [D] [thread 49165] [10.0] [cxt 0] Parser state 'start': key is 0003
[16:43:37.987] [bmv2] [T] [thread 49165] [10.0] [cxt 0] Bytes parsed: 0
[16:43:37.987] [bmv2] [D] [thread 49165] [10.0] [cxt 0] Parser 'parser' entering state 'parse_ethernet'
[16:43:37.987] [bmv2] [D] [thread 49165] [10.0] [cxt 0] Extracting header 'ethernet'
[16:43:37.987] [bmv2] [D] [thread 49165] [10.0] [cxt 0] Parser state 'parse_ethernet': key is 86dd
[16:43:37.987] [bmv2] [T] [thread 49165] [10.0] [cxt 0] Bytes parsed: 14
[16:43:37.987] [bmv2] [D] [thread 49165] [10.0] [cxt 0] Parser 'parser' entering state 'parse_ipv4'
[16:43:37.987] [bmv2] [D] [thread 49165] [10.0] [cxt 0] Extracting header 'ipv4'
[16:43:37.987] [bmv2] [D] [thread 49165] [10.0] [cxt 0] Parser state 'parse_ipv4': key is 80
[16:43:37.987] [bmv2] [T] [thread 49165] [10.0] [cxt 0] Bytes parsed: 34
[16:43:37.987] [bmv2] [T] [thread 49165] [10.0] [cxt 0] Skipping checksum 'cksum_0' verification because condition not met
[16:43:37.987] [bmv2] [D] [thread 49165] [10.0] [cxt 0] Parser 'parser': end
[16:43:37.987] [bmv2] [D] [thread 49165] [10.0] [cxt 0] Pipeline 'ingress': start
[16:43:37.987] [bmv2] [T] [thread 49165] [10.0] [cxt 0] ../../P4_code/compare_dht_forward.p4(243) Condition "hdr.ipv4.isValid()" (node_2) is true
[16:43:37.987] [bmv2] [T] [thread 49165] [10.0] [cxt 0] Applying table 'ThisIngress.ipv4_lpm'
[16:43:37.987] [bmv2] [D] [thread 49165] [10.0] [cxt 0] Looking up key:
* hdr.ipv4.dstAddr    : a8e079ff

[16:43:37.987] [bmv2] [D] [thread 49165] [10.0] [cxt 0] Table 'ThisIngress.ipv4_lpm': miss
[16:43:37.987] [bmv2] [D] [thread 49165] [10.0] [cxt 0] Action entry is ThisIngress.my_drop - 
[16:43:37.987] [bmv2] [T] [thread 49165] [10.0] [cxt 0] Action ThisIngress.my_drop
[16:43:37.987] [bmv2] [T] [thread 49165] [10.0] [cxt 0] ../../P4_code/compare_dht_forward.p4(172) Primitive mark_to_drop(standard_metadata)
[16:43:37.987] [bmv2] [T] [thread 49165] [10.0] [cxt 0] ../../P4_code/compare_dht_forward.p4(247) Condition "hdr.dht.isValid()" (node_4) is false
[16:43:37.987] [bmv2] [D] [thread 49165] [10.0] [cxt 0] Pipeline 'ingress': end
[16:43:37.987] [bmv2] [D] [thread 49165] [10.0] [cxt 0] Egress port is 511
[16:43:37.987] [bmv2] [D] [thread 49165] [10.0] [cxt 0] Dropping packet at the end of ingress
[16:43:38.756] [bmv2] [D] [thread 49165] [11.0] [cxt 0] Processing packet received on port 1
[16:43:38.756] [bmv2] [D] [thread 49165] [11.0] [cxt 0] Parser 'parser': start
[16:43:38.756] [bmv2] [D] [thread 49165] [11.0] [cxt 0] Parser 'parser' entering state 'start'
[16:43:38.756] [bmv2] [D] [thread 49165] [11.0] [cxt 0] Parser state 'start': key is 0001
[16:43:38.756] [bmv2] [T] [thread 49165] [11.0] [cxt 0] Bytes parsed: 0
[16:43:38.756] [bmv2] [D] [thread 49165] [11.0] [cxt 0] Parser 'parser' entering state 'parse_ethernet'
[16:43:38.756] [bmv2] [D] [thread 49165] [11.0] [cxt 0] Extracting header 'ethernet'
[16:43:38.756] [bmv2] [D] [thread 49165] [11.0] [cxt 0] Parser state 'parse_ethernet': key is 86dd
[16:43:38.756] [bmv2] [T] [thread 49165] [11.0] [cxt 0] Bytes parsed: 14
[16:43:38.756] [bmv2] [D] [thread 49165] [11.0] [cxt 0] Parser 'parser' entering state 'parse_ipv4'
[16:43:38.756] [bmv2] [D] [thread 49165] [11.0] [cxt 0] Extracting header 'ipv4'
[16:43:38.756] [bmv2] [D] [thread 49165] [11.0] [cxt 0] Parser state 'parse_ipv4': key is 80
[16:43:38.756] [bmv2] [T] [thread 49165] [11.0] [cxt 0] Bytes parsed: 34
[16:43:38.756] [bmv2] [T] [thread 49165] [11.0] [cxt 0] Skipping checksum 'cksum_0' verification because condition not met
[16:43:38.756] [bmv2] [D] [thread 49165] [11.0] [cxt 0] Parser 'parser': end
[16:43:38.756] [bmv2] [D] [thread 49165] [11.0] [cxt 0] Pipeline 'ingress': start
[16:43:38.756] [bmv2] [T] [thread 49165] [11.0] [cxt 0] ../../P4_code/compare_dht_forward.p4(243) Condition "hdr.ipv4.isValid()" (node_2) is true
[16:43:38.756] [bmv2] [T] [thread 49165] [11.0] [cxt 0] Applying table 'ThisIngress.ipv4_lpm'
[16:43:38.756] [bmv2] [D] [thread 49165] [11.0] [cxt 0] Looking up key:
* hdr.ipv4.dstAddr    : f840b5ff

[16:43:38.756] [bmv2] [D] [thread 49165] [11.0] [cxt 0] Table 'ThisIngress.ipv4_lpm': miss
[16:43:38.756] [bmv2] [D] [thread 49165] [11.0] [cxt 0] Action entry is ThisIngress.my_drop - 
[16:43:38.756] [bmv2] [T] [thread 49165] [11.0] [cxt 0] Action ThisIngress.my_drop
[16:43:38.756] [bmv2] [T] [thread 49165] [11.0] [cxt 0] ../../P4_code/compare_dht_forward.p4(172) Primitive mark_to_drop(standard_metadata)
[16:43:38.756] [bmv2] [T] [thread 49165] [11.0] [cxt 0] ../../P4_code/compare_dht_forward.p4(247) Condition "hdr.dht.isValid()" (node_4) is false
[16:43:38.756] [bmv2] [D] [thread 49165] [11.0] [cxt 0] Pipeline 'ingress': end
[16:43:38.756] [bmv2] [D] [thread 49165] [11.0] [cxt 0] Egress port is 511
[16:43:38.756] [bmv2] [D] [thread 49165] [11.0] [cxt 0] Dropping packet at the end of ingress
[16:43:38.759] [bmv2] [D] [thread 49165] [12.0] [cxt 0] Processing packet received on port 2
[16:43:38.759] [bmv2] [D] [thread 49165] [12.0] [cxt 0] Parser 'parser': start
[16:43:38.759] [bmv2] [D] [thread 49165] [12.0] [cxt 0] Parser 'parser' entering state 'start'
[16:43:38.759] [bmv2] [D] [thread 49165] [12.0] [cxt 0] Parser state 'start': key is 0002
[16:43:38.759] [bmv2] [T] [thread 49165] [12.0] [cxt 0] Bytes parsed: 0
[16:43:38.759] [bmv2] [D] [thread 49165] [12.0] [cxt 0] Parser 'parser' entering state 'parse_ethernet'
[16:43:38.759] [bmv2] [D] [thread 49165] [12.0] [cxt 0] Extracting header 'ethernet'
[16:43:38.759] [bmv2] [D] [thread 49165] [12.0] [cxt 0] Parser state 'parse_ethernet': key is 86dd
[16:43:38.759] [bmv2] [T] [thread 49165] [12.0] [cxt 0] Bytes parsed: 14
[16:43:38.759] [bmv2] [D] [thread 49165] [12.0] [cxt 0] Parser 'parser' entering state 'parse_ipv4'
[16:43:38.759] [bmv2] [D] [thread 49165] [12.0] [cxt 0] Extracting header 'ipv4'
[16:43:38.759] [bmv2] [D] [thread 49165] [12.0] [cxt 0] Parser state 'parse_ipv4': key is 80
[16:43:38.759] [bmv2] [T] [thread 49165] [12.0] [cxt 0] Bytes parsed: 34
[16:43:38.759] [bmv2] [T] [thread 49165] [12.0] [cxt 0] Skipping checksum 'cksum_0' verification because condition not met
[16:43:38.759] [bmv2] [D] [thread 49165] [12.0] [cxt 0] Parser 'parser': end
[16:43:38.759] [bmv2] [D] [thread 49165] [12.0] [cxt 0] Pipeline 'ingress': start
[16:43:38.759] [bmv2] [T] [thread 49165] [12.0] [cxt 0] ../../P4_code/compare_dht_forward.p4(243) Condition "hdr.ipv4.isValid()" (node_2) is true
[16:43:38.759] [bmv2] [T] [thread 49165] [12.0] [cxt 0] Applying table 'ThisIngress.ipv4_lpm'
[16:43:38.759] [bmv2] [D] [thread 49165] [12.0] [cxt 0] Looking up key:
* hdr.ipv4.dstAddr    : c07d39ff

[16:43:38.759] [bmv2] [D] [thread 49165] [12.0] [cxt 0] Table 'ThisIngress.ipv4_lpm': miss
[16:43:38.759] [bmv2] [D] [thread 49165] [12.0] [cxt 0] Action entry is ThisIngress.my_drop - 
[16:43:38.759] [bmv2] [T] [thread 49165] [12.0] [cxt 0] Action ThisIngress.my_drop
[16:43:38.759] [bmv2] [T] [thread 49165] [12.0] [cxt 0] ../../P4_code/compare_dht_forward.p4(172) Primitive mark_to_drop(standard_metadata)
[16:43:38.759] [bmv2] [T] [thread 49165] [12.0] [cxt 0] ../../P4_code/compare_dht_forward.p4(247) Condition "hdr.dht.isValid()" (node_4) is false
[16:43:38.759] [bmv2] [D] [thread 49165] [12.0] [cxt 0] Pipeline 'ingress': end
[16:43:38.759] [bmv2] [D] [thread 49165] [12.0] [cxt 0] Egress port is 511
[16:43:38.759] [bmv2] [D] [thread 49165] [12.0] [cxt 0] Dropping packet at the end of ingress
[16:43:38.759] [bmv2] [D] [thread 49165] [13.0] [cxt 0] Processing packet received on port 4
[16:43:38.759] [bmv2] [D] [thread 49165] [13.0] [cxt 0] Parser 'parser': start
[16:43:38.759] [bmv2] [D] [thread 49165] [13.0] [cxt 0] Parser 'parser' entering state 'start'
[16:43:38.759] [bmv2] [D] [thread 49165] [13.0] [cxt 0] Parser state 'start': key is 0004
[16:43:38.759] [bmv2] [T] [thread 49165] [13.0] [cxt 0] Bytes parsed: 0
[16:43:38.759] [bmv2] [D] [thread 49165] [13.0] [cxt 0] Parser 'parser' entering state 'parse_ethernet'
[16:43:38.759] [bmv2] [D] [thread 49165] [13.0] [cxt 0] Extracting header 'ethernet'
[16:43:38.759] [bmv2] [D] [thread 49165] [13.0] [cxt 0] Parser state 'parse_ethernet': key is 86dd
[16:43:38.759] [bmv2] [T] [thread 49165] [13.0] [cxt 0] Bytes parsed: 14
[16:43:38.759] [bmv2] [D] [thread 49165] [13.0] [cxt 0] Parser 'parser' entering state 'parse_ipv4'
[16:43:38.759] [bmv2] [D] [thread 49165] [13.0] [cxt 0] Extracting header 'ipv4'
[16:43:38.759] [bmv2] [D] [thread 49165] [13.0] [cxt 0] Parser state 'parse_ipv4': key is 80
[16:43:38.759] [bmv2] [T] [thread 49165] [13.0] [cxt 0] Bytes parsed: 34
[16:43:38.759] [bmv2] [T] [thread 49165] [13.0] [cxt 0] Skipping checksum 'cksum_0' verification because condition not met
[16:43:38.759] [bmv2] [D] [thread 49165] [13.0] [cxt 0] Parser 'parser': end
[16:43:38.759] [bmv2] [D] [thread 49165] [13.0] [cxt 0] Pipeline 'ingress': start
[16:43:38.759] [bmv2] [T] [thread 49165] [13.0] [cxt 0] ../../P4_code/compare_dht_forward.p4(243) Condition "hdr.ipv4.isValid()" (node_2) is true
[16:43:38.759] [bmv2] [T] [thread 49165] [13.0] [cxt 0] Applying table 'ThisIngress.ipv4_lpm'
[16:43:38.759] [bmv2] [D] [thread 49165] [13.0] [cxt 0] Looking up key:
* hdr.ipv4.dstAddr    : 5cfaf0ff

[16:43:38.759] [bmv2] [D] [thread 49165] [13.0] [cxt 0] Table 'ThisIngress.ipv4_lpm': miss
[16:43:38.759] [bmv2] [D] [thread 49165] [13.0] [cxt 0] Action entry is ThisIngress.my_drop - 
[16:43:38.759] [bmv2] [T] [thread 49165] [13.0] [cxt 0] Action ThisIngress.my_drop
[16:43:38.759] [bmv2] [T] [thread 49165] [13.0] [cxt 0] ../../P4_code/compare_dht_forward.p4(172) Primitive mark_to_drop(standard_metadata)
[16:43:38.759] [bmv2] [T] [thread 49165] [13.0] [cxt 0] ../../P4_code/compare_dht_forward.p4(247) Condition "hdr.dht.isValid()" (node_4) is false
[16:43:38.759] [bmv2] [D] [thread 49165] [13.0] [cxt 0] Pipeline 'ingress': end
[16:43:38.759] [bmv2] [D] [thread 49165] [13.0] [cxt 0] Egress port is 511
[16:43:38.759] [bmv2] [D] [thread 49165] [13.0] [cxt 0] Dropping packet at the end of ingress
[16:43:41.316] [bmv2] [D] [thread 49165] [14.0] [cxt 0] Processing packet received on port 1
[16:43:41.316] [bmv2] [D] [thread 49165] [14.0] [cxt 0] Parser 'parser': start
[16:43:41.316] [bmv2] [D] [thread 49165] [14.0] [cxt 0] Parser 'parser' entering state 'start'
[16:43:41.316] [bmv2] [D] [thread 49165] [14.0] [cxt 0] Parser state 'start': key is 0001
[16:43:41.316] [bmv2] [T] [thread 49165] [14.0] [cxt 0] Bytes parsed: 0
[16:43:41.316] [bmv2] [D] [thread 49165] [14.0] [cxt 0] Parser 'parser' entering state 'parse_ethernet'
[16:43:41.316] [bmv2] [D] [thread 49165] [14.0] [cxt 0] Extracting header 'ethernet'
[16:43:41.316] [bmv2] [D] [thread 49165] [14.0] [cxt 0] Parser state 'parse_ethernet': key is 86dd
[16:43:41.316] [bmv2] [T] [thread 49165] [14.0] [cxt 0] Bytes parsed: 14
[16:43:41.316] [bmv2] [D] [thread 49165] [14.0] [cxt 0] Parser 'parser' entering state 'parse_ipv4'
[16:43:41.316] [bmv2] [D] [thread 49165] [14.0] [cxt 0] Extracting header 'ipv4'
[16:43:41.316] [bmv2] [D] [thread 49165] [14.0] [cxt 0] Parser state 'parse_ipv4': key is 80
[16:43:41.316] [bmv2] [T] [thread 49165] [14.0] [cxt 0] Bytes parsed: 34
[16:43:41.316] [bmv2] [T] [thread 49165] [14.0] [cxt 0] Skipping checksum 'cksum_0' verification because condition not met
[16:43:41.316] [bmv2] [D] [thread 49165] [14.0] [cxt 0] Parser 'parser': end
[16:43:41.316] [bmv2] [D] [thread 49165] [14.0] [cxt 0] Pipeline 'ingress': start
[16:43:41.316] [bmv2] [T] [thread 49165] [14.0] [cxt 0] ../../P4_code/compare_dht_forward.p4(243) Condition "hdr.ipv4.isValid()" (node_2) is true
[16:43:41.316] [bmv2] [T] [thread 49165] [14.0] [cxt 0] Applying table 'ThisIngress.ipv4_lpm'
[16:43:41.316] [bmv2] [D] [thread 49165] [14.0] [cxt 0] Looking up key:
* hdr.ipv4.dstAddr    : 7c1a5eff

[16:43:41.316] [bmv2] [D] [thread 49165] [14.0] [cxt 0] Table 'ThisIngress.ipv4_lpm': miss
[16:43:41.316] [bmv2] [D] [thread 49165] [14.0] [cxt 0] Action entry is ThisIngress.my_drop - 
[16:43:41.316] [bmv2] [T] [thread 49165] [14.0] [cxt 0] Action ThisIngress.my_drop
[16:43:41.316] [bmv2] [T] [thread 49165] [14.0] [cxt 0] ../../P4_code/compare_dht_forward.p4(172) Primitive mark_to_drop(standard_metadata)
[16:43:41.316] [bmv2] [T] [thread 49165] [14.0] [cxt 0] ../../P4_code/compare_dht_forward.p4(247) Condition "hdr.dht.isValid()" (node_4) is false
[16:43:41.316] [bmv2] [D] [thread 49165] [14.0] [cxt 0] Pipeline 'ingress': end
[16:43:41.316] [bmv2] [D] [thread 49165] [14.0] [cxt 0] Egress port is 511
[16:43:41.316] [bmv2] [D] [thread 49165] [14.0] [cxt 0] Dropping packet at the end of ingress
[16:43:41.316] [bmv2] [D] [thread 49165] [15.0] [cxt 0] Processing packet received on port 2
[16:43:41.316] [bmv2] [D] [thread 49165] [15.0] [cxt 0] Parser 'parser': start
[16:43:41.316] [bmv2] [D] [thread 49165] [15.0] [cxt 0] Parser 'parser' entering state 'start'
[16:43:41.316] [bmv2] [D] [thread 49165] [15.0] [cxt 0] Parser state 'start': key is 0002
[16:43:41.316] [bmv2] [T] [thread 49165] [15.0] [cxt 0] Bytes parsed: 0
[16:43:41.316] [bmv2] [D] [thread 49165] [15.0] [cxt 0] Parser 'parser' entering state 'parse_ethernet'
[16:43:41.316] [bmv2] [D] [thread 49165] [15.0] [cxt 0] Extracting header 'ethernet'
[16:43:41.316] [bmv2] [D] [thread 49165] [15.0] [cxt 0] Parser state 'parse_ethernet': key is 86dd
[16:43:41.316] [bmv2] [T] [thread 49165] [15.0] [cxt 0] Bytes parsed: 14
[16:43:41.316] [bmv2] [D] [thread 49165] [15.0] [cxt 0] Parser 'parser' entering state 'parse_ipv4'
[16:43:41.316] [bmv2] [D] [thread 49165] [15.0] [cxt 0] Extracting header 'ipv4'
[16:43:41.316] [bmv2] [D] [thread 49165] [15.0] [cxt 0] Parser state 'parse_ipv4': key is 80
[16:43:41.316] [bmv2] [T] [thread 49165] [15.0] [cxt 0] Bytes parsed: 34
[16:43:41.316] [bmv2] [T] [thread 49165] [15.0] [cxt 0] Skipping checksum 'cksum_0' verification because condition not met
[16:43:41.316] [bmv2] [D] [thread 49165] [15.0] [cxt 0] Parser 'parser': end
[16:43:41.316] [bmv2] [D] [thread 49165] [15.0] [cxt 0] Pipeline 'ingress': start
[16:43:41.316] [bmv2] [T] [thread 49165] [15.0] [cxt 0] ../../P4_code/compare_dht_forward.p4(243) Condition "hdr.ipv4.isValid()" (node_2) is true
[16:43:41.316] [bmv2] [T] [thread 49165] [15.0] [cxt 0] Applying table 'ThisIngress.ipv4_lpm'
[16:43:41.316] [bmv2] [D] [thread 49165] [15.0] [cxt 0] Looking up key:
* hdr.ipv4.dstAddr    : 0c7972ff

[16:43:41.316] [bmv2] [D] [thread 49165] [15.0] [cxt 0] Table 'ThisIngress.ipv4_lpm': miss
[16:43:41.316] [bmv2] [D] [thread 49165] [15.0] [cxt 0] Action entry is ThisIngress.my_drop - 
[16:43:41.316] [bmv2] [T] [thread 49165] [15.0] [cxt 0] Action ThisIngress.my_drop
[16:43:41.316] [bmv2] [T] [thread 49165] [15.0] [cxt 0] ../../P4_code/compare_dht_forward.p4(172) Primitive mark_to_drop(standard_metadata)
[16:43:41.317] [bmv2] [T] [thread 49165] [15.0] [cxt 0] ../../P4_code/compare_dht_forward.p4(247) Condition "hdr.dht.isValid()" (node_4) is false
[16:43:41.317] [bmv2] [D] [thread 49165] [15.0] [cxt 0] Pipeline 'ingress': end
[16:43:41.317] [bmv2] [D] [thread 49165] [15.0] [cxt 0] Egress port is 511
[16:43:41.317] [bmv2] [D] [thread 49165] [15.0] [cxt 0] Dropping packet at the end of ingress
[16:44:07.938] [bmv2] [D] [thread 49165] [16.0] [cxt 0] Processing packet received on port 3
[16:44:07.938] [bmv2] [D] [thread 49165] [16.0] [cxt 0] Parser 'parser': start
[16:44:07.938] [bmv2] [D] [thread 49165] [16.0] [cxt 0] Parser 'parser' entering state 'start'
[16:44:07.938] [bmv2] [D] [thread 49165] [16.0] [cxt 0] Parser state 'start': key is 0003
[16:44:07.938] [bmv2] [T] [thread 49165] [16.0] [cxt 0] Bytes parsed: 0
[16:44:07.938] [bmv2] [D] [thread 49165] [16.0] [cxt 0] Parser 'parser' entering state 'parse_ethernet'
[16:44:07.938] [bmv2] [D] [thread 49165] [16.0] [cxt 0] Extracting header 'ethernet'
[16:44:07.938] [bmv2] [D] [thread 49165] [16.0] [cxt 0] Parser state 'parse_ethernet': key is 86dd
[16:44:07.938] [bmv2] [T] [thread 49165] [16.0] [cxt 0] Bytes parsed: 14
[16:44:07.938] [bmv2] [D] [thread 49165] [16.0] [cxt 0] Parser 'parser' entering state 'parse_ipv4'
[16:44:07.938] [bmv2] [D] [thread 49165] [16.0] [cxt 0] Extracting header 'ipv4'
[16:44:07.938] [bmv2] [D] [thread 49165] [16.0] [cxt 0] Parser state 'parse_ipv4': key is 80
[16:44:07.938] [bmv2] [T] [thread 49165] [16.0] [cxt 0] Bytes parsed: 34
[16:44:07.939] [bmv2] [T] [thread 49165] [16.0] [cxt 0] Skipping checksum 'cksum_0' verification because condition not met
[16:44:07.939] [bmv2] [D] [thread 49165] [16.0] [cxt 0] Parser 'parser': end
[16:44:07.939] [bmv2] [D] [thread 49165] [16.0] [cxt 0] Pipeline 'ingress': start
[16:44:07.939] [bmv2] [T] [thread 49165] [16.0] [cxt 0] ../../P4_code/compare_dht_forward.p4(243) Condition "hdr.ipv4.isValid()" (node_2) is true
[16:44:07.939] [bmv2] [T] [thread 49165] [16.0] [cxt 0] Applying table 'ThisIngress.ipv4_lpm'
[16:44:07.939] [bmv2] [D] [thread 49165] [16.0] [cxt 0] Looking up key:
* hdr.ipv4.dstAddr    : a8e079ff

[16:44:07.939] [bmv2] [D] [thread 49165] [16.0] [cxt 0] Table 'ThisIngress.ipv4_lpm': miss
[16:44:07.939] [bmv2] [D] [thread 49165] [16.0] [cxt 0] Action entry is ThisIngress.my_drop - 
[16:44:07.939] [bmv2] [T] [thread 49165] [16.0] [cxt 0] Action ThisIngress.my_drop
[16:44:07.939] [bmv2] [T] [thread 49165] [16.0] [cxt 0] ../../P4_code/compare_dht_forward.p4(172) Primitive mark_to_drop(standard_metadata)
[16:44:07.939] [bmv2] [T] [thread 49165] [16.0] [cxt 0] ../../P4_code/compare_dht_forward.p4(247) Condition "hdr.dht.isValid()" (node_4) is false
[16:44:07.939] [bmv2] [D] [thread 49165] [16.0] [cxt 0] Pipeline 'ingress': end
[16:44:07.939] [bmv2] [D] [thread 49165] [16.0] [cxt 0] Egress port is 511
[16:44:07.939] [bmv2] [D] [thread 49165] [16.0] [cxt 0] Dropping packet at the end of ingress
[16:44:09.989] [bmv2] [D] [thread 49165] [17.0] [cxt 0] Processing packet received on port 1
[16:44:09.989] [bmv2] [D] [thread 49165] [17.0] [cxt 0] Parser 'parser': start
[16:44:09.989] [bmv2] [D] [thread 49165] [17.0] [cxt 0] Parser 'parser' entering state 'start'
[16:44:09.989] [bmv2] [D] [thread 49165] [17.0] [cxt 0] Parser state 'start': key is 0001
[16:44:09.989] [bmv2] [T] [thread 49165] [17.0] [cxt 0] Bytes parsed: 0
[16:44:09.989] [bmv2] [D] [thread 49165] [17.0] [cxt 0] Parser 'parser' entering state 'parse_ethernet'
[16:44:09.989] [bmv2] [D] [thread 49165] [17.0] [cxt 0] Extracting header 'ethernet'
[16:44:09.989] [bmv2] [D] [thread 49165] [17.0] [cxt 0] Parser state 'parse_ethernet': key is 86dd
[16:44:09.989] [bmv2] [T] [thread 49165] [17.0] [cxt 0] Bytes parsed: 14
[16:44:09.989] [bmv2] [D] [thread 49165] [17.0] [cxt 0] Parser 'parser' entering state 'parse_ipv4'
[16:44:09.989] [bmv2] [D] [thread 49165] [17.0] [cxt 0] Extracting header 'ipv4'
[16:44:09.989] [bmv2] [D] [thread 49165] [17.0] [cxt 0] Parser state 'parse_ipv4': key is 80
[16:44:09.989] [bmv2] [T] [thread 49165] [17.0] [cxt 0] Bytes parsed: 34
[16:44:09.989] [bmv2] [T] [thread 49165] [17.0] [cxt 0] Skipping checksum 'cksum_0' verification because condition not met
[16:44:09.989] [bmv2] [D] [thread 49165] [17.0] [cxt 0] Parser 'parser': end
[16:44:09.989] [bmv2] [D] [thread 49165] [17.0] [cxt 0] Pipeline 'ingress': start
[16:44:09.989] [bmv2] [T] [thread 49165] [17.0] [cxt 0] ../../P4_code/compare_dht_forward.p4(243) Condition "hdr.ipv4.isValid()" (node_2) is true
[16:44:09.989] [bmv2] [T] [thread 49165] [17.0] [cxt 0] Applying table 'ThisIngress.ipv4_lpm'
[16:44:09.989] [bmv2] [D] [thread 49165] [17.0] [cxt 0] Looking up key:
* hdr.ipv4.dstAddr    : f840b5ff

[16:44:09.989] [bmv2] [D] [thread 49165] [17.0] [cxt 0] Table 'ThisIngress.ipv4_lpm': miss
[16:44:09.989] [bmv2] [D] [thread 49165] [17.0] [cxt 0] Action entry is ThisIngress.my_drop - 
[16:44:09.989] [bmv2] [T] [thread 49165] [17.0] [cxt 0] Action ThisIngress.my_drop
[16:44:09.989] [bmv2] [T] [thread 49165] [17.0] [cxt 0] ../../P4_code/compare_dht_forward.p4(172) Primitive mark_to_drop(standard_metadata)
[16:44:09.989] [bmv2] [T] [thread 49165] [17.0] [cxt 0] ../../P4_code/compare_dht_forward.p4(247) Condition "hdr.dht.isValid()" (node_4) is false
[16:44:09.989] [bmv2] [D] [thread 49165] [17.0] [cxt 0] Pipeline 'ingress': end
[16:44:09.989] [bmv2] [D] [thread 49165] [17.0] [cxt 0] Egress port is 511
[16:44:09.989] [bmv2] [D] [thread 49165] [17.0] [cxt 0] Dropping packet at the end of ingress
[16:44:09.989] [bmv2] [D] [thread 49165] [18.0] [cxt 0] Processing packet received on port 2
[16:44:09.989] [bmv2] [D] [thread 49165] [18.0] [cxt 0] Parser 'parser': start
[16:44:09.989] [bmv2] [D] [thread 49165] [18.0] [cxt 0] Parser 'parser' entering state 'start'
[16:44:09.989] [bmv2] [D] [thread 49165] [18.0] [cxt 0] Parser state 'start': key is 0002
[16:44:09.989] [bmv2] [T] [thread 49165] [18.0] [cxt 0] Bytes parsed: 0
[16:44:09.989] [bmv2] [D] [thread 49165] [18.0] [cxt 0] Parser 'parser' entering state 'parse_ethernet'
[16:44:09.989] [bmv2] [D] [thread 49165] [18.0] [cxt 0] Extracting header 'ethernet'
[16:44:09.989] [bmv2] [D] [thread 49165] [18.0] [cxt 0] Parser state 'parse_ethernet': key is 86dd
[16:44:09.989] [bmv2] [T] [thread 49165] [18.0] [cxt 0] Bytes parsed: 14
[16:44:09.989] [bmv2] [D] [thread 49165] [18.0] [cxt 0] Parser 'parser' entering state 'parse_ipv4'
[16:44:09.989] [bmv2] [D] [thread 49165] [18.0] [cxt 0] Extracting header 'ipv4'
[16:44:09.989] [bmv2] [D] [thread 49165] [18.0] [cxt 0] Parser state 'parse_ipv4': key is 80
[16:44:09.989] [bmv2] [T] [thread 49165] [18.0] [cxt 0] Bytes parsed: 34
[16:44:09.989] [bmv2] [T] [thread 49165] [18.0] [cxt 0] Skipping checksum 'cksum_0' verification because condition not met
[16:44:09.989] [bmv2] [D] [thread 49165] [18.0] [cxt 0] Parser 'parser': end
[16:44:09.989] [bmv2] [D] [thread 49165] [18.0] [cxt 0] Pipeline 'ingress': start
[16:44:09.989] [bmv2] [T] [thread 49165] [18.0] [cxt 0] ../../P4_code/compare_dht_forward.p4(243) Condition "hdr.ipv4.isValid()" (node_2) is true
[16:44:09.989] [bmv2] [T] [thread 49165] [18.0] [cxt 0] Applying table 'ThisIngress.ipv4_lpm'
[16:44:09.989] [bmv2] [D] [thread 49165] [18.0] [cxt 0] Looking up key:
* hdr.ipv4.dstAddr    : c07d39ff

[16:44:09.989] [bmv2] [D] [thread 49165] [18.0] [cxt 0] Table 'ThisIngress.ipv4_lpm': miss
[16:44:09.989] [bmv2] [D] [thread 49165] [18.0] [cxt 0] Action entry is ThisIngress.my_drop - 
[16:44:09.989] [bmv2] [T] [thread 49165] [18.0] [cxt 0] Action ThisIngress.my_drop
[16:44:09.989] [bmv2] [T] [thread 49165] [18.0] [cxt 0] ../../P4_code/compare_dht_forward.p4(172) Primitive mark_to_drop(standard_metadata)
[16:44:09.989] [bmv2] [T] [thread 49165] [18.0] [cxt 0] ../../P4_code/compare_dht_forward.p4(247) Condition "hdr.dht.isValid()" (node_4) is false
[16:44:09.989] [bmv2] [D] [thread 49165] [18.0] [cxt 0] Pipeline 'ingress': end
[16:44:09.989] [bmv2] [D] [thread 49165] [18.0] [cxt 0] Egress port is 511
[16:44:09.989] [bmv2] [D] [thread 49165] [18.0] [cxt 0] Dropping packet at the end of ingress
[16:44:12.035] [bmv2] [D] [thread 49165] [19.0] [cxt 0] Processing packet received on port 4
[16:44:12.035] [bmv2] [D] [thread 49165] [19.0] [cxt 0] Parser 'parser': start
[16:44:12.035] [bmv2] [D] [thread 49165] [19.0] [cxt 0] Parser 'parser' entering state 'start'
[16:44:12.035] [bmv2] [D] [thread 49165] [19.0] [cxt 0] Parser state 'start': key is 0004
[16:44:12.035] [bmv2] [T] [thread 49165] [19.0] [cxt 0] Bytes parsed: 0
[16:44:12.035] [bmv2] [D] [thread 49165] [19.0] [cxt 0] Parser 'parser' entering state 'parse_ethernet'
[16:44:12.035] [bmv2] [D] [thread 49165] [19.0] [cxt 0] Extracting header 'ethernet'
[16:44:12.035] [bmv2] [D] [thread 49165] [19.0] [cxt 0] Parser state 'parse_ethernet': key is 86dd
[16:44:12.035] [bmv2] [T] [thread 49165] [19.0] [cxt 0] Bytes parsed: 14
[16:44:12.035] [bmv2] [D] [thread 49165] [19.0] [cxt 0] Parser 'parser' entering state 'parse_ipv4'
[16:44:12.035] [bmv2] [D] [thread 49165] [19.0] [cxt 0] Extracting header 'ipv4'
[16:44:12.035] [bmv2] [D] [thread 49165] [19.0] [cxt 0] Parser state 'parse_ipv4': key is 80
[16:44:12.035] [bmv2] [T] [thread 49165] [19.0] [cxt 0] Bytes parsed: 34
[16:44:12.035] [bmv2] [T] [thread 49165] [19.0] [cxt 0] Skipping checksum 'cksum_0' verification because condition not met
[16:44:12.035] [bmv2] [D] [thread 49165] [19.0] [cxt 0] Parser 'parser': end
[16:44:12.035] [bmv2] [D] [thread 49165] [19.0] [cxt 0] Pipeline 'ingress': start
[16:44:12.035] [bmv2] [T] [thread 49165] [19.0] [cxt 0] ../../P4_code/compare_dht_forward.p4(243) Condition "hdr.ipv4.isValid()" (node_2) is true
[16:44:12.035] [bmv2] [T] [thread 49165] [19.0] [cxt 0] Applying table 'ThisIngress.ipv4_lpm'
[16:44:12.035] [bmv2] [D] [thread 49165] [19.0] [cxt 0] Looking up key:
* hdr.ipv4.dstAddr    : 5cfaf0ff

[16:44:12.035] [bmv2] [D] [thread 49165] [19.0] [cxt 0] Table 'ThisIngress.ipv4_lpm': miss
[16:44:12.035] [bmv2] [D] [thread 49165] [19.0] [cxt 0] Action entry is ThisIngress.my_drop - 
[16:44:12.035] [bmv2] [T] [thread 49165] [19.0] [cxt 0] Action ThisIngress.my_drop
[16:44:12.035] [bmv2] [T] [thread 49165] [19.0] [cxt 0] ../../P4_code/compare_dht_forward.p4(172) Primitive mark_to_drop(standard_metadata)
[16:44:12.035] [bmv2] [T] [thread 49165] [19.0] [cxt 0] ../../P4_code/compare_dht_forward.p4(247) Condition "hdr.dht.isValid()" (node_4) is false
[16:44:12.035] [bmv2] [D] [thread 49165] [19.0] [cxt 0] Pipeline 'ingress': end
[16:44:12.035] [bmv2] [D] [thread 49165] [19.0] [cxt 0] Egress port is 511
[16:44:12.035] [bmv2] [D] [thread 49165] [19.0] [cxt 0] Dropping packet at the end of ingress
[16:44:14.083] [bmv2] [D] [thread 49165] [20.0] [cxt 0] Processing packet received on port 1
[16:44:14.083] [bmv2] [D] [thread 49165] [20.0] [cxt 0] Parser 'parser': start
[16:44:14.083] [bmv2] [D] [thread 49165] [20.0] [cxt 0] Parser 'parser' entering state 'start'
[16:44:14.083] [bmv2] [D] [thread 49165] [20.0] [cxt 0] Parser state 'start': key is 0001
[16:44:14.083] [bmv2] [T] [thread 49165] [20.0] [cxt 0] Bytes parsed: 0
[16:44:14.083] [bmv2] [D] [thread 49165] [20.0] [cxt 0] Parser 'parser' entering state 'parse_ethernet'
[16:44:14.083] [bmv2] [D] [thread 49165] [20.0] [cxt 0] Extracting header 'ethernet'
[16:44:14.083] [bmv2] [D] [thread 49165] [20.0] [cxt 0] Parser state 'parse_ethernet': key is 86dd
[16:44:14.083] [bmv2] [T] [thread 49165] [20.0] [cxt 0] Bytes parsed: 14
[16:44:14.083] [bmv2] [D] [thread 49165] [20.0] [cxt 0] Parser 'parser' entering state 'parse_ipv4'
[16:44:14.083] [bmv2] [D] [thread 49165] [20.0] [cxt 0] Extracting header 'ipv4'
[16:44:14.083] [bmv2] [D] [thread 49165] [20.0] [cxt 0] Parser state 'parse_ipv4': key is 80
[16:44:14.083] [bmv2] [T] [thread 49165] [20.0] [cxt 0] Bytes parsed: 34
[16:44:14.083] [bmv2] [T] [thread 49165] [20.0] [cxt 0] Skipping checksum 'cksum_0' verification because condition not met
[16:44:14.083] [bmv2] [D] [thread 49165] [20.0] [cxt 0] Parser 'parser': end
[16:44:14.083] [bmv2] [D] [thread 49165] [20.0] [cxt 0] Pipeline 'ingress': start
[16:44:14.083] [bmv2] [T] [thread 49165] [20.0] [cxt 0] ../../P4_code/compare_dht_forward.p4(243) Condition "hdr.ipv4.isValid()" (node_2) is true
[16:44:14.084] [bmv2] [T] [thread 49165] [20.0] [cxt 0] Applying table 'ThisIngress.ipv4_lpm'
[16:44:14.084] [bmv2] [D] [thread 49165] [20.0] [cxt 0] Looking up key:
* hdr.ipv4.dstAddr    : 7c1a5eff

[16:44:14.084] [bmv2] [D] [thread 49165] [20.0] [cxt 0] Table 'ThisIngress.ipv4_lpm': miss
[16:44:14.084] [bmv2] [D] [thread 49165] [20.0] [cxt 0] Action entry is ThisIngress.my_drop - 
[16:44:14.084] [bmv2] [T] [thread 49165] [20.0] [cxt 0] Action ThisIngress.my_drop
[16:44:14.084] [bmv2] [T] [thread 49165] [20.0] [cxt 0] ../../P4_code/compare_dht_forward.p4(172) Primitive mark_to_drop(standard_metadata)
[16:44:14.084] [bmv2] [T] [thread 49165] [20.0] [cxt 0] ../../P4_code/compare_dht_forward.p4(247) Condition "hdr.dht.isValid()" (node_4) is false
[16:44:14.084] [bmv2] [D] [thread 49165] [20.0] [cxt 0] Pipeline 'ingress': end
[16:44:14.084] [bmv2] [D] [thread 49165] [20.0] [cxt 0] Egress port is 511
[16:44:14.084] [bmv2] [D] [thread 49165] [20.0] [cxt 0] Dropping packet at the end of ingress
[16:44:16.131] [bmv2] [D] [thread 49165] [21.0] [cxt 0] Processing packet received on port 2
[16:44:16.131] [bmv2] [D] [thread 49165] [21.0] [cxt 0] Parser 'parser': start
[16:44:16.131] [bmv2] [D] [thread 49165] [21.0] [cxt 0] Parser 'parser' entering state 'start'
[16:44:16.131] [bmv2] [D] [thread 49165] [21.0] [cxt 0] Parser state 'start': key is 0002
[16:44:16.131] [bmv2] [T] [thread 49165] [21.0] [cxt 0] Bytes parsed: 0
[16:44:16.131] [bmv2] [D] [thread 49165] [21.0] [cxt 0] Parser 'parser' entering state 'parse_ethernet'
[16:44:16.131] [bmv2] [D] [thread 49165] [21.0] [cxt 0] Extracting header 'ethernet'
[16:44:16.131] [bmv2] [D] [thread 49165] [21.0] [cxt 0] Parser state 'parse_ethernet': key is 86dd
[16:44:16.131] [bmv2] [T] [thread 49165] [21.0] [cxt 0] Bytes parsed: 14
[16:44:16.131] [bmv2] [D] [thread 49165] [21.0] [cxt 0] Parser 'parser' entering state 'parse_ipv4'
[16:44:16.131] [bmv2] [D] [thread 49165] [21.0] [cxt 0] Extracting header 'ipv4'
[16:44:16.131] [bmv2] [D] [thread 49165] [21.0] [cxt 0] Parser state 'parse_ipv4': key is 80
[16:44:16.131] [bmv2] [T] [thread 49165] [21.0] [cxt 0] Bytes parsed: 34
[16:44:16.131] [bmv2] [T] [thread 49165] [21.0] [cxt 0] Skipping checksum 'cksum_0' verification because condition not met
[16:44:16.131] [bmv2] [D] [thread 49165] [21.0] [cxt 0] Parser 'parser': end
[16:44:16.131] [bmv2] [D] [thread 49165] [21.0] [cxt 0] Pipeline 'ingress': start
[16:44:16.131] [bmv2] [T] [thread 49165] [21.0] [cxt 0] ../../P4_code/compare_dht_forward.p4(243) Condition "hdr.ipv4.isValid()" (node_2) is true
[16:44:16.131] [bmv2] [T] [thread 49165] [21.0] [cxt 0] Applying table 'ThisIngress.ipv4_lpm'
[16:44:16.131] [bmv2] [D] [thread 49165] [21.0] [cxt 0] Looking up key:
* hdr.ipv4.dstAddr    : 0c7972ff

[16:44:16.131] [bmv2] [D] [thread 49165] [21.0] [cxt 0] Table 'ThisIngress.ipv4_lpm': miss
[16:44:16.131] [bmv2] [D] [thread 49165] [21.0] [cxt 0] Action entry is ThisIngress.my_drop - 
[16:44:16.131] [bmv2] [T] [thread 49165] [21.0] [cxt 0] Action ThisIngress.my_drop
[16:44:16.131] [bmv2] [T] [thread 49165] [21.0] [cxt 0] ../../P4_code/compare_dht_forward.p4(172) Primitive mark_to_drop(standard_metadata)
[16:44:16.131] [bmv2] [T] [thread 49165] [21.0] [cxt 0] ../../P4_code/compare_dht_forward.p4(247) Condition "hdr.dht.isValid()" (node_4) is false
[16:44:16.131] [bmv2] [D] [thread 49165] [21.0] [cxt 0] Pipeline 'ingress': end
[16:44:16.131] [bmv2] [D] [thread 49165] [21.0] [cxt 0] Egress port is 511
[16:44:16.131] [bmv2] [D] [thread 49165] [21.0] [cxt 0] Dropping packet at the end of ingress
open: No such file or directory
open: No such file or directory
open: No such file or directory
open: No such file or directory
open: No such file or directory
open: No such file or directory
open: No such file or directory
open: No such file or directory
open: No such file or directory
open: No such file or directory
open: No such file or directory
open: No such file or directory
open: No such file or directory
open: No such file or directory
open: No such file or directory
open: No such file or directory
open: No such file or directory
open: No such file or directory
open: No such file or directory
open: No such file or directory
open: No such file or directory
open: No such file or directory
open: No such file or directory
open: No such file or directory
open: No such file or directory
open: No such file or directory
open: No such file or directory
open: No such file or directory
open: No such file or directory
open: No such file or directory
open: No such file or directory
open: No such file or directory
